#
# There is insufficient memory for the Java Runtime Environment to continue.
# Native memory allocation (malloc) failed to allocate 2338096 bytes for Chunk::new
# Possible reasons:
#   The system is out of physical RAM or swap space
#   The process is running with CompressedOops enabled, and the Java Heap may be blocking the growth of the native heap
# Possible solutions:
#   Reduce memory load on the system
#   Increase physical memory or swap space
#   Check if swap backing store is full
#   Decrease Java heap size (-Xmx/-Xms)
#   Decrease number of Java threads
#   Decrease Java thread stack sizes (-Xss)
#   Set larger code cache with -XX:ReservedCodeCacheSize=
#   JVM is running with Unscaled Compressed Oops mode in which the Java heap is
#     placed in the first 4GB address space. The Java Heap base address is the
#     maximum limit for the native heap growth. Please use -XX:HeapBaseMinAddress
#     to set the Java Heap base and to place the Java Heap above 4GB virtual address.
# This output file may be truncated or incomplete.
#
#  Out of Memory Error (./src/hotspot/share/memory/arena.cpp:197), pid=1596, tid=7136
#
# JRE version: OpenJDK Runtime Environment (11.0.11+9) (build 11.0.11+9-b60-7590822)
# Java VM: OpenJDK 64-Bit Server VM (11.0.11+9-b60-7590822, mixed mode, tiered, compressed oops, g1 gc, windows-amd64)
# No core dump will be written. Minidumps are not enabled by default on client versions of Windows
#

---------------  S U M M A R Y ------------

Command Line: --add-opens=java.base/java.util=ALL-UNNAMED --add-opens=java.base/java.lang=ALL-UNNAMED --add-opens=java.base/java.lang.invoke=ALL-UNNAMED --add-opens=java.base/java.util=ALL-UNNAMED --add-opens=java.prefs/java.util.prefs=ALL-UNNAMED --add-opens=java.prefs/java.util.prefs=ALL-UNNAMED --add-opens=java.base/java.nio.charset=ALL-UNNAMED --add-opens=java.base/java.net=ALL-UNNAMED --add-opens=java.base/java.util.concurrent.atomic=ALL-UNNAMED -Xmx2048m -Dfile.encoding=UTF-8 -Duser.country=CL -Duser.language=es -Duser.variant org.gradle.launcher.daemon.bootstrap.GradleDaemon 7.2

Host: AMD Ryzen 5 3500U with Radeon Vega Mobile Gfx  , 8 cores, 6G,  Windows 10 , 64 bit Build 17763 (10.0.17763.2803)
Time: Sat Apr 30 23:36:09 2022 Hora est. Sudamérica Pacífico elapsed time: 19.412386 seconds (0d 0h 0m 19s)

---------------  T H R E A D  ---------------

Current thread (0x000001afffc0d800):  JavaThread "C2 CompilerThread0" daemon [_thread_in_native, id=7136, stack(0x0000002b9f100000,0x0000002b9f200000)]


Current CompileTask:
C2:  19412 11527       4       com.android.tools.r8.code.x1::a (4130 bytes)

Stack: [0x0000002b9f100000,0x0000002b9f200000]
Native frames: (J=compiled Java code, j=interpreted, Vv=VM code, C=native code)
V  [jvm.dll+0x5f214a]
V  [jvm.dll+0x726fb5]
V  [jvm.dll+0x7285cd]
V  [jvm.dll+0x728c83]
V  [jvm.dll+0x243278]
V  [jvm.dll+0xbc53c]
V  [jvm.dll+0xbca3c]
V  [jvm.dll+0x353e7d]
V  [jvm.dll+0x321893]
V  [jvm.dll+0x320d8a]
V  [jvm.dll+0x1fc1e2]
V  [jvm.dll+0x1fb3d4]
V  [jvm.dll+0x183d6c]
V  [jvm.dll+0x209a57]
V  [jvm.dll+0x2082a1]
V  [jvm.dll+0x6ef58f]
V  [jvm.dll+0x6e80b5]
V  [jvm.dll+0x5f1036]
C  [ucrtbase.dll+0x2268a]
C  [KERNEL32.DLL+0x17974]
C  [ntdll.dll+0x5a2f1]


---------------  P R O C E S S  ---------------

Threads class SMR info:
_java_thread_list=0x000001af9c7c0db0, length=146, elements={
0x000001aff6607800, 0x000001afffa6a800, 0x000001afffa6e000, 0x000001afffc04800,
0x000001afffc06800, 0x000001afffc09800, 0x000001afffc0d800, 0x000001afffa86800,
0x000001afffa99800, 0x000001afffd59800, 0x000001af92183800, 0x000001af926ef800,
0x000001af92573000, 0x000001af934e4800, 0x000001afffe8e000, 0x000001af92d02000,
0x000001af93834800, 0x000001af941a6000, 0x000001af93d5b000, 0x000001af93f57000,
0x000001af93f54800, 0x000001af93f51800, 0x000001af93f58000, 0x000001af93f54000,
0x000001af93f52000, 0x000001af93f56800, 0x000001af93f53000, 0x000001af93f55800,
0x000001af93c45000, 0x000001af93c42800, 0x000001af93c3f800, 0x000001af93c42000,
0x000001af93c47800, 0x000001af93c44800, 0x000001af93c47000, 0x000001af93c48800,
0x000001af93c46000, 0x000001af93c49000, 0x000001af93c43800, 0x000001af93c4a000,
0x000001af93c4c800, 0x000001af93c4b000, 0x000001af93c4b800, 0x000001af93c4d800,
0x000001af93c4e000, 0x000001af9476d000, 0x000001af9476b800, 0x000001af9476c800,
0x000001af9476a800, 0x000001af94768000, 0x000001af94767800, 0x000001af9476e000,
0x000001af9476f000, 0x000001af94769000, 0x000001af9476f800, 0x000001af9476a000,
0x000001af94775800, 0x000001af94776000, 0x000001af94770800, 0x000001af94773800,
0x000001af94771000, 0x000001af94772000, 0x000001af94773000, 0x000001af94774800,
0x000001af93fd6000, 0x000001af93fd8800, 0x000001af93fd3800, 0x000001af93fd9000,
0x000001af93fd7800, 0x000001af93fd4800, 0x000001af93fda000, 0x000001af93fdb000,
0x000001af93fd5000, 0x000001af93fdb800, 0x000001af93fdc800, 0x000001af93fd6800,
0x000001af93fdf000, 0x000001af93fdd800, 0x000001af93fde000, 0x000001af93fdf800,
0x000001af93fe1800, 0x000001af93fe0800, 0x000001af93fe2000, 0x000001af96db9800,
0x000001af96db6000, 0x000001af96db5800, 0x000001af96dbc800, 0x000001af96db7000,
0x000001af96dbc000, 0x000001af96db8000, 0x000001af96dba800, 0x000001af96db8800,
0x000001af96dbd800, 0x000001af96dbe800, 0x000001af96dc0000, 0x000001af96dbb000,
0x000001af96dbf000, 0x000001af96dc1000, 0x000001af96dc1800, 0x000001af96dc3000,
0x000001af96dc2800, 0x000001af96dc4000, 0x000001af96754000, 0x000001af96750800,
0x000001af96751800, 0x000001af9674e000, 0x000001af96752800, 0x000001af96753000,
0x000001af9674f000, 0x000001af96754800, 0x000001af96755800, 0x000001af96750000,
0x000001af96759800, 0x000001af96757000, 0x000001af9675a800, 0x000001af9675c000,
0x000001af96758000, 0x000001af96756800, 0x000001af96759000, 0x000001af9675b000,
0x000001af9675d000, 0x000001af947c0800, 0x000001af99db1000, 0x000001af99db4000,
0x000001af99db5000, 0x000001af99db3800, 0x000001af99db1800, 0x000001af99daf800,
0x000001af99db6000, 0x000001af99db0000, 0x000001af99db6800, 0x000001af99db8800,
0x000001af99dbc800, 0x000001af99db9000, 0x000001af99db7800, 0x000001af99dba800,
0x000001af99dbe000, 0x000001af99dbb800, 0x000001af95006800, 0x000001af95003000,
0x000001af95005800, 0x000001af95007800, 0x000001af95001800, 0x000001af95008000,
0x000001af95004000, 0x000001af95005000
}

Java Threads: ( => current thread )
  0x000001aff6607800 JavaThread "main" [_thread_blocked, id=6592, stack(0x0000002b9e500000,0x0000002b9e600000)]
  0x000001afffa6a800 JavaThread "Reference Handler" daemon [_thread_blocked, id=4180, stack(0x0000002b9ec00000,0x0000002b9ed00000)]
  0x000001afffa6e000 JavaThread "Finalizer" daemon [_thread_blocked, id=11480, stack(0x0000002b9ed00000,0x0000002b9ee00000)]
  0x000001afffc04800 JavaThread "Signal Dispatcher" daemon [_thread_blocked, id=15820, stack(0x0000002b9ee00000,0x0000002b9ef00000)]
  0x000001afffc06800 JavaThread "Attach Listener" daemon [_thread_blocked, id=9364, stack(0x0000002b9ef00000,0x0000002b9f000000)]
  0x000001afffc09800 JavaThread "Service Thread" daemon [_thread_blocked, id=13268, stack(0x0000002b9f000000,0x0000002b9f100000)]
=>0x000001afffc0d800 JavaThread "C2 CompilerThread0" daemon [_thread_in_native, id=7136, stack(0x0000002b9f100000,0x0000002b9f200000)]
  0x000001afffa86800 JavaThread "C1 CompilerThread0" daemon [_thread_blocked, id=16608, stack(0x0000002b9f200000,0x0000002b9f300000)]
  0x000001afffa99800 JavaThread "Sweeper thread" daemon [_thread_blocked, id=17104, stack(0x0000002b9f300000,0x0000002b9f400000)]
  0x000001afffd59800 JavaThread "Common-Cleaner" daemon [_thread_blocked, id=17352, stack(0x0000002b9f400000,0x0000002b9f500000)]
  0x000001af92183800 JavaThread "Daemon health stats" [_thread_blocked, id=15980, stack(0x0000002b9f800000,0x0000002b9f900000)]
  0x000001af926ef800 JavaThread "Incoming local TCP Connector on port 54723" [_thread_in_native, id=13600, stack(0x0000002b9f600000,0x0000002b9f700000)]
  0x000001af92573000 JavaThread "Daemon periodic checks" [_thread_blocked, id=3232, stack(0x0000002b9f900000,0x0000002b9fa00000)]
  0x000001af934e4800 JavaThread "Daemon" [_thread_blocked, id=7756, stack(0x0000002b9fa00000,0x0000002b9fb00000)]
  0x000001afffe8e000 JavaThread "Handler for socket connection from /127.0.0.1:54723 to /127.0.0.1:54724" [_thread_in_native, id=13932, stack(0x0000002b9fb00000,0x0000002b9fc00000)]
  0x000001af92d02000 JavaThread "Cancel handler" [_thread_blocked, id=3944, stack(0x0000002b9fc00000,0x0000002b9fd00000)]
  0x000001af93834800 JavaThread "Daemon worker" [_thread_blocked, id=4560, stack(0x0000002b9fd00000,0x0000002b9fe00000)]
  0x000001af941a6000 JavaThread "Asynchronous log dispatcher for DefaultDaemonConnection: socket connection from /127.0.0.1:54723 to /127.0.0.1:54724" [_thread_blocked, id=12248, stack(0x0000002b9fe00000,0x0000002b9ff00000)]
  0x000001af93d5b000 JavaThread "Stdin handler" [_thread_blocked, id=14328, stack(0x0000002b9ff00000,0x0000002ba0000000)]
  0x000001af93f57000 JavaThread "Daemon client event forwarder" [_thread_blocked, id=14956, stack(0x0000002ba0600000,0x0000002ba0700000)]
  0x000001af93f54800 JavaThread "Cache worker for journal cache (C:\Users\Sebastopol\.gradle\caches\journal-1)" [_thread_blocked, id=16324, stack(0x0000002ba0800000,0x0000002ba0900000)]
  0x000001af93f51800 JavaThread "File lock request listener" [_thread_in_native, id=5732, stack(0x0000002ba0900000,0x0000002ba0a00000)]
  0x000001af93f58000 JavaThread "Cache worker for file hash cache (C:\Users\Sebastopol\.gradle\caches\7.2\fileHashes)" [_thread_blocked, id=12180, stack(0x0000002ba0a00000,0x0000002ba0b00000)]
  0x000001af93f54000 JavaThread "Cache worker for file hash cache (C:\Users\Sebastopol\AndroidStudioProjects\EjercicioApiNewsProto\.gradle\7.2\fileHashes)" [_thread_blocked, id=2472, stack(0x0000002ba0c00000,0x0000002ba0d00000)]
  0x000001af93f52000 JavaThread "File watcher server" daemon [_thread_in_native, id=12436, stack(0x0000002ba0d00000,0x0000002ba0e00000)]
  0x000001af93f56800 JavaThread "File watcher consumer" daemon [_thread_blocked, id=15908, stack(0x0000002ba0e00000,0x0000002ba0f00000)]
  0x000001af93f53000 JavaThread "Cache worker for checksums cache (C:\Users\Sebastopol\AndroidStudioProjects\EjercicioApiNewsProto\.gradle\checksums)" [_thread_blocked, id=7844, stack(0x0000002ba0f00000,0x0000002ba1000000)]
  0x000001af93f55800 JavaThread "Cache worker for cache directory md-supplier (C:\Users\Sebastopol\.gradle\caches\7.2\md-supplier)" [_thread_blocked, id=7180, stack(0x0000002ba1000000,0x0000002ba1100000)]
  0x000001af93c45000 JavaThread "Cache worker for cache directory md-rule (C:\Users\Sebastopol\.gradle\caches\7.2\md-rule)" [_thread_blocked, id=2692, stack(0x0000002ba1100000,0x0000002ba1200000)]
  0x000001af93c42800 JavaThread "Cache worker for execution history cache (C:\Users\Sebastopol\.gradle\caches\7.2\executionHistory)" [_thread_blocked, id=7372, stack(0x0000002ba1200000,0x0000002ba1300000)]
  0x000001af93c3f800 JavaThread "jar transforms" [_thread_blocked, id=14724, stack(0x0000002ba1300000,0x0000002ba1400000)]
  0x000001af93c42000 JavaThread "Cache worker for file content cache (C:\Users\Sebastopol\.gradle\caches\7.2\fileContent)" [_thread_blocked, id=7780, stack(0x0000002ba1400000,0x0000002ba1500000)]
  0x000001af93c47800 JavaThread "jar transforms Thread 2" [_thread_blocked, id=14192, stack(0x0000002ba1500000,0x0000002ba1600000)]
  0x000001af93c44800 JavaThread "Cache worker for dependencies-accessors (C:\Users\Sebastopol\AndroidStudioProjects\EjercicioApiNewsProto\.gradle\7.2\dependencies-accessors)" [_thread_blocked, id=15388, stack(0x0000002ba1600000,0x0000002ba1700000)]
  0x000001af93c47000 JavaThread "jar transforms Thread 3" [_thread_blocked, id=16388, stack(0x0000002ba1700000,0x0000002ba1800000)]
  0x000001af93c48800 JavaThread "Cache worker for Build Output Cleanup Cache (C:\Users\Sebastopol\AndroidStudioProjects\EjercicioApiNewsProto\.gradle\buildOutputCleanup)" [_thread_blocked, id=4128, stack(0x0000002ba1800000,0x0000002ba1900000)]
  0x000001af93c46000 JavaThread "Unconstrained build operations" [_thread_blocked, id=12608, stack(0x0000002ba1900000,0x0000002ba1a00000)]
  0x000001af93c49000 JavaThread "Unconstrained build operations Thread 2" [_thread_blocked, id=7532, stack(0x0000002ba1a00000,0x0000002ba1b00000)]
  0x000001af93c43800 JavaThread "Unconstrained build operations Thread 3" [_thread_blocked, id=2512, stack(0x0000002ba1b00000,0x0000002ba1c00000)]
  0x000001af93c4a000 JavaThread "Unconstrained build operations Thread 4" [_thread_blocked, id=3976, stack(0x0000002ba1c00000,0x0000002ba1d00000)]
  0x000001af93c4c800 JavaThread "Unconstrained build operations Thread 5" [_thread_blocked, id=16944, stack(0x0000002ba1d00000,0x0000002ba1e00000)]
  0x000001af93c4b000 JavaThread "Unconstrained build operations Thread 6" [_thread_blocked, id=9332, stack(0x0000002ba1e00000,0x0000002ba1f00000)]
  0x000001af93c4b800 JavaThread "Unconstrained build operations Thread 7" [_thread_blocked, id=8212, stack(0x0000002ba1f00000,0x0000002ba2000000)]
  0x000001af93c4d800 JavaThread "Unconstrained build operations Thread 8" [_thread_blocked, id=10468, stack(0x0000002ba2000000,0x0000002ba2100000)]
  0x000001af93c4e000 JavaThread "Unconstrained build operations Thread 9" [_thread_blocked, id=16244, stack(0x0000002ba2100000,0x0000002ba2200000)]
  0x000001af9476d000 JavaThread "Unconstrained build operations Thread 10" [_thread_blocked, id=6532, stack(0x0000002ba2200000,0x0000002ba2300000)]
  0x000001af9476b800 JavaThread "Unconstrained build operations Thread 11" [_thread_blocked, id=2192, stack(0x0000002ba2300000,0x0000002ba2400000)]
  0x000001af9476c800 JavaThread "Unconstrained build operations Thread 12" [_thread_blocked, id=11596, stack(0x0000002ba2400000,0x0000002ba2500000)]
  0x000001af9476a800 JavaThread "Unconstrained build operations Thread 13" [_thread_blocked, id=10276, stack(0x0000002ba2500000,0x0000002ba2600000)]
  0x000001af94768000 JavaThread "Unconstrained build operations Thread 14" [_thread_blocked, id=2412, stack(0x0000002ba2600000,0x0000002ba2700000)]
  0x000001af94767800 JavaThread "Unconstrained build operations Thread 15" [_thread_blocked, id=16864, stack(0x0000002ba2700000,0x0000002ba2800000)]
  0x000001af9476e000 JavaThread "Unconstrained build operations Thread 16" [_thread_blocked, id=9380, stack(0x0000002ba2800000,0x0000002ba2900000)]
  0x000001af9476f000 JavaThread "Unconstrained build operations Thread 17" [_thread_blocked, id=8932, stack(0x0000002ba2900000,0x0000002ba2a00000)]
  0x000001af94769000 JavaThread "Unconstrained build operations Thread 18" [_thread_blocked, id=11304, stack(0x0000002ba2a00000,0x0000002ba2b00000)]
  0x000001af9476f800 JavaThread "Unconstrained build operations Thread 19" [_thread_blocked, id=14532, stack(0x0000002ba2b00000,0x0000002ba2c00000)]
  0x000001af9476a000 JavaThread "Unconstrained build operations Thread 20" [_thread_blocked, id=10832, stack(0x0000002ba2c00000,0x0000002ba2d00000)]
  0x000001af94775800 JavaThread "Unconstrained build operations Thread 21" [_thread_blocked, id=5216, stack(0x0000002ba2d00000,0x0000002ba2e00000)]
  0x000001af94776000 JavaThread "Unconstrained build operations Thread 22" [_thread_blocked, id=11716, stack(0x0000002ba2e00000,0x0000002ba2f00000)]
  0x000001af94770800 JavaThread "Unconstrained build operations Thread 23" [_thread_blocked, id=3096, stack(0x0000002ba2f00000,0x0000002ba3000000)]
  0x000001af94773800 JavaThread "Unconstrained build operations Thread 24" [_thread_blocked, id=8080, stack(0x0000002ba3000000,0x0000002ba3100000)]
  0x000001af94771000 JavaThread "Unconstrained build operations Thread 25" [_thread_blocked, id=9944, stack(0x0000002ba3100000,0x0000002ba3200000)]
  0x000001af94772000 JavaThread "Unconstrained build operations Thread 26" [_thread_blocked, id=16188, stack(0x0000002ba3200000,0x0000002ba3300000)]
  0x000001af94773000 JavaThread "Unconstrained build operations Thread 27" [_thread_blocked, id=11120, stack(0x0000002ba3300000,0x0000002ba3400000)]
  0x000001af94774800 JavaThread "Unconstrained build operations Thread 28" [_thread_blocked, id=15176, stack(0x0000002ba3400000,0x0000002ba3500000)]
  0x000001af93fd6000 JavaThread "Unconstrained build operations Thread 29" [_thread_blocked, id=16124, stack(0x0000002ba3500000,0x0000002ba3600000)]
  0x000001af93fd8800 JavaThread "Unconstrained build operations Thread 30" [_thread_blocked, id=7376, stack(0x0000002ba3600000,0x0000002ba3700000)]
  0x000001af93fd3800 JavaThread "Unconstrained build operations Thread 31" [_thread_blocked, id=8144, stack(0x0000002ba3700000,0x0000002ba3800000)]
  0x000001af93fd9000 JavaThread "Unconstrained build operations Thread 32" [_thread_blocked, id=17112, stack(0x0000002ba3800000,0x0000002ba3900000)]
  0x000001af93fd7800 JavaThread "Unconstrained build operations Thread 33" [_thread_blocked, id=8816, stack(0x0000002ba3900000,0x0000002ba3a00000)]
  0x000001af93fd4800 JavaThread "Unconstrained build operations Thread 34" [_thread_blocked, id=15064, stack(0x0000002ba3a00000,0x0000002ba3b00000)]
  0x000001af93fda000 JavaThread "Unconstrained build operations Thread 35" [_thread_blocked, id=16064, stack(0x0000002ba3b00000,0x0000002ba3c00000)]
  0x000001af93fdb000 JavaThread "Unconstrained build operations Thread 36" [_thread_blocked, id=10896, stack(0x0000002ba3c00000,0x0000002ba3d00000)]
  0x000001af93fd5000 JavaThread "Unconstrained build operations Thread 37" [_thread_blocked, id=9616, stack(0x0000002ba3d00000,0x0000002ba3e00000)]
  0x000001af93fdb800 JavaThread "Unconstrained build operations Thread 38" [_thread_blocked, id=10988, stack(0x0000002ba3e00000,0x0000002ba3f00000)]
  0x000001af93fdc800 JavaThread "Unconstrained build operations Thread 39" [_thread_blocked, id=8108, stack(0x0000002ba3f00000,0x0000002ba4000000)]
  0x000001af93fd6800 JavaThread "Unconstrained build operations Thread 40" [_thread_blocked, id=9468, stack(0x0000002ba4000000,0x0000002ba4100000)]
  0x000001af93fdf000 JavaThread "Unconstrained build operations Thread 41" [_thread_blocked, id=8472, stack(0x0000002ba4100000,0x0000002ba4200000)]
  0x000001af93fdd800 JavaThread "Unconstrained build operations Thread 42" [_thread_blocked, id=5872, stack(0x0000002ba4200000,0x0000002ba4300000)]
  0x000001af93fde000 JavaThread "Unconstrained build operations Thread 43" [_thread_blocked, id=9828, stack(0x0000002ba4300000,0x0000002ba4400000)]
  0x000001af93fdf800 JavaThread "Unconstrained build operations Thread 44" [_thread_blocked, id=16372, stack(0x0000002ba4400000,0x0000002ba4500000)]
  0x000001af93fe1800 JavaThread "Unconstrained build operations Thread 45" [_thread_blocked, id=4316, stack(0x0000002ba4500000,0x0000002ba4600000)]
  0x000001af93fe0800 JavaThread "Unconstrained build operations Thread 46" [_thread_blocked, id=7944, stack(0x0000002ba4600000,0x0000002ba4700000)]
  0x000001af93fe2000 JavaThread "Unconstrained build operations Thread 47" [_thread_blocked, id=11156, stack(0x0000002ba4700000,0x0000002ba4800000)]
  0x000001af96db9800 JavaThread "Unconstrained build operations Thread 48" [_thread_blocked, id=10764, stack(0x0000002ba4800000,0x0000002ba4900000)]
  0x000001af96db6000 JavaThread "Unconstrained build operations Thread 49" [_thread_blocked, id=7452, stack(0x0000002ba4900000,0x0000002ba4a00000)]
  0x000001af96db5800 JavaThread "Unconstrained build operations Thread 50" [_thread_blocked, id=9252, stack(0x0000002ba4a00000,0x0000002ba4b00000)]
  0x000001af96dbc800 JavaThread "Unconstrained build operations Thread 51" [_thread_blocked, id=9232, stack(0x0000002ba4b00000,0x0000002ba4c00000)]
  0x000001af96db7000 JavaThread "Unconstrained build operations Thread 52" [_thread_blocked, id=12304, stack(0x0000002ba4c00000,0x0000002ba4d00000)]
  0x000001af96dbc000 JavaThread "Unconstrained build operations Thread 53" [_thread_blocked, id=3084, stack(0x0000002ba4d00000,0x0000002ba4e00000)]
  0x000001af96db8000 JavaThread "Unconstrained build operations Thread 54" [_thread_blocked, id=14728, stack(0x0000002ba4e00000,0x0000002ba4f00000)]
  0x000001af96dba800 JavaThread "Unconstrained build operations Thread 55" [_thread_blocked, id=11556, stack(0x0000002ba4f00000,0x0000002ba5000000)]
  0x000001af96db8800 JavaThread "Unconstrained build operations Thread 56" [_thread_blocked, id=13732, stack(0x0000002ba5000000,0x0000002ba5100000)]
  0x000001af96dbd800 JavaThread "Unconstrained build operations Thread 57" [_thread_blocked, id=12216, stack(0x0000002ba5100000,0x0000002ba5200000)]
  0x000001af96dbe800 JavaThread "Unconstrained build operations Thread 58" [_thread_blocked, id=10560, stack(0x0000002ba5200000,0x0000002ba5300000)]
  0x000001af96dc0000 JavaThread "Unconstrained build operations Thread 59" [_thread_blocked, id=3936, stack(0x0000002ba5300000,0x0000002ba5400000)]
  0x000001af96dbb000 JavaThread "Unconstrained build operations Thread 60" [_thread_blocked, id=8480, stack(0x0000002ba5400000,0x0000002ba5500000)]
  0x000001af96dbf000 JavaThread "Unconstrained build operations Thread 61" [_thread_blocked, id=10932, stack(0x0000002ba5500000,0x0000002ba5600000)]
  0x000001af96dc1000 JavaThread "Unconstrained build operations Thread 62" [_thread_blocked, id=10980, stack(0x0000002ba5600000,0x0000002ba5700000)]
  0x000001af96dc1800 JavaThread "Unconstrained build operations Thread 63" [_thread_blocked, id=11692, stack(0x0000002ba5700000,0x0000002ba5800000)]
  0x000001af96dc3000 JavaThread "Unconstrained build operations Thread 64" [_thread_blocked, id=4276, stack(0x0000002ba5800000,0x0000002ba5900000)]
  0x000001af96dc2800 JavaThread "Unconstrained build operations Thread 65" [_thread_blocked, id=6056, stack(0x0000002ba5900000,0x0000002ba5a00000)]
  0x000001af96dc4000 JavaThread "Unconstrained build operations Thread 66" [_thread_blocked, id=12176, stack(0x0000002ba5a00000,0x0000002ba5b00000)]
  0x000001af96754000 JavaThread "Unconstrained build operations Thread 67" [_thread_blocked, id=13160, stack(0x0000002ba5b00000,0x0000002ba5c00000)]
  0x000001af96750800 JavaThread "Unconstrained build operations Thread 68" [_thread_blocked, id=1812, stack(0x0000002ba5c00000,0x0000002ba5d00000)]
  0x000001af96751800 JavaThread "Unconstrained build operations Thread 69" [_thread_blocked, id=12028, stack(0x0000002ba5d00000,0x0000002ba5e00000)]
  0x000001af9674e000 JavaThread "Unconstrained build operations Thread 70" [_thread_blocked, id=14324, stack(0x0000002ba5e00000,0x0000002ba5f00000)]
  0x000001af96752800 JavaThread "Unconstrained build operations Thread 71" [_thread_blocked, id=15736, stack(0x0000002ba5f00000,0x0000002ba6000000)]
  0x000001af96753000 JavaThread "Unconstrained build operations Thread 72" [_thread_blocked, id=13604, stack(0x0000002ba6000000,0x0000002ba6100000)]
  0x000001af9674f000 JavaThread "Unconstrained build operations Thread 73" [_thread_blocked, id=12684, stack(0x0000002ba6100000,0x0000002ba6200000)]
  0x000001af96754800 JavaThread "Unconstrained build operations Thread 74" [_thread_blocked, id=11336, stack(0x0000002ba6200000,0x0000002ba6300000)]
  0x000001af96755800 JavaThread "Unconstrained build operations Thread 75" [_thread_blocked, id=3852, stack(0x0000002ba6300000,0x0000002ba6400000)]
  0x000001af96750000 JavaThread "Unconstrained build operations Thread 76" [_thread_blocked, id=9488, stack(0x0000002ba6400000,0x0000002ba6500000)]
  0x000001af96759800 JavaThread "Unconstrained build operations Thread 77" [_thread_blocked, id=10756, stack(0x0000002ba6500000,0x0000002ba6600000)]
  0x000001af96757000 JavaThread "Unconstrained build operations Thread 78" [_thread_blocked, id=11368, stack(0x0000002ba6600000,0x0000002ba6700000)]
  0x000001af9675a800 JavaThread "Unconstrained build operations Thread 79" [_thread_blocked, id=6676, stack(0x0000002ba6700000,0x0000002ba6800000)]
  0x000001af9675c000 JavaThread "Unconstrained build operations Thread 80" [_thread_blocked, id=7832, stack(0x0000002ba6800000,0x0000002ba6900000)]
  0x000001af96758000 JavaThread "jar transforms Thread 4" [_thread_blocked, id=7036, stack(0x0000002ba6900000,0x0000002ba6a00000)]
  0x000001af96756800 JavaThread "jar transforms Thread 5" [_thread_blocked, id=6068, stack(0x0000002ba6a00000,0x0000002ba6b00000)]
  0x000001af96759000 JavaThread "jar transforms Thread 6" [_thread_blocked, id=2952, stack(0x0000002ba6b00000,0x0000002ba6c00000)]
  0x000001af9675b000 JavaThread "jar transforms Thread 7" [_thread_blocked, id=4904, stack(0x0000002ba6c00000,0x0000002ba6d00000)]
  0x000001af9675d000 JavaThread "jar transforms Thread 8" [_thread_blocked, id=4480, stack(0x0000002ba6d00000,0x0000002ba6e00000)]
  0x000001af947c0800 JavaThread "C2 CompilerThread1" daemon [_thread_in_native, id=9352, stack(0x0000002ba0700000,0x0000002ba0800000)]
  0x000001af99db1000 JavaThread "Memory manager" [_thread_blocked, id=6708, stack(0x0000002ba6e00000,0x0000002ba6f00000)]
  0x000001af99db4000 JavaThread "build event listener" [_thread_blocked, id=8904, stack(0x0000002ba6f00000,0x0000002ba7000000)]
  0x000001af99db5000 JavaThread "Execution worker for ':'" [_thread_blocked, id=13208, stack(0x0000002ba7000000,0x0000002ba7100000)]
  0x000001af99db3800 JavaThread "Execution worker for ':' Thread 2" [_thread_blocked, id=14512, stack(0x0000002ba7100000,0x0000002ba7200000)]
  0x000001af99db1800 JavaThread "Execution worker for ':' Thread 3" [_thread_blocked, id=4164, stack(0x0000002ba7200000,0x0000002ba7300000)]
  0x000001af99daf800 JavaThread "Execution worker for ':' Thread 4" [_thread_blocked, id=10132, stack(0x0000002ba7300000,0x0000002ba7400000)]
  0x000001af99db6000 JavaThread "Execution worker for ':' Thread 5" [_thread_blocked, id=13844, stack(0x0000002ba7400000,0x0000002ba7500000)]
  0x000001af99db0000 JavaThread "Execution worker for ':' Thread 6" [_thread_blocked, id=5692, stack(0x0000002ba7500000,0x0000002ba7600000)]
  0x000001af99db6800 JavaThread "Execution worker for ':' Thread 7" [_thread_blocked, id=15236, stack(0x0000002ba7600000,0x0000002ba7700000)]
  0x000001af99db8800 JavaThread "Cache worker for execution history cache (C:\Users\Sebastopol\AndroidStudioProjects\EjercicioApiNewsProto\.gradle\7.2\executionHistory)" [_thread_blocked, id=13564, stack(0x0000002ba7700000,0x0000002ba7800000)]
  0x000001af99dbc800 JavaThread "WorkerExecutor Queue" [_thread_blocked, id=12492, stack(0x0000002ba7800000,0x0000002ba7900000)]
  0x000001af99db9000 JavaThread "WorkerExecutor Queue Thread 2" [_thread_blocked, id=6196, stack(0x0000002ba7900000,0x0000002ba7a00000)]
  0x000001af99db7800 JavaThread "WorkerExecutor Queue Thread 4" [_thread_blocked, id=13028, stack(0x0000002ba7b00000,0x0000002ba7c00000)]
  0x000001af99dba800 JavaThread "pool-3-thread-1" [_thread_blocked, id=11224, stack(0x0000002ba7c00000,0x0000002ba7d00000)]
  0x000001af99dbe000 JavaThread "stderr" [_thread_in_native, id=7792, stack(0x0000002ba7d00000,0x0000002ba7e00000)]
  0x000001af99dbb800 JavaThread "stdout" [_thread_in_native, id=10956, stack(0x0000002ba7e00000,0x0000002ba7f00000)]
  0x000001af95006800 JavaThread "ForkJoinPool-1-worker-3" daemon [_thread_in_Java, id=11432, stack(0x0000002ba7f00000,0x0000002ba8000000)]
  0x000001af95003000 JavaThread "ForkJoinPool-1-worker-5" daemon [_thread_in_Java, id=16380, stack(0x0000002ba8000000,0x0000002ba8100000)]
  0x000001af95005800 JavaThread "ForkJoinPool-1-worker-9" daemon [_thread_in_Java, id=2000, stack(0x0000002ba8100000,0x0000002ba8200000)]
  0x000001af95007800 JavaThread "ForkJoinPool-1-worker-7" daemon [_thread_blocked, id=5332, stack(0x0000002ba8200000,0x0000002ba8300000)]
  0x000001af95001800 JavaThread "ForkJoinPool-1-worker-11" daemon [_thread_blocked, id=12168, stack(0x0000002ba8300000,0x0000002ba8400000)]
  0x000001af95008000 JavaThread "ForkJoinPool-1-worker-13" daemon [_thread_blocked, id=9420, stack(0x0000002ba8400000,0x0000002ba8500000)]
  0x000001af95004000 JavaThread "ForkJoinPool-1-worker-15" daemon [_thread_in_Java, id=7444, stack(0x0000002ba8500000,0x0000002ba8600000)]
  0x000001af95005000 JavaThread "ForkJoinPool-1-worker-1" daemon [_thread_in_Java, id=10676, stack(0x0000002ba8600000,0x0000002ba8700000)]

Other Threads:
  0x000001afffa62000 VMThread "VM Thread" [stack: 0x0000002b9eb00000,0x0000002b9ec00000] [id=16272]
  0x000001afffd97000 WatcherThread [stack: 0x0000002b9f500000,0x0000002b9f600000] [id=16688]
  0x000001aff6622000 GCTaskThread "GC Thread#0" [stack: 0x0000002b9e600000,0x0000002b9e700000] [id=12708]
  0x000001af920c1800 GCTaskThread "GC Thread#1" [stack: 0x0000002b9f700000,0x0000002b9f800000] [id=12340]
  0x000001af941a7000 GCTaskThread "GC Thread#2" [stack: 0x0000002ba0000000,0x0000002ba0100000] [id=7600]
  0x000001af93d5b800 GCTaskThread "GC Thread#3" [stack: 0x0000002ba0100000,0x0000002ba0200000] [id=8136]
  0x000001af93bd1800 GCTaskThread "GC Thread#4" [stack: 0x0000002ba0200000,0x0000002ba0300000] [id=7236]
  0x000001af927fa000 GCTaskThread "GC Thread#5" [stack: 0x0000002ba0300000,0x0000002ba0400000] [id=12116]
  0x000001af927fa800 GCTaskThread "GC Thread#6" [stack: 0x0000002ba0400000,0x0000002ba0500000] [id=13144]
  0x000001af9291b800 GCTaskThread "GC Thread#7" [stack: 0x0000002ba0500000,0x0000002ba0600000] [id=8072]
  0x000001aff6653000 ConcurrentGCThread "G1 Main Marker" [stack: 0x0000002b9e700000,0x0000002b9e800000] [id=7812]
  0x000001aff6654800 ConcurrentGCThread "G1 Conc#0" [stack: 0x0000002b9e800000,0x0000002b9e900000] [id=15392]
  0x000001af93561000 ConcurrentGCThread "G1 Conc#1" [stack: 0x0000002ba0b00000,0x0000002ba0c00000] [id=12600]
  0x000001afff8b1800 ConcurrentGCThread "G1 Refine#0" [stack: 0x0000002b9e900000,0x0000002b9ea00000] [id=5672]
  0x000001afff8b2800 ConcurrentGCThread "G1 Young RemSet Sampling" [stack: 0x0000002b9ea00000,0x0000002b9eb00000] [id=5668]

Threads with active compile tasks:
C2 CompilerThread0  19460 11527       4       com.android.tools.r8.code.x1::a (4130 bytes)
C2 CompilerThread1  19460 11620 %     4       com.android.tools.r8.dex.r::a @ 315 (1038 bytes)

VM state:not at safepoint (normal execution)

VM Mutex/Monitor currently owned by a thread: None

Heap address: 0x0000000080000000, size: 2048 MB, Compressed Oops mode: 32-bit
Narrow klass base: 0x0000000000000000, Narrow klass shift: 3
Compressed class space size: 1073741824 Address: 0x0000000100000000

Heap:
 garbage-first heap   total 284672K, used 210345K [0x0000000080000000, 0x0000000100000000)
  region size 1024K, 25 young (25600K), 5 survivors (5120K)
 Metaspace       used 95619K, capacity 97869K, committed 98172K, reserved 1134592K
  class space    used 12538K, capacity 13418K, committed 13568K, reserved 1048576K
Heap Regions: E=young(eden), S=young(survivor), O=old, HS=humongous(starts), HC=humongous(continues), CS=collection set, F=free, A=archive, TAMS=top-at-mark-start (previous, next)
|   0|0x0000000080000000, 0x0000000080100000, 0x0000000080100000|100%| O|  |TAMS 0x0000000080100000, 0x0000000080000000| Untracked 
|   1|0x0000000080100000, 0x0000000080200000, 0x0000000080200000|100%| O|  |TAMS 0x0000000080200000, 0x0000000080100000| Untracked 
|   2|0x0000000080200000, 0x0000000080300000, 0x0000000080300000|100%| O|  |TAMS 0x0000000080300000, 0x0000000080200000| Untracked 
|   3|0x0000000080300000, 0x0000000080400000, 0x0000000080400000|100%|HS|  |TAMS 0x0000000080400000, 0x0000000080300000| Complete 
|   4|0x0000000080400000, 0x0000000080500000, 0x0000000080500000|100%|HC|  |TAMS 0x0000000080500000, 0x0000000080400000| Complete 
|   5|0x0000000080500000, 0x0000000080600000, 0x0000000080600000|100%|HC|  |TAMS 0x0000000080600000, 0x0000000080500000| Complete 
|   6|0x0000000080600000, 0x0000000080700000, 0x0000000080700000|100%| O|  |TAMS 0x0000000080700000, 0x0000000080600000| Untracked 
|   7|0x0000000080700000, 0x0000000080800000, 0x0000000080800000|100%| O|  |TAMS 0x0000000080800000, 0x0000000080700000| Untracked 
|   8|0x0000000080800000, 0x0000000080900000, 0x0000000080900000|100%| O|  |TAMS 0x0000000080900000, 0x0000000080800000| Untracked 
|   9|0x0000000080900000, 0x0000000080a00000, 0x0000000080a00000|100%| O|  |TAMS 0x0000000080a00000, 0x0000000080900000| Untracked 
|  10|0x0000000080a00000, 0x0000000080b00000, 0x0000000080b00000|100%| O|  |TAMS 0x0000000080b00000, 0x0000000080a00000| Untracked 
|  11|0x0000000080b00000, 0x0000000080c00000, 0x0000000080c00000|100%| O|  |TAMS 0x0000000080c00000, 0x0000000080b00000| Untracked 
|  12|0x0000000080c00000, 0x0000000080d00000, 0x0000000080d00000|100%| O|  |TAMS 0x0000000080d00000, 0x0000000080c00000| Untracked 
|  13|0x0000000080d00000, 0x0000000080e00000, 0x0000000080e00000|100%| O|  |TAMS 0x0000000080e00000, 0x0000000080d00000| Untracked 
|  14|0x0000000080e00000, 0x0000000080f00000, 0x0000000080f00000|100%| O|  |TAMS 0x0000000080f00000, 0x0000000080e00000| Untracked 
|  15|0x0000000080f00000, 0x0000000081000000, 0x0000000081000000|100%| O|  |TAMS 0x0000000081000000, 0x0000000080f00000| Untracked 
|  16|0x0000000081000000, 0x0000000081100000, 0x0000000081100000|100%| O|  |TAMS 0x0000000081100000, 0x0000000081000000| Untracked 
|  17|0x0000000081100000, 0x0000000081200000, 0x0000000081200000|100%|HS|  |TAMS 0x0000000081200000, 0x0000000081100000| Complete 
|  18|0x0000000081200000, 0x0000000081300000, 0x0000000081300000|100%| O|  |TAMS 0x0000000081300000, 0x0000000081200000| Untracked 
|  19|0x0000000081300000, 0x0000000081400000, 0x0000000081400000|100%| O|  |TAMS 0x0000000081400000, 0x0000000081300000| Untracked 
|  20|0x0000000081400000, 0x0000000081500000, 0x0000000081500000|100%| O|  |TAMS 0x0000000081500000, 0x0000000081400000| Untracked 
|  21|0x0000000081500000, 0x0000000081600000, 0x0000000081600000|100%| O|  |TAMS 0x0000000081600000, 0x0000000081500000| Untracked 
|  22|0x0000000081600000, 0x0000000081700000, 0x0000000081700000|100%| O|  |TAMS 0x0000000081700000, 0x0000000081600000| Untracked 
|  23|0x0000000081700000, 0x0000000081800000, 0x0000000081800000|100%| O|  |TAMS 0x0000000081800000, 0x0000000081700000| Untracked 
|  24|0x0000000081800000, 0x0000000081900000, 0x0000000081900000|100%| O|  |TAMS 0x0000000081900000, 0x0000000081800000| Untracked 
|  25|0x0000000081900000, 0x0000000081a00000, 0x0000000081a00000|100%| O|  |TAMS 0x0000000081a00000, 0x0000000081900000| Untracked 
|  26|0x0000000081a00000, 0x0000000081b00000, 0x0000000081b00000|100%| O|  |TAMS 0x0000000081b00000, 0x0000000081a00000| Untracked 
|  27|0x0000000081b00000, 0x0000000081c00000, 0x0000000081c00000|100%|HS|  |TAMS 0x0000000081c00000, 0x0000000081b00000| Complete 
|  28|0x0000000081c00000, 0x0000000081d00000, 0x0000000081d00000|100%|HS|  |TAMS 0x0000000081d00000, 0x0000000081c00000| Complete 
|  29|0x0000000081d00000, 0x0000000081e00000, 0x0000000081e00000|100%|HS|  |TAMS 0x0000000081e00000, 0x0000000081d00000| Complete 
|  30|0x0000000081e00000, 0x0000000081f00000, 0x0000000081f00000|100%|HS|  |TAMS 0x0000000081f00000, 0x0000000081e00000| Complete 
|  31|0x0000000081f00000, 0x0000000082000000, 0x0000000082000000|100%|HC|  |TAMS 0x0000000082000000, 0x0000000081f00000| Complete 
|  32|0x0000000082000000, 0x0000000082100000, 0x0000000082100000|100%|HC|  |TAMS 0x0000000082100000, 0x0000000082000000| Complete 
|  33|0x0000000082100000, 0x0000000082200000, 0x0000000082200000|100%|HS|  |TAMS 0x0000000082200000, 0x0000000082100000| Complete 
|  34|0x0000000082200000, 0x0000000082300000, 0x0000000082300000|100%|HC|  |TAMS 0x0000000082300000, 0x0000000082200000| Complete 
|  35|0x0000000082300000, 0x0000000082400000, 0x0000000082400000|100%| O|  |TAMS 0x0000000082400000, 0x0000000082300000| Untracked 
|  36|0x0000000082400000, 0x0000000082500000, 0x0000000082500000|100%| O|  |TAMS 0x0000000082500000, 0x0000000082400000| Untracked 
|  37|0x0000000082500000, 0x0000000082600000, 0x0000000082600000|100%| O|  |TAMS 0x0000000082600000, 0x0000000082500000| Untracked 
|  38|0x0000000082600000, 0x0000000082700000, 0x0000000082700000|100%| O|  |TAMS 0x0000000082700000, 0x0000000082600000| Untracked 
|  39|0x0000000082700000, 0x0000000082800000, 0x0000000082800000|100%| O|  |TAMS 0x0000000082800000, 0x0000000082700000| Untracked 
|  40|0x0000000082800000, 0x0000000082900000, 0x0000000082900000|100%| O|  |TAMS 0x0000000082900000, 0x0000000082800000| Untracked 
|  41|0x0000000082900000, 0x0000000082a00000, 0x0000000082a00000|100%| O|  |TAMS 0x0000000082a00000, 0x0000000082900000| Untracked 
|  42|0x0000000082a00000, 0x0000000082b00000, 0x0000000082b00000|100%| O|  |TAMS 0x0000000082b00000, 0x0000000082a00000| Untracked 
|  43|0x0000000082b00000, 0x0000000082c00000, 0x0000000082c00000|100%| O|  |TAMS 0x0000000082c00000, 0x0000000082b00000| Untracked 
|  44|0x0000000082c00000, 0x0000000082d00000, 0x0000000082d00000|100%| O|  |TAMS 0x0000000082d00000, 0x0000000082c00000| Untracked 
|  45|0x0000000082d00000, 0x0000000082e00000, 0x0000000082e00000|100%| O|  |TAMS 0x0000000082e00000, 0x0000000082d00000| Untracked 
|  46|0x0000000082e00000, 0x0000000082f00000, 0x0000000082f00000|100%| O|  |TAMS 0x0000000082f00000, 0x0000000082e00000| Untracked 
|  47|0x0000000082f00000, 0x0000000083000000, 0x0000000083000000|100%| O|  |TAMS 0x0000000083000000, 0x0000000082f00000| Untracked 
|  48|0x0000000083000000, 0x0000000083100000, 0x0000000083100000|100%| O|  |TAMS 0x0000000083100000, 0x0000000083000000| Untracked 
|  49|0x0000000083100000, 0x0000000083200000, 0x0000000083200000|100%| O|  |TAMS 0x0000000083200000, 0x0000000083100000| Untracked 
|  50|0x0000000083200000, 0x0000000083300000, 0x0000000083300000|100%| O|  |TAMS 0x0000000083300000, 0x0000000083200000| Untracked 
|  51|0x0000000083300000, 0x0000000083400000, 0x0000000083400000|100%| O|  |TAMS 0x0000000083400000, 0x0000000083300000| Untracked 
|  52|0x0000000083400000, 0x0000000083500000, 0x0000000083500000|100%| O|  |TAMS 0x0000000083500000, 0x0000000083400000| Untracked 
|  53|0x0000000083500000, 0x0000000083600000, 0x0000000083600000|100%| O|  |TAMS 0x0000000083600000, 0x0000000083500000| Untracked 
|  54|0x0000000083600000, 0x0000000083700000, 0x0000000083700000|100%| O|  |TAMS 0x0000000083700000, 0x0000000083600000| Untracked 
|  55|0x0000000083700000, 0x0000000083800000, 0x0000000083800000|100%| O|  |TAMS 0x0000000083800000, 0x0000000083700000| Untracked 
|  56|0x0000000083800000, 0x0000000083900000, 0x0000000083900000|100%| O|  |TAMS 0x0000000083900000, 0x0000000083800000| Untracked 
|  57|0x0000000083900000, 0x0000000083a00000, 0x0000000083a00000|100%| O|  |TAMS 0x0000000083a00000, 0x0000000083900000| Untracked 
|  58|0x0000000083a00000, 0x0000000083b00000, 0x0000000083b00000|100%| O|  |TAMS 0x0000000083b00000, 0x0000000083a00000| Untracked 
|  59|0x0000000083b00000, 0x0000000083c00000, 0x0000000083c00000|100%| O|  |TAMS 0x0000000083c00000, 0x0000000083b00000| Untracked 
|  60|0x0000000083c00000, 0x0000000083d00000, 0x0000000083d00000|100%| O|  |TAMS 0x0000000083d00000, 0x0000000083c00000| Untracked 
|  61|0x0000000083d00000, 0x0000000083e00000, 0x0000000083e00000|100%| O|  |TAMS 0x0000000083e00000, 0x0000000083d00000| Untracked 
|  62|0x0000000083e00000, 0x0000000083f00000, 0x0000000083f00000|100%| O|  |TAMS 0x0000000083f00000, 0x0000000083e00000| Untracked 
|  63|0x0000000083f00000, 0x0000000084000000, 0x0000000084000000|100%| O|  |TAMS 0x0000000084000000, 0x0000000083f00000| Untracked 
|  64|0x0000000084000000, 0x0000000084100000, 0x0000000084100000|100%| O|  |TAMS 0x0000000084100000, 0x0000000084000000| Untracked 
|  65|0x0000000084100000, 0x0000000084200000, 0x0000000084200000|100%| O|  |TAMS 0x0000000084200000, 0x0000000084100000| Untracked 
|  66|0x0000000084200000, 0x0000000084300000, 0x0000000084300000|100%| O|  |TAMS 0x0000000084300000, 0x0000000084200000| Untracked 
|  67|0x0000000084300000, 0x0000000084400000, 0x0000000084400000|100%| O|  |TAMS 0x0000000084400000, 0x0000000084300000| Untracked 
|  68|0x0000000084400000, 0x0000000084500000, 0x0000000084500000|100%| O|  |TAMS 0x0000000084500000, 0x0000000084400000| Untracked 
|  69|0x0000000084500000, 0x0000000084600000, 0x0000000084600000|100%| O|  |TAMS 0x0000000084600000, 0x0000000084500000| Untracked 
|  70|0x0000000084600000, 0x0000000084700000, 0x0000000084700000|100%| O|  |TAMS 0x0000000084700000, 0x0000000084600000| Untracked 
|  71|0x0000000084700000, 0x0000000084800000, 0x0000000084800000|100%| O|  |TAMS 0x0000000084800000, 0x0000000084700000| Untracked 
|  72|0x0000000084800000, 0x0000000084900000, 0x0000000084900000|100%| O|  |TAMS 0x0000000084900000, 0x0000000084800000| Untracked 
|  73|0x0000000084900000, 0x0000000084a00000, 0x0000000084a00000|100%| O|  |TAMS 0x0000000084a00000, 0x0000000084900000| Untracked 
|  74|0x0000000084a00000, 0x0000000084b00000, 0x0000000084b00000|100%| O|  |TAMS 0x0000000084b00000, 0x0000000084a00000| Untracked 
|  75|0x0000000084b00000, 0x0000000084c00000, 0x0000000084c00000|100%| O|  |TAMS 0x0000000084c00000, 0x0000000084b00000| Untracked 
|  76|0x0000000084c00000, 0x0000000084d00000, 0x0000000084d00000|100%| O|  |TAMS 0x0000000084d00000, 0x0000000084c00000| Untracked 
|  77|0x0000000084d00000, 0x0000000084e00000, 0x0000000084e00000|100%| O|  |TAMS 0x0000000084e00000, 0x0000000084d00000| Untracked 
|  78|0x0000000084e00000, 0x0000000084f00000, 0x0000000084f00000|100%| O|  |TAMS 0x0000000084f00000, 0x0000000084e00000| Untracked 
|  79|0x0000000084f00000, 0x0000000085000000, 0x0000000085000000|100%| O|  |TAMS 0x0000000085000000, 0x0000000084f00000| Untracked 
|  80|0x0000000085000000, 0x0000000085100000, 0x0000000085100000|100%| O|  |TAMS 0x0000000085100000, 0x0000000085000000| Untracked 
|  81|0x0000000085100000, 0x0000000085200000, 0x0000000085200000|100%| O|  |TAMS 0x0000000085200000, 0x0000000085100000| Untracked 
|  82|0x0000000085200000, 0x0000000085300000, 0x0000000085300000|100%| O|  |TAMS 0x0000000085300000, 0x0000000085200000| Untracked 
|  83|0x0000000085300000, 0x0000000085400000, 0x0000000085400000|100%| O|  |TAMS 0x0000000085400000, 0x0000000085300000| Untracked 
|  84|0x0000000085400000, 0x0000000085500000, 0x0000000085500000|100%| O|  |TAMS 0x0000000085500000, 0x0000000085400000| Untracked 
|  85|0x0000000085500000, 0x0000000085600000, 0x0000000085600000|100%| O|  |TAMS 0x0000000085600000, 0x0000000085500000| Untracked 
|  86|0x0000000085600000, 0x0000000085700000, 0x0000000085700000|100%| O|  |TAMS 0x0000000085700000, 0x0000000085600000| Untracked 
|  87|0x0000000085700000, 0x0000000085800000, 0x0000000085800000|100%| O|  |TAMS 0x0000000085800000, 0x0000000085700000| Untracked 
|  88|0x0000000085800000, 0x0000000085900000, 0x0000000085900000|100%| O|  |TAMS 0x0000000085900000, 0x0000000085800000| Untracked 
|  89|0x0000000085900000, 0x0000000085a00000, 0x0000000085a00000|100%| O|  |TAMS 0x0000000085a00000, 0x0000000085900000| Untracked 
|  90|0x0000000085a00000, 0x0000000085b00000, 0x0000000085b00000|100%|HS|  |TAMS 0x0000000085b00000, 0x0000000085a00000| Complete 
|  91|0x0000000085b00000, 0x0000000085c00000, 0x0000000085c00000|100%|HC|  |TAMS 0x0000000085c00000, 0x0000000085b00000| Complete 
|  92|0x0000000085c00000, 0x0000000085d00000, 0x0000000085d00000|100%|HS|  |TAMS 0x0000000085d00000, 0x0000000085c00000| Complete 
|  93|0x0000000085d00000, 0x0000000085e00000, 0x0000000085e00000|100%|HC|  |TAMS 0x0000000085e00000, 0x0000000085d00000| Complete 
|  94|0x0000000085e00000, 0x0000000085f00000, 0x0000000085f00000|100%|HS|  |TAMS 0x0000000085f00000, 0x0000000085e00000| Complete 
|  95|0x0000000085f00000, 0x0000000086000000, 0x0000000086000000|100%|HS|  |TAMS 0x0000000086000000, 0x0000000085f00000| Complete 
|  96|0x0000000086000000, 0x0000000086100000, 0x0000000086100000|100%|HS|  |TAMS 0x0000000086100000, 0x0000000086000000| Complete 
|  97|0x0000000086100000, 0x0000000086200000, 0x0000000086200000|100%|HS|  |TAMS 0x0000000086200000, 0x0000000086100000| Complete 
|  98|0x0000000086200000, 0x0000000086300000, 0x0000000086300000|100%|HS|  |TAMS 0x0000000086300000, 0x0000000086200000| Complete 
|  99|0x0000000086300000, 0x0000000086400000, 0x0000000086400000|100%|HS|  |TAMS 0x0000000086400000, 0x0000000086300000| Complete 
| 100|0x0000000086400000, 0x0000000086500000, 0x0000000086500000|100%|HC|  |TAMS 0x0000000086500000, 0x0000000086400000| Complete 
| 101|0x0000000086500000, 0x0000000086600000, 0x0000000086600000|100%|HC|  |TAMS 0x0000000086600000, 0x0000000086500000| Complete 
| 102|0x0000000086600000, 0x0000000086700000, 0x0000000086700000|100%| O|  |TAMS 0x0000000086700000, 0x0000000086600000| Untracked 
| 103|0x0000000086700000, 0x0000000086800000, 0x0000000086800000|100%| O|  |TAMS 0x0000000086800000, 0x0000000086700000| Untracked 
| 104|0x0000000086800000, 0x0000000086900000, 0x0000000086900000|100%| O|  |TAMS 0x0000000086900000, 0x0000000086800000| Untracked 
| 105|0x0000000086900000, 0x0000000086a00000, 0x0000000086a00000|100%| O|  |TAMS 0x0000000086a00000, 0x0000000086900000| Untracked 
| 106|0x0000000086a00000, 0x0000000086b00000, 0x0000000086b00000|100%| O|  |TAMS 0x0000000086b00000, 0x0000000086a00000| Untracked 
| 107|0x0000000086b00000, 0x0000000086c00000, 0x0000000086c00000|100%|HS|  |TAMS 0x0000000086c00000, 0x0000000086b00000| Complete 
| 108|0x0000000086c00000, 0x0000000086d00000, 0x0000000086d00000|100%|HC|  |TAMS 0x0000000086d00000, 0x0000000086c00000| Complete 
| 109|0x0000000086d00000, 0x0000000086e00000, 0x0000000086e00000|100%| O|  |TAMS 0x0000000086e00000, 0x0000000086d00000| Untracked 
| 110|0x0000000086e00000, 0x0000000086f00000, 0x0000000086f00000|100%| O|  |TAMS 0x0000000086f00000, 0x0000000086e00000| Untracked 
| 111|0x0000000086f00000, 0x0000000087000000, 0x0000000087000000|100%|HS|  |TAMS 0x0000000087000000, 0x0000000086f00000| Complete 
| 112|0x0000000087000000, 0x0000000087100000, 0x0000000087100000|100%|HC|  |TAMS 0x0000000087100000, 0x0000000087000000| Complete 
| 113|0x0000000087100000, 0x0000000087200000, 0x0000000087200000|100%| O|  |TAMS 0x0000000087200000, 0x0000000087100000| Untracked 
| 114|0x0000000087200000, 0x0000000087300000, 0x0000000087300000|100%|HS|  |TAMS 0x0000000087300000, 0x0000000087200000| Complete 
| 115|0x0000000087300000, 0x0000000087400000, 0x0000000087400000|100%|HS|  |TAMS 0x0000000087400000, 0x0000000087300000| Complete 
| 116|0x0000000087400000, 0x0000000087500000, 0x0000000087500000|100%|HS|  |TAMS 0x0000000087500000, 0x0000000087400000| Complete 
| 117|0x0000000087500000, 0x0000000087600000, 0x0000000087600000|100%|HS|  |TAMS 0x0000000087600000, 0x0000000087500000| Complete 
| 118|0x0000000087600000, 0x0000000087700000, 0x0000000087700000|100%|HS|  |TAMS 0x0000000087700000, 0x0000000087600000| Complete 
| 119|0x0000000087700000, 0x0000000087800000, 0x0000000087800000|100%| O|  |TAMS 0x0000000087800000, 0x0000000087700000| Untracked 
| 120|0x0000000087800000, 0x0000000087900000, 0x0000000087900000|100%|HS|  |TAMS 0x0000000087900000, 0x0000000087800000| Complete 
| 121|0x0000000087900000, 0x0000000087a00000, 0x0000000087a00000|100%| O|  |TAMS 0x0000000087a00000, 0x0000000087900000| Untracked 
| 122|0x0000000087a00000, 0x0000000087b00000, 0x0000000087b00000|100%|HS|  |TAMS 0x0000000087b00000, 0x0000000087a00000| Complete 
| 123|0x0000000087b00000, 0x0000000087c00000, 0x0000000087c00000|100%| O|  |TAMS 0x0000000087c00000, 0x0000000087b00000| Untracked 
| 124|0x0000000087c00000, 0x0000000087d00000, 0x0000000087d00000|100%| O|  |TAMS 0x0000000087d00000, 0x0000000087c00000| Untracked 
| 125|0x0000000087d00000, 0x0000000087e00000, 0x0000000087e00000|100%| O|  |TAMS 0x0000000087e00000, 0x0000000087d00000| Untracked 
| 126|0x0000000087e00000, 0x0000000087f00000, 0x0000000087f00000|100%| O|  |TAMS 0x0000000087f00000, 0x0000000087e00000| Untracked 
| 127|0x0000000087f00000, 0x0000000088000000, 0x0000000088000000|100%| O|  |TAMS 0x0000000088000000, 0x0000000087f00000| Untracked 
| 128|0x0000000088000000, 0x0000000088100000, 0x0000000088100000|100%| O|  |TAMS 0x0000000088100000, 0x0000000088000000| Untracked 
| 129|0x0000000088100000, 0x0000000088200000, 0x0000000088200000|100%| O|  |TAMS 0x0000000088200000, 0x0000000088100000| Untracked 
| 130|0x0000000088200000, 0x0000000088300000, 0x0000000088300000|100%| O|  |TAMS 0x0000000088300000, 0x0000000088200000| Untracked 
| 131|0x0000000088300000, 0x0000000088400000, 0x0000000088400000|100%| O|  |TAMS 0x0000000088400000, 0x0000000088300000| Untracked 
| 132|0x0000000088400000, 0x0000000088500000, 0x0000000088500000|100%| O|  |TAMS 0x0000000088500000, 0x0000000088400000| Untracked 
| 133|0x0000000088500000, 0x0000000088600000, 0x0000000088600000|100%| O|  |TAMS 0x0000000088600000, 0x0000000088500000| Untracked 
| 134|0x0000000088600000, 0x0000000088700000, 0x0000000088700000|100%|HS|  |TAMS 0x0000000088700000, 0x0000000088600000| Complete 
| 135|0x0000000088700000, 0x0000000088800000, 0x0000000088800000|100%|HC|  |TAMS 0x0000000088800000, 0x0000000088700000| Complete 
| 136|0x0000000088800000, 0x0000000088900000, 0x0000000088900000|100%|HC|  |TAMS 0x0000000088900000, 0x0000000088800000| Complete 
| 137|0x0000000088900000, 0x0000000088a00000, 0x0000000088a00000|100%| O|  |TAMS 0x0000000088a00000, 0x0000000088900000| Untracked 
| 138|0x0000000088a00000, 0x0000000088b00000, 0x0000000088b00000|100%| O|  |TAMS 0x0000000088b00000, 0x0000000088a00000| Untracked 
| 139|0x0000000088b00000, 0x0000000088c00000, 0x0000000088c00000|100%| O|  |TAMS 0x0000000088c00000, 0x0000000088b00000| Untracked 
| 140|0x0000000088c00000, 0x0000000088d00000, 0x0000000088d00000|100%| O|  |TAMS 0x0000000088d00000, 0x0000000088c00000| Untracked 
| 141|0x0000000088d00000, 0x0000000088e00000, 0x0000000088e00000|100%| O|  |TAMS 0x0000000088e00000, 0x0000000088d00000| Untracked 
| 142|0x0000000088e00000, 0x0000000088f00000, 0x0000000088f00000|100%| O|  |TAMS 0x0000000088ef2e00, 0x0000000088e00000| Untracked 
| 143|0x0000000088f00000, 0x0000000089000000, 0x0000000089000000|100%| O|  |TAMS 0x0000000088f00000, 0x0000000088f00000| Untracked 
| 144|0x0000000089000000, 0x0000000089100000, 0x0000000089100000|100%| O|  |TAMS 0x0000000089000000, 0x0000000089000000| Untracked 
| 145|0x0000000089100000, 0x0000000089200000, 0x0000000089200000|100%| O|  |TAMS 0x0000000089100000, 0x0000000089100000| Untracked 
| 146|0x0000000089200000, 0x0000000089300000, 0x0000000089300000|100%| O|  |TAMS 0x0000000089200000, 0x0000000089200000| Untracked 
| 147|0x0000000089300000, 0x0000000089400000, 0x0000000089400000|100%| O|  |TAMS 0x0000000089300000, 0x0000000089300000| Untracked 
| 148|0x0000000089400000, 0x0000000089500000, 0x0000000089500000|100%| O|  |TAMS 0x0000000089400000, 0x0000000089400000| Untracked 
| 149|0x0000000089500000, 0x0000000089600000, 0x0000000089600000|100%| O|  |TAMS 0x0000000089500000, 0x0000000089500000| Untracked 
| 150|0x0000000089600000, 0x0000000089700000, 0x0000000089700000|100%| O|  |TAMS 0x0000000089600000, 0x0000000089600000| Untracked 
| 151|0x0000000089700000, 0x0000000089800000, 0x0000000089800000|100%| O|  |TAMS 0x0000000089700000, 0x0000000089700000| Untracked 
| 152|0x0000000089800000, 0x0000000089900000, 0x0000000089900000|100%| O|  |TAMS 0x0000000089800000, 0x0000000089800000| Untracked 
| 153|0x0000000089900000, 0x0000000089a00000, 0x0000000089a00000|100%| O|  |TAMS 0x0000000089900000, 0x0000000089900000| Untracked 
| 154|0x0000000089a00000, 0x0000000089b00000, 0x0000000089b00000|100%| O|  |TAMS 0x0000000089a00000, 0x0000000089a00000| Untracked 
| 155|0x0000000089b00000, 0x0000000089c00000, 0x0000000089c00000|100%| O|  |TAMS 0x0000000089b00000, 0x0000000089b00000| Untracked 
| 156|0x0000000089c00000, 0x0000000089d00000, 0x0000000089d00000|100%| O|  |TAMS 0x0000000089c00000, 0x0000000089c00000| Untracked 
| 157|0x0000000089d00000, 0x0000000089e00000, 0x0000000089e00000|100%| O|  |TAMS 0x0000000089d00000, 0x0000000089d00000| Untracked 
| 158|0x0000000089e00000, 0x0000000089f00000, 0x0000000089f00000|100%| O|  |TAMS 0x0000000089e00000, 0x0000000089e00000| Untracked 
| 159|0x0000000089f00000, 0x000000008a000000, 0x000000008a000000|100%| O|  |TAMS 0x0000000089f00000, 0x0000000089f00000| Untracked 
| 160|0x000000008a000000, 0x000000008a100000, 0x000000008a100000|100%| O|  |TAMS 0x000000008a000000, 0x000000008a000000| Untracked 
| 161|0x000000008a100000, 0x000000008a200000, 0x000000008a200000|100%| O|  |TAMS 0x000000008a100000, 0x000000008a100000| Untracked 
| 162|0x000000008a200000, 0x000000008a300000, 0x000000008a300000|100%| O|  |TAMS 0x000000008a300000, 0x000000008a200000| Untracked 
| 163|0x000000008a300000, 0x000000008a400000, 0x000000008a400000|100%| O|  |TAMS 0x000000008a400000, 0x000000008a300000| Untracked 
| 164|0x000000008a400000, 0x000000008a500000, 0x000000008a500000|100%| O|  |TAMS 0x000000008a400000, 0x000000008a400000| Untracked 
| 165|0x000000008a500000, 0x000000008a600000, 0x000000008a600000|100%| O|  |TAMS 0x000000008a600000, 0x000000008a500000| Untracked 
| 166|0x000000008a600000, 0x000000008a700000, 0x000000008a700000|100%| O|  |TAMS 0x000000008a600000, 0x000000008a600000| Untracked 
| 167|0x000000008a700000, 0x000000008a800000, 0x000000008a800000|100%| O|  |TAMS 0x000000008a800000, 0x000000008a700000| Untracked 
| 168|0x000000008a800000, 0x000000008a900000, 0x000000008a900000|100%| O|  |TAMS 0x000000008a800000, 0x000000008a800000| Untracked 
| 169|0x000000008a900000, 0x000000008aa00000, 0x000000008aa00000|100%| O|  |TAMS 0x000000008aa00000, 0x000000008a900000| Untracked 
| 170|0x000000008aa00000, 0x000000008ab00000, 0x000000008ab00000|100%| O|  |TAMS 0x000000008ab00000, 0x000000008aa00000| Untracked 
| 171|0x000000008ab00000, 0x000000008ac00000, 0x000000008ac00000|100%| O|  |TAMS 0x000000008ac00000, 0x000000008ab00000| Untracked 
| 172|0x000000008ac00000, 0x000000008ad00000, 0x000000008ad00000|100%| O|  |TAMS 0x000000008ad00000, 0x000000008ac00000| Untracked 
| 173|0x000000008ad00000, 0x000000008ae00000, 0x000000008ae00000|100%| O|  |TAMS 0x000000008ae00000, 0x000000008ad00000| Untracked 
| 174|0x000000008ae00000, 0x000000008af00000, 0x000000008af00000|100%| O|  |TAMS 0x000000008af00000, 0x000000008ae00000| Untracked 
| 175|0x000000008af00000, 0x000000008b000000, 0x000000008b000000|100%| O|  |TAMS 0x000000008b000000, 0x000000008af00000| Untracked 
| 176|0x000000008b000000, 0x000000008b100000, 0x000000008b100000|100%| O|  |TAMS 0x000000008b100000, 0x000000008b000000| Untracked 
| 177|0x000000008b100000, 0x000000008b200000, 0x000000008b200000|100%| O|  |TAMS 0x000000008b200000, 0x000000008b100000| Untracked 
| 178|0x000000008b200000, 0x000000008b300000, 0x000000008b300000|100%| O|  |TAMS 0x000000008b300000, 0x000000008b200000| Untracked 
| 179|0x000000008b300000, 0x000000008b400000, 0x000000008b400000|100%| O|  |TAMS 0x000000008b300000, 0x000000008b300000| Untracked 
| 180|0x000000008b400000, 0x000000008b500000, 0x000000008b500000|100%| O|  |TAMS 0x000000008b400000, 0x000000008b400000| Untracked 
| 181|0x000000008b500000, 0x000000008b56a600, 0x000000008b600000| 41%| O|  |TAMS 0x000000008b500000, 0x000000008b500000| Untracked 
| 182|0x000000008b600000, 0x000000008b600000, 0x000000008b700000|  0%| F|  |TAMS 0x000000008b600000, 0x000000008b600000| Untracked 
| 183|0x000000008b700000, 0x000000008b700000, 0x000000008b800000|  0%| F|  |TAMS 0x000000008b700000, 0x000000008b700000| Untracked 
| 184|0x000000008b800000, 0x000000008b800000, 0x000000008b900000|  0%| F|  |TAMS 0x000000008b800000, 0x000000008b800000| Untracked 
| 185|0x000000008b900000, 0x000000008b900000, 0x000000008ba00000|  0%| F|  |TAMS 0x000000008b900000, 0x000000008b900000| Untracked 
| 186|0x000000008ba00000, 0x000000008ba00000, 0x000000008bb00000|  0%| F|  |TAMS 0x000000008ba00000, 0x000000008ba00000| Untracked 
| 187|0x000000008bb00000, 0x000000008bb00000, 0x000000008bc00000|  0%| F|  |TAMS 0x000000008bb00000, 0x000000008bb00000| Untracked 
| 188|0x000000008bc00000, 0x000000008bc00000, 0x000000008bd00000|  0%| F|  |TAMS 0x000000008bc00000, 0x000000008bc00000| Untracked 
| 189|0x000000008bd00000, 0x000000008bd00000, 0x000000008be00000|  0%| F|  |TAMS 0x000000008bd00000, 0x000000008bd00000| Untracked 
| 190|0x000000008be00000, 0x000000008be00000, 0x000000008bf00000|  0%| F|  |TAMS 0x000000008be00000, 0x000000008be00000| Untracked 
| 191|0x000000008bf00000, 0x000000008bf00000, 0x000000008c000000|  0%| F|  |TAMS 0x000000008bf00000, 0x000000008bf00000| Untracked 
| 192|0x000000008c000000, 0x000000008c000000, 0x000000008c100000|  0%| F|  |TAMS 0x000000008c000000, 0x000000008c000000| Untracked 
| 193|0x000000008c100000, 0x000000008c100000, 0x000000008c200000|  0%| F|  |TAMS 0x000000008c100000, 0x000000008c100000| Untracked 
| 194|0x000000008c200000, 0x000000008c200000, 0x000000008c300000|  0%| F|  |TAMS 0x000000008c200000, 0x000000008c200000| Untracked 
| 195|0x000000008c300000, 0x000000008c300000, 0x000000008c400000|  0%| F|  |TAMS 0x000000008c300000, 0x000000008c300000| Untracked 
| 196|0x000000008c400000, 0x000000008c400000, 0x000000008c500000|  0%| F|  |TAMS 0x000000008c400000, 0x000000008c400000| Untracked 
| 197|0x000000008c500000, 0x000000008c500000, 0x000000008c600000|  0%| F|  |TAMS 0x000000008c500000, 0x000000008c500000| Untracked 
| 198|0x000000008c600000, 0x000000008c600000, 0x000000008c700000|  0%| F|  |TAMS 0x000000008c600000, 0x000000008c600000| Untracked 
| 199|0x000000008c700000, 0x000000008c700000, 0x000000008c800000|  0%| F|  |TAMS 0x000000008c700000, 0x000000008c700000| Untracked 
| 200|0x000000008c800000, 0x000000008c800000, 0x000000008c900000|  0%| F|  |TAMS 0x000000008c800000, 0x000000008c800000| Untracked 
| 201|0x000000008c900000, 0x000000008c900000, 0x000000008ca00000|  0%| F|  |TAMS 0x000000008c900000, 0x000000008c900000| Untracked 
| 202|0x000000008ca00000, 0x000000008ca00000, 0x000000008cb00000|  0%| F|  |TAMS 0x000000008ca00000, 0x000000008ca00000| Untracked 
| 203|0x000000008cb00000, 0x000000008cb00000, 0x000000008cc00000|  0%| F|  |TAMS 0x000000008cb00000, 0x000000008cb00000| Untracked 
| 204|0x000000008cc00000, 0x000000008cc00000, 0x000000008cd00000|  0%| F|  |TAMS 0x000000008cc00000, 0x000000008cc00000| Untracked 
| 205|0x000000008cd00000, 0x000000008cd00000, 0x000000008ce00000|  0%| F|  |TAMS 0x000000008cd00000, 0x000000008cd00000| Untracked 
| 206|0x000000008ce00000, 0x000000008ce00000, 0x000000008cf00000|  0%| F|  |TAMS 0x000000008ce00000, 0x000000008ce00000| Untracked 
| 207|0x000000008cf00000, 0x000000008cf00000, 0x000000008d000000|  0%| F|  |TAMS 0x000000008cf00000, 0x000000008cf00000| Untracked 
| 208|0x000000008d000000, 0x000000008d000000, 0x000000008d100000|  0%| F|  |TAMS 0x000000008d000000, 0x000000008d000000| Untracked 
| 209|0x000000008d100000, 0x000000008d100000, 0x000000008d200000|  0%| F|  |TAMS 0x000000008d100000, 0x000000008d100000| Untracked 
| 210|0x000000008d200000, 0x000000008d200000, 0x000000008d300000|  0%| F|  |TAMS 0x000000008d200000, 0x000000008d200000| Untracked 
| 211|0x000000008d300000, 0x000000008d300000, 0x000000008d400000|  0%| F|  |TAMS 0x000000008d300000, 0x000000008d300000| Untracked 
| 212|0x000000008d400000, 0x000000008d400000, 0x000000008d500000|  0%| F|  |TAMS 0x000000008d400000, 0x000000008d400000| Untracked 
| 213|0x000000008d500000, 0x000000008d500000, 0x000000008d600000|  0%| F|  |TAMS 0x000000008d500000, 0x000000008d500000| Untracked 
| 214|0x000000008d600000, 0x000000008d600000, 0x000000008d700000|  0%| F|  |TAMS 0x000000008d600000, 0x000000008d600000| Untracked 
| 215|0x000000008d700000, 0x000000008d700000, 0x000000008d800000|  0%| F|  |TAMS 0x000000008d700000, 0x000000008d700000| Untracked 
| 216|0x000000008d800000, 0x000000008d800000, 0x000000008d900000|  0%| F|  |TAMS 0x000000008d800000, 0x000000008d800000| Untracked 
| 217|0x000000008d900000, 0x000000008d900000, 0x000000008da00000|  0%| F|  |TAMS 0x000000008d900000, 0x000000008d900000| Untracked 
| 218|0x000000008da00000, 0x000000008da00000, 0x000000008db00000|  0%| F|  |TAMS 0x000000008da00000, 0x000000008da00000| Untracked 
| 219|0x000000008db00000, 0x000000008db00000, 0x000000008dc00000|  0%| F|  |TAMS 0x000000008db00000, 0x000000008db00000| Untracked 
| 220|0x000000008dc00000, 0x000000008dc00000, 0x000000008dd00000|  0%| F|  |TAMS 0x000000008dc00000, 0x000000008dc00000| Untracked 
| 221|0x000000008dd00000, 0x000000008dd00000, 0x000000008de00000|  0%| F|  |TAMS 0x000000008dd00000, 0x000000008dd00000| Untracked 
| 222|0x000000008de00000, 0x000000008de00000, 0x000000008df00000|  0%| F|  |TAMS 0x000000008de00000, 0x000000008de00000| Untracked 
| 223|0x000000008df00000, 0x000000008df00000, 0x000000008e000000|  0%| F|  |TAMS 0x000000008df00000, 0x000000008df00000| Untracked 
| 224|0x000000008e000000, 0x000000008e000000, 0x000000008e100000|  0%| F|  |TAMS 0x000000008e000000, 0x000000008e000000| Untracked 
| 225|0x000000008e100000, 0x000000008e100000, 0x000000008e200000|  0%| F|  |TAMS 0x000000008e100000, 0x000000008e100000| Untracked 
| 226|0x000000008e200000, 0x000000008e200000, 0x000000008e300000|  0%| F|  |TAMS 0x000000008e200000, 0x000000008e200000| Untracked 
| 227|0x000000008e300000, 0x000000008e300000, 0x000000008e400000|  0%| F|  |TAMS 0x000000008e300000, 0x000000008e300000| Untracked 
| 228|0x000000008e400000, 0x000000008e400000, 0x000000008e500000|  0%| F|  |TAMS 0x000000008e400000, 0x000000008e400000| Untracked 
| 229|0x000000008e500000, 0x000000008e500000, 0x000000008e600000|  0%| F|  |TAMS 0x000000008e500000, 0x000000008e500000| Untracked 
| 230|0x000000008e600000, 0x000000008e600000, 0x000000008e700000|  0%| F|  |TAMS 0x000000008e600000, 0x000000008e600000| Untracked 
| 231|0x000000008e700000, 0x000000008e700000, 0x000000008e800000|  0%| F|  |TAMS 0x000000008e700000, 0x000000008e700000| Untracked 
| 232|0x000000008e800000, 0x000000008e800000, 0x000000008e900000|  0%| F|  |TAMS 0x000000008e800000, 0x000000008e800000| Untracked 
| 233|0x000000008e900000, 0x000000008e900000, 0x000000008ea00000|  0%| F|  |TAMS 0x000000008e900000, 0x000000008e900000| Untracked 
| 234|0x000000008ea00000, 0x000000008ea00000, 0x000000008eb00000|  0%| F|  |TAMS 0x000000008ea00000, 0x000000008ea00000| Untracked 
| 235|0x000000008eb00000, 0x000000008eb00000, 0x000000008ec00000|  0%| F|  |TAMS 0x000000008eb00000, 0x000000008eb00000| Untracked 
| 236|0x000000008ec00000, 0x000000008ec00000, 0x000000008ed00000|  0%| F|  |TAMS 0x000000008ec00000, 0x000000008ec00000| Untracked 
| 237|0x000000008ed00000, 0x000000008ed00000, 0x000000008ee00000|  0%| F|  |TAMS 0x000000008ed00000, 0x000000008ed00000| Untracked 
| 238|0x000000008ee00000, 0x000000008ee00000, 0x000000008ef00000|  0%| F|  |TAMS 0x000000008ee00000, 0x000000008ee00000| Untracked 
| 239|0x000000008ef00000, 0x000000008ef00000, 0x000000008f000000|  0%| F|  |TAMS 0x000000008ef00000, 0x000000008ef00000| Untracked 
| 240|0x000000008f000000, 0x000000008f100000, 0x000000008f100000|100%| S|CS|TAMS 0x000000008f000000, 0x000000008f000000| Complete 
| 241|0x000000008f100000, 0x000000008f200000, 0x000000008f200000|100%| S|CS|TAMS 0x000000008f100000, 0x000000008f100000| Complete 
| 242|0x000000008f200000, 0x000000008f300000, 0x000000008f300000|100%| S|CS|TAMS 0x000000008f200000, 0x000000008f200000| Complete 
| 243|0x000000008f300000, 0x000000008f400000, 0x000000008f400000|100%| S|CS|TAMS 0x000000008f300000, 0x000000008f300000| Complete 
| 244|0x000000008f400000, 0x000000008f500000, 0x000000008f500000|100%| S|CS|TAMS 0x000000008f400000, 0x000000008f400000| Complete 
| 245|0x000000008f500000, 0x000000008f500000, 0x000000008f600000|  0%| F|  |TAMS 0x000000008f500000, 0x000000008f500000| Untracked 
| 246|0x000000008f600000, 0x000000008f600000, 0x000000008f700000|  0%| F|  |TAMS 0x000000008f600000, 0x000000008f600000| Untracked 
| 247|0x000000008f700000, 0x000000008f700000, 0x000000008f800000|  0%| F|  |TAMS 0x000000008f700000, 0x000000008f700000| Untracked 
| 248|0x000000008f800000, 0x000000008f800000, 0x000000008f900000|  0%| F|  |TAMS 0x000000008f800000, 0x000000008f800000| Untracked 
| 249|0x000000008f900000, 0x000000008f900000, 0x000000008fa00000|  0%| F|  |TAMS 0x000000008f900000, 0x000000008f900000| Untracked 
| 250|0x000000008fa00000, 0x000000008fa00000, 0x000000008fb00000|  0%| F|  |TAMS 0x000000008fa00000, 0x000000008fa00000| Untracked 
| 251|0x000000008fb00000, 0x000000008fb00000, 0x000000008fc00000|  0%| F|  |TAMS 0x000000008fb00000, 0x000000008fb00000| Untracked 
| 252|0x000000008fc00000, 0x000000008fc00000, 0x000000008fd00000|  0%| F|  |TAMS 0x000000008fc00000, 0x000000008fc00000| Untracked 
| 253|0x000000008fd00000, 0x000000008fd00000, 0x000000008fe00000|  0%| F|  |TAMS 0x000000008fd00000, 0x000000008fd00000| Untracked 
| 254|0x000000008fe00000, 0x000000008fec48e0, 0x000000008ff00000| 76%| E|  |TAMS 0x000000008fe00000, 0x000000008fe00000| Complete 
| 255|0x000000008ff00000, 0x0000000090000000, 0x0000000090000000|100%| E|CS|TAMS 0x000000008ff00000, 0x000000008ff00000| Complete 
| 256|0x0000000090000000, 0x0000000090100000, 0x0000000090100000|100%| E|CS|TAMS 0x0000000090000000, 0x0000000090000000| Complete 
| 257|0x0000000090100000, 0x0000000090200000, 0x0000000090200000|100%| E|CS|TAMS 0x0000000090100000, 0x0000000090100000| Complete 
| 258|0x0000000090200000, 0x0000000090300000, 0x0000000090300000|100%| E|CS|TAMS 0x0000000090200000, 0x0000000090200000| Complete 
| 259|0x0000000090300000, 0x0000000090400000, 0x0000000090400000|100%| E|CS|TAMS 0x0000000090300000, 0x0000000090300000| Complete 
| 260|0x0000000090400000, 0x0000000090500000, 0x0000000090500000|100%| E|CS|TAMS 0x0000000090400000, 0x0000000090400000| Complete 
| 261|0x0000000090500000, 0x0000000090600000, 0x0000000090600000|100%| E|CS|TAMS 0x0000000090500000, 0x0000000090500000| Complete 
| 262|0x0000000090600000, 0x0000000090700000, 0x0000000090700000|100%| E|CS|TAMS 0x0000000090600000, 0x0000000090600000| Complete 
| 263|0x0000000090700000, 0x0000000090800000, 0x0000000090800000|100%| E|CS|TAMS 0x0000000090700000, 0x0000000090700000| Complete 
| 264|0x0000000090800000, 0x0000000090900000, 0x0000000090900000|100%| E|CS|TAMS 0x0000000090800000, 0x0000000090800000| Complete 
| 265|0x0000000090900000, 0x0000000090a00000, 0x0000000090a00000|100%| E|CS|TAMS 0x0000000090900000, 0x0000000090900000| Complete 
| 266|0x0000000090a00000, 0x0000000090b00000, 0x0000000090b00000|100%| E|CS|TAMS 0x0000000090a00000, 0x0000000090a00000| Complete 
| 267|0x0000000090b00000, 0x0000000090c00000, 0x0000000090c00000|100%| E|CS|TAMS 0x0000000090b00000, 0x0000000090b00000| Complete 
| 268|0x0000000090c00000, 0x0000000090d00000, 0x0000000090d00000|100%| E|CS|TAMS 0x0000000090c00000, 0x0000000090c00000| Complete 
| 269|0x0000000090d00000, 0x0000000090e00000, 0x0000000090e00000|100%| E|CS|TAMS 0x0000000090d00000, 0x0000000090d00000| Complete 
| 270|0x0000000090e00000, 0x0000000090f00000, 0x0000000090f00000|100%| E|CS|TAMS 0x0000000090e00000, 0x0000000090e00000| Complete 
| 271|0x0000000090f00000, 0x0000000091000000, 0x0000000091000000|100%| E|CS|TAMS 0x0000000090f00000, 0x0000000090f00000| Complete 
| 272|0x0000000091000000, 0x0000000091100000, 0x0000000091100000|100%| E|CS|TAMS 0x0000000091000000, 0x0000000091000000| Complete 
| 273|0x0000000091100000, 0x0000000091200000, 0x0000000091200000|100%| E|CS|TAMS 0x0000000091100000, 0x0000000091100000| Complete 
| 274|0x0000000091200000, 0x0000000091300000, 0x0000000091300000|100%| E|CS|TAMS 0x0000000091200000, 0x0000000091200000| Complete 
| 275|0x0000000091300000, 0x0000000091400000, 0x0000000091400000|100%| E|CS|TAMS 0x0000000091300000, 0x0000000091300000| Complete 
| 276|0x0000000091400000, 0x0000000091500000, 0x0000000091500000|100%| E|CS|TAMS 0x0000000091400000, 0x0000000091400000| Complete 
| 277|0x0000000091500000, 0x0000000091600000, 0x0000000091600000|100%| E|CS|TAMS 0x0000000091500000, 0x0000000091500000| Complete 

Card table byte_map: [0x000001affa820000,0x000001affac20000] _byte_map_base: 0x000001affa420000

Marking Bits (Prev, Next): (CMBitMap*) 0x000001aff664a430, (CMBitMap*) 0x000001aff664a3f8
 Prev Bits: [0x000001affd020000, 0x000001afff020000)
 Next Bits: [0x000001affb020000, 0x000001affd020000)

Polling page: 0x000001aff5dd0000

Metaspace:

Usage:
  Non-class:     82.47 MB capacity,    81.13 MB ( 98%) used,     1.07 MB (  1%) free+waste,   270.63 KB ( <1%) overhead. 
      Class:     13.10 MB capacity,    12.24 MB ( 93%) used,   757.25 KB (  6%) free+waste,   121.88 KB ( <1%) overhead. 
       Both:     95.58 MB capacity,    93.38 MB ( 98%) used,     1.81 MB (  2%) free+waste,   392.50 KB ( <1%) overhead. 

Virtual space:
  Non-class space:       84.00 MB reserved,      82.62 MB ( 98%) committed 
      Class space:        1.00 GB reserved,      13.25 MB (  1%) committed 
             Both:        1.08 GB reserved,      95.87 MB (  9%) committed 

Chunk freelists:
   Non-Class:  153.00 KB
       Class:  86.00 KB
        Both:  239.00 KB

MaxMetaspaceSize: 17179869184.00 GB
CompressedClassSpaceSize: 1.00 GB

CodeHeap 'non-profiled nmethods': size=120000Kb used=6533Kb max_used=6533Kb free=113466Kb
 bounds [0x000001af87ad0000, 0x000001af88140000, 0x000001af8f000000]
CodeHeap 'profiled nmethods': size=120000Kb used=25301Kb max_used=25301Kb free=94698Kb
 bounds [0x000001af805a0000, 0x000001af81e60000, 0x000001af87ad0000]
CodeHeap 'non-nmethods': size=5760Kb used=2311Kb max_used=2391Kb free=3448Kb
 bounds [0x000001af80000000, 0x000001af80270000, 0x000001af805a0000]
 total_blobs=12469 nmethods=11555 adapters=825
 compilation: enabled
              stopped_count=0, restarted_count=0
 full_count=0

Compilation events (20 events):
Event: 19.297 Thread 0x000001afffa86800 nmethod 11694 0x000001af81e44190 code [0x000001af81e443e0, 0x000001af81e44ae8]
Event: 19.297 Thread 0x000001afffa86800 11695       2       com.android.tools.r8.code.L::<init> (7 bytes)
Event: 19.298 Thread 0x000001afffa86800 nmethod 11695 0x000001af81e44e90 code [0x000001af81e45060, 0x000001af81e45298]
Event: 19.318 Thread 0x000001afffa86800 11697       2       com.android.tools.r8.internal.P0::entrySet (5 bytes)
Event: 19.318 Thread 0x000001afffa86800 nmethod 11697 0x000001af81e45490 code [0x000001af81e45640, 0x000001af81e45768]
Event: 19.318 Thread 0x000001afffa86800 11698       2       com.android.tools.r8.internal.dc1::i (27 bytes)
Event: 19.318 Thread 0x000001afffa86800 nmethod 11698 0x000001af81e45810 code [0x000001af81e459c0, 0x000001af81e45bd8]
Event: 19.318 Thread 0x000001afffa86800 11699       2       com.android.tools.r8.internal.X0::iterator (5 bytes)
Event: 19.319 Thread 0x000001afffa86800 nmethod 11699 0x000001af81e45c90 code [0x000001af81e45e40, 0x000001af81e46028]
Event: 19.319 Thread 0x000001afffa86800 11700       2       com.android.tools.r8.code.f::<init> (7 bytes)
Event: 19.319 Thread 0x000001afffa86800 nmethod 11700 0x000001af81e46110 code [0x000001af81e462e0, 0x000001af81e46518]
Event: 19.368 Thread 0x000001afffa86800 11706       2       com.android.tools.r8.graph.d1::<init> (7 bytes)
Event: 19.368 Thread 0x000001afffa86800 nmethod 11706 0x000001af81e46710 code [0x000001af81e468c0, 0x000001af81e46a18]
Event: 19.377 Thread 0x000001afffa86800 11709       2       com.android.tools.r8.code.O3::<init> (7 bytes)
Event: 19.377 Thread 0x000001afffa86800 nmethod 11709 0x000001af81e46a90 code [0x000001af81e46c40, 0x000001af81e46d98]
Event: 19.379 Thread 0x000001afffa86800 11710       2       com.android.tools.r8.code.K0::<init> (28 bytes)
Event: 19.379 Thread 0x000001afffa86800 nmethod 11710 0x000001af81e46e90 code [0x000001af81e47060, 0x000001af81e47298]
Event: 19.379 Thread 0x000001afffa86800 11711       2       com.android.tools.r8.code.v1::f (9 bytes)
Event: 19.379 Thread 0x000001afffa86800 nmethod 11711 0x000001af81e47490 code [0x000001af81e47640, 0x000001af81e47768]
Event: 19.408 Thread 0x000001afffa86800 11714 %     3       com.android.tools.r8.dex.r::a @ 28 (261 bytes)

GC Heap History (20 events):
Event: 16.652 GC heap before
{Heap before GC invocations=26 (full 0):
 garbage-first heap   total 165888K, used 133098K [0x0000000080000000, 0x0000000100000000)
  region size 1024K, 52 young (53248K), 6 survivors (6144K)
 Metaspace       used 87165K, capacity 89420K, committed 89724K, reserved 1126400K
  class space    used 11323K, capacity 12206K, committed 12288K, reserved 1048576K
}
Event: 16.660 GC heap after
{Heap after GC invocations=27 (full 0):
 garbage-first heap   total 165888K, used 89586K [0x0000000080000000, 0x0000000100000000)
  region size 1024K, 5 young (5120K), 5 survivors (5120K)
 Metaspace       used 87165K, capacity 89420K, committed 89724K, reserved 1126400K
  class space    used 11323K, capacity 12206K, committed 12288K, reserved 1048576K
}
Event: 16.900 GC heap before
{Heap before GC invocations=27 (full 0):
 garbage-first heap   total 165888K, used 134642K [0x0000000080000000, 0x0000000100000000)
  region size 1024K, 51 young (52224K), 5 survivors (5120K)
 Metaspace       used 87953K, capacity 90229K, committed 90364K, reserved 1128448K
  class space    used 11436K, capacity 12303K, committed 12416K, reserved 1048576K
}
Event: 16.907 GC heap after
{Heap after GC invocations=28 (full 0):
 garbage-first heap   total 165888K, used 92037K [0x0000000080000000, 0x0000000100000000)
  region size 1024K, 4 young (4096K), 4 survivors (4096K)
 Metaspace       used 87953K, capacity 90229K, committed 90364K, reserved 1128448K
  class space    used 11436K, capacity 12303K, committed 12416K, reserved 1048576K
}
Event: 17.232 GC heap before
{Heap before GC invocations=29 (full 0):
 garbage-first heap   total 165888K, used 134021K [0x0000000080000000, 0x0000000100000000)
  region size 1024K, 47 young (48128K), 4 survivors (4096K)
 Metaspace       used 89227K, capacity 91239K, committed 92028K, reserved 1128448K
  class space    used 11516K, capacity 12308K, committed 12544K, reserved 1048576K
}
Event: 17.239 GC heap after
{Heap after GC invocations=30 (full 0):
 garbage-first heap   total 165888K, used 93908K [0x0000000080000000, 0x0000000100000000)
  region size 1024K, 3 young (3072K), 3 survivors (3072K)
 Metaspace       used 89227K, capacity 91239K, committed 92028K, reserved 1128448K
  class space    used 11516K, capacity 12308K, committed 12544K, reserved 1048576K
}
Event: 17.730 GC heap before
{Heap before GC invocations=31 (full 0):
 garbage-first heap   total 165888K, used 135892K [0x0000000080000000, 0x0000000100000000)
  region size 1024K, 34 young (34816K), 3 survivors (3072K)
 Metaspace       used 93002K, capacity 95080K, committed 95868K, reserved 1132544K
  class space    used 12013K, capacity 12826K, committed 13056K, reserved 1048576K
}
Event: 17.739 GC heap after
{Heap after GC invocations=32 (full 0):
 garbage-first heap   total 165888K, used 113210K [0x0000000080000000, 0x0000000100000000)
  region size 1024K, 6 young (6144K), 6 survivors (6144K)
 Metaspace       used 93002K, capacity 95080K, committed 95868K, reserved 1132544K
  class space    used 12013K, capacity 12826K, committed 13056K, reserved 1048576K
}
Event: 17.957 GC heap before
{Heap before GC invocations=33 (full 0):
 garbage-first heap   total 165888K, used 163386K [0x0000000080000000, 0x0000000100000000)
  region size 1024K, 32 young (32768K), 6 survivors (6144K)
 Metaspace       used 93272K, capacity 95297K, committed 95868K, reserved 1132544K
  class space    used 12046K, capacity 12834K, committed 13056K, reserved 1048576K
}
Event: 17.973 GC heap after
{Heap after GC invocations=34 (full 0):
 garbage-first heap   total 220160K, used 137447K [0x0000000080000000, 0x0000000100000000)
  region size 1024K, 4 young (4096K), 4 survivors (4096K)
 Metaspace       used 93272K, capacity 95297K, committed 95868K, reserved 1132544K
  class space    used 12046K, capacity 12834K, committed 13056K, reserved 1048576K
}
Event: 18.066 GC heap before
{Heap before GC invocations=34 (full 0):
 garbage-first heap   total 220160K, used 150759K [0x0000000080000000, 0x0000000100000000)
  region size 1024K, 18 young (18432K), 4 survivors (4096K)
 Metaspace       used 93272K, capacity 95297K, committed 95868K, reserved 1132544K
  class space    used 12046K, capacity 12834K, committed 13056K, reserved 1048576K
}
Event: 18.079 GC heap after
{Heap after GC invocations=35 (full 0):
 garbage-first heap   total 220160K, used 144003K [0x0000000080000000, 0x0000000100000000)
  region size 1024K, 5 young (5120K), 5 survivors (5120K)
 Metaspace       used 93272K, capacity 95297K, committed 95868K, reserved 1132544K
  class space    used 12046K, capacity 12834K, committed 13056K, reserved 1048576K
}
Event: 18.627 GC heap before
{Heap before GC invocations=36 (full 0):
 garbage-first heap   total 220160K, used 171651K [0x0000000080000000, 0x0000000100000000)
  region size 1024K, 30 young (30720K), 5 survivors (5120K)
 Metaspace       used 94141K, capacity 96248K, committed 96764K, reserved 1132544K
  class space    used 12237K, capacity 13051K, committed 13184K, reserved 1048576K
}
Event: 18.649 GC heap after
{Heap after GC invocations=37 (full 0):
 garbage-first heap   total 220160K, used 155172K [0x0000000080000000, 0x0000000100000000)
  region size 1024K, 4 young (4096K), 4 survivors (4096K)
 Metaspace       used 94141K, capacity 96248K, committed 96764K, reserved 1132544K
  class space    used 12237K, capacity 13051K, committed 13184K, reserved 1048576K
}
Event: 19.025 GC heap before
{Heap before GC invocations=37 (full 0):
 garbage-first heap   total 220160K, used 176676K [0x0000000080000000, 0x0000000100000000)
  region size 1024K, 25 young (25600K), 4 survivors (4096K)
 Metaspace       used 95569K, capacity 97795K, committed 98172K, reserved 1134592K
  class space    used 12537K, capacity 13416K, committed 13568K, reserved 1048576K
}
Event: 19.043 GC heap after
{Heap after GC invocations=38 (full 0):
 garbage-first heap   total 220160K, used 164811K [0x0000000080000000, 0x0000000100000000)
  region size 1024K, 4 young (4096K), 4 survivors (4096K)
 Metaspace       used 95569K, capacity 97795K, committed 98172K, reserved 1134592K
  class space    used 12537K, capacity 13416K, committed 13568K, reserved 1048576K
}
Event: 19.202 GC heap before
{Heap before GC invocations=38 (full 0):
 garbage-first heap   total 220160K, used 181195K [0x0000000080000000, 0x0000000100000000)
  region size 1024K, 20 young (20480K), 4 survivors (4096K)
 Metaspace       used 95592K, capacity 97796K, committed 98172K, reserved 1134592K
  class space    used 12537K, capacity 13416K, committed 13568K, reserved 1048576K
}
Event: 19.217 GC heap after
{Heap after GC invocations=39 (full 0):
 garbage-first heap   total 284672K, used 173262K [0x0000000080000000, 0x0000000100000000)
  region size 1024K, 3 young (3072K), 3 survivors (3072K)
 Metaspace       used 95592K, capacity 97796K, committed 98172K, reserved 1134592K
  class space    used 12537K, capacity 13416K, committed 13568K, reserved 1048576K
}
Event: 19.388 GC heap before
{Heap before GC invocations=40 (full 0):
 garbage-first heap   total 284672K, used 207054K [0x0000000080000000, 0x0000000100000000)
  region size 1024K, 36 young (36864K), 3 survivors (3072K)
 Metaspace       used 95605K, capacity 97799K, committed 98172K, reserved 1134592K
  class space    used 12537K, capacity 13416K, committed 13568K, reserved 1048576K
}
Event: 19.405 GC heap after
{Heap after GC invocations=41 (full 0):
 garbage-first heap   total 284672K, used 190889K [0x0000000080000000, 0x0000000100000000)
  region size 1024K, 5 young (5120K), 5 survivors (5120K)
 Metaspace       used 95605K, capacity 97799K, committed 98172K, reserved 1134592K
  class space    used 12537K, capacity 13416K, committed 13568K, reserved 1048576K
}

Deoptimization events (20 events):
Event: 18.588 Thread 0x000001af95003000 DEOPT PACKING pc=0x000001af880fcdf8 sp=0x0000002ba80feed0
Event: 18.588 Thread 0x000001af95003000 DEOPT UNPACKING pc=0x000001af8002662f sp=0x0000002ba80feed0 mode 2
Event: 18.738 Thread 0x000001af95007800 Uncommon trap: trap_request=0xffffff4d fr.pc=0x000001af881071a8 relative=0x00000000000002a8
Event: 18.738 Thread 0x000001af95007800 Uncommon trap: reason=unstable_if action=reinterpret pc=0x000001af881071a8 method=com.android.tools.r8.graph.L0.g(Ljava/lang/Object;)Z @ 37 c2
Event: 18.739 Thread 0x000001af95007800 DEOPT PACKING pc=0x000001af881071a8 sp=0x0000002ba82fec40
Event: 18.739 Thread 0x000001af95007800 DEOPT UNPACKING pc=0x000001af8002662f sp=0x0000002ba82febe0 mode 2
Event: 18.740 Thread 0x000001af95004000 Uncommon trap: trap_request=0xffffff4d fr.pc=0x000001af880f8e84 relative=0x0000000000000144
Event: 18.740 Thread 0x000001af95004000 Uncommon trap: reason=unstable_if action=reinterpret pc=0x000001af880f8e84 method=com.android.tools.r8.internal.TV0.get(I)Ljava/lang/Object; @ 1 c2
Event: 18.740 Thread 0x000001af95004000 DEOPT PACKING pc=0x000001af880f8e84 sp=0x0000002ba85fe850
Event: 18.740 Thread 0x000001af95004000 DEOPT UNPACKING pc=0x000001af8002662f sp=0x0000002ba85fe7e8 mode 2
Event: 18.818 Thread 0x000001af95005800 Uncommon trap: trap_request=0xffffff4d fr.pc=0x000001af87fe0d90 relative=0x0000000000000350
Event: 18.818 Thread 0x000001af95005800 Uncommon trap: reason=unstable_if action=reinterpret pc=0x000001af87fe0d90 method=java.util.concurrent.ConcurrentLinkedQueue.offer(Ljava/lang/Object;)Z @ 42 c2
Event: 18.818 Thread 0x000001af95005800 DEOPT PACKING pc=0x000001af87fe0d90 sp=0x0000002ba81feca0
Event: 18.818 Thread 0x000001af95005800 DEOPT UNPACKING pc=0x000001af8002662f sp=0x0000002ba81febe8 mode 2
Event: 18.960 Thread 0x000001af95004000 DEOPT PACKING pc=0x000001af81dcf7fe sp=0x0000002ba85fe3b0
Event: 18.960 Thread 0x000001af95004000 DEOPT UNPACKING pc=0x000001af80026dde sp=0x0000002ba85fd938 mode 0
Event: 18.961 Thread 0x000001af95004000 DEOPT PACKING pc=0x000001af81dc3739 sp=0x0000002ba85fe370
Event: 18.961 Thread 0x000001af95004000 DEOPT UNPACKING pc=0x000001af80026dde sp=0x0000002ba85fda30 mode 0
Event: 19.165 Thread 0x000001af95007800 DEOPT PACKING pc=0x000001af81e003b8 sp=0x0000002ba82feb10
Event: 19.165 Thread 0x000001af95007800 DEOPT UNPACKING pc=0x000001af80026dde sp=0x0000002ba82fe0d0 mode 0

Classes redefined (0 events):
No events

Internal exceptions (20 events):
Event: 16.457 Thread 0x000001af99db0000 Exception <a 'sun/nio/fs/WindowsException'{0x00000000889244c0}> (0x00000000889244c0) thrown at [./src/hotspot/share/prims/jni.cpp, line 615]
Event: 16.457 Thread 0x000001af99db0000 Exception <a 'sun/nio/fs/WindowsException'{0x0000000088928fd0}> (0x0000000088928fd0) thrown at [./src/hotspot/share/prims/jni.cpp, line 615]
Event: 16.461 Thread 0x000001af99db0000 Exception <a 'sun/nio/fs/WindowsException'{0x000000008892a0f8}> (0x000000008892a0f8) thrown at [./src/hotspot/share/prims/jni.cpp, line 615]
Event: 16.461 Thread 0x000001af99db0000 Exception <a 'sun/nio/fs/WindowsException'{0x000000008892afd0}> (0x000000008892afd0) thrown at [./src/hotspot/share/prims/jni.cpp, line 615]
Event: 16.477 Thread 0x000001af99db0000 Exception <a 'java/lang/NoSuchMethodError'{0x00000000888fae88}: <clinit>> (0x00000000888fae88) thrown at [./src/hotspot/share/prims/jni.cpp, line 1362]
Event: 16.480 Thread 0x000001af99db0000 Exception <a 'java/lang/NoSuchMethodError'{0x00000000887327b8}: <clinit>> (0x00000000887327b8) thrown at [./src/hotspot/share/prims/jni.cpp, line 1362]
Event: 16.483 Thread 0x000001af99db0000 Exception <a 'java/lang/NoSuchMethodError'{0x0000000088764788}: <clinit>> (0x0000000088764788) thrown at [./src/hotspot/share/prims/jni.cpp, line 1362]
Event: 16.484 Thread 0x000001af99db0000 Exception <a 'java/lang/NoSuchMethodError'{0x0000000088777600}: <clinit>> (0x0000000088777600) thrown at [./src/hotspot/share/prims/jni.cpp, line 1362]
Event: 17.458 Thread 0x000001af99db7800 Exception <a 'sun/nio/fs/WindowsException'{0x00000000890365e8}> (0x00000000890365e8) thrown at [./src/hotspot/share/prims/jni.cpp, line 615]
Event: 17.591 Thread 0x000001af99dbc800 Exception <a 'java/lang/NoSuchMethodError'{0x00000000889784a8}: 'void java.lang.invoke.DirectMethodHandle$Holder.invokeStatic(java.lang.Object, long)'> (0x00000000889784a8) thrown at [./src/hotspot/share/interpreter/linkResolver.cpp, line 773]
Event: 17.592 Thread 0x000001af99dbc800 Exception <a 'java/lang/NoSuchMethodError'{0x000000008897d6c0}: 'java.lang.Object java.lang.invoke.DirectMethodHandle$Holder.invokeStatic(java.lang.Object, long)'> (0x000000008897d6c0) thrown at [./src/hotspot/share/interpreter/linkResolver.cpp, line 773]
Event: 17.597 Thread 0x000001af99dbc800 Exception <a 'java/lang/NoSuchMethodError'{0x000000008898ba28}: 'java.lang.Object java.lang.invoke.DirectMethodHandle$Holder.invokeStaticInit(java.lang.Object, java.lang.Object, long, java.lang.Object)'> (0x000000008898ba28) thrown at [./src/hotspot/share/interpreter/linkResolver.cpp, line 773]
Event: 17.598 Thread 0x000001af99dbc800 Exception <a 'java/lang/NoSuchMethodError'{0x000000008881f250}: 'java.lang.Object java.lang.invoke.DirectMethodHandle$Holder.invokeStatic(java.lang.Object, java.lang.Object, long)'> (0x000000008881f250) thrown at [./src/hotspot/share/interpreter/linkResolver.cpp, line 773]
Event: 17.598 Thread 0x000001af99dbc800 Exception <a 'java/lang/NoSuchMethodError'{0x00000000888257c8}: 'java.lang.Object java.lang.invoke.Invokers$Holder.linkToTargetMethod(java.lang.Object, long, java.lang.Object)'> (0x00000000888257c8) thrown at [./src/hotspot/share/interpreter/linkResolver.cpp, line 773]
Event: 17.721 Thread 0x000001af99db7800 Exception <a 'java/lang/NoSuchMethodError'{0x0000000088493568}: 'java.lang.Object java.lang.invoke.DirectMethodHandle$Holder.invokeStaticInit(java.lang.Object, java.lang.Object, java.lang.Object, java.lang.Object, java.lang.Object, java.lang.Object, java.lang.Object, java.lang.Object, java.lang.Object, java.lang.Object, java.lang.Object, java.lang.Object, java.lang.Object, java.lang.Object, java.lang.Object, java.lang.Object, java.lang.Object, java.lang.Object, int, java.lang.Object, java.lang.Object)'> (0
Event: 17.877 Thread 0x000001af99dbc800 Exception <a 'java/lang/NoSuchMethodError'{0x00000000892fd3c0}: 'int java.lang.invoke.DirectMethodHandle$Holder.invokeSpecialIFC(java.lang.Object, java.lang.Object, java.lang.Object)'> (0x00000000892fd3c0) thrown at [./src/hotspot/share/interpreter/linkResolver.cpp, line 773]
Event: 18.596 Thread 0x000001af95007800 Exception <a 'java/lang/IncompatibleClassChangeError'{0x000000008bab6150}: Found class java.lang.Object, but interface was expected> (0x000000008bab6150) thrown at [./src/hotspot/share/interpreter/linkResolver.cpp, line 839]
Event: 18.600 Thread 0x000001af95008000 Exception <a 'java/lang/NoSuchMethodError'{0x000000008bacaef8}: 'java.lang.Object java.lang.invoke.DirectMethodHandle$Holder.newInvokeSpecial(java.lang.Object, int)'> (0x000000008bacaef8) thrown at [./src/hotspot/share/interpreter/linkResolver.cpp, line 773]
Event: 18.604 Thread 0x000001af95007800 Exception <a 'java/lang/IncompatibleClassChangeError'{0x000000008b909f90}: Found class java.lang.Object, but interface was expected> (0x000000008b909f90) thrown at [./src/hotspot/share/interpreter/linkResolver.cpp, line 839]
Event: 18.605 Thread 0x000001af95007800 Exception <a 'java/lang/IncompatibleClassChangeError'{0x000000008b916150}: Found class java.lang.Object, but interface was expected> (0x000000008b916150) thrown at [./src/hotspot/share/interpreter/linkResolver.cpp, line 839]

Events (20 events):
Event: 18.887 loading class com/android/tools/r8/graph/P0 done
Event: 18.888 loading class com/android/tools/r8/graph/D2
Event: 18.888 loading class com/android/tools/r8/graph/D2 done
Event: 18.889 loading class com/android/tools/r8/internal/Zb1
Event: 18.889 loading class com/android/tools/r8/internal/Zb1 done
Event: 18.889 loading class com/android/tools/r8/internal/ec1
Event: 18.889 loading class com/android/tools/r8/internal/ec1 done
Event: 19.024 Executing VM operation: G1CollectForAllocation
Event: 19.043 Executing VM operation: G1CollectForAllocation done
Event: 19.202 Executing VM operation: G1CollectForAllocation
Event: 19.217 Executing VM operation: G1CollectForAllocation done
Event: 19.225 Executing VM operation: RevokeBias
Event: 19.225 Executing VM operation: RevokeBias done
Event: 19.225 Thread 0x000001af99dba000 Thread exited: 0x000001af99dba000
Event: 19.262 Executing VM operation: CGC_Operation
Event: 19.273 Executing VM operation: CGC_Operation done
Event: 19.373 Executing VM operation: CGC_Operation
Event: 19.373 Executing VM operation: CGC_Operation done
Event: 19.388 Executing VM operation: G1CollectForAllocation
Event: 19.405 Executing VM operation: G1CollectForAllocation done


Dynamic libraries:
0x00007ff7a4710000 - 0x00007ff7a471a000 	C:\Program Files\Android\Android Studio\jre\bin\java.exe
0x00007ffd6bb10000 - 0x00007ffd6bcfd000 	C:\Windows\SYSTEM32\ntdll.dll
0x00007ffd3c540000 - 0x00007ffd3c556000 	C:\Program Files\Avast Software\Avast\aswhook.dll
0x00007ffd69ac0000 - 0x00007ffd69b74000 	C:\Windows\System32\KERNEL32.DLL
0x00007ffd68610000 - 0x00007ffd688a4000 	C:\Windows\System32\KERNELBASE.dll
0x00007ffd68c40000 - 0x00007ffd68d3a000 	C:\Windows\System32\ucrtbase.dll
0x00007ffd5ef90000 - 0x00007ffd5efa7000 	C:\Program Files\Android\Android Studio\jre\bin\VCRUNTIME140.dll
0x00007ffd5ef70000 - 0x00007ffd5ef89000 	C:\Program Files\Android\Android Studio\jre\bin\jli.dll
0x00007ffd6b290000 - 0x00007ffd6b427000 	C:\Windows\System32\USER32.dll
0x00007ffd68a20000 - 0x00007ffd68a40000 	C:\Windows\System32\win32u.dll
0x00007ffd45700000 - 0x00007ffd45979000 	C:\Windows\WinSxS\amd64_microsoft.windows.common-controls_6595b64144ccf1df_6.0.17763.2803_none_de6d9ee8534e8a05\COMCTL32.dll
0x00007ffd6b4d0000 - 0x00007ffd6b4f9000 	C:\Windows\System32\GDI32.dll
0x00007ffd6b430000 - 0x00007ffd6b4ce000 	C:\Windows\System32\msvcrt.dll
0x00007ffd683e0000 - 0x00007ffd6857c000 	C:\Windows\System32\gdi32full.dll
0x00007ffd690d0000 - 0x00007ffd693fd000 	C:\Windows\System32\combase.dll
0x00007ffd68310000 - 0x00007ffd683b0000 	C:\Windows\System32\msvcp_win.dll
0x00007ffd6b6f0000 - 0x00007ffd6b80d000 	C:\Windows\System32\RPCRT4.dll
0x00007ffd68580000 - 0x00007ffd68602000 	C:\Windows\System32\bcryptPrimitives.dll
0x00007ffd69cc0000 - 0x00007ffd69cee000 	C:\Windows\System32\IMM32.DLL
0x00007ffd3fbd0000 - 0x00007ffd3fc6d000 	C:\Program Files\Android\Android Studio\jre\bin\msvcp140.dll
0x00007ffd1e990000 - 0x00007ffd1f465000 	C:\Program Files\Android\Android Studio\jre\bin\server\jvm.dll
0x00007ffd68ed0000 - 0x00007ffd68f77000 	C:\Windows\System32\ADVAPI32.dll
0x00007ffd6b1f0000 - 0x00007ffd6b28f000 	C:\Windows\System32\sechost.dll
0x00007ffd69480000 - 0x00007ffd69488000 	C:\Windows\System32\PSAPI.DLL
0x00007ffd5a380000 - 0x00007ffd5a389000 	C:\Windows\SYSTEM32\WSOCK32.dll
0x00007ffd65680000 - 0x00007ffd656a4000 	C:\Windows\SYSTEM32\WINMM.dll
0x00007ffd61e60000 - 0x00007ffd61e6a000 	C:\Windows\SYSTEM32\VERSION.dll
0x00007ffd69c50000 - 0x00007ffd69cbd000 	C:\Windows\System32\WS2_32.dll
0x00007ffd65480000 - 0x00007ffd654ad000 	C:\Windows\SYSTEM32\winmmbase.dll
0x00007ffd688b0000 - 0x00007ffd688fa000 	C:\Windows\System32\cfgmgr32.dll
0x00007ffd67af0000 - 0x00007ffd67b01000 	C:\Windows\System32\kernel.appcore.dll
0x00007ffd40d00000 - 0x00007ffd40d11000 	C:\Program Files\Android\Android Studio\jre\bin\verify.dll
0x00007ffd5e0c0000 - 0x00007ffd5e2ad000 	C:\Windows\SYSTEM32\DBGHELP.DLL
0x00007ffd5c000000 - 0x00007ffd5c02a000 	C:\Windows\SYSTEM32\dbgcore.DLL
0x00007ffd3eeb0000 - 0x00007ffd3eed9000 	C:\Program Files\Android\Android Studio\jre\bin\java.dll
0x00007ffd41f30000 - 0x00007ffd41f3b000 	C:\Program Files\Android\Android Studio\jre\bin\jimage.dll
0x00007ffd3fb80000 - 0x00007ffd3fb98000 	C:\Program Files\Android\Android Studio\jre\bin\zip.dll
0x00007ffd69cf0000 - 0x00007ffd6b1e8000 	C:\Windows\System32\SHELL32.dll
0x00007ffd69020000 - 0x00007ffd690c8000 	C:\Windows\System32\shcore.dll
0x00007ffd67ba0000 - 0x00007ffd682e8000 	C:\Windows\System32\windows.storage.dll
0x00007ffd67b70000 - 0x00007ffd67b94000 	C:\Windows\System32\profapi.dll
0x00007ffd67b10000 - 0x00007ffd67b6d000 	C:\Windows\System32\powrprof.dll
0x00007ffd6b500000 - 0x00007ffd6b552000 	C:\Windows\System32\shlwapi.dll
0x00007ffd682f0000 - 0x00007ffd68307000 	C:\Windows\System32\cryptsp.dll
0x00007ffd3f050000 - 0x00007ffd3f06a000 	C:\Program Files\Android\Android Studio\jre\bin\net.dll
0x00007ffd5b140000 - 0x00007ffd5b231000 	C:\Windows\SYSTEM32\WINHTTP.dll
0x00007ffd672c0000 - 0x00007ffd67327000 	C:\Windows\system32\mswsock.dll
0x00007ffd3ea90000 - 0x00007ffd3eaa4000 	C:\Program Files\Android\Android Studio\jre\bin\nio.dll
0x00007ffd5fa50000 - 0x00007ffd5fa77000 	C:\Users\Sebastopol\.gradle\native\e1d6ef7f7dcc3fd88c89a11ec53ec762bb8ba0a96d01ffa2cd45eb1d1d8dd5c5\windows-amd64\native-platform.dll
0x00007ffd38f70000 - 0x00007ffd390b4000 	C:\Users\Sebastopol\.gradle\native\5664cfc778a61ccfe75a443a1ab52a65af34e5dc3c78e0209fed803814484fcb\windows-amd64\native-platform-file-events.dll
0x00007ffd3eea0000 - 0x00007ffd3eeaa000 	C:\Program Files\Android\Android Studio\jre\bin\management.dll
0x00007ffd3ed10000 - 0x00007ffd3ed1d000 	C:\Program Files\Android\Android Studio\jre\bin\management_ext.dll
0x00007ffd66e40000 - 0x00007ffd66e73000 	C:\Windows\system32\rsaenh.dll
0x00007ffd683b0000 - 0x00007ffd683d6000 	C:\Windows\System32\bcrypt.dll
0x00007ffd679d0000 - 0x00007ffd679f9000 	C:\Windows\SYSTEM32\USERENV.dll
0x00007ffd67490000 - 0x00007ffd6749c000 	C:\Windows\SYSTEM32\CRYPTBASE.dll
0x00007ffd66fd0000 - 0x00007ffd6700e000 	C:\Windows\SYSTEM32\IPHLPAPI.DLL
0x00007ffd6b630000 - 0x00007ffd6b638000 	C:\Windows\System32\NSI.dll
0x00007ffd5bfc0000 - 0x00007ffd5bfd6000 	C:\Windows\SYSTEM32\dhcpcsvc6.DLL
0x00007ffd5c030000 - 0x00007ffd5c04c000 	C:\Windows\SYSTEM32\dhcpcsvc.DLL
0x00007ffd67010000 - 0x00007ffd670d6000 	C:\Windows\SYSTEM32\DNSAPI.dll

dbghelp: loaded successfully - version: 4.0.5 - missing functions: none
symbol engine: initialized successfully - sym options: 0x614 - pdb path: .;C:\Program Files\Android\Android Studio\jre\bin;C:\Windows\SYSTEM32;C:\Program Files\Avast Software\Avast;C:\Windows\WinSxS\amd64_microsoft.windows.common-controls_6595b64144ccf1df_6.0.17763.2803_none_de6d9ee8534e8a05;C:\Program Files\Android\Android Studio\jre\bin\server;C:\Users\Sebastopol\.gradle\native\e1d6ef7f7dcc3fd88c89a11ec53ec762bb8ba0a96d01ffa2cd45eb1d1d8dd5c5\windows-amd64;C:\Users\Sebastopol\.gradle\native\5664cfc778a61ccfe75a443a1ab52a65af34e5dc3c78e0209fed803814484fcb\windows-amd64

VM Arguments:
jvm_args: --add-opens=java.base/java.util=ALL-UNNAMED --add-opens=java.base/java.lang=ALL-UNNAMED --add-opens=java.base/java.lang.invoke=ALL-UNNAMED --add-opens=java.base/java.util=ALL-UNNAMED --add-opens=java.prefs/java.util.prefs=ALL-UNNAMED --add-opens=java.prefs/java.util.prefs=ALL-UNNAMED --add-opens=java.base/java.nio.charset=ALL-UNNAMED --add-opens=java.base/java.net=ALL-UNNAMED --add-opens=java.base/java.util.concurrent.atomic=ALL-UNNAMED -Xmx2048m -Dfile.encoding=UTF-8 -Duser.country=CL -Duser.language=es -Duser.variant 
java_command: org.gradle.launcher.daemon.bootstrap.GradleDaemon 7.2
java_class_path (initial): C:\Users\Sebastopol\.gradle\wrapper\dists\gradle-7.2-bin\2dnblmf4td7x66yl1d74lt32g\gradle-7.2\lib\gradle-launcher-7.2.jar
Launcher Type: SUN_STANDARD

[Global flags]
     intx CICompilerCount                          = 4                                         {product} {ergonomic}
     uint ConcGCThreads                            = 2                                         {product} {ergonomic}
     uint G1ConcRefinementThreads                  = 8                                         {product} {ergonomic}
   size_t G1HeapRegionSize                         = 1048576                                   {product} {ergonomic}
    uintx GCDrainStackTargetSize                   = 64                                        {product} {ergonomic}
   size_t InitialHeapSize                          = 117440512                                 {product} {ergonomic}
   size_t MarkStackSize                            = 4194304                                   {product} {ergonomic}
   size_t MaxHeapSize                              = 2147483648                                {product} {command line}
   size_t MaxNewSize                               = 1287651328                                {product} {ergonomic}
   size_t MinHeapDeltaBytes                        = 1048576                                   {product} {ergonomic}
    uintx NonNMethodCodeHeapSize                   = 5836300                                {pd product} {ergonomic}
    uintx NonProfiledCodeHeapSize                  = 122910970                              {pd product} {ergonomic}
    uintx ProfiledCodeHeapSize                     = 122910970                              {pd product} {ergonomic}
    uintx ReservedCodeCacheSize                    = 251658240                              {pd product} {ergonomic}
     bool SegmentedCodeCache                       = true                                      {product} {ergonomic}
     bool UseCompressedClassPointers               = true                                 {lp64_product} {ergonomic}
     bool UseCompressedOops                        = true                                 {lp64_product} {ergonomic}
     bool UseG1GC                                  = true                                      {product} {ergonomic}
     bool UseLargePagesIndividualAllocation        = false                                  {pd product} {ergonomic}

Logging:
Log output configuration:
 #0: stdout all=warning uptime,level,tags
 #1: stderr all=off uptime,level,tags

Environment Variables:
PATH=C:\Windows\system32;C:\Windows;C:\Windows\System32\Wbem;C:\Windows\System32\WindowsPowerShell\v1.0\;C:\Windows\System32\OpenSSH\;C:\Program Files\Git\cmd;C:\Users\Sebastopol\AppData\Local\Microsoft\WindowsApps;;C:\Program Files\JetBrains\IntelliJ IDEA Community Edition 2021.3.2\bin;
USERNAME=Sebastopol
OS=Windows_NT
PROCESSOR_IDENTIFIER=AMD64 Family 23 Model 24 Stepping 1, AuthenticAMD



---------------  S Y S T E M  ---------------

OS: Windows 10 , 64 bit Build 17763 (10.0.17763.2803)
OS uptime: 4 days 6:38 hours

CPU:total 8 (initial active 8) (8 cores per cpu, 2 threads per core) family 23 model 24 stepping 1 microcode 0x0, cmov, cx8, fxsr, mmx, sse, sse2, sse3, ssse3, sse4.1, sse4.2, popcnt, avx, avx2, aes, clmul, mmxext, 3dnowpref, lzcnt, sse4a, ht, tsc, tscinvbit, tscinv, bmi1, bmi2, adx, s

Memory: 4k page, system-wide physical 7103M (396M free)
TotalPageFile size 28607M (AvailPageFile size 4M)
current process WorkingSet (physical memory assigned to process): 479M, peak: 479M
current process commit charge ("private bytes"): 610M, peak: 611M

vm_info: OpenJDK 64-Bit Server VM (11.0.11+9-b60-7590822) for windows-amd64 JRE (11.0.11+9-b60-7590822), built on Jul 29 2021 21:43:44 by "builder" with MS VC++ 14.0 (VS2015)

END.
