#
# There is insufficient memory for the Java Runtime Environment to continue.
# Native memory allocation (mmap) failed to map 95420416 bytes for Failed to commit area from 0x000000008c600000 to 0x0000000092100000 of length 95420416.
# Possible reasons:
#   The system is out of physical RAM or swap space
#   The process is running with CompressedOops enabled, and the Java Heap may be blocking the growth of the native heap
# Possible solutions:
#   Reduce memory load on the system
#   Increase physical memory or swap space
#   Check if swap backing store is full
#   Decrease Java heap size (-Xmx/-Xms)
#   Decrease number of Java threads
#   Decrease Java thread stack sizes (-Xss)
#   Set larger code cache with -XX:ReservedCodeCacheSize=
#   JVM is running with Unscaled Compressed Oops mode in which the Java heap is
#     placed in the first 4GB address space. The Java Heap base address is the
#     maximum limit for the native heap growth. Please use -XX:HeapBaseMinAddress
#     to set the Java Heap base and to place the Java Heap above 4GB virtual address.
# This output file may be truncated or incomplete.
#
#  Out of Memory Error (./src/hotspot/os/windows/os_windows.cpp:3301), pid=15328, tid=16752
#
# JRE version: OpenJDK Runtime Environment (11.0.11+9) (build 11.0.11+9-b60-7590822)
# Java VM: OpenJDK 64-Bit Server VM (11.0.11+9-b60-7590822, mixed mode, tiered, compressed oops, g1 gc, windows-amd64)
# No core dump will be written. Minidumps are not enabled by default on client versions of Windows
#

---------------  S U M M A R Y ------------

Command Line: --add-opens=java.base/java.util=ALL-UNNAMED --add-opens=java.base/java.lang=ALL-UNNAMED --add-opens=java.base/java.lang.invoke=ALL-UNNAMED --add-opens=java.base/java.util=ALL-UNNAMED --add-opens=java.prefs/java.util.prefs=ALL-UNNAMED --add-opens=java.prefs/java.util.prefs=ALL-UNNAMED --add-opens=java.base/java.nio.charset=ALL-UNNAMED --add-opens=java.base/java.net=ALL-UNNAMED --add-opens=java.base/java.util.concurrent.atomic=ALL-UNNAMED -Xmx2048m -Dfile.encoding=UTF-8 -Duser.country=CL -Duser.language=es -Duser.variant org.gradle.launcher.daemon.bootstrap.GradleDaemon 7.2

Host: AMD Ryzen 5 3500U with Radeon Vega Mobile Gfx  , 8 cores, 6G,  Windows 10 , 64 bit Build 17763 (10.0.17763.2803)
Time: Sat Apr 30 23:36:31 2022 Hora est. Sudamérica Pacífico elapsed time: 17.720808 seconds (0d 0h 0m 17s)

---------------  T H R E A D  ---------------

Current thread (0x0000023528421000):  VMThread "VM Thread" [stack: 0x000000cd51600000,0x000000cd51700000] [id=16752]

Stack: [0x000000cd51600000,0x000000cd51700000]
[error occurred during error reporting (printing stack bounds), id 0xc0000005, EXCEPTION_ACCESS_VIOLATION (0xc0000005) at pc=0x0000023511a90f2d]

Native frames: (J=compiled Java code, j=interpreted, Vv=VM code, C=native code)
V  [jvm.dll+0x5f214a]
V  [jvm.dll+0x726fb5]
V  [jvm.dll+0x7285cd]
V  [jvm.dll+0x728be5]
V  [jvm.dll+0x728b9b]
V  [jvm.dll+0x5f14e8]
V  [jvm.dll+0x5f1c78]
C  [ntdll.dll+0xa4a2f]
C  [ntdll.dll+0x4cef]
C  [ntdll.dll+0xa379e]
C  0x0000023511a90f2d

VM_Operation (0x000000cd5aefdfa0): G1CollectForAllocation, mode: safepoint, requested by thread 0x0000023531b8d800


---------------  P R O C E S S  ---------------

Threads class SMR info:
_java_thread_list=0x0000023531a84070, length=147, elements={
0x000002350dfa5800, 0x0000023528423800, 0x0000023528429000, 0x0000023528441800,
0x0000023528442800, 0x0000023528446000, 0x000002352844d800, 0x0000023528c97800,
0x0000023528ca4000, 0x0000023528e51000, 0x000002352a4b1000, 0x0000023529375000,
0x000002352ad70000, 0x0000023528f1a000, 0x000002352aecf000, 0x000002352ae70000,
0x000002352a898000, 0x000002352aecb000, 0x000002352aecc000, 0x000002352b46e000,
0x000002352b46a000, 0x000002352b470800, 0x000002352b46f000, 0x000002352b46a800,
0x000002352b46d000, 0x000002352b46f800, 0x000002352b46b800, 0x000002352b46c800,
0x000002352b5df000, 0x000002352b5df800, 0x000002352b5e2000, 0x000002352b5e1800,
0x000002352b5e3000, 0x000002352b5de000, 0x000002352b5e4800, 0x000002352baf1000,
0x000002352baf3000, 0x000002352baf7000, 0x000002352baf5000, 0x000002352baf4800,
0x000002352baf6000, 0x000002352baf3800, 0x000002352baf7800, 0x000002352baf2000,
0x000002352baf8800, 0x000002352bafd800, 0x000002352baff000, 0x000002352bafb800,
0x000002352baf9800, 0x000002352bafc800, 0x000002352bafe000, 0x000002352bafa000,
0x000002352bb00000, 0x000002352bafb000, 0x000002352fb54000, 0x000002352fb51800,
0x000002352fb50800, 0x000002352fb4f000, 0x000002352fb53000, 0x000002352fb4e800,
0x000002352fb55000, 0x000002352fb55800, 0x000002352fb50000, 0x000002352fb56800,
0x000002352fb57800, 0x000002352fb58000, 0x000002352fb52800, 0x000002352fb59000,
0x000002352fb5b800, 0x000002352fb5c000, 0x000002352fb59800, 0x000002352fb5a800,
0x000002352fb5d000, 0x000002352f96d800, 0x000002352f96b000, 0x000002352f970800,
0x000002352f971800, 0x000002352f96c000, 0x000002352f972800, 0x000002352f96f000,
0x000002352f96e000, 0x000002352f970000, 0x000002352f96c800, 0x000002352f974000,
0x000002352f975000, 0x000002352f975800, 0x000002352f973000, 0x000002352f977000,
0x000002352f976800, 0x000002352f978000, 0x000002352f979000, 0x000002352f979800,
0x000002352dd83800, 0x000002352dd82000, 0x000002352dd86000, 0x000002352dd85000,
0x000002352dd80800, 0x000002352dd87000, 0x000002352dd81000, 0x000002352dd87800,
0x000002352dd84800, 0x000002352dd88800, 0x000002352dd82800, 0x000002352dd89800,
0x000002352dd8d800, 0x000002352dd8e000, 0x000002352dd8c800, 0x000002352dd8f000,
0x000002352dd8a000, 0x000002352dd8b000, 0x000002352dd8b800, 0x000002352e37d000,
0x000002352e377800, 0x000002352e37e000, 0x000002352e378000, 0x000002352e379000,
0x000002352e37c000, 0x000002352e37f800, 0x000002352e379800, 0x000002352e37b800,
0x000002352e37e800, 0x000002352b176000, 0x000002352e380000, 0x000002352e386000,
0x000002352e385000, 0x000002352e381000, 0x000002352e383800, 0x000002352e382000,
0x000002352e384800, 0x000002352e382800, 0x0000023531b8a000, 0x0000023531b89800,
0x0000023531b88800, 0x0000023531b8b000, 0x0000023531b87800, 0x0000023531b85800,
0x0000023531b8c000, 0x0000023531b86000, 0x0000023531b8c800, 0x0000023531b87000,
0x0000023531b93000, 0x0000023531b90000, 0x0000023531b8d800, 0x0000023531b94000,
0x0000023531b8f000, 0x0000023531b91800, 0x0000023531b90800
}

Java Threads: ( => current thread )
  0x000002350dfa5800 JavaThread "main" [_thread_blocked, id=5548, stack(0x000000cd51000000,0x000000cd51100000)]
  0x0000023528423800 JavaThread "Reference Handler" daemon [_thread_blocked, id=14376, stack(0x000000cd51700000,0x000000cd51800000)]
  0x0000023528429000 JavaThread "Finalizer" daemon [_thread_blocked, id=1436, stack(0x000000cd51800000,0x000000cd51900000)]
  0x0000023528441800 JavaThread "Signal Dispatcher" daemon [_thread_blocked, id=11744, stack(0x000000cd51900000,0x000000cd51a00000)]
  0x0000023528442800 JavaThread "Attach Listener" daemon [_thread_blocked, id=17116, stack(0x000000cd51a00000,0x000000cd51b00000)]
  0x0000023528446000 JavaThread "Service Thread" daemon [_thread_blocked, id=6824, stack(0x000000cd51b00000,0x000000cd51c00000)]
  0x000002352844d800 JavaThread "C2 CompilerThread0" daemon [_thread_blocked, id=13936, stack(0x000000cd51c00000,0x000000cd51d00000)]
  0x0000023528c97800 JavaThread "C1 CompilerThread0" daemon [_thread_blocked, id=5776, stack(0x000000cd51d00000,0x000000cd51e00000)]
  0x0000023528ca4000 JavaThread "Sweeper thread" daemon [_thread_blocked, id=9128, stack(0x000000cd51e00000,0x000000cd51f00000)]
  0x0000023528e51000 JavaThread "Common-Cleaner" daemon [_thread_blocked, id=13272, stack(0x000000cd51f00000,0x000000cd52000000)]
  0x000002352a4b1000 JavaThread "Daemon health stats" [_thread_blocked, id=1384, stack(0x000000cd52400000,0x000000cd52500000)]
  0x0000023529375000 JavaThread "Incoming local TCP Connector on port 54736" [_thread_in_native, id=14500, stack(0x000000cd52100000,0x000000cd52200000)]
  0x000002352ad70000 JavaThread "Daemon periodic checks" [_thread_blocked, id=17208, stack(0x000000cd52200000,0x000000cd52300000)]
  0x0000023528f1a000 JavaThread "Daemon" [_thread_blocked, id=15504, stack(0x000000cd52500000,0x000000cd52600000)]
  0x000002352aecf000 JavaThread "Handler for socket connection from /127.0.0.1:54736 to /127.0.0.1:54737" [_thread_in_native, id=5288, stack(0x000000cd52600000,0x000000cd52700000)]
  0x000002352ae70000 JavaThread "Cancel handler" [_thread_blocked, id=12708, stack(0x000000cd52700000,0x000000cd52800000)]
  0x000002352a898000 JavaThread "Daemon worker" [_thread_blocked, id=7812, stack(0x000000cd52800000,0x000000cd52900000)]
  0x000002352aecb000 JavaThread "Asynchronous log dispatcher for DefaultDaemonConnection: socket connection from /127.0.0.1:54736 to /127.0.0.1:54737" [_thread_blocked, id=16608, stack(0x000000cd53000000,0x000000cd53100000)]
  0x000002352aecc000 JavaThread "Stdin handler" [_thread_blocked, id=17104, stack(0x000000cd53100000,0x000000cd53200000)]
  0x000002352b46e000 JavaThread "Daemon client event forwarder" [_thread_blocked, id=17352, stack(0x000000cd53200000,0x000000cd53300000)]
  0x000002352b46a000 JavaThread "Cache worker for journal cache (C:\Users\Sebastopol\.gradle\caches\journal-1)" [_thread_blocked, id=16688, stack(0x000000cd53300000,0x000000cd53400000)]
  0x000002352b470800 JavaThread "File lock request listener" [_thread_in_native, id=3232, stack(0x000000cd53400000,0x000000cd53500000)]
  0x000002352b46f000 JavaThread "Cache worker for file hash cache (C:\Users\Sebastopol\.gradle\caches\7.2\fileHashes)" [_thread_blocked, id=12340, stack(0x000000cd53500000,0x000000cd53600000)]
  0x000002352b46a800 JavaThread "Cache worker for file hash cache (C:\Users\Sebastopol\AndroidStudioProjects\EjercicioApiNewsProto\.gradle\7.2\fileHashes)" [_thread_blocked, id=2564, stack(0x000000cd53700000,0x000000cd53800000)]
  0x000002352b46d000 JavaThread "File watcher server" daemon [_thread_blocked, id=13932, stack(0x000000cd53900000,0x000000cd53a00000)]
  0x000002352b46f800 JavaThread "File watcher consumer" daemon [_thread_blocked, id=3944, stack(0x000000cd53a00000,0x000000cd53b00000)]
  0x000002352b46b800 JavaThread "Cache worker for checksums cache (C:\Users\Sebastopol\AndroidStudioProjects\EjercicioApiNewsProto\.gradle\checksums)" [_thread_blocked, id=4560, stack(0x000000cd53b00000,0x000000cd53c00000)]
  0x000002352b46c800 JavaThread "Cache worker for cache directory md-supplier (C:\Users\Sebastopol\.gradle\caches\7.2\md-supplier)" [_thread_blocked, id=14328, stack(0x000000cd53c00000,0x000000cd53d00000)]
  0x000002352b5df000 JavaThread "Cache worker for cache directory md-rule (C:\Users\Sebastopol\.gradle\caches\7.2\md-rule)" [_thread_blocked, id=7236, stack(0x000000cd53e00000,0x000000cd53f00000)]
  0x000002352b5df800 JavaThread "Cache worker for execution history cache (C:\Users\Sebastopol\.gradle\caches\7.2\executionHistory)" [_thread_blocked, id=12116, stack(0x000000cd53f00000,0x000000cd54000000)]
  0x000002352b5e2000 JavaThread "jar transforms" [_thread_blocked, id=7328, stack(0x000000cd54000000,0x000000cd54100000)]
  0x000002352b5e1800 JavaThread "Cache worker for file content cache (C:\Users\Sebastopol\.gradle\caches\7.2\fileContent)" [_thread_blocked, id=2692, stack(0x000000cd54100000,0x000000cd54200000)]
  0x000002352b5e3000 JavaThread "jar transforms Thread 2" [_thread_blocked, id=14724, stack(0x000000cd54200000,0x000000cd54300000)]
  0x000002352b5de000 JavaThread "Cache worker for dependencies-accessors (C:\Users\Sebastopol\AndroidStudioProjects\EjercicioApiNewsProto\.gradle\7.2\dependencies-accessors)" [_thread_blocked, id=7780, stack(0x000000cd54300000,0x000000cd54400000)]
  0x000002352b5e4800 JavaThread "jar transforms Thread 3" [_thread_blocked, id=15388, stack(0x000000cd54400000,0x000000cd54500000)]
  0x000002352baf1000 JavaThread "Cache worker for Build Output Cleanup Cache (C:\Users\Sebastopol\AndroidStudioProjects\EjercicioApiNewsProto\.gradle\buildOutputCleanup)" [_thread_blocked, id=16388, stack(0x000000cd53d00000,0x000000cd53e00000)]
  0x000002352baf3000 JavaThread "Unconstrained build operations" [_thread_blocked, id=12608, stack(0x000000cd54500000,0x000000cd54600000)]
  0x000002352baf7000 JavaThread "Unconstrained build operations Thread 2" [_thread_blocked, id=7532, stack(0x000000cd54600000,0x000000cd54700000)]
  0x000002352baf5000 JavaThread "Unconstrained build operations Thread 3" [_thread_blocked, id=2512, stack(0x000000cd54700000,0x000000cd54800000)]
  0x000002352baf4800 JavaThread "Unconstrained build operations Thread 4" [_thread_blocked, id=3976, stack(0x000000cd54800000,0x000000cd54900000)]
  0x000002352baf6000 JavaThread "Unconstrained build operations Thread 5" [_thread_blocked, id=16944, stack(0x000000cd54900000,0x000000cd54a00000)]
  0x000002352baf3800 JavaThread "Unconstrained build operations Thread 6" [_thread_blocked, id=9332, stack(0x000000cd54a00000,0x000000cd54b00000)]
  0x000002352baf7800 JavaThread "Unconstrained build operations Thread 7" [_thread_blocked, id=8212, stack(0x000000cd54b00000,0x000000cd54c00000)]
  0x000002352baf2000 JavaThread "Unconstrained build operations Thread 8" [_thread_blocked, id=10468, stack(0x000000cd54c00000,0x000000cd54d00000)]
  0x000002352baf8800 JavaThread "Unconstrained build operations Thread 9" [_thread_blocked, id=16244, stack(0x000000cd54d00000,0x000000cd54e00000)]
  0x000002352bafd800 JavaThread "Unconstrained build operations Thread 10" [_thread_blocked, id=6532, stack(0x000000cd54e00000,0x000000cd54f00000)]
  0x000002352baff000 JavaThread "Unconstrained build operations Thread 11" [_thread_blocked, id=2192, stack(0x000000cd54f00000,0x000000cd55000000)]
  0x000002352bafb800 JavaThread "Unconstrained build operations Thread 12" [_thread_blocked, id=11596, stack(0x000000cd55000000,0x000000cd55100000)]
  0x000002352baf9800 JavaThread "Unconstrained build operations Thread 13" [_thread_blocked, id=10276, stack(0x000000cd55100000,0x000000cd55200000)]
  0x000002352bafc800 JavaThread "Unconstrained build operations Thread 14" [_thread_blocked, id=2412, stack(0x000000cd55200000,0x000000cd55300000)]
  0x000002352bafe000 JavaThread "Unconstrained build operations Thread 15" [_thread_blocked, id=16864, stack(0x000000cd55300000,0x000000cd55400000)]
  0x000002352bafa000 JavaThread "Unconstrained build operations Thread 16" [_thread_blocked, id=9380, stack(0x000000cd55400000,0x000000cd55500000)]
  0x000002352bb00000 JavaThread "Unconstrained build operations Thread 17" [_thread_blocked, id=8932, stack(0x000000cd55500000,0x000000cd55600000)]
  0x000002352bafb000 JavaThread "Unconstrained build operations Thread 18" [_thread_blocked, id=11304, stack(0x000000cd55600000,0x000000cd55700000)]
  0x000002352fb54000 JavaThread "Unconstrained build operations Thread 19" [_thread_blocked, id=14532, stack(0x000000cd55700000,0x000000cd55800000)]
  0x000002352fb51800 JavaThread "Unconstrained build operations Thread 20" [_thread_blocked, id=10832, stack(0x000000cd55800000,0x000000cd55900000)]
  0x000002352fb50800 JavaThread "Unconstrained build operations Thread 21" [_thread_blocked, id=5216, stack(0x000000cd55900000,0x000000cd55a00000)]
  0x000002352fb4f000 JavaThread "Unconstrained build operations Thread 22" [_thread_blocked, id=11716, stack(0x000000cd55a00000,0x000000cd55b00000)]
  0x000002352fb53000 JavaThread "Unconstrained build operations Thread 23" [_thread_blocked, id=3096, stack(0x000000cd55b00000,0x000000cd55c00000)]
  0x000002352fb4e800 JavaThread "Unconstrained build operations Thread 24" [_thread_blocked, id=8080, stack(0x000000cd55c00000,0x000000cd55d00000)]
  0x000002352fb55000 JavaThread "Unconstrained build operations Thread 25" [_thread_blocked, id=9944, stack(0x000000cd55d00000,0x000000cd55e00000)]
  0x000002352fb55800 JavaThread "Unconstrained build operations Thread 26" [_thread_blocked, id=16188, stack(0x000000cd55e00000,0x000000cd55f00000)]
  0x000002352fb50000 JavaThread "Unconstrained build operations Thread 27" [_thread_blocked, id=11120, stack(0x000000cd55f00000,0x000000cd56000000)]
  0x000002352fb56800 JavaThread "Unconstrained build operations Thread 28" [_thread_blocked, id=15176, stack(0x000000cd56000000,0x000000cd56100000)]
  0x000002352fb57800 JavaThread "Unconstrained build operations Thread 29" [_thread_blocked, id=16124, stack(0x000000cd56100000,0x000000cd56200000)]
  0x000002352fb58000 JavaThread "Unconstrained build operations Thread 30" [_thread_blocked, id=7376, stack(0x000000cd56200000,0x000000cd56300000)]
  0x000002352fb52800 JavaThread "Unconstrained build operations Thread 31" [_thread_blocked, id=8144, stack(0x000000cd56300000,0x000000cd56400000)]
  0x000002352fb59000 JavaThread "Unconstrained build operations Thread 32" [_thread_blocked, id=17112, stack(0x000000cd56400000,0x000000cd56500000)]
  0x000002352fb5b800 JavaThread "Unconstrained build operations Thread 33" [_thread_blocked, id=8816, stack(0x000000cd56500000,0x000000cd56600000)]
  0x000002352fb5c000 JavaThread "Unconstrained build operations Thread 34" [_thread_blocked, id=15064, stack(0x000000cd56600000,0x000000cd56700000)]
  0x000002352fb59800 JavaThread "Unconstrained build operations Thread 35" [_thread_blocked, id=16064, stack(0x000000cd56700000,0x000000cd56800000)]
  0x000002352fb5a800 JavaThread "Unconstrained build operations Thread 36" [_thread_blocked, id=10896, stack(0x000000cd56800000,0x000000cd56900000)]
  0x000002352fb5d000 JavaThread "Unconstrained build operations Thread 37" [_thread_blocked, id=9616, stack(0x000000cd56900000,0x000000cd56a00000)]
  0x000002352f96d800 JavaThread "Unconstrained build operations Thread 38" [_thread_blocked, id=10988, stack(0x000000cd56a00000,0x000000cd56b00000)]
  0x000002352f96b000 JavaThread "Unconstrained build operations Thread 39" [_thread_blocked, id=8108, stack(0x000000cd56b00000,0x000000cd56c00000)]
  0x000002352f970800 JavaThread "Unconstrained build operations Thread 40" [_thread_blocked, id=9468, stack(0x000000cd56c00000,0x000000cd56d00000)]
  0x000002352f971800 JavaThread "Unconstrained build operations Thread 41" [_thread_blocked, id=8472, stack(0x000000cd56d00000,0x000000cd56e00000)]
  0x000002352f96c000 JavaThread "Unconstrained build operations Thread 42" [_thread_blocked, id=5872, stack(0x000000cd56e00000,0x000000cd56f00000)]
  0x000002352f972800 JavaThread "Unconstrained build operations Thread 43" [_thread_blocked, id=9828, stack(0x000000cd56f00000,0x000000cd57000000)]
  0x000002352f96f000 JavaThread "Unconstrained build operations Thread 44" [_thread_blocked, id=16372, stack(0x000000cd57000000,0x000000cd57100000)]
  0x000002352f96e000 JavaThread "Unconstrained build operations Thread 45" [_thread_blocked, id=4316, stack(0x000000cd57100000,0x000000cd57200000)]
  0x000002352f970000 JavaThread "Unconstrained build operations Thread 46" [_thread_blocked, id=7944, stack(0x000000cd57200000,0x000000cd57300000)]
  0x000002352f96c800 JavaThread "Unconstrained build operations Thread 47" [_thread_blocked, id=11156, stack(0x000000cd57300000,0x000000cd57400000)]
  0x000002352f974000 JavaThread "Unconstrained build operations Thread 48" [_thread_blocked, id=10764, stack(0x000000cd57400000,0x000000cd57500000)]
  0x000002352f975000 JavaThread "Unconstrained build operations Thread 49" [_thread_blocked, id=7452, stack(0x000000cd57500000,0x000000cd57600000)]
  0x000002352f975800 JavaThread "Unconstrained build operations Thread 50" [_thread_blocked, id=9252, stack(0x000000cd57600000,0x000000cd57700000)]
  0x000002352f973000 JavaThread "Unconstrained build operations Thread 51" [_thread_blocked, id=9232, stack(0x000000cd57700000,0x000000cd57800000)]
  0x000002352f977000 JavaThread "Unconstrained build operations Thread 52" [_thread_blocked, id=12304, stack(0x000000cd57800000,0x000000cd57900000)]
  0x000002352f976800 JavaThread "Unconstrained build operations Thread 53" [_thread_blocked, id=3084, stack(0x000000cd57900000,0x000000cd57a00000)]
  0x000002352f978000 JavaThread "Unconstrained build operations Thread 54" [_thread_blocked, id=14728, stack(0x000000cd57a00000,0x000000cd57b00000)]
  0x000002352f979000 JavaThread "Unconstrained build operations Thread 55" [_thread_blocked, id=11556, stack(0x000000cd57b00000,0x000000cd57c00000)]
  0x000002352f979800 JavaThread "Unconstrained build operations Thread 56" [_thread_blocked, id=13732, stack(0x000000cd57c00000,0x000000cd57d00000)]
  0x000002352dd83800 JavaThread "Unconstrained build operations Thread 57" [_thread_blocked, id=12216, stack(0x000000cd57d00000,0x000000cd57e00000)]
  0x000002352dd82000 JavaThread "Unconstrained build operations Thread 58" [_thread_blocked, id=10560, stack(0x000000cd57e00000,0x000000cd57f00000)]
  0x000002352dd86000 JavaThread "Unconstrained build operations Thread 59" [_thread_blocked, id=3936, stack(0x000000cd57f00000,0x000000cd58000000)]
  0x000002352dd85000 JavaThread "Unconstrained build operations Thread 60" [_thread_blocked, id=8480, stack(0x000000cd58000000,0x000000cd58100000)]
  0x000002352dd80800 JavaThread "Unconstrained build operations Thread 61" [_thread_blocked, id=10932, stack(0x000000cd58100000,0x000000cd58200000)]
  0x000002352dd87000 JavaThread "Unconstrained build operations Thread 62" [_thread_blocked, id=10980, stack(0x000000cd58200000,0x000000cd58300000)]
  0x000002352dd81000 JavaThread "Unconstrained build operations Thread 63" [_thread_blocked, id=11692, stack(0x000000cd58300000,0x000000cd58400000)]
  0x000002352dd87800 JavaThread "Unconstrained build operations Thread 64" [_thread_blocked, id=4276, stack(0x000000cd58400000,0x000000cd58500000)]
  0x000002352dd84800 JavaThread "Unconstrained build operations Thread 65" [_thread_blocked, id=6056, stack(0x000000cd58500000,0x000000cd58600000)]
  0x000002352dd88800 JavaThread "Unconstrained build operations Thread 66" [_thread_blocked, id=12176, stack(0x000000cd58600000,0x000000cd58700000)]
  0x000002352dd82800 JavaThread "Unconstrained build operations Thread 67" [_thread_blocked, id=13160, stack(0x000000cd58700000,0x000000cd58800000)]
  0x000002352dd89800 JavaThread "Unconstrained build operations Thread 68" [_thread_blocked, id=1812, stack(0x000000cd58800000,0x000000cd58900000)]
  0x000002352dd8d800 JavaThread "Unconstrained build operations Thread 69" [_thread_blocked, id=12028, stack(0x000000cd58900000,0x000000cd58a00000)]
  0x000002352dd8e000 JavaThread "Unconstrained build operations Thread 70" [_thread_blocked, id=14324, stack(0x000000cd58a00000,0x000000cd58b00000)]
  0x000002352dd8c800 JavaThread "Unconstrained build operations Thread 71" [_thread_blocked, id=15736, stack(0x000000cd58b00000,0x000000cd58c00000)]
  0x000002352dd8f000 JavaThread "Unconstrained build operations Thread 72" [_thread_blocked, id=13604, stack(0x000000cd58c00000,0x000000cd58d00000)]
  0x000002352dd8a000 JavaThread "Unconstrained build operations Thread 73" [_thread_blocked, id=12684, stack(0x000000cd58d00000,0x000000cd58e00000)]
  0x000002352dd8b000 JavaThread "Unconstrained build operations Thread 74" [_thread_blocked, id=11336, stack(0x000000cd58e00000,0x000000cd58f00000)]
  0x000002352dd8b800 JavaThread "Unconstrained build operations Thread 75" [_thread_blocked, id=3852, stack(0x000000cd58f00000,0x000000cd59000000)]
  0x000002352e37d000 JavaThread "Unconstrained build operations Thread 76" [_thread_blocked, id=9488, stack(0x000000cd59000000,0x000000cd59100000)]
  0x000002352e377800 JavaThread "Unconstrained build operations Thread 77" [_thread_blocked, id=10756, stack(0x000000cd59100000,0x000000cd59200000)]
  0x000002352e37e000 JavaThread "Unconstrained build operations Thread 78" [_thread_blocked, id=11368, stack(0x000000cd59200000,0x000000cd59300000)]
  0x000002352e378000 JavaThread "Unconstrained build operations Thread 79" [_thread_blocked, id=6676, stack(0x000000cd59300000,0x000000cd59400000)]
  0x000002352e379000 JavaThread "Unconstrained build operations Thread 80" [_thread_blocked, id=7832, stack(0x000000cd59400000,0x000000cd59500000)]
  0x000002352e37c000 JavaThread "jar transforms Thread 4" [_thread_blocked, id=6068, stack(0x000000cd59500000,0x000000cd59600000)]
  0x000002352e37f800 JavaThread "jar transforms Thread 5" [_thread_blocked, id=2952, stack(0x000000cd59600000,0x000000cd59700000)]
  0x000002352e379800 JavaThread "jar transforms Thread 6" [_thread_blocked, id=4904, stack(0x000000cd59700000,0x000000cd59800000)]
  0x000002352e37b800 JavaThread "jar transforms Thread 7" [_thread_blocked, id=4480, stack(0x000000cd59800000,0x000000cd59900000)]
  0x000002352e37e800 JavaThread "jar transforms Thread 8" [_thread_blocked, id=9352, stack(0x000000cd59900000,0x000000cd59a00000)]
  0x000002352b176000 JavaThread "C2 CompilerThread1" daemon [_thread_blocked, id=14512, stack(0x000000cd53800000,0x000000cd53900000)]
  0x000002352e380000 JavaThread "Memory manager" [_thread_blocked, id=4164, stack(0x000000cd59a00000,0x000000cd59b00000)]
  0x000002352e386000 JavaThread "build event listener" [_thread_blocked, id=7444, stack(0x000000cd59b00000,0x000000cd59c00000)]
  0x000002352e385000 JavaThread "Execution worker for ':'" [_thread_blocked, id=7136, stack(0x000000cd59c00000,0x000000cd59d00000)]
  0x000002352e381000 JavaThread "Execution worker for ':' Thread 2" [_thread_blocked, id=10492, stack(0x000000cd59d00000,0x000000cd59e00000)]
  0x000002352e383800 JavaThread "Execution worker for ':' Thread 3" [_thread_blocked, id=8652, stack(0x000000cd59e00000,0x000000cd59f00000)]
  0x000002352e382000 JavaThread "Execution worker for ':' Thread 4" [_thread_blocked, id=17400, stack(0x000000cd59f00000,0x000000cd5a000000)]
  0x000002352e384800 JavaThread "Execution worker for ':' Thread 5" [_thread_blocked, id=7244, stack(0x000000cd5a000000,0x000000cd5a100000)]
  0x000002352e382800 JavaThread "Execution worker for ':' Thread 6" [_thread_blocked, id=10660, stack(0x000000cd5a100000,0x000000cd5a200000)]
  0x0000023531b8a000 JavaThread "Execution worker for ':' Thread 7" [_thread_blocked, id=15544, stack(0x000000cd5a200000,0x000000cd5a300000)]
  0x0000023531b89800 JavaThread "Cache worker for execution history cache (C:\Users\Sebastopol\AndroidStudioProjects\EjercicioApiNewsProto\.gradle\7.2\executionHistory)" [_thread_blocked, id=16852, stack(0x000000cd5a300000,0x000000cd5a400000)]
  0x0000023531b88800 JavaThread "WorkerExecutor Queue" [_thread_blocked, id=4244, stack(0x000000cd5a400000,0x000000cd5a500000)]
  0x0000023531b8b000 JavaThread "WorkerExecutor Queue Thread 2" [_thread_blocked, id=9292, stack(0x000000cd5a500000,0x000000cd5a600000)]
  0x0000023531b87800 JavaThread "WorkerExecutor Queue Thread 3" [_thread_blocked, id=15324, stack(0x000000cd5a600000,0x000000cd5a700000)]
  0x0000023531b85800 JavaThread "WorkerExecutor Queue Thread 4" [_thread_blocked, id=8292, stack(0x000000cd5a700000,0x000000cd5a800000)]
  0x0000023531b8c000 JavaThread "pool-3-thread-1" [_thread_blocked, id=13872, stack(0x000000cd5a800000,0x000000cd5a900000)]
  0x0000023531b86000 JavaThread "stderr" [_thread_in_native, id=14244, stack(0x000000cd5a900000,0x000000cd5aa00000)]
  0x0000023531b8c800 JavaThread "stdout" [_thread_in_native, id=11684, stack(0x000000cd5aa00000,0x000000cd5ab00000)]
  0x0000023531b87000 JavaThread "ForkJoinPool-1-worker-3" daemon [_thread_blocked, id=9496, stack(0x000000cd5ab00000,0x000000cd5ac00000)]
  0x0000023531b93000 JavaThread "ForkJoinPool-1-worker-5" daemon [_thread_blocked, id=10836, stack(0x000000cd5ac00000,0x000000cd5ad00000)]
  0x0000023531b90000 JavaThread "ForkJoinPool-1-worker-9" daemon [_thread_blocked, id=14652, stack(0x000000cd5ad00000,0x000000cd5ae00000)]
  0x0000023531b8d800 JavaThread "ForkJoinPool-1-worker-7" daemon [_thread_blocked, id=12756, stack(0x000000cd5ae00000,0x000000cd5af00000)]
  0x0000023531b94000 JavaThread "ForkJoinPool-1-worker-11" daemon [_thread_blocked, id=1596, stack(0x000000cd5af00000,0x000000cd5b000000)]
  0x0000023531b8f000 JavaThread "ForkJoinPool-1-worker-13" daemon [_thread_blocked, id=13612, stack(0x000000cd5b000000,0x000000cd5b100000)]
  0x0000023531b91800 JavaThread "ForkJoinPool-1-worker-1" daemon [_thread_blocked, id=16700, stack(0x000000cd5b100000,0x000000cd5b200000)]
  0x0000023531b90800 JavaThread "ForkJoinPool-1-worker-15" daemon [_thread_blocked, id=9564, stack(0x000000cd5b200000,0x000000cd5b300000)]

Other Threads:
=>0x0000023528421000 VMThread "VM Thread" [stack: 0x000000cd51600000,0x000000cd51700000] [id=16752]
  0x0000023528e59000 WatcherThread [stack: 0x000000cd52000000,0x000000cd52100000] [id=3820]
  0x000002350dfbb000 GCTaskThread "GC Thread#0" [stack: 0x000000cd51100000,0x000000cd51200000] [id=2468]
  0x00000235297b0000 GCTaskThread "GC Thread#1" [stack: 0x000000cd52300000,0x000000cd52400000] [id=17172]
  0x000002352abf8800 GCTaskThread "GC Thread#2" [stack: 0x000000cd52900000,0x000000cd52a00000] [id=15392]
  0x0000023529da2800 GCTaskThread "GC Thread#3" [stack: 0x000000cd52a00000,0x000000cd52b00000] [id=5672]
  0x0000023529da3800 GCTaskThread "GC Thread#4" [stack: 0x000000cd52b00000,0x000000cd52c00000] [id=5668]
  0x000002352b0db800 GCTaskThread "GC Thread#5" [stack: 0x000000cd52c00000,0x000000cd52d00000] [id=16272]
  0x000002352b0dc000 GCTaskThread "GC Thread#6" [stack: 0x000000cd52d00000,0x000000cd52e00000] [id=4180]
  0x000002352b476000 GCTaskThread "GC Thread#7" [stack: 0x000000cd52e00000,0x000000cd52f00000] [id=11480]
  0x000002350dff1000 ConcurrentGCThread "G1 Main Marker" [stack: 0x000000cd51200000,0x000000cd51300000] [id=1140]
  0x000002350dff2000 ConcurrentGCThread "G1 Conc#0" [stack: 0x000000cd51300000,0x000000cd51400000] [id=15900]
  0x000002352b260800 ConcurrentGCThread "G1 Conc#1" [stack: 0x000000cd53600000,0x000000cd53700000] [id=15980]
  0x0000023528287800 ConcurrentGCThread "G1 Refine#0" [stack: 0x000000cd51400000,0x000000cd51500000] [id=1448]
  0x00000235296de800 ConcurrentGCThread "G1 Refine#1" [stack: 0x000000cd52f00000,0x000000cd53000000] [id=15820]
  0x000002352dedc000 ConcurrentGCThread "G1 Refine#2" [stack: 0x000000cd5b300000,0x000000cd5b400000] [id=10664]
  0x0000023528288800 ConcurrentGCThread "G1 Young RemSet Sampling" [stack: 0x000000cd51500000,0x000000cd51600000] [id=14156]

Threads with active compile tasks:
C2 CompilerThread0  17745 11372       4       com.android.tools.r8.code.x1::a (4130 bytes)
C1 CompilerThread0  17745 11530       2       com.android.tools.r8.code.J2::<init> (6 bytes)
C2 CompilerThread1  17745 11468       4       com.android.tools.r8.dex.r::a (83 bytes)

VM state:at safepoint (normal execution)

VM Mutex/Monitor currently owned by a thread:  ([mutex/lock_event])
[0x000002350dfa2460] Threads_lock - owner thread: 0x0000023528421000
[0x000002350dfa15c0] Heap_lock - owner thread: 0x0000023531b8d800

Heap address: 0x0000000080000000, size: 2048 MB, Compressed Oops mode: 32-bit
Narrow klass base: 0x0000000000000000, Narrow klass shift: 3
Compressed class space size: 1073741824 Address: 0x0000000100000000

Heap:
 garbage-first heap   total 295936K, used 164864K [0x0000000080000000, 0x0000000100000000)
  region size 1024K, 2 young (2048K), 2 survivors (2048K)
 Metaspace       used 95468K, capacity 97695K, committed 98000K, reserved 1134592K
  class space    used 12539K, capacity 13409K, committed 13568K, reserved 1048576K
Heap Regions: E=young(eden), S=young(survivor), O=old, HS=humongous(starts), HC=humongous(continues), CS=collection set, F=free, A=archive, TAMS=top-at-mark-start (previous, next)
|   0|0x0000000080000000, 0x0000000080100000, 0x0000000080100000|100%| O|  |TAMS 0x0000000080100000, 0x0000000080100000| Untracked 
|   1|0x0000000080100000, 0x0000000080200000, 0x0000000080200000|100%| O|  |TAMS 0x0000000080200000, 0x0000000080200000| Untracked 
|   2|0x0000000080200000, 0x0000000080300000, 0x0000000080300000|100%| O|  |TAMS 0x0000000080300000, 0x0000000080300000| Untracked 
|   3|0x0000000080300000, 0x0000000080400000, 0x0000000080400000|100%|HS|  |TAMS 0x0000000080400000, 0x0000000080400000| Complete 
|   4|0x0000000080400000, 0x0000000080500000, 0x0000000080500000|100%|HC|  |TAMS 0x0000000080500000, 0x0000000080500000| Complete 
|   5|0x0000000080500000, 0x0000000080600000, 0x0000000080600000|100%|HC|  |TAMS 0x0000000080600000, 0x0000000080600000| Complete 
|   6|0x0000000080600000, 0x0000000080700000, 0x0000000080700000|100%| O|  |TAMS 0x0000000080700000, 0x0000000080700000| Untracked 
|   7|0x0000000080700000, 0x0000000080800000, 0x0000000080800000|100%| O|  |TAMS 0x0000000080800000, 0x0000000080800000| Untracked 
|   8|0x0000000080800000, 0x0000000080900000, 0x0000000080900000|100%| O|  |TAMS 0x0000000080900000, 0x0000000080900000| Untracked 
|   9|0x0000000080900000, 0x0000000080a00000, 0x0000000080a00000|100%| O|  |TAMS 0x0000000080a00000, 0x0000000080a00000| Untracked 
|  10|0x0000000080a00000, 0x0000000080b00000, 0x0000000080b00000|100%| O|  |TAMS 0x0000000080b00000, 0x0000000080b00000| Untracked 
|  11|0x0000000080b00000, 0x0000000080c00000, 0x0000000080c00000|100%| O|  |TAMS 0x0000000080c00000, 0x0000000080c00000| Untracked 
|  12|0x0000000080c00000, 0x0000000080d00000, 0x0000000080d00000|100%| O|  |TAMS 0x0000000080d00000, 0x0000000080d00000| Untracked 
|  13|0x0000000080d00000, 0x0000000080e00000, 0x0000000080e00000|100%| O|  |TAMS 0x0000000080e00000, 0x0000000080e00000| Untracked 
|  14|0x0000000080e00000, 0x0000000080f00000, 0x0000000080f00000|100%| O|  |TAMS 0x0000000080f00000, 0x0000000080f00000| Untracked 
|  15|0x0000000080f00000, 0x0000000081000000, 0x0000000081000000|100%| O|  |TAMS 0x0000000081000000, 0x0000000081000000| Untracked 
|  16|0x0000000081000000, 0x0000000081100000, 0x0000000081100000|100%| O|  |TAMS 0x0000000081100000, 0x0000000081100000| Untracked 
|  17|0x0000000081100000, 0x0000000081200000, 0x0000000081200000|100%|HS|  |TAMS 0x0000000081200000, 0x0000000081200000| Complete 
|  18|0x0000000081200000, 0x0000000081300000, 0x0000000081300000|100%| O|  |TAMS 0x0000000081300000, 0x0000000081300000| Untracked 
|  19|0x0000000081300000, 0x0000000081400000, 0x0000000081400000|100%| O|  |TAMS 0x0000000081400000, 0x0000000081400000| Untracked 
|  20|0x0000000081400000, 0x0000000081500000, 0x0000000081500000|100%| O|  |TAMS 0x0000000081500000, 0x0000000081500000| Untracked 
|  21|0x0000000081500000, 0x0000000081600000, 0x0000000081600000|100%| O|  |TAMS 0x0000000081600000, 0x0000000081600000| Untracked 
|  22|0x0000000081600000, 0x0000000081700000, 0x0000000081700000|100%| O|  |TAMS 0x0000000081700000, 0x0000000081700000| Untracked 
|  23|0x0000000081700000, 0x0000000081800000, 0x0000000081800000|100%| O|  |TAMS 0x0000000081800000, 0x0000000081800000| Untracked 
|  24|0x0000000081800000, 0x0000000081900000, 0x0000000081900000|100%| O|  |TAMS 0x0000000081900000, 0x0000000081900000| Untracked 
|  25|0x0000000081900000, 0x0000000081a00000, 0x0000000081a00000|100%| O|  |TAMS 0x0000000081a00000, 0x0000000081a00000| Untracked 
|  26|0x0000000081a00000, 0x0000000081b00000, 0x0000000081b00000|100%| O|  |TAMS 0x0000000081b00000, 0x0000000081b00000| Untracked 
|  27|0x0000000081b00000, 0x0000000081c00000, 0x0000000081c00000|100%|HS|  |TAMS 0x0000000081c00000, 0x0000000081c00000| Complete 
|  28|0x0000000081c00000, 0x0000000081d00000, 0x0000000081d00000|100%|HS|  |TAMS 0x0000000081d00000, 0x0000000081d00000| Complete 
|  29|0x0000000081d00000, 0x0000000081e00000, 0x0000000081e00000|100%|HS|  |TAMS 0x0000000081e00000, 0x0000000081e00000| Complete 
|  30|0x0000000081e00000, 0x0000000081f00000, 0x0000000081f00000|100%|HS|  |TAMS 0x0000000081f00000, 0x0000000081f00000| Complete 
|  31|0x0000000081f00000, 0x0000000082000000, 0x0000000082000000|100%|HC|  |TAMS 0x0000000082000000, 0x0000000082000000| Complete 
|  32|0x0000000082000000, 0x0000000082100000, 0x0000000082100000|100%|HC|  |TAMS 0x0000000082100000, 0x0000000082100000| Complete 
|  33|0x0000000082100000, 0x0000000082200000, 0x0000000082200000|100%|HS|  |TAMS 0x0000000082200000, 0x0000000082200000| Complete 
|  34|0x0000000082200000, 0x0000000082300000, 0x0000000082300000|100%|HC|  |TAMS 0x0000000082300000, 0x0000000082300000| Complete 
|  35|0x0000000082300000, 0x0000000082400000, 0x0000000082400000|100%| O|  |TAMS 0x0000000082400000, 0x0000000082400000| Untracked 
|  36|0x0000000082400000, 0x0000000082500000, 0x0000000082500000|100%| O|  |TAMS 0x0000000082500000, 0x0000000082500000| Untracked 
|  37|0x0000000082500000, 0x0000000082600000, 0x0000000082600000|100%| O|  |TAMS 0x0000000082600000, 0x0000000082600000| Untracked 
|  38|0x0000000082600000, 0x0000000082700000, 0x0000000082700000|100%| O|  |TAMS 0x0000000082700000, 0x0000000082700000| Untracked 
|  39|0x0000000082700000, 0x0000000082800000, 0x0000000082800000|100%| O|  |TAMS 0x0000000082800000, 0x0000000082800000| Untracked 
|  40|0x0000000082800000, 0x0000000082900000, 0x0000000082900000|100%| O|  |TAMS 0x0000000082900000, 0x0000000082900000| Untracked 
|  41|0x0000000082900000, 0x0000000082a00000, 0x0000000082a00000|100%| O|  |TAMS 0x0000000082a00000, 0x0000000082a00000| Untracked 
|  42|0x0000000082a00000, 0x0000000082b00000, 0x0000000082b00000|100%| O|  |TAMS 0x0000000082b00000, 0x0000000082b00000| Untracked 
|  43|0x0000000082b00000, 0x0000000082c00000, 0x0000000082c00000|100%| O|  |TAMS 0x0000000082c00000, 0x0000000082c00000| Untracked 
|  44|0x0000000082c00000, 0x0000000082d00000, 0x0000000082d00000|100%| O|  |TAMS 0x0000000082d00000, 0x0000000082d00000| Untracked 
|  45|0x0000000082d00000, 0x0000000082e00000, 0x0000000082e00000|100%| O|  |TAMS 0x0000000082e00000, 0x0000000082e00000| Untracked 
|  46|0x0000000082e00000, 0x0000000082f00000, 0x0000000082f00000|100%| O|  |TAMS 0x0000000082f00000, 0x0000000082f00000| Untracked 
|  47|0x0000000082f00000, 0x0000000083000000, 0x0000000083000000|100%| O|  |TAMS 0x0000000083000000, 0x0000000083000000| Untracked 
|  48|0x0000000083000000, 0x0000000083100000, 0x0000000083100000|100%| O|  |TAMS 0x0000000083100000, 0x0000000083100000| Untracked 
|  49|0x0000000083100000, 0x0000000083200000, 0x0000000083200000|100%| O|  |TAMS 0x0000000083200000, 0x0000000083200000| Untracked 
|  50|0x0000000083200000, 0x0000000083300000, 0x0000000083300000|100%| O|  |TAMS 0x0000000083300000, 0x0000000083300000| Untracked 
|  51|0x0000000083300000, 0x0000000083400000, 0x0000000083400000|100%| O|  |TAMS 0x0000000083400000, 0x0000000083400000| Untracked 
|  52|0x0000000083400000, 0x0000000083500000, 0x0000000083500000|100%| O|  |TAMS 0x0000000083500000, 0x0000000083500000| Untracked 
|  53|0x0000000083500000, 0x0000000083600000, 0x0000000083600000|100%| O|  |TAMS 0x0000000083600000, 0x0000000083600000| Untracked 
|  54|0x0000000083600000, 0x0000000083700000, 0x0000000083700000|100%| O|  |TAMS 0x0000000083700000, 0x0000000083700000| Untracked 
|  55|0x0000000083700000, 0x0000000083800000, 0x0000000083800000|100%| O|  |TAMS 0x0000000083800000, 0x0000000083800000| Untracked 
|  56|0x0000000083800000, 0x0000000083900000, 0x0000000083900000|100%| O|  |TAMS 0x0000000083900000, 0x0000000083900000| Untracked 
|  57|0x0000000083900000, 0x0000000083a00000, 0x0000000083a00000|100%| O|  |TAMS 0x0000000083a00000, 0x0000000083a00000| Untracked 
|  58|0x0000000083a00000, 0x0000000083b00000, 0x0000000083b00000|100%| O|  |TAMS 0x0000000083b00000, 0x0000000083b00000| Untracked 
|  59|0x0000000083b00000, 0x0000000083c00000, 0x0000000083c00000|100%| O|  |TAMS 0x0000000083c00000, 0x0000000083c00000| Untracked 
|  60|0x0000000083c00000, 0x0000000083d00000, 0x0000000083d00000|100%| O|  |TAMS 0x0000000083d00000, 0x0000000083d00000| Untracked 
|  61|0x0000000083d00000, 0x0000000083e00000, 0x0000000083e00000|100%| O|  |TAMS 0x0000000083e00000, 0x0000000083e00000| Untracked 
|  62|0x0000000083e00000, 0x0000000083f00000, 0x0000000083f00000|100%| O|  |TAMS 0x0000000083f00000, 0x0000000083f00000| Untracked 
|  63|0x0000000083f00000, 0x0000000084000000, 0x0000000084000000|100%| O|  |TAMS 0x0000000084000000, 0x0000000084000000| Untracked 
|  64|0x0000000084000000, 0x0000000084100000, 0x0000000084100000|100%| O|  |TAMS 0x0000000084100000, 0x0000000084100000| Untracked 
|  65|0x0000000084100000, 0x0000000084200000, 0x0000000084200000|100%| O|  |TAMS 0x0000000084200000, 0x0000000084200000| Untracked 
|  66|0x0000000084200000, 0x0000000084300000, 0x0000000084300000|100%| O|  |TAMS 0x0000000084300000, 0x0000000084300000| Untracked 
|  67|0x0000000084300000, 0x0000000084400000, 0x0000000084400000|100%| O|  |TAMS 0x0000000084400000, 0x0000000084400000| Untracked 
|  68|0x0000000084400000, 0x0000000084500000, 0x0000000084500000|100%| O|  |TAMS 0x0000000084500000, 0x0000000084500000| Untracked 
|  69|0x0000000084500000, 0x0000000084600000, 0x0000000084600000|100%| O|  |TAMS 0x0000000084600000, 0x0000000084600000| Untracked 
|  70|0x0000000084600000, 0x0000000084700000, 0x0000000084700000|100%| O|  |TAMS 0x0000000084700000, 0x0000000084700000| Untracked 
|  71|0x0000000084700000, 0x0000000084800000, 0x0000000084800000|100%| O|  |TAMS 0x0000000084800000, 0x0000000084800000| Untracked 
|  72|0x0000000084800000, 0x0000000084900000, 0x0000000084900000|100%| O|  |TAMS 0x0000000084900000, 0x0000000084900000| Untracked 
|  73|0x0000000084900000, 0x0000000084a00000, 0x0000000084a00000|100%| O|  |TAMS 0x0000000084a00000, 0x0000000084a00000| Untracked 
|  74|0x0000000084a00000, 0x0000000084b00000, 0x0000000084b00000|100%| O|  |TAMS 0x0000000084b00000, 0x0000000084b00000| Untracked 
|  75|0x0000000084b00000, 0x0000000084c00000, 0x0000000084c00000|100%| O|  |TAMS 0x0000000084c00000, 0x0000000084c00000| Untracked 
|  76|0x0000000084c00000, 0x0000000084d00000, 0x0000000084d00000|100%| O|  |TAMS 0x0000000084d00000, 0x0000000084d00000| Untracked 
|  77|0x0000000084d00000, 0x0000000084e00000, 0x0000000084e00000|100%| O|  |TAMS 0x0000000084e00000, 0x0000000084e00000| Untracked 
|  78|0x0000000084e00000, 0x0000000084f00000, 0x0000000084f00000|100%| O|  |TAMS 0x0000000084f00000, 0x0000000084f00000| Untracked 
|  79|0x0000000084f00000, 0x0000000085000000, 0x0000000085000000|100%| O|  |TAMS 0x0000000085000000, 0x0000000085000000| Untracked 
|  80|0x0000000085000000, 0x0000000085100000, 0x0000000085100000|100%| O|  |TAMS 0x0000000085100000, 0x0000000085100000| Untracked 
|  81|0x0000000085100000, 0x0000000085200000, 0x0000000085200000|100%| O|  |TAMS 0x0000000085200000, 0x0000000085200000| Untracked 
|  82|0x0000000085200000, 0x0000000085300000, 0x0000000085300000|100%| O|  |TAMS 0x0000000085300000, 0x0000000085300000| Untracked 
|  83|0x0000000085300000, 0x0000000085400000, 0x0000000085400000|100%|HS|  |TAMS 0x0000000085400000, 0x0000000085400000| Complete 
|  84|0x0000000085400000, 0x0000000085500000, 0x0000000085500000|100%|HC|  |TAMS 0x0000000085500000, 0x0000000085500000| Complete 
|  85|0x0000000085500000, 0x0000000085600000, 0x0000000085600000|100%|HS|  |TAMS 0x0000000085600000, 0x0000000085600000| Complete 
|  86|0x0000000085600000, 0x0000000085700000, 0x0000000085700000|100%|HC|  |TAMS 0x0000000085700000, 0x0000000085700000| Complete 
|  87|0x0000000085700000, 0x0000000085800000, 0x0000000085800000|100%|HS|  |TAMS 0x0000000085800000, 0x0000000085800000| Complete 
|  88|0x0000000085800000, 0x0000000085900000, 0x0000000085900000|100%| O|  |TAMS 0x0000000085900000, 0x0000000085900000| Untracked 
|  89|0x0000000085900000, 0x0000000085a00000, 0x0000000085a00000|100%| O|  |TAMS 0x0000000085a00000, 0x0000000085a00000| Untracked 
|  90|0x0000000085a00000, 0x0000000085b00000, 0x0000000085b00000|100%| O|  |TAMS 0x0000000085b00000, 0x0000000085b00000| Untracked 
|  91|0x0000000085b00000, 0x0000000085c00000, 0x0000000085c00000|100%|HS|  |TAMS 0x0000000085c00000, 0x0000000085c00000| Complete 
|  92|0x0000000085c00000, 0x0000000085d00000, 0x0000000085d00000|100%|HS|  |TAMS 0x0000000085d00000, 0x0000000085d00000| Complete 
|  93|0x0000000085d00000, 0x0000000085e00000, 0x0000000085e00000|100%|HS|  |TAMS 0x0000000085e00000, 0x0000000085e00000| Complete 
|  94|0x0000000085e00000, 0x0000000085f00000, 0x0000000085f00000|100%|HS|  |TAMS 0x0000000085f00000, 0x0000000085f00000| Complete 
|  95|0x0000000085f00000, 0x0000000086000000, 0x0000000086000000|100%|HS|  |TAMS 0x0000000086000000, 0x0000000086000000| Complete 
|  96|0x0000000086000000, 0x0000000086100000, 0x0000000086100000|100%|HC|  |TAMS 0x0000000086100000, 0x0000000086100000| Complete 
|  97|0x0000000086100000, 0x0000000086200000, 0x0000000086200000|100%|HC|  |TAMS 0x0000000086200000, 0x0000000086200000| Complete 
|  98|0x0000000086200000, 0x0000000086300000, 0x0000000086300000|100%| O|  |TAMS 0x0000000086300000, 0x0000000086300000| Untracked 
|  99|0x0000000086300000, 0x0000000086400000, 0x0000000086400000|100%| O|  |TAMS 0x0000000086400000, 0x0000000086400000| Untracked 
| 100|0x0000000086400000, 0x0000000086500000, 0x0000000086500000|100%| O|  |TAMS 0x0000000086500000, 0x0000000086500000| Untracked 
| 101|0x0000000086500000, 0x0000000086600000, 0x0000000086600000|100%| O|  |TAMS 0x0000000086600000, 0x0000000086600000| Untracked 
| 102|0x0000000086600000, 0x0000000086700000, 0x0000000086700000|100%|HS|  |TAMS 0x0000000086600000, 0x0000000086700000| Complete 
| 103|0x0000000086700000, 0x0000000086800000, 0x0000000086800000|100%|HS|  |TAMS 0x0000000086700000, 0x0000000086800000| Complete 
| 104|0x0000000086800000, 0x0000000086900000, 0x0000000086900000|100%|HS|  |TAMS 0x0000000086900000, 0x0000000086900000| Complete 
| 105|0x0000000086900000, 0x0000000086a00000, 0x0000000086a00000|100%|HC|  |TAMS 0x0000000086a00000, 0x0000000086a00000| Complete 
| 106|0x0000000086a00000, 0x0000000086b00000, 0x0000000086b00000|100%| O|  |TAMS 0x0000000086a00000, 0x0000000086b00000| Untracked 
| 107|0x0000000086b00000, 0x0000000086c00000, 0x0000000086c00000|100%| O|  |TAMS 0x0000000086b00000, 0x0000000086c00000| Untracked 
| 108|0x0000000086c00000, 0x0000000086d00000, 0x0000000086d00000|100%|HS|  |TAMS 0x0000000086d00000, 0x0000000086d00000| Complete 
| 109|0x0000000086d00000, 0x0000000086e00000, 0x0000000086e00000|100%|HC|  |TAMS 0x0000000086e00000, 0x0000000086e00000| Complete 
| 110|0x0000000086e00000, 0x0000000086f00000, 0x0000000086f00000|100%| O|  |TAMS 0x0000000086e00000, 0x0000000086f00000| Untracked 
| 111|0x0000000086f00000, 0x0000000087000000, 0x0000000087000000|100%|HS|  |TAMS 0x0000000087000000, 0x0000000087000000| Complete 
| 112|0x0000000087000000, 0x0000000087100000, 0x0000000087100000|100%| O|  |TAMS 0x0000000087000000, 0x0000000087100000| Untracked 
| 113|0x0000000087100000, 0x0000000087200000, 0x0000000087200000|100%|HS|  |TAMS 0x0000000087200000, 0x0000000087200000| Complete 
| 114|0x0000000087200000, 0x0000000087300000, 0x0000000087300000|100%| O|  |TAMS 0x0000000087200000, 0x0000000087300000| Untracked 
| 115|0x0000000087300000, 0x0000000087400000, 0x0000000087400000|100%|HS|  |TAMS 0x0000000087400000, 0x0000000087400000| Complete 
| 116|0x0000000087400000, 0x0000000087500000, 0x0000000087500000|100%| O|  |TAMS 0x0000000087400000, 0x0000000087500000| Untracked 
| 117|0x0000000087500000, 0x0000000087600000, 0x0000000087600000|100%|HS|  |TAMS 0x0000000087600000, 0x0000000087600000| Complete 
| 118|0x0000000087600000, 0x0000000087700000, 0x0000000087700000|100%| O|  |TAMS 0x0000000087600000, 0x0000000087700000| Untracked 
| 119|0x0000000087700000, 0x0000000087800000, 0x0000000087800000|100%|HS|  |TAMS 0x0000000087800000, 0x0000000087800000| Complete 
| 120|0x0000000087800000, 0x0000000087900000, 0x0000000087900000|100%| O|  |TAMS 0x0000000087800000, 0x0000000087900000| Untracked 
| 121|0x0000000087900000, 0x0000000087a00000, 0x0000000087a00000|100%| O|  |TAMS 0x0000000087900000, 0x0000000087a00000| Untracked 
| 122|0x0000000087a00000, 0x0000000087b00000, 0x0000000087b00000|100%| O|  |TAMS 0x0000000087a00000, 0x0000000087b00000| Untracked 
| 123|0x0000000087b00000, 0x0000000087c00000, 0x0000000087c00000|100%|HS|  |TAMS 0x0000000087c00000, 0x0000000087c00000| Complete 
| 124|0x0000000087c00000, 0x0000000087d00000, 0x0000000087d00000|100%|HC|  |TAMS 0x0000000087d00000, 0x0000000087d00000| Complete 
| 125|0x0000000087d00000, 0x0000000087e00000, 0x0000000087e00000|100%|HC|  |TAMS 0x0000000087e00000, 0x0000000087e00000| Complete 
| 126|0x0000000087e00000, 0x0000000087f00000, 0x0000000087f00000|100%| O|  |TAMS 0x0000000087f00000, 0x0000000087f00000| Untracked 
| 127|0x0000000087f00000, 0x0000000088000000, 0x0000000088000000|100%| O|  |TAMS 0x0000000088000000, 0x0000000088000000| Untracked 
| 128|0x0000000088000000, 0x0000000088100000, 0x0000000088100000|100%| O|  |TAMS 0x0000000088100000, 0x0000000088100000| Untracked 
| 129|0x0000000088100000, 0x0000000088200000, 0x0000000088200000|100%| O|  |TAMS 0x0000000088200000, 0x0000000088200000| Untracked 
| 130|0x0000000088200000, 0x0000000088300000, 0x0000000088300000|100%| O|  |TAMS 0x0000000088300000, 0x0000000088300000| Untracked 
| 131|0x0000000088300000, 0x0000000088400000, 0x0000000088400000|100%| O|  |TAMS 0x0000000088400000, 0x0000000088400000| Untracked 
| 132|0x0000000088400000, 0x0000000088500000, 0x0000000088500000|100%| O|  |TAMS 0x0000000088500000, 0x0000000088500000| Untracked 
| 133|0x0000000088500000, 0x0000000088600000, 0x0000000088600000|100%| O|  |TAMS 0x0000000088600000, 0x0000000088600000| Untracked 
| 134|0x0000000088600000, 0x0000000088700000, 0x0000000088700000|100%| O|  |TAMS 0x0000000088700000, 0x0000000088700000| Untracked 
| 135|0x0000000088700000, 0x0000000088800000, 0x0000000088800000|100%| O|  |TAMS 0x0000000088800000, 0x0000000088800000| Untracked 
| 136|0x0000000088800000, 0x0000000088900000, 0x0000000088900000|100%| O|  |TAMS 0x0000000088900000, 0x0000000088900000| Untracked 
| 137|0x0000000088900000, 0x0000000088a00000, 0x0000000088a00000|100%| O|  |TAMS 0x0000000088a00000, 0x0000000088a00000| Untracked 
| 138|0x0000000088a00000, 0x0000000088b00000, 0x0000000088b00000|100%| O|  |TAMS 0x0000000088b00000, 0x0000000088b00000| Untracked 
| 139|0x0000000088b00000, 0x0000000088c00000, 0x0000000088c00000|100%| O|  |TAMS 0x0000000088c00000, 0x0000000088c00000| Untracked 
| 140|0x0000000088c00000, 0x0000000088d00000, 0x0000000088d00000|100%| O|  |TAMS 0x0000000088d00000, 0x0000000088d00000| Untracked 
| 141|0x0000000088d00000, 0x0000000088e00000, 0x0000000088e00000|100%| O|  |TAMS 0x0000000088d00000, 0x0000000088e00000| Untracked 
| 142|0x0000000088e00000, 0x0000000088f00000, 0x0000000088f00000|100%| O|  |TAMS 0x0000000088e00000, 0x0000000088f00000| Untracked 
| 143|0x0000000088f00000, 0x0000000089000000, 0x0000000089000000|100%| O|  |TAMS 0x0000000088f00000, 0x0000000089000000| Untracked 
| 144|0x0000000089000000, 0x0000000089100000, 0x0000000089100000|100%| O|  |TAMS 0x0000000089000000, 0x0000000089100000| Untracked 
| 145|0x0000000089100000, 0x0000000089200000, 0x0000000089200000|100%| O|  |TAMS 0x0000000089100000, 0x0000000089200000| Untracked 
| 146|0x0000000089200000, 0x0000000089300000, 0x0000000089300000|100%| O|  |TAMS 0x0000000089200000, 0x0000000089300000| Untracked 
| 147|0x0000000089300000, 0x0000000089400000, 0x0000000089400000|100%| O|  |TAMS 0x0000000089300000, 0x0000000089400000| Untracked 
| 148|0x0000000089400000, 0x0000000089500000, 0x0000000089500000|100%| O|  |TAMS 0x0000000089400000, 0x0000000089500000| Untracked 
| 149|0x0000000089500000, 0x0000000089600000, 0x0000000089600000|100%| O|  |TAMS 0x0000000089500000, 0x0000000089600000| Untracked 
| 150|0x0000000089600000, 0x0000000089700000, 0x0000000089700000|100%| O|  |TAMS 0x0000000089600000, 0x0000000089700000| Untracked 
| 151|0x0000000089700000, 0x0000000089800000, 0x0000000089800000|100%| O|  |TAMS 0x0000000089700000, 0x0000000089800000| Untracked 
| 152|0x0000000089800000, 0x0000000089900000, 0x0000000089900000|100%| O|  |TAMS 0x0000000089800000, 0x0000000089900000| Untracked 
| 153|0x0000000089900000, 0x0000000089a00000, 0x0000000089a00000|100%| O|  |TAMS 0x0000000089900000, 0x0000000089a00000| Untracked 
| 154|0x0000000089a00000, 0x0000000089b00000, 0x0000000089b00000|100%| O|  |TAMS 0x0000000089a00000, 0x0000000089b00000| Untracked 
| 155|0x0000000089b00000, 0x0000000089c00000, 0x0000000089c00000|100%| O|  |TAMS 0x0000000089b00000, 0x0000000089c00000| Untracked 
| 156|0x0000000089c00000, 0x0000000089c00000, 0x0000000089d00000|  0%| F|  |TAMS 0x0000000089c00000, 0x0000000089c00000| Untracked 
| 157|0x0000000089d00000, 0x0000000089d00000, 0x0000000089e00000|  0%| F|  |TAMS 0x0000000089d00000, 0x0000000089d00000| Untracked 
| 158|0x0000000089e00000, 0x0000000089e00000, 0x0000000089f00000|  0%| F|  |TAMS 0x0000000089e00000, 0x0000000089e00000| Untracked 
| 159|0x0000000089f00000, 0x0000000089f00000, 0x000000008a000000|  0%| F|  |TAMS 0x0000000089f00000, 0x0000000089f00000| Untracked 
| 160|0x000000008a000000, 0x000000008a000000, 0x000000008a100000|  0%| F|  |TAMS 0x000000008a000000, 0x000000008a000000| Untracked 
| 161|0x000000008a100000, 0x000000008a100000, 0x000000008a200000|  0%| F|  |TAMS 0x000000008a100000, 0x000000008a100000| Untracked 
| 162|0x000000008a200000, 0x000000008a200000, 0x000000008a300000|  0%| F|  |TAMS 0x000000008a200000, 0x000000008a200000| Untracked 
| 163|0x000000008a300000, 0x000000008a300000, 0x000000008a400000|  0%| F|  |TAMS 0x000000008a300000, 0x000000008a300000| Untracked 
| 164|0x000000008a400000, 0x000000008a400000, 0x000000008a500000|  0%| F|  |TAMS 0x000000008a400000, 0x000000008a400000| Untracked 
| 165|0x000000008a500000, 0x000000008a500000, 0x000000008a600000|  0%| F|  |TAMS 0x000000008a500000, 0x000000008a500000| Untracked 
| 166|0x000000008a600000, 0x000000008a600000, 0x000000008a700000|  0%| F|  |TAMS 0x000000008a600000, 0x000000008a600000| Untracked 
| 167|0x000000008a700000, 0x000000008a700000, 0x000000008a800000|  0%| F|  |TAMS 0x000000008a700000, 0x000000008a700000| Untracked 
| 168|0x000000008a800000, 0x000000008a800000, 0x000000008a900000|  0%| F|  |TAMS 0x000000008a800000, 0x000000008a800000| Untracked 
| 169|0x000000008a900000, 0x000000008a900000, 0x000000008aa00000|  0%| F|  |TAMS 0x000000008a900000, 0x000000008a900000| Untracked 
| 170|0x000000008aa00000, 0x000000008aa00000, 0x000000008ab00000|  0%| F|  |TAMS 0x000000008aa00000, 0x000000008aa00000| Untracked 
| 171|0x000000008ab00000, 0x000000008ab00000, 0x000000008ac00000|  0%| F|  |TAMS 0x000000008ab00000, 0x000000008ab00000| Untracked 
| 172|0x000000008ac00000, 0x000000008ac00000, 0x000000008ad00000|  0%| F|  |TAMS 0x000000008ac00000, 0x000000008ac00000| Untracked 
| 173|0x000000008ad00000, 0x000000008ad00000, 0x000000008ae00000|  0%| F|  |TAMS 0x000000008ad00000, 0x000000008ad00000| Untracked 
| 174|0x000000008ae00000, 0x000000008ae00000, 0x000000008af00000|  0%| F|  |TAMS 0x000000008ae00000, 0x000000008ae00000| Untracked 
| 175|0x000000008af00000, 0x000000008af00000, 0x000000008b000000|  0%| F|  |TAMS 0x000000008af00000, 0x000000008af00000| Untracked 
| 176|0x000000008b000000, 0x000000008b000000, 0x000000008b100000|  0%| F|  |TAMS 0x000000008b000000, 0x000000008b000000| Untracked 
| 177|0x000000008b100000, 0x000000008b100000, 0x000000008b200000|  0%| F|  |TAMS 0x000000008b100000, 0x000000008b100000| Untracked 
| 178|0x000000008b200000, 0x000000008b200000, 0x000000008b300000|  0%| F|  |TAMS 0x000000008b200000, 0x000000008b200000| Untracked 
| 179|0x000000008b300000, 0x000000008b300000, 0x000000008b400000|  0%| F|  |TAMS 0x000000008b300000, 0x000000008b300000| Untracked 
| 180|0x000000008b400000, 0x000000008b500000, 0x000000008b500000|100%| S|CS|TAMS 0x000000008b400000, 0x000000008b400000| Complete 
| 181|0x000000008b500000, 0x000000008b600000, 0x000000008b600000|100%| S|CS|TAMS 0x000000008b500000, 0x000000008b500000| Complete 
| 182|0x000000008b600000, 0x000000008b600000, 0x000000008b700000|  0%| F|  |TAMS 0x000000008b600000, 0x000000008b600000| Untracked 
| 183|0x000000008b700000, 0x000000008b700000, 0x000000008b800000|  0%| F|  |TAMS 0x000000008b700000, 0x000000008b700000| Untracked 
| 184|0x000000008b800000, 0x000000008b800000, 0x000000008b900000|  0%| F|  |TAMS 0x000000008b800000, 0x000000008b800000| Untracked 
| 185|0x000000008b900000, 0x000000008b900000, 0x000000008ba00000|  0%| F|  |TAMS 0x000000008b900000, 0x000000008b900000| Untracked 
| 186|0x000000008ba00000, 0x000000008ba00000, 0x000000008bb00000|  0%| F|  |TAMS 0x000000008ba00000, 0x000000008ba00000| Untracked 
| 187|0x000000008bb00000, 0x000000008bb00000, 0x000000008bc00000|  0%| F|  |TAMS 0x000000008bb00000, 0x000000008bb00000| Untracked 
| 188|0x000000008bc00000, 0x000000008bc00000, 0x000000008bd00000|  0%| F|  |TAMS 0x000000008bc00000, 0x000000008bc00000| Untracked 
| 189|0x000000008bd00000, 0x000000008bd00000, 0x000000008be00000|  0%| F|  |TAMS 0x000000008bd00000, 0x000000008bd00000| Untracked 
| 190|0x000000008be00000, 0x000000008be00000, 0x000000008bf00000|  0%| F|  |TAMS 0x000000008be00000, 0x000000008be00000| Untracked 
| 191|0x000000008bf00000, 0x000000008bf00000, 0x000000008c000000|  0%| F|  |TAMS 0x000000008bf00000, 0x000000008bf00000| Untracked 
| 192|0x000000008c000000, 0x000000008c000000, 0x000000008c100000|  0%| F|  |TAMS 0x000000008c000000, 0x000000008c000000| Untracked 
| 193|0x000000008c100000, 0x000000008c100000, 0x000000008c200000|  0%| F|  |TAMS 0x000000008c100000, 0x000000008c100000| Untracked 
| 194|0x000000008c200000, 0x000000008c200000, 0x000000008c300000|  0%| F|  |TAMS 0x000000008c200000, 0x000000008c200000| Untracked 
| 195|0x000000008c300000, 0x000000008c400000, 0x000000008c400000|100%| O|  |TAMS 0x000000008c400000, 0x000000008c400000| Untracked 
| 196|0x000000008c400000, 0x000000008c500000, 0x000000008c500000|100%| O|  |TAMS 0x000000008c500000, 0x000000008c500000| Untracked 
| 197|0x000000008c500000, 0x000000008c600000, 0x000000008c600000|100%| O|  |TAMS 0x000000008c52c600, 0x000000008c600000| Untracked 

Card table byte_map: [0x00000235211d0000,0x00000235215d0000] _byte_map_base: 0x0000023520dd0000

Marking Bits (Prev, Next): (CMBitMap*) 0x000002350dfe8098, (CMBitMap*) 0x000002350dfe80d0
 Prev Bits: [0x00000235219d0000, 0x00000235239d0000)
 Next Bits: [0x00000235239d0000, 0x00000235259d0000)

Polling page: 0x000002350bd80000

Metaspace:

Usage:
  Non-class:     82.31 MB capacity,    80.99 MB ( 98%) used,     1.06 MB (  1%) free+waste,   268.38 KB ( <1%) overhead. 
      Class:     13.09 MB capacity,    12.25 MB ( 94%) used,   748.02 KB (  6%) free+waste,   121.31 KB ( <1%) overhead. 
       Both:     95.41 MB capacity,    93.23 MB ( 98%) used,     1.79 MB (  2%) free+waste,   389.69 KB ( <1%) overhead. 

Virtual space:
  Non-class space:       84.00 MB reserved,      82.45 MB ( 98%) committed 
      Class space:        1.00 GB reserved,      13.25 MB (  1%) committed 
             Both:        1.08 GB reserved,      95.70 MB (  9%) committed 

Chunk freelists:
   Non-Class:  82.00 KB
       Class:  63.00 KB
        Both:  145.00 KB

MaxMetaspaceSize: 17179869184.00 GB
CompressedClassSpaceSize: 1.00 GB

CodeHeap 'non-profiled nmethods': size=120000Kb used=6496Kb max_used=6496Kb free=113503Kb
 bounds [0x0000023519560000, 0x0000023519bc0000, 0x0000023520a90000]
CodeHeap 'profiled nmethods': size=120000Kb used=24390Kb max_used=24390Kb free=95609Kb
 bounds [0x0000023512030000, 0x0000023513810000, 0x0000023519560000]
CodeHeap 'non-nmethods': size=5760Kb used=2311Kb max_used=2376Kb free=3448Kb
 bounds [0x0000023511a90000, 0x0000023511d00000, 0x0000023512030000]
 total_blobs=12308 nmethods=11394 adapters=825
 compilation: enabled
              stopped_count=0, restarted_count=0
 full_count=0

Compilation events (20 events):
Event: 17.701 Thread 0x0000023528c97800 nmethod 11517 0x00000235137fc510 code [0x00000235137fc920, 0x00000235137fde98]
Event: 17.701 Thread 0x0000023528c97800 11515       2       com.android.tools.r8.graph.k0$$Lambda$1280/0x0000000100b7e040::apply (8 bytes)
Event: 17.701 Thread 0x0000023528c97800 nmethod 11515 0x00000235137fea10 code [0x00000235137febc0, 0x00000235137fecf8]
Event: 17.701 Thread 0x0000023528c97800 11512       2       com.android.tools.r8.graph.U::hashCode (11 bytes)
Event: 17.701 Thread 0x0000023528c97800 nmethod 11512 0x00000235137fee10 code [0x00000235137fefc0, 0x00000235137ff0b8]
Event: 17.701 Thread 0x0000023528c97800 11519       2       com.android.tools.r8.code.K0::hashCode (29 bytes)
Event: 17.701 Thread 0x0000023528c97800 nmethod 11519 0x00000235137ff190 code [0x00000235137ff340, 0x00000235137ff488]
Event: 17.701 Thread 0x0000023528c97800 11522       2       com.android.tools.r8.code.I0::hashCode (21 bytes)
Event: 17.701 Thread 0x0000023528c97800 nmethod 11522 0x00000235137ff510 code [0x00000235137ff6c0, 0x00000235137ff808]
Event: 17.701 Thread 0x0000023528c97800 11514       2       java.util.Map::getOrDefault (28 bytes)
Event: 17.702 Thread 0x0000023528c97800 nmethod 11514 0x00000235137ff890 code [0x00000235137ffa60, 0x00000235137ffbf8]
Event: 17.702 Thread 0x0000023528c97800 11520   !   2       com.android.tools.r8.graph.W0::toString (17 bytes)
Event: 17.702 Thread 0x0000023528c97800 nmethod 11520 0x00000235137ffd10 code [0x00000235137fff00, 0x0000023513800278]
Event: 17.702 Thread 0x0000023528c97800 11523       2       com.android.tools.r8.internal.Ib1::containsKey (80 bytes)
Event: 17.703 Thread 0x0000023528c97800 nmethod 11523 0x0000023513800490 code [0x0000023513800680, 0x0000023513800988]
Event: 17.703 Thread 0x0000023528c97800 11528       2       com.android.tools.r8.internal.J0::get (132 bytes)
Event: 17.703 Thread 0x0000023528c97800 nmethod 11528 0x0000023513800b10 code [0x0000023513800d20, 0x0000023513801128]
Event: 17.703 Thread 0x0000023528c97800 11507       2       com.android.tools.r8.dex.r::d (36 bytes)
Event: 17.704 Thread 0x0000023528c97800 nmethod 11507 0x0000023513801410 code [0x00000235138015e0, 0x0000023513801808]
Event: 17.704 Thread 0x0000023528c97800 11530       2       com.android.tools.r8.code.J2::<init> (6 bytes)

GC Heap History (20 events):
Event: 14.584 GC heap after
{Heap after GC invocations=23 (full 0):
 garbage-first heap   total 165888K, used 78989K [0x0000000080000000, 0x0000000100000000)
  region size 1024K, 8 young (8192K), 8 survivors (8192K)
 Metaspace       used 84537K, capacity 86724K, committed 86992K, reserved 1124352K
  class space    used 11102K, capacity 11959K, committed 12032K, reserved 1048576K
}
Event: 15.101 GC heap before
{Heap before GC invocations=23 (full 0):
 garbage-first heap   total 165888K, used 130189K [0x0000000080000000, 0x0000000100000000)
  region size 1024K, 59 young (60416K), 8 survivors (8192K)
 Metaspace       used 85112K, capacity 87246K, committed 87504K, reserved 1124352K
  class space    used 11146K, capacity 12014K, committed 12032K, reserved 1048576K
}
Event: 15.112 GC heap after
{Heap after GC invocations=24 (full 0):
 garbage-first heap   total 165888K, used 82741K [0x0000000080000000, 0x0000000100000000)
  region size 1024K, 6 young (6144K), 6 survivors (6144K)
 Metaspace       used 85112K, capacity 87246K, committed 87504K, reserved 1124352K
  class space    used 11146K, capacity 12014K, committed 12032K, reserved 1048576K
}
Event: 15.521 GC heap before
{Heap before GC invocations=24 (full 0):
 garbage-first heap   total 165888K, used 130869K [0x0000000080000000, 0x0000000100000000)
  region size 1024K, 54 young (55296K), 6 survivors (6144K)
 Metaspace       used 85458K, capacity 87668K, committed 87760K, reserved 1124352K
  class space    used 11164K, capacity 12028K, committed 12032K, reserved 1048576K
}
Event: 15.529 GC heap after
{Heap after GC invocations=25 (full 0):
 garbage-first heap   total 165888K, used 86715K [0x0000000080000000, 0x0000000100000000)
  region size 1024K, 6 young (6144K), 6 survivors (6144K)
 Metaspace       used 85458K, capacity 87668K, committed 87760K, reserved 1124352K
  class space    used 11164K, capacity 12028K, committed 12032K, reserved 1048576K
}
Event: 15.926 GC heap before
{Heap before GC invocations=26 (full 0):
 garbage-first heap   total 165888K, used 132795K [0x0000000080000000, 0x0000000100000000)
  region size 1024K, 52 young (53248K), 6 survivors (6144K)
 Metaspace       used 86830K, capacity 88803K, committed 89552K, reserved 1126400K
  class space    used 11223K, capacity 11976K, committed 12288K, reserved 1048576K
}
Event: 15.934 GC heap after
{Heap after GC invocations=27 (full 0):
 garbage-first heap   total 199680K, used 89063K [0x0000000080000000, 0x0000000100000000)
  region size 1024K, 5 young (5120K), 5 survivors (5120K)
 Metaspace       used 86830K, capacity 88803K, committed 89552K, reserved 1126400K
  class space    used 11223K, capacity 11976K, committed 12288K, reserved 1048576K
}
Event: 16.347 GC heap before
{Heap before GC invocations=27 (full 0):
 garbage-first heap   total 199680K, used 152551K [0x0000000080000000, 0x0000000100000000)
  region size 1024K, 68 young (69632K), 5 survivors (5120K)
 Metaspace       used 88442K, capacity 90527K, committed 91216K, reserved 1128448K
  class space    used 11430K, capacity 12207K, committed 12416K, reserved 1048576K
}
Event: 16.355 GC heap after
{Heap after GC invocations=28 (full 0):
 garbage-first heap   total 199680K, used 91871K [0x0000000080000000, 0x0000000100000000)
  region size 1024K, 7 young (7168K), 7 survivors (7168K)
 Metaspace       used 88442K, capacity 90527K, committed 91216K, reserved 1128448K
  class space    used 11430K, capacity 12207K, committed 12416K, reserved 1048576K
}
Event: 16.429 GC heap before
{Heap before GC invocations=28 (full 0):
 garbage-first heap   total 199680K, used 103135K [0x0000000080000000, 0x0000000100000000)
  region size 1024K, 15 young (15360K), 7 survivors (7168K)
 Metaspace       used 88849K, capacity 90843K, committed 91600K, reserved 1128448K
  class space    used 11486K, capacity 12244K, committed 12544K, reserved 1048576K
}
Event: 16.437 GC heap after
{Heap after GC invocations=29 (full 0):
 garbage-first heap   total 199680K, used 97797K [0x0000000080000000, 0x0000000100000000)
  region size 1024K, 6 young (6144K), 6 survivors (6144K)
 Metaspace       used 88849K, capacity 90843K, committed 91600K, reserved 1128448K
  class space    used 11486K, capacity 12244K, committed 12544K, reserved 1048576K
}
Event: 16.914 GC heap before
{Heap before GC invocations=30 (full 0):
 garbage-first heap   total 199680K, used 137733K [0x0000000080000000, 0x0000000100000000)
  region size 1024K, 40 young (40960K), 6 survivors (6144K)
 Metaspace       used 92863K, capacity 94939K, committed 95440K, reserved 1132544K
  class space    used 12015K, capacity 12826K, committed 13056K, reserved 1048576K
}
Event: 16.923 GC heap after
{Heap after GC invocations=31 (full 0):
 garbage-first heap   total 199680K, used 111049K [0x0000000080000000, 0x0000000100000000)
  region size 1024K, 7 young (7168K), 7 survivors (7168K)
 Metaspace       used 92863K, capacity 94939K, committed 95440K, reserved 1132544K
  class space    used 12015K, capacity 12826K, committed 13056K, reserved 1048576K
}
Event: 17.219 GC heap before
{Heap before GC invocations=32 (full 0):
 garbage-first heap   total 199680K, used 175561K [0x0000000080000000, 0x0000000100000000)
  region size 1024K, 48 young (49152K), 7 survivors (7168K)
 Metaspace       used 93195K, capacity 95316K, committed 95952K, reserved 1132544K
  class space    used 12053K, capacity 12866K, committed 13056K, reserved 1048576K
}
Event: 17.274 GC heap after
{Heap after GC invocations=33 (full 0):
 garbage-first heap   total 202752K, used 140465K [0x0000000080000000, 0x0000000100000000)
  region size 1024K, 6 young (6144K), 6 survivors (6144K)
 Metaspace       used 93195K, capacity 95316K, committed 95952K, reserved 1132544K
  class space    used 12053K, capacity 12866K, committed 13056K, reserved 1048576K
}
Event: 17.427 GC heap before
{Heap before GC invocations=33 (full 0):
 garbage-first heap   total 202752K, used 165041K [0x0000000080000000, 0x0000000100000000)
  region size 1024K, 29 young (29696K), 6 survivors (6144K)
 Metaspace       used 93512K, capacity 95648K, committed 96336K, reserved 1132544K
  class space    used 12096K, capacity 12934K, committed 13184K, reserved 1048576K
}
Event: 17.448 GC heap after
{Heap after GC invocations=34 (full 0):
 garbage-first heap   total 202752K, used 151926K [0x0000000080000000, 0x0000000100000000)
  region size 1024K, 4 young (4096K), 4 survivors (4096K)
 Metaspace       used 93512K, capacity 95648K, committed 96336K, reserved 1132544K
  class space    used 12096K, capacity 12934K, committed 13184K, reserved 1048576K
}
Event: 17.640 GC heap before
{Heap before GC invocations=35 (full 0):
 garbage-first heap   total 202752K, used 167286K [0x0000000080000000, 0x0000000100000000)
  region size 1024K, 20 young (20480K), 4 survivors (4096K)
 Metaspace       used 95445K, capacity 97631K, committed 98000K, reserved 1134592K
  class space    used 12539K, capacity 13409K, committed 13568K, reserved 1048576K
}
Event: 17.652 GC heap after
{Heap after GC invocations=36 (full 0):
 garbage-first heap   total 202752K, used 157696K [0x0000000080000000, 0x0000000100000000)
  region size 1024K, 3 young (3072K), 3 survivors (3072K)
 Metaspace       used 95445K, capacity 97631K, committed 98000K, reserved 1134592K
  class space    used 12539K, capacity 13409K, committed 13568K, reserved 1048576K
}
Event: 17.704 GC heap before
{Heap before GC invocations=36 (full 0):
 garbage-first heap   total 202752K, used 169984K [0x0000000080000000, 0x0000000100000000)
  region size 1024K, 16 young (16384K), 3 survivors (3072K)
 Metaspace       used 95468K, capacity 97695K, committed 98000K, reserved 1134592K
  class space    used 12539K, capacity 13409K, committed 13568K, reserved 1048576K
}

Deoptimization events (20 events):
Event: 17.456 Thread 0x0000023531b91800 Uncommon trap: reason=class_check action=maybe_recompile pc=0x0000023519b99bf8 method=com.android.tools.r8.dex.r.a(ILjava/util/function/Supplier;)Ljava/lang/Object; @ 33 c2
Event: 17.456 Thread 0x0000023531b91800 DEOPT PACKING pc=0x0000023519b99bf8 sp=0x000000cd5b1febb0
Event: 17.456 Thread 0x0000023531b90000 DEOPT UNPACKING pc=0x0000023511ab662f sp=0x000000cd5adfebd0 mode 2
Event: 17.456 Thread 0x0000023531b91800 DEOPT UNPACKING pc=0x0000023511ab662f sp=0x000000cd5b1febb0 mode 2
Event: 17.529 Thread 0x0000023531b8d800 Uncommon trap: trap_request=0xffffff4d fr.pc=0x0000023519b9b9d4 relative=0x00000000000002d4
Event: 17.529 Thread 0x0000023531b8d800 Uncommon trap: reason=unstable_if action=reinterpret pc=0x0000023519b9b9d4 method=com.android.tools.r8.graph.L0.g(Ljava/lang/Object;)Z @ 37 c2
Event: 17.529 Thread 0x0000023531b8d800 DEOPT PACKING pc=0x0000023519b9b9d4 sp=0x000000cd5aefec20
Event: 17.529 Thread 0x0000023531b8d800 DEOPT UNPACKING pc=0x0000023511ab662f sp=0x000000cd5aefebc0 mode 2
Event: 17.530 Thread 0x0000023531b8f000 Uncommon trap: trap_request=0xffffff4d fr.pc=0x0000023519ba48d0 relative=0x0000000000000c70
Event: 17.530 Thread 0x0000023531b8f000 Uncommon trap: reason=unstable_if action=reinterpret pc=0x0000023519ba48d0 method=com.android.tools.r8.dex.r.a(ILjava/util/function/Supplier;)Ljava/lang/Object; @ 1 c2
Event: 17.530 Thread 0x0000023531b8f000 DEOPT PACKING pc=0x0000023519ba48d0 sp=0x000000cd5b0fea60
Event: 17.530 Thread 0x0000023531b8f000 DEOPT UNPACKING pc=0x0000023511ab662f sp=0x000000cd5b0fea68 mode 2
Event: 17.532 Thread 0x0000023531b91800 Uncommon trap: trap_request=0xffffff4d fr.pc=0x0000023519b92484 relative=0x0000000000000144
Event: 17.532 Thread 0x0000023531b91800 Uncommon trap: reason=unstable_if action=reinterpret pc=0x0000023519b92484 method=com.android.tools.r8.internal.TV0.get(I)Ljava/lang/Object; @ 1 c2
Event: 17.532 Thread 0x0000023531b91800 DEOPT PACKING pc=0x0000023519b92484 sp=0x000000cd5b1fed70
Event: 17.532 Thread 0x0000023531b91800 DEOPT UNPACKING pc=0x0000023511ab662f sp=0x000000cd5b1fed08 mode 2
Event: 17.586 Thread 0x0000023531b90800 Uncommon trap: trap_request=0xffffff4d fr.pc=0x0000023519ba8d38 relative=0x0000000000000f78
Event: 17.586 Thread 0x0000023531b90800 Uncommon trap: reason=unstable_if action=reinterpret pc=0x0000023519ba8d38 method=com.android.tools.r8.internal.TV0.d(I)V @ 38 c2
Event: 17.586 Thread 0x0000023531b90800 DEOPT PACKING pc=0x0000023519ba8d38 sp=0x000000cd5b2fe3a0
Event: 17.586 Thread 0x0000023531b90800 DEOPT UNPACKING pc=0x0000023511ab662f sp=0x000000cd5b2fe300 mode 2

Classes redefined (0 events):
No events

Internal exceptions (20 events):
Event: 15.630 Thread 0x000002352e385000 Exception <a 'sun/nio/fs/WindowsException'{0x00000000898cb4c0}> (0x00000000898cb4c0) thrown at [./src/hotspot/share/prims/jni.cpp, line 615]
Event: 15.630 Thread 0x000002352e385000 Exception <a 'sun/nio/fs/WindowsException'{0x00000000898cc398}> (0x00000000898cc398) thrown at [./src/hotspot/share/prims/jni.cpp, line 615]
Event: 15.630 Thread 0x000002352e385000 Exception <a 'sun/nio/fs/WindowsException'{0x00000000898cc6c0}> (0x00000000898cc6c0) thrown at [./src/hotspot/share/prims/jni.cpp, line 615]
Event: 15.630 Thread 0x000002352e385000 Exception <a 'sun/nio/fs/WindowsException'{0x00000000898cd568}> (0x00000000898cd568) thrown at [./src/hotspot/share/prims/jni.cpp, line 615]
Event: 15.669 Thread 0x000002352e385000 Exception <a 'java/lang/NoSuchMethodError'{0x0000000089657e40}: <clinit>> (0x0000000089657e40) thrown at [./src/hotspot/share/prims/jni.cpp, line 1362]
Event: 15.674 Thread 0x000002352e385000 Exception <a 'java/lang/NoSuchMethodError'{0x000000008968f360}: <clinit>> (0x000000008968f360) thrown at [./src/hotspot/share/prims/jni.cpp, line 1362]
Event: 15.677 Thread 0x000002352e385000 Exception <a 'java/lang/NoSuchMethodError'{0x00000000896c1558}: <clinit>> (0x00000000896c1558) thrown at [./src/hotspot/share/prims/jni.cpp, line 1362]
Event: 15.678 Thread 0x000002352e385000 Exception <a 'java/lang/NoSuchMethodError'{0x00000000896d4378}: <clinit>> (0x00000000896d4378) thrown at [./src/hotspot/share/prims/jni.cpp, line 1362]
Event: 16.635 Thread 0x0000023531b87800 Exception <a 'sun/nio/fs/WindowsException'{0x000000008ab6ec38}> (0x000000008ab6ec38) thrown at [./src/hotspot/share/prims/jni.cpp, line 615]
Event: 16.820 Thread 0x0000023531b88800 Exception <a 'java/lang/NoSuchMethodError'{0x0000000089f97af0}: 'void java.lang.invoke.DirectMethodHandle$Holder.invokeStatic(java.lang.Object, long)'> (0x0000000089f97af0) thrown at [./src/hotspot/share/interpreter/linkResolver.cpp, line 773]
Event: 16.821 Thread 0x0000023531b88800 Exception <a 'java/lang/NoSuchMethodError'{0x0000000089f9cd08}: 'java.lang.Object java.lang.invoke.DirectMethodHandle$Holder.invokeStatic(java.lang.Object, long)'> (0x0000000089f9cd08) thrown at [./src/hotspot/share/interpreter/linkResolver.cpp, line 773]
Event: 16.825 Thread 0x0000023531b88800 Exception <a 'java/lang/NoSuchMethodError'{0x0000000089fab070}: 'java.lang.Object java.lang.invoke.DirectMethodHandle$Holder.invokeStaticInit(java.lang.Object, java.lang.Object, long, java.lang.Object)'> (0x0000000089fab070) thrown at [./src/hotspot/share/interpreter/linkResolver.cpp, line 773]
Event: 16.825 Thread 0x0000023531b88800 Exception <a 'java/lang/NoSuchMethodError'{0x0000000089fb1208}: 'java.lang.Object java.lang.invoke.DirectMethodHandle$Holder.invokeStatic(java.lang.Object, java.lang.Object, long)'> (0x0000000089fb1208) thrown at [./src/hotspot/share/interpreter/linkResolver.cpp, line 773]
Event: 16.826 Thread 0x0000023531b88800 Exception <a 'java/lang/NoSuchMethodError'{0x0000000089e60500}: 'java.lang.Object java.lang.invoke.Invokers$Holder.linkToTargetMethod(java.lang.Object, long, java.lang.Object)'> (0x0000000089e60500) thrown at [./src/hotspot/share/interpreter/linkResolver.cpp, line 773]
Event: 16.905 Thread 0x0000023531b87800 Exception <a 'java/lang/NoSuchMethodError'{0x0000000089c875b8}: 'java.lang.Object java.lang.invoke.DirectMethodHandle$Holder.invokeStaticInit(java.lang.Object, java.lang.Object, java.lang.Object, java.lang.Object, java.lang.Object, java.lang.Object, java.lang.Object, java.lang.Object, java.lang.Object, java.lang.Object, java.lang.Object, java.lang.Object, java.lang.Object, java.lang.Object, java.lang.Object, java.lang.Object, java.lang.Object, java.lang.Object, int, java.lang.Object, java.lang.Object)'> (0
Event: 17.158 Thread 0x0000023531b88800 Exception <a 'java/lang/NoSuchMethodError'{0x000000008a6b6690}: 'int java.lang.invoke.DirectMethodHandle$Holder.invokeSpecialIFC(java.lang.Object, java.lang.Object, java.lang.Object)'> (0x000000008a6b6690) thrown at [./src/hotspot/share/interpreter/linkResolver.cpp, line 773]
Event: 17.462 Thread 0x0000023531b8d800 Exception <a 'java/lang/IncompatibleClassChangeError'{0x000000008c286898}: Found class java.lang.Object, but interface was expected> (0x000000008c286898) thrown at [./src/hotspot/share/interpreter/linkResolver.cpp, line 839]
Event: 17.464 Thread 0x0000023531b93000 Exception <a 'java/lang/NoSuchMethodError'{0x000000008c2a1e98}: 'java.lang.Object java.lang.invoke.DirectMethodHandle$Holder.newInvokeSpecial(java.lang.Object, int)'> (0x000000008c2a1e98) thrown at [./src/hotspot/share/interpreter/linkResolver.cpp, line 773]
Event: 17.469 Thread 0x0000023531b8d800 Exception <a 'java/lang/IncompatibleClassChangeError'{0x000000008c2edd10}: Found class java.lang.Object, but interface was expected> (0x000000008c2edd10) thrown at [./src/hotspot/share/interpreter/linkResolver.cpp, line 839]
Event: 17.470 Thread 0x0000023531b8d800 Exception <a 'java/lang/IncompatibleClassChangeError'{0x000000008c2f8648}: Found class java.lang.Object, but interface was expected> (0x000000008c2f8648) thrown at [./src/hotspot/share/interpreter/linkResolver.cpp, line 839]

Events (20 events):
Event: 17.590 loading class com/android/tools/r8/internal/Tc1 done
Event: 17.590 loading class com/android/tools/r8/internal/bc1
Event: 17.590 loading class com/android/tools/r8/internal/bc1 done
Event: 17.591 loading class com/android/tools/r8/graph/P0
Event: 17.591 loading class com/android/tools/r8/graph/P0 done
Event: 17.592 loading class com/android/tools/r8/graph/D2
Event: 17.592 loading class com/android/tools/r8/graph/D2 done
Event: 17.592 loading class com/android/tools/r8/graph/D2
Event: 17.592 loading class com/android/tools/r8/graph/D2 done
Event: 17.592 loading class com/android/tools/r8/graph/D2
Event: 17.592 loading class com/android/tools/r8/graph/D2 done
Event: 17.592 loading class com/android/tools/r8/internal/Zb1
Event: 17.592 loading class com/android/tools/r8/internal/Zb1 done
Event: 17.593 loading class com/android/tools/r8/internal/ec1
Event: 17.593 loading class com/android/tools/r8/internal/ec1 done
Event: 17.640 Executing VM operation: G1CollectForAllocation
Event: 17.652 Executing VM operation: G1CollectForAllocation done
Event: 17.660 loading class com/android/tools/r8/internal/KI0
Event: 17.660 loading class com/android/tools/r8/internal/KI0 done
Event: 17.704 Executing VM operation: G1CollectForAllocation


Dynamic libraries:
0x00007ff7a4710000 - 0x00007ff7a471a000 	C:\Program Files\Android\Android Studio\jre\bin\java.exe
0x00007ffd6bb10000 - 0x00007ffd6bcfd000 	C:\Windows\SYSTEM32\ntdll.dll
0x00007ffd3c540000 - 0x00007ffd3c556000 	C:\Program Files\Avast Software\Avast\aswhook.dll
0x00007ffd69ac0000 - 0x00007ffd69b74000 	C:\Windows\System32\KERNEL32.DLL
0x00007ffd68610000 - 0x00007ffd688a4000 	C:\Windows\System32\KERNELBASE.dll
0x00007ffd68c40000 - 0x00007ffd68d3a000 	C:\Windows\System32\ucrtbase.dll
0x00007ffd4e6f0000 - 0x00007ffd4e707000 	C:\Program Files\Android\Android Studio\jre\bin\VCRUNTIME140.dll
0x00007ffd4e000000 - 0x00007ffd4e019000 	C:\Program Files\Android\Android Studio\jre\bin\jli.dll
0x00007ffd6b290000 - 0x00007ffd6b427000 	C:\Windows\System32\USER32.dll
0x00007ffd45700000 - 0x00007ffd45979000 	C:\Windows\WinSxS\amd64_microsoft.windows.common-controls_6595b64144ccf1df_6.0.17763.2803_none_de6d9ee8534e8a05\COMCTL32.dll
0x00007ffd68a20000 - 0x00007ffd68a40000 	C:\Windows\System32\win32u.dll
0x00007ffd6b430000 - 0x00007ffd6b4ce000 	C:\Windows\System32\msvcrt.dll
0x00007ffd6b4d0000 - 0x00007ffd6b4f9000 	C:\Windows\System32\GDI32.dll
0x00007ffd690d0000 - 0x00007ffd693fd000 	C:\Windows\System32\combase.dll
0x00007ffd683e0000 - 0x00007ffd6857c000 	C:\Windows\System32\gdi32full.dll
0x00007ffd68310000 - 0x00007ffd683b0000 	C:\Windows\System32\msvcp_win.dll
0x00007ffd6b6f0000 - 0x00007ffd6b80d000 	C:\Windows\System32\RPCRT4.dll
0x00007ffd68580000 - 0x00007ffd68602000 	C:\Windows\System32\bcryptPrimitives.dll
0x00007ffd69cc0000 - 0x00007ffd69cee000 	C:\Windows\System32\IMM32.DLL
0x00007ffd3fbd0000 - 0x00007ffd3fc6d000 	C:\Program Files\Android\Android Studio\jre\bin\msvcp140.dll
0x00007ffd1e990000 - 0x00007ffd1f465000 	C:\Program Files\Android\Android Studio\jre\bin\server\jvm.dll
0x00007ffd68ed0000 - 0x00007ffd68f77000 	C:\Windows\System32\ADVAPI32.dll
0x00007ffd6b1f0000 - 0x00007ffd6b28f000 	C:\Windows\System32\sechost.dll
0x00007ffd69480000 - 0x00007ffd69488000 	C:\Windows\System32\PSAPI.DLL
0x00007ffd5a380000 - 0x00007ffd5a389000 	C:\Windows\SYSTEM32\WSOCK32.dll
0x00007ffd65680000 - 0x00007ffd656a4000 	C:\Windows\SYSTEM32\WINMM.dll
0x00007ffd61e60000 - 0x00007ffd61e6a000 	C:\Windows\SYSTEM32\VERSION.dll
0x00007ffd69c50000 - 0x00007ffd69cbd000 	C:\Windows\System32\WS2_32.dll
0x00007ffd65480000 - 0x00007ffd654ad000 	C:\Windows\SYSTEM32\winmmbase.dll
0x00007ffd688b0000 - 0x00007ffd688fa000 	C:\Windows\System32\cfgmgr32.dll
0x00007ffd67af0000 - 0x00007ffd67b01000 	C:\Windows\System32\kernel.appcore.dll
0x00007ffd40d00000 - 0x00007ffd40d11000 	C:\Program Files\Android\Android Studio\jre\bin\verify.dll
0x00007ffd5e0c0000 - 0x00007ffd5e2ad000 	C:\Windows\SYSTEM32\DBGHELP.DLL
0x00007ffd5c000000 - 0x00007ffd5c02a000 	C:\Windows\SYSTEM32\dbgcore.DLL
0x00007ffd3eeb0000 - 0x00007ffd3eed9000 	C:\Program Files\Android\Android Studio\jre\bin\java.dll
0x00007ffd41f30000 - 0x00007ffd41f3b000 	C:\Program Files\Android\Android Studio\jre\bin\jimage.dll
0x00007ffd3fb80000 - 0x00007ffd3fb98000 	C:\Program Files\Android\Android Studio\jre\bin\zip.dll
0x00007ffd69cf0000 - 0x00007ffd6b1e8000 	C:\Windows\System32\SHELL32.dll
0x00007ffd69020000 - 0x00007ffd690c8000 	C:\Windows\System32\shcore.dll
0x00007ffd67ba0000 - 0x00007ffd682e8000 	C:\Windows\System32\windows.storage.dll
0x00007ffd67b70000 - 0x00007ffd67b94000 	C:\Windows\System32\profapi.dll
0x00007ffd67b10000 - 0x00007ffd67b6d000 	C:\Windows\System32\powrprof.dll
0x00007ffd6b500000 - 0x00007ffd6b552000 	C:\Windows\System32\shlwapi.dll
0x00007ffd682f0000 - 0x00007ffd68307000 	C:\Windows\System32\cryptsp.dll
0x00007ffd3f050000 - 0x00007ffd3f06a000 	C:\Program Files\Android\Android Studio\jre\bin\net.dll
0x00007ffd5b140000 - 0x00007ffd5b231000 	C:\Windows\SYSTEM32\WINHTTP.dll
0x00007ffd672c0000 - 0x00007ffd67327000 	C:\Windows\system32\mswsock.dll
0x00007ffd3ea90000 - 0x00007ffd3eaa4000 	C:\Program Files\Android\Android Studio\jre\bin\nio.dll
0x00007ffd5fa50000 - 0x00007ffd5fa77000 	C:\Users\Sebastopol\.gradle\native\e1d6ef7f7dcc3fd88c89a11ec53ec762bb8ba0a96d01ffa2cd45eb1d1d8dd5c5\windows-amd64\native-platform.dll
0x00007ffd38f70000 - 0x00007ffd390b4000 	C:\Users\Sebastopol\.gradle\native\5664cfc778a61ccfe75a443a1ab52a65af34e5dc3c78e0209fed803814484fcb\windows-amd64\native-platform-file-events.dll
0x00007ffd3eea0000 - 0x00007ffd3eeaa000 	C:\Program Files\Android\Android Studio\jre\bin\management.dll
0x00007ffd3ed10000 - 0x00007ffd3ed1d000 	C:\Program Files\Android\Android Studio\jre\bin\management_ext.dll
0x00007ffd66e40000 - 0x00007ffd66e73000 	C:\Windows\system32\rsaenh.dll
0x00007ffd683b0000 - 0x00007ffd683d6000 	C:\Windows\System32\bcrypt.dll
0x00007ffd679d0000 - 0x00007ffd679f9000 	C:\Windows\SYSTEM32\USERENV.dll
0x00007ffd67490000 - 0x00007ffd6749c000 	C:\Windows\SYSTEM32\CRYPTBASE.dll
0x00007ffd66fd0000 - 0x00007ffd6700e000 	C:\Windows\SYSTEM32\IPHLPAPI.DLL
0x00007ffd6b630000 - 0x00007ffd6b638000 	C:\Windows\System32\NSI.dll
0x00007ffd5bfc0000 - 0x00007ffd5bfd6000 	C:\Windows\SYSTEM32\dhcpcsvc6.DLL
0x00007ffd5c030000 - 0x00007ffd5c04c000 	C:\Windows\SYSTEM32\dhcpcsvc.DLL
0x00007ffd67010000 - 0x00007ffd670d6000 	C:\Windows\SYSTEM32\DNSAPI.dll

dbghelp: loaded successfully - version: 4.0.5 - missing functions: none
symbol engine: initialized successfully - sym options: 0x614 - pdb path: .;C:\Program Files\Android\Android Studio\jre\bin;C:\Windows\SYSTEM32;C:\Program Files\Avast Software\Avast;C:\Windows\WinSxS\amd64_microsoft.windows.common-controls_6595b64144ccf1df_6.0.17763.2803_none_de6d9ee8534e8a05;C:\Program Files\Android\Android Studio\jre\bin\server;C:\Users\Sebastopol\.gradle\native\e1d6ef7f7dcc3fd88c89a11ec53ec762bb8ba0a96d01ffa2cd45eb1d1d8dd5c5\windows-amd64;C:\Users\Sebastopol\.gradle\native\5664cfc778a61ccfe75a443a1ab52a65af34e5dc3c78e0209fed803814484fcb\windows-amd64

VM Arguments:
jvm_args: --add-opens=java.base/java.util=ALL-UNNAMED --add-opens=java.base/java.lang=ALL-UNNAMED --add-opens=java.base/java.lang.invoke=ALL-UNNAMED --add-opens=java.base/java.util=ALL-UNNAMED --add-opens=java.prefs/java.util.prefs=ALL-UNNAMED --add-opens=java.prefs/java.util.prefs=ALL-UNNAMED --add-opens=java.base/java.nio.charset=ALL-UNNAMED --add-opens=java.base/java.net=ALL-UNNAMED --add-opens=java.base/java.util.concurrent.atomic=ALL-UNNAMED -Xmx2048m -Dfile.encoding=UTF-8 -Duser.country=CL -Duser.language=es -Duser.variant 
java_command: org.gradle.launcher.daemon.bootstrap.GradleDaemon 7.2
java_class_path (initial): C:\Users\Sebastopol\.gradle\wrapper\dists\gradle-7.2-bin\2dnblmf4td7x66yl1d74lt32g\gradle-7.2\lib\gradle-launcher-7.2.jar
Launcher Type: SUN_STANDARD

[Global flags]
     intx CICompilerCount                          = 4                                         {product} {ergonomic}
     uint ConcGCThreads                            = 2                                         {product} {ergonomic}
     uint G1ConcRefinementThreads                  = 8                                         {product} {ergonomic}
   size_t G1HeapRegionSize                         = 1048576                                   {product} {ergonomic}
    uintx GCDrainStackTargetSize                   = 64                                        {product} {ergonomic}
   size_t InitialHeapSize                          = 117440512                                 {product} {ergonomic}
   size_t MarkStackSize                            = 4194304                                   {product} {ergonomic}
   size_t MaxHeapSize                              = 2147483648                                {product} {command line}
   size_t MaxNewSize                               = 1287651328                                {product} {ergonomic}
   size_t MinHeapDeltaBytes                        = 1048576                                   {product} {ergonomic}
    uintx NonNMethodCodeHeapSize                   = 5836300                                {pd product} {ergonomic}
    uintx NonProfiledCodeHeapSize                  = 122910970                              {pd product} {ergonomic}
    uintx ProfiledCodeHeapSize                     = 122910970                              {pd product} {ergonomic}
    uintx ReservedCodeCacheSize                    = 251658240                              {pd product} {ergonomic}
     bool SegmentedCodeCache                       = true                                      {product} {ergonomic}
     bool UseCompressedClassPointers               = true                                 {lp64_product} {ergonomic}
     bool UseCompressedOops                        = true                                 {lp64_product} {ergonomic}
     bool UseG1GC                                  = true                                      {product} {ergonomic}
     bool UseLargePagesIndividualAllocation        = false                                  {pd product} {ergonomic}

Logging:
Log output configuration:
 #0: stdout all=warning uptime,level,tags
 #1: stderr all=off uptime,level,tags

Environment Variables:
PATH=C:\Windows\system32;C:\Windows;C:\Windows\System32\Wbem;C:\Windows\System32\WindowsPowerShell\v1.0\;C:\Windows\System32\OpenSSH\;C:\Program Files\Git\cmd;C:\Users\Sebastopol\AppData\Local\Microsoft\WindowsApps;;C:\Program Files\JetBrains\IntelliJ IDEA Community Edition 2021.3.2\bin;
USERNAME=Sebastopol
OS=Windows_NT
PROCESSOR_IDENTIFIER=AMD64 Family 23 Model 24 Stepping 1, AuthenticAMD



---------------  S Y S T E M  ---------------

OS: Windows 10 , 64 bit Build 17763 (10.0.17763.2803)
OS uptime: 4 days 6:38 hours

CPU:total 8 (initial active 8) (8 cores per cpu, 2 threads per core) family 23 model 24 stepping 1 microcode 0x0, cmov, cx8, fxsr, mmx, sse, sse2, sse3, ssse3, sse4.1, sse4.2, popcnt, avx, avx2, aes, clmul, mmxext, 3dnowpref, lzcnt, sse4a, ht, tsc, tscinvbit, tscinv, bmi1, bmi2, adx, s

Memory: 4k page, system-wide physical 7103M (384M free)
TotalPageFile size 28607M (AvailPageFile size 84M)
current process WorkingSet (physical memory assigned to process): 457M, peak: 462M
current process commit charge ("private bytes"): 519M, peak: 610M

vm_info: OpenJDK 64-Bit Server VM (11.0.11+9-b60-7590822) for windows-amd64 JRE (11.0.11+9-b60-7590822), built on Jul 29 2021 21:43:44 by "builder" with MS VC++ 14.0 (VS2015)

END.
