#
# There is insufficient memory for the Java Runtime Environment to continue.
# Native memory allocation (mmap) failed to map 111149056 bytes for Failed to commit area from 0x000000008d700000 to 0x0000000094100000 of length 111149056.
# Possible reasons:
#   The system is out of physical RAM or swap space
#   The process is running with CompressedOops enabled, and the Java Heap may be blocking the growth of the native heap
# Possible solutions:
#   Reduce memory load on the system
#   Increase physical memory or swap space
#   Check if swap backing store is full
#   Decrease Java heap size (-Xmx/-Xms)
#   Decrease number of Java threads
#   Decrease Java thread stack sizes (-Xss)
#   Set larger code cache with -XX:ReservedCodeCacheSize=
#   JVM is running with Unscaled Compressed Oops mode in which the Java heap is
#     placed in the first 4GB address space. The Java Heap base address is the
#     maximum limit for the native heap growth. Please use -XX:HeapBaseMinAddress
#     to set the Java Heap base and to place the Java Heap above 4GB virtual address.
# This output file may be truncated or incomplete.
#
#  Out of Memory Error (./src/hotspot/os/windows/os_windows.cpp:3301), pid=12636, tid=14496
#
# JRE version: OpenJDK Runtime Environment (11.0.11+9) (build 11.0.11+9-b60-7590822)
# Java VM: OpenJDK 64-Bit Server VM (11.0.11+9-b60-7590822, mixed mode, tiered, compressed oops, g1 gc, windows-amd64)
# No core dump will be written. Minidumps are not enabled by default on client versions of Windows
#

---------------  S U M M A R Y ------------

Command Line: --add-opens=java.base/java.util=ALL-UNNAMED --add-opens=java.base/java.lang=ALL-UNNAMED --add-opens=java.base/java.lang.invoke=ALL-UNNAMED --add-opens=java.base/java.util=ALL-UNNAMED --add-opens=java.prefs/java.util.prefs=ALL-UNNAMED --add-opens=java.prefs/java.util.prefs=ALL-UNNAMED --add-opens=java.base/java.nio.charset=ALL-UNNAMED --add-opens=java.base/java.net=ALL-UNNAMED --add-opens=java.base/java.util.concurrent.atomic=ALL-UNNAMED -Xmx2048m -Dfile.encoding=UTF-8 -Duser.country=CL -Duser.language=es -Duser.variant org.gradle.launcher.daemon.bootstrap.GradleDaemon 7.2

Host: AMD Ryzen 5 3500U with Radeon Vega Mobile Gfx  , 8 cores, 6G,  Windows 10 , 64 bit Build 17763 (10.0.17763.2803)
Time: Sat Apr 30 23:35:03 2022 Hora est. Sudamérica Pacífico elapsed time: 19.462582 seconds (0d 0h 0m 19s)

---------------  T H R E A D  ---------------

Current thread (0x000001ef73a63000):  VMThread "VM Thread" [stack: 0x0000000f09300000,0x0000000f09400000] [id=14496]

Stack: [0x0000000f09300000,0x0000000f09400000]
[error occurred during error reporting (printing stack bounds), id 0xc0000005, EXCEPTION_ACCESS_VIOLATION (0xc0000005) at pc=0x000001ef5d0e0f2d]

Native frames: (J=compiled Java code, j=interpreted, Vv=VM code, C=native code)
V  [jvm.dll+0x5f214a]
V  [jvm.dll+0x726fb5]
V  [jvm.dll+0x7285cd]
V  [jvm.dll+0x728be5]
V  [jvm.dll+0x728b9b]
V  [jvm.dll+0x5f14e8]
V  [jvm.dll+0x5f1c78]
C  [ntdll.dll+0xa4a2f]
C  [ntdll.dll+0x4cef]
C  [ntdll.dll+0xa379e]
C  0x000001ef5d0e0f2d

VM_Operation (0x0000000f128fe6a0): G1CollectForAllocation, mode: safepoint, requested by thread 0x000001ef00bc7000


---------------  P R O C E S S  ---------------

Threads class SMR info:
_java_thread_list=0x000001ef00a55130, length=147, elements={
0x000001ef595f4000, 0x000001ef73a69000, 0x000001ef73a72800, 0x000001ef74405800,
0x000001ef74406800, 0x000001ef74408000, 0x000001ef7440e000, 0x000001ef74411000,
0x000001ef7441b000, 0x000001ef74561000, 0x000001ef756ed800, 0x000001ef76a3a000,
0x000001ef775ca000, 0x000001ef76bcc000, 0x000001ef77105800, 0x000001ef759eb000,
0x000001ef77360800, 0x000001ef74da3000, 0x000001ef76528800, 0x000001ef763d8800,
0x000001ef763db000, 0x000001ef763da000, 0x000001ef763d9000, 0x000001ef77d08000,
0x000001ef77d08800, 0x000001ef77d0e800, 0x000001ef77d0d800, 0x000001ef77d0c000,
0x000001ef77d09800, 0x000001ef77d0a000, 0x000001ef7748d800, 0x000001ef77489000,
0x000001ef7748b000, 0x000001ef77488800, 0x000001ef7748c800, 0x000001ef77490800,
0x000001ef77495800, 0x000001ef77494800, 0x000001ef7748f800, 0x000001ef77493000,
0x000001ef77491800, 0x000001ef77496000, 0x000001ef77497000, 0x000001ef77492000,
0x000001ef77494000, 0x000001ef79a52800, 0x000001ef79a53800, 0x000001ef79a56000,
0x000001ef79a50800, 0x000001ef79a54800, 0x000001ef79a57000, 0x000001ef79a51000,
0x000001ef79a52000, 0x000001ef79a57800, 0x000001ef79a55000, 0x000001ef79a5c800,
0x000001ef79a5e000, 0x000001ef79a5d800, 0x000001ef79a5a000, 0x000001ef79a58800,
0x000001ef79a5b800, 0x000001ef79a5f000, 0x000001ef79a59800, 0x000001ef79a5b000,
0x000001ef79fa6000, 0x000001ef79fa5000, 0x000001ef79fa0000, 0x000001ef79fa3800,
0x000001ef79fa6800, 0x000001ef79fa1000, 0x000001ef79fa7800, 0x000001ef79fa2800,
0x000001ef79fa2000, 0x000001ef79fa4800, 0x000001ef79fab800, 0x000001ef79faa000,
0x000001ef79fab000, 0x000001ef79fac800, 0x000001ef79fad800, 0x000001ef79fae000,
0x000001ef79fa8800, 0x000001ef79fa9000, 0x000001ef79faf000, 0x000001ef79782000,
0x000001ef7977e800, 0x000001ef7977e000, 0x000001ef79781000, 0x000001ef79782800,
0x000001ef79780000, 0x000001ef7977d000, 0x000001ef79783800, 0x000001ef79784800,
0x000001ef79785000, 0x000001ef7977f800, 0x000001ef79786000, 0x000001ef79787000,
0x000001ef7978b800, 0x000001ef79787800, 0x000001ef79788800, 0x000001ef7978b000,
0x000001ef79789000, 0x000001ef7978a000, 0x000001ef79bc1000, 0x000001ef79bbe800,
0x000001ef79bbf000, 0x000001ef79bc1800, 0x000001ef79bc0000, 0x000001ef79bbc000,
0x000001ef79bc2800, 0x000001ef79bbc800, 0x000001ef79bbd800, 0x000001ef79bc4000,
0x000001ef79bc5000, 0x000001ef79bc6800, 0x000001ef79bc5800, 0x000001ef79bc7800,
0x000001ef79bc8000, 0x000001ef79bc9000, 0x000001ef79bc3800, 0x000001ef79bca000,
0x000001ef79bca800, 0x000001ef7c0e5800, 0x000001ef7c0eb000, 0x000001ef7c0e9800,
0x000001ef7c0e6000, 0x000001ef7c0ec800, 0x000001ef7c0ea000, 0x000001ef7c0ec000,
0x000001ef7c0e7000, 0x000001ef7c0ed800, 0x000001ef7c0e7800, 0x000001ef7c0f4000,
0x000001ef7c0f2800, 0x000001ef7c0ef000, 0x000001ef7c0ee800, 0x000001ef7c0f0800,
0x000001ef7c0f1800, 0x000001ef7c0f3000, 0x000001ef7c0f0000, 0x000001ef00bc4800,
0x000001ef00bc7000, 0x000001ef00bc3800, 0x000001ef00bc8800, 0x000001ef00bc9000,
0x000001ef00bca000, 0x000001ef00bc6000, 0x000001ef00bc7800
}

Java Threads: ( => current thread )
  0x000001ef595f4000 JavaThread "main" [_thread_blocked, id=11992, stack(0x0000000f08d00000,0x0000000f08e00000)]
  0x000001ef73a69000 JavaThread "Reference Handler" daemon [_thread_blocked, id=12684, stack(0x0000000f09400000,0x0000000f09500000)]
  0x000001ef73a72800 JavaThread "Finalizer" daemon [_thread_blocked, id=11336, stack(0x0000000f09500000,0x0000000f09600000)]
  0x000001ef74405800 JavaThread "Signal Dispatcher" daemon [_thread_blocked, id=4996, stack(0x0000000f09600000,0x0000000f09700000)]
  0x000001ef74406800 JavaThread "Attach Listener" daemon [_thread_blocked, id=9416, stack(0x0000000f09700000,0x0000000f09800000)]
  0x000001ef74408000 JavaThread "Service Thread" daemon [_thread_blocked, id=8448, stack(0x0000000f09800000,0x0000000f09900000)]
  0x000001ef7440e000 JavaThread "C2 CompilerThread0" daemon [_thread_blocked, id=3852, stack(0x0000000f09900000,0x0000000f09a00000)]
  0x000001ef74411000 JavaThread "C1 CompilerThread0" daemon [_thread_blocked, id=6068, stack(0x0000000f09a00000,0x0000000f09b00000)]
  0x000001ef7441b000 JavaThread "Sweeper thread" daemon [_thread_blocked, id=7036, stack(0x0000000f09b00000,0x0000000f09c00000)]
  0x000001ef74561000 JavaThread "Common-Cleaner" daemon [_thread_blocked, id=2952, stack(0x0000000f09c00000,0x0000000f09d00000)]
  0x000001ef756ed800 JavaThread "Daemon health stats" [_thread_blocked, id=14456, stack(0x0000000f0a000000,0x0000000f0a100000)]
  0x000001ef76a3a000 JavaThread "Incoming local TCP Connector on port 54699" [_thread_in_native, id=6708, stack(0x0000000f09e00000,0x0000000f09f00000)]
  0x000001ef775ca000 JavaThread "Daemon periodic checks" [_thread_blocked, id=8292, stack(0x0000000f0a200000,0x0000000f0a300000)]
  0x000001ef76bcc000 JavaThread "Daemon" [_thread_blocked, id=9896, stack(0x0000000f0a300000,0x0000000f0a400000)]
  0x000001ef77105800 JavaThread "Handler for socket connection from /127.0.0.1:54699 to /127.0.0.1:54700" [_thread_in_native, id=13572, stack(0x0000000f0a400000,0x0000000f0a500000)]
  0x000001ef759eb000 JavaThread "Cancel handler" [_thread_blocked, id=11236, stack(0x0000000f0a500000,0x0000000f0a600000)]
  0x000001ef77360800 JavaThread "Daemon worker" [_thread_blocked, id=13232, stack(0x0000000f0a600000,0x0000000f0a700000)]
  0x000001ef74da3000 JavaThread "Asynchronous log dispatcher for DefaultDaemonConnection: socket connection from /127.0.0.1:54699 to /127.0.0.1:54700" [_thread_blocked, id=1896, stack(0x0000000f0ad00000,0x0000000f0ae00000)]
  0x000001ef76528800 JavaThread "Stdin handler" [_thread_blocked, id=12612, stack(0x0000000f0ae00000,0x0000000f0af00000)]
  0x000001ef763d8800 JavaThread "Daemon client event forwarder" [_thread_blocked, id=15272, stack(0x0000000f0af00000,0x0000000f0b000000)]
  0x000001ef763db000 JavaThread "Cache worker for journal cache (C:\Users\Sebastopol\.gradle\caches\journal-1)" [_thread_blocked, id=8204, stack(0x0000000f0b000000,0x0000000f0b100000)]
  0x000001ef763da000 JavaThread "File lock request listener" [_thread_in_native, id=10364, stack(0x0000000f0b100000,0x0000000f0b200000)]
  0x000001ef763d9000 JavaThread "Cache worker for file hash cache (C:\Users\Sebastopol\.gradle\caches\7.2\fileHashes)" [_thread_blocked, id=928, stack(0x0000000f0b200000,0x0000000f0b300000)]
  0x000001ef77d08000 JavaThread "Cache worker for file hash cache (C:\Users\Sebastopol\AndroidStudioProjects\EjercicioApiNewsProto\.gradle\7.2\fileHashes)" [_thread_blocked, id=12676, stack(0x0000000f0b400000,0x0000000f0b500000)]
  0x000001ef77d08800 JavaThread "File watcher server" daemon [_thread_blocked, id=10132, stack(0x0000000f0b500000,0x0000000f0b600000)]
  0x000001ef77d0e800 JavaThread "File watcher consumer" daemon [_thread_blocked, id=15236, stack(0x0000000f0b600000,0x0000000f0b700000)]
  0x000001ef77d0d800 JavaThread "Cache worker for checksums cache (C:\Users\Sebastopol\AndroidStudioProjects\EjercicioApiNewsProto\.gradle\checksums)" [_thread_blocked, id=5692, stack(0x0000000f0b700000,0x0000000f0b800000)]
  0x000001ef77d0c000 JavaThread "Cache worker for cache directory md-supplier (C:\Users\Sebastopol\.gradle\caches\7.2\md-supplier)" [_thread_blocked, id=13564, stack(0x0000000f0b800000,0x0000000f0b900000)]
  0x000001ef77d09800 JavaThread "Cache worker for cache directory md-rule (C:\Users\Sebastopol\.gradle\caches\7.2\md-rule)" [_thread_blocked, id=1384, stack(0x0000000f0b900000,0x0000000f0ba00000)]
  0x000001ef77d0a000 JavaThread "Cache worker for execution history cache (C:\Users\Sebastopol\.gradle\caches\7.2\executionHistory)" [_thread_blocked, id=17388, stack(0x0000000f0ba00000,0x0000000f0bb00000)]
  0x000001ef7748d800 JavaThread "jar transforms" [_thread_blocked, id=9064, stack(0x0000000f0bb00000,0x0000000f0bc00000)]
  0x000001ef77489000 JavaThread "Cache worker for file content cache (C:\Users\Sebastopol\.gradle\caches\7.2\fileContent)" [_thread_blocked, id=2032, stack(0x0000000f0bc00000,0x0000000f0bd00000)]
  0x000001ef7748b000 JavaThread "jar transforms Thread 2" [_thread_blocked, id=2756, stack(0x0000000f0bd00000,0x0000000f0be00000)]
  0x000001ef77488800 JavaThread "Cache worker for dependencies-accessors (C:\Users\Sebastopol\AndroidStudioProjects\EjercicioApiNewsProto\.gradle\7.2\dependencies-accessors)" [_thread_blocked, id=14220, stack(0x0000000f0be00000,0x0000000f0bf00000)]
  0x000001ef7748c800 JavaThread "jar transforms Thread 3" [_thread_blocked, id=13996, stack(0x0000000f0bf00000,0x0000000f0c000000)]
  0x000001ef77490800 JavaThread "Cache worker for Build Output Cleanup Cache (C:\Users\Sebastopol\AndroidStudioProjects\EjercicioApiNewsProto\.gradle\buildOutputCleanup)" [_thread_blocked, id=13040, stack(0x0000000f0c000000,0x0000000f0c100000)]
  0x000001ef77495800 JavaThread "Unconstrained build operations" [_thread_blocked, id=5996, stack(0x0000000f0c100000,0x0000000f0c200000)]
  0x000001ef77494800 JavaThread "Unconstrained build operations Thread 2" [_thread_blocked, id=7924, stack(0x0000000f0c200000,0x0000000f0c300000)]
  0x000001ef7748f800 JavaThread "Unconstrained build operations Thread 3" [_thread_blocked, id=8200, stack(0x0000000f0c300000,0x0000000f0c400000)]
  0x000001ef77493000 JavaThread "Unconstrained build operations Thread 4" [_thread_blocked, id=5932, stack(0x0000000f0c400000,0x0000000f0c500000)]
  0x000001ef77491800 JavaThread "Unconstrained build operations Thread 5" [_thread_blocked, id=16636, stack(0x0000000f0c500000,0x0000000f0c600000)]
  0x000001ef77496000 JavaThread "Unconstrained build operations Thread 6" [_thread_blocked, id=12492, stack(0x0000000f0c600000,0x0000000f0c700000)]
  0x000001ef77497000 JavaThread "Unconstrained build operations Thread 7" [_thread_blocked, id=15900, stack(0x0000000f0c700000,0x0000000f0c800000)]
  0x000001ef77492000 JavaThread "Unconstrained build operations Thread 8" [_thread_blocked, id=6196, stack(0x0000000f0c800000,0x0000000f0c900000)]
  0x000001ef77494000 JavaThread "Unconstrained build operations Thread 9" [_thread_blocked, id=2560, stack(0x0000000f0c900000,0x0000000f0ca00000)]
  0x000001ef79a52800 JavaThread "Unconstrained build operations Thread 10" [_thread_blocked, id=13028, stack(0x0000000f0ca00000,0x0000000f0cb00000)]
  0x000001ef79a53800 JavaThread "Unconstrained build operations Thread 11" [_thread_blocked, id=14376, stack(0x0000000f0cb00000,0x0000000f0cc00000)]
  0x000001ef79a56000 JavaThread "Unconstrained build operations Thread 12" [_thread_blocked, id=11224, stack(0x0000000f0cc00000,0x0000000f0cd00000)]
  0x000001ef79a50800 JavaThread "Unconstrained build operations Thread 13" [_thread_blocked, id=13156, stack(0x0000000f0cd00000,0x0000000f0ce00000)]
  0x000001ef79a54800 JavaThread "Unconstrained build operations Thread 14" [_thread_blocked, id=14888, stack(0x0000000f0ce00000,0x0000000f0cf00000)]
  0x000001ef79a57000 JavaThread "Unconstrained build operations Thread 15" [_thread_blocked, id=10956, stack(0x0000000f0cf00000,0x0000000f0d000000)]
  0x000001ef79a51000 JavaThread "Unconstrained build operations Thread 16" [_thread_blocked, id=14148, stack(0x0000000f0d000000,0x0000000f0d100000)]
  0x000001ef79a52000 JavaThread "Unconstrained build operations Thread 17" [_thread_blocked, id=4840, stack(0x0000000f0d100000,0x0000000f0d200000)]
  0x000001ef79a57800 JavaThread "Unconstrained build operations Thread 18" [_thread_blocked, id=10020, stack(0x0000000f0d200000,0x0000000f0d300000)]
  0x000001ef79a55000 JavaThread "Unconstrained build operations Thread 19" [_thread_blocked, id=12140, stack(0x0000000f0d300000,0x0000000f0d400000)]
  0x000001ef79a5c800 JavaThread "Unconstrained build operations Thread 20" [_thread_blocked, id=13496, stack(0x0000000f0d400000,0x0000000f0d500000)]
  0x000001ef79a5e000 JavaThread "Unconstrained build operations Thread 21" [_thread_blocked, id=10224, stack(0x0000000f0d500000,0x0000000f0d600000)]
  0x000001ef79a5d800 JavaThread "Unconstrained build operations Thread 22" [_thread_blocked, id=624, stack(0x0000000f0d600000,0x0000000f0d700000)]
  0x000001ef79a5a000 JavaThread "Unconstrained build operations Thread 23" [_thread_blocked, id=9564, stack(0x0000000f0d700000,0x0000000f0d800000)]
  0x000001ef79a58800 JavaThread "Unconstrained build operations Thread 24" [_thread_blocked, id=10116, stack(0x0000000f0d800000,0x0000000f0d900000)]
  0x000001ef79a5b800 JavaThread "Unconstrained build operations Thread 25" [_thread_blocked, id=16700, stack(0x0000000f0d900000,0x0000000f0da00000)]
  0x000001ef79a5f000 JavaThread "Unconstrained build operations Thread 26" [_thread_blocked, id=6008, stack(0x0000000f0da00000,0x0000000f0db00000)]
  0x000001ef79a59800 JavaThread "Unconstrained build operations Thread 27" [_thread_blocked, id=13612, stack(0x0000000f0db00000,0x0000000f0dc00000)]
  0x000001ef79a5b000 JavaThread "Unconstrained build operations Thread 28" [_thread_blocked, id=12188, stack(0x0000000f0dc00000,0x0000000f0dd00000)]
  0x000001ef79fa6000 JavaThread "Unconstrained build operations Thread 29" [_thread_blocked, id=1464, stack(0x0000000f0dd00000,0x0000000f0de00000)]
  0x000001ef79fa5000 JavaThread "Unconstrained build operations Thread 30" [_thread_blocked, id=12756, stack(0x0000000f0de00000,0x0000000f0df00000)]
  0x000001ef79fa0000 JavaThread "Unconstrained build operations Thread 31" [_thread_blocked, id=10836, stack(0x0000000f0df00000,0x0000000f0e000000)]
  0x000001ef79fa3800 JavaThread "Unconstrained build operations Thread 32" [_thread_blocked, id=10996, stack(0x0000000f0e000000,0x0000000f0e100000)]
  0x000001ef79fa6800 JavaThread "Unconstrained build operations Thread 33" [_thread_blocked, id=11432, stack(0x0000000f0e100000,0x0000000f0e200000)]
  0x000001ef79fa1000 JavaThread "Unconstrained build operations Thread 34" [_thread_blocked, id=16380, stack(0x0000000f0e200000,0x0000000f0e300000)]
  0x000001ef79fa7800 JavaThread "Unconstrained build operations Thread 35" [_thread_blocked, id=14296, stack(0x0000000f0e300000,0x0000000f0e400000)]
  0x000001ef79fa2800 JavaThread "Unconstrained build operations Thread 36" [_thread_blocked, id=16852, stack(0x0000000f0e400000,0x0000000f0e500000)]
  0x000001ef79fa2000 JavaThread "Unconstrained build operations Thread 37" [_thread_blocked, id=1596, stack(0x0000000f0e500000,0x0000000f0e600000)]
  0x000001ef79fa4800 JavaThread "Unconstrained build operations Thread 38" [_thread_blocked, id=14500, stack(0x0000000f0e600000,0x0000000f0e700000)]
  0x000001ef79fab800 JavaThread "Unconstrained build operations Thread 39" [_thread_blocked, id=8840, stack(0x0000000f0e700000,0x0000000f0e800000)]
  0x000001ef79faa000 JavaThread "Unconstrained build operations Thread 40" [_thread_blocked, id=1436, stack(0x0000000f0e800000,0x0000000f0e900000)]
  0x000001ef79fab000 JavaThread "Unconstrained build operations Thread 41" [_thread_blocked, id=15432, stack(0x0000000f0e900000,0x0000000f0ea00000)]
  0x000001ef79fac800 JavaThread "Unconstrained build operations Thread 42" [_thread_blocked, id=11956, stack(0x0000000f0ea00000,0x0000000f0eb00000)]
  0x000001ef79fad800 JavaThread "Unconstrained build operations Thread 43" [_thread_blocked, id=4328, stack(0x0000000f0eb00000,0x0000000f0ec00000)]
  0x000001ef79fae000 JavaThread "Unconstrained build operations Thread 44" [_thread_blocked, id=17208, stack(0x0000000f0ec00000,0x0000000f0ed00000)]
  0x000001ef79fa8800 JavaThread "Unconstrained build operations Thread 45" [_thread_blocked, id=10676, stack(0x0000000f0ed00000,0x0000000f0ee00000)]
  0x000001ef79fa9000 JavaThread "Unconstrained build operations Thread 46" [_thread_blocked, id=10096, stack(0x0000000f0ee00000,0x0000000f0ef00000)]
  0x000001ef79faf000 JavaThread "Unconstrained build operations Thread 47" [_thread_blocked, id=9420, stack(0x0000000f0ef00000,0x0000000f0f000000)]
  0x000001ef79782000 JavaThread "Unconstrained build operations Thread 48" [_thread_blocked, id=7444, stack(0x0000000f0f000000,0x0000000f0f100000)]
  0x000001ef7977e800 JavaThread "Unconstrained build operations Thread 49" [_thread_blocked, id=12168, stack(0x0000000f0f100000,0x0000000f0f200000)]
  0x000001ef7977e000 JavaThread "Unconstrained build operations Thread 50" [_thread_blocked, id=16336, stack(0x0000000f0f200000,0x0000000f0f300000)]
  0x000001ef79781000 JavaThread "Unconstrained build operations Thread 51" [_thread_blocked, id=13004, stack(0x0000000f0f300000,0x0000000f0f400000)]
  0x000001ef79782800 JavaThread "Unconstrained build operations Thread 52" [_thread_blocked, id=15344, stack(0x0000000f0f400000,0x0000000f0f500000)]
  0x000001ef79780000 JavaThread "Unconstrained build operations Thread 53" [_thread_blocked, id=3104, stack(0x0000000f0f500000,0x0000000f0f600000)]
  0x000001ef7977d000 JavaThread "Unconstrained build operations Thread 54" [_thread_blocked, id=5288, stack(0x0000000f0f600000,0x0000000f0f700000)]
  0x000001ef79783800 JavaThread "Unconstrained build operations Thread 55" [_thread_blocked, id=15504, stack(0x0000000f0f700000,0x0000000f0f800000)]
  0x000001ef79784800 JavaThread "Unconstrained build operations Thread 56" [_thread_blocked, id=9588, stack(0x0000000f0f800000,0x0000000f0f900000)]
  0x000001ef79785000 JavaThread "Unconstrained build operations Thread 57" [_thread_blocked, id=6592, stack(0x0000000f0f900000,0x0000000f0fa00000)]
  0x000001ef7977f800 JavaThread "Unconstrained build operations Thread 58" [_thread_blocked, id=12708, stack(0x0000000f0fa00000,0x0000000f0fb00000)]
  0x000001ef79786000 JavaThread "Unconstrained build operations Thread 59" [_thread_blocked, id=7812, stack(0x0000000f0fb00000,0x0000000f0fc00000)]
  0x000001ef79787000 JavaThread "Unconstrained build operations Thread 60" [_thread_blocked, id=15392, stack(0x0000000f0fc00000,0x0000000f0fd00000)]
  0x000001ef7978b800 JavaThread "Unconstrained build operations Thread 61" [_thread_blocked, id=5296, stack(0x0000000f0fd00000,0x0000000f0fe00000)]
  0x000001ef79787800 JavaThread "Unconstrained build operations Thread 62" [_thread_blocked, id=5672, stack(0x0000000f0fe00000,0x0000000f0ff00000)]
  0x000001ef79788800 JavaThread "Unconstrained build operations Thread 63" [_thread_blocked, id=5668, stack(0x0000000f0ff00000,0x0000000f10000000)]
  0x000001ef7978b000 JavaThread "Unconstrained build operations Thread 64" [_thread_blocked, id=16272, stack(0x0000000f10000000,0x0000000f10100000)]
  0x000001ef79789000 JavaThread "Unconstrained build operations Thread 65" [_thread_blocked, id=4180, stack(0x0000000f10100000,0x0000000f10200000)]
  0x000001ef7978a000 JavaThread "Unconstrained build operations Thread 66" [_thread_blocked, id=11480, stack(0x0000000f10200000,0x0000000f10300000)]
  0x000001ef79bc1000 JavaThread "Unconstrained build operations Thread 67" [_thread_blocked, id=15820, stack(0x0000000f10300000,0x0000000f10400000)]
  0x000001ef79bbe800 JavaThread "Unconstrained build operations Thread 68" [_thread_blocked, id=9364, stack(0x0000000f10400000,0x0000000f10500000)]
  0x000001ef79bbf000 JavaThread "Unconstrained build operations Thread 69" [_thread_blocked, id=13268, stack(0x0000000f10500000,0x0000000f10600000)]
  0x000001ef79bc1800 JavaThread "Unconstrained build operations Thread 70" [_thread_blocked, id=7136, stack(0x0000000f10600000,0x0000000f10700000)]
  0x000001ef79bc0000 JavaThread "Unconstrained build operations Thread 71" [_thread_blocked, id=16608, stack(0x0000000f10700000,0x0000000f10800000)]
  0x000001ef79bbc000 JavaThread "Unconstrained build operations Thread 72" [_thread_blocked, id=17104, stack(0x0000000f10800000,0x0000000f10900000)]
  0x000001ef79bc2800 JavaThread "Unconstrained build operations Thread 73" [_thread_blocked, id=17352, stack(0x0000000f10900000,0x0000000f10a00000)]
  0x000001ef79bbc800 JavaThread "Unconstrained build operations Thread 74" [_thread_blocked, id=16688, stack(0x0000000f10a00000,0x0000000f10b00000)]
  0x000001ef79bbd800 JavaThread "Unconstrained build operations Thread 75" [_thread_blocked, id=10144, stack(0x0000000f10b00000,0x0000000f10c00000)]
  0x000001ef79bc4000 JavaThread "Unconstrained build operations Thread 76" [_thread_blocked, id=12400, stack(0x0000000f10c00000,0x0000000f10d00000)]
  0x000001ef79bc5000 JavaThread "Unconstrained build operations Thread 77" [_thread_blocked, id=12340, stack(0x0000000f10d00000,0x0000000f10e00000)]
  0x000001ef79bc6800 JavaThread "Unconstrained build operations Thread 78" [_thread_blocked, id=11840, stack(0x0000000f10e00000,0x0000000f10f00000)]
  0x000001ef79bc5800 JavaThread "Unconstrained build operations Thread 79" [_thread_blocked, id=8708, stack(0x0000000f10f00000,0x0000000f11000000)]
  0x000001ef79bc7800 JavaThread "Unconstrained build operations Thread 80" [_thread_blocked, id=15980, stack(0x0000000f11000000,0x0000000f11100000)]
  0x000001ef79bc8000 JavaThread "jar transforms Thread 4" [_thread_blocked, id=13644, stack(0x0000000f11100000,0x0000000f11200000)]
  0x000001ef79bc9000 JavaThread "jar transforms Thread 5" [_thread_blocked, id=12200, stack(0x0000000f11200000,0x0000000f11300000)]
  0x000001ef79bc3800 JavaThread "jar transforms Thread 6" [_thread_blocked, id=13600, stack(0x0000000f11300000,0x0000000f11400000)]
  0x000001ef79bca000 JavaThread "jar transforms Thread 7" [_thread_blocked, id=628, stack(0x0000000f11400000,0x0000000f11500000)]
  0x000001ef79bca800 JavaThread "jar transforms Thread 8" [_thread_blocked, id=3232, stack(0x0000000f11500000,0x0000000f11600000)]
  0x000001ef7c0e5800 JavaThread "C2 CompilerThread1" daemon [_thread_blocked, id=13932, stack(0x0000000f0a100000,0x0000000f0a200000)]
  0x000001ef7c0eb000 JavaThread "Memory manager" [_thread_blocked, id=3944, stack(0x0000000f11600000,0x0000000f11700000)]
  0x000001ef7c0e9800 JavaThread "build event listener" [_thread_blocked, id=4560, stack(0x0000000f11700000,0x0000000f11800000)]
  0x000001ef7c0e6000 JavaThread "Execution worker for ':'" [_thread_blocked, id=9612, stack(0x0000000f11800000,0x0000000f11900000)]
  0x000001ef7c0ec800 JavaThread "Execution worker for ':' Thread 2" [_thread_blocked, id=7328, stack(0x0000000f11900000,0x0000000f11a00000)]
  0x000001ef7c0ea000 JavaThread "Execution worker for ':' Thread 3" [_thread_blocked, id=12248, stack(0x0000000f11a00000,0x0000000f11b00000)]
  0x000001ef7c0ec000 JavaThread "Execution worker for ':' Thread 4" [_thread_blocked, id=14328, stack(0x0000000f11b00000,0x0000000f11c00000)]
  0x000001ef7c0e7000 JavaThread "Execution worker for ':' Thread 5" [_thread_blocked, id=7600, stack(0x0000000f11c00000,0x0000000f11d00000)]
  0x000001ef7c0ed800 JavaThread "Execution worker for ':' Thread 6" [_thread_blocked, id=8136, stack(0x0000000f11d00000,0x0000000f11e00000)]
  0x000001ef7c0e7800 JavaThread "Execution worker for ':' Thread 7" [_thread_blocked, id=7236, stack(0x0000000f11e00000,0x0000000f11f00000)]
  0x000001ef7c0f4000 JavaThread "Cache worker for execution history cache (C:\Users\Sebastopol\AndroidStudioProjects\EjercicioApiNewsProto\.gradle\7.2\executionHistory)" [_thread_blocked, id=12116, stack(0x0000000f11f00000,0x0000000f12000000)]
  0x000001ef7c0f2800 JavaThread "WorkerExecutor Queue" [_thread_blocked, id=8072, stack(0x0000000f12000000,0x0000000f12100000)]
  0x000001ef7c0ef000 JavaThread "WorkerExecutor Queue Thread 2" [_thread_blocked, id=14956, stack(0x0000000f12100000,0x0000000f12200000)]
  0x000001ef7c0ee800 JavaThread "WorkerExecutor Queue Thread 3" [_thread_blocked, id=1160, stack(0x0000000f12200000,0x0000000f12300000)]
  0x000001ef7c0f0800 JavaThread "WorkerExecutor Queue Thread 4" [_thread_blocked, id=16692, stack(0x0000000f12300000,0x0000000f12400000)]
  0x000001ef7c0f1800 JavaThread "pool-3-thread-1" [_thread_blocked, id=13144, stack(0x0000000f12400000,0x0000000f12500000)]
  0x000001ef7c0f3000 JavaThread "stderr" [_thread_in_native, id=16324, stack(0x0000000f12500000,0x0000000f12600000)]
  0x000001ef7c0f0000 JavaThread "stdout" [_thread_in_native, id=5732, stack(0x0000000f12600000,0x0000000f12700000)]
  0x000001ef00bc4800 JavaThread "ForkJoinPool-1-worker-3" daemon [_thread_blocked, id=16392, stack(0x0000000f12700000,0x0000000f12800000)]
  0x000001ef00bc7000 JavaThread "ForkJoinPool-1-worker-5" daemon [_thread_blocked, id=12180, stack(0x0000000f12800000,0x0000000f12900000)]
  0x000001ef00bc3800 JavaThread "ForkJoinPool-1-worker-9" daemon [_thread_blocked, id=12600, stack(0x0000000f12900000,0x0000000f12a00000)]
  0x000001ef00bc8800 JavaThread "ForkJoinPool-1-worker-7" daemon [_thread_blocked, id=2472, stack(0x0000000f12a00000,0x0000000f12b00000)]
  0x000001ef00bc9000 JavaThread "ForkJoinPool-1-worker-11" daemon [_thread_blocked, id=2460, stack(0x0000000f12b00000,0x0000000f12c00000)]
  0x000001ef00bca000 JavaThread "ForkJoinPool-1-worker-13" daemon [_thread_blocked, id=12436, stack(0x0000000f12c00000,0x0000000f12d00000)]
  0x000001ef00bc6000 JavaThread "ForkJoinPool-1-worker-15" daemon [_thread_blocked, id=15908, stack(0x0000000f12d00000,0x0000000f12e00000)]
  0x000001ef00bc7800 JavaThread "ForkJoinPool-1-worker-1" daemon [_thread_blocked, id=7844, stack(0x0000000f12e00000,0x0000000f12f00000)]

Other Threads:
=>0x000001ef73a63000 VMThread "VM Thread" [stack: 0x0000000f09300000,0x0000000f09400000] [id=14496]
  0x000001ef74572800 WatcherThread [stack: 0x0000000f09d00000,0x0000000f09e00000] [id=4904]
  0x000001ef5960c000 GCTaskThread "GC Thread#0" [stack: 0x0000000f08e00000,0x0000000f08f00000] [id=15460]
  0x000001ef752f0800 GCTaskThread "GC Thread#1" [stack: 0x0000000f09f00000,0x0000000f0a000000] [id=4480]
  0x000001ef75a8a800 GCTaskThread "GC Thread#2" [stack: 0x0000000f0a700000,0x0000000f0a800000] [id=15640]
  0x000001ef75c80800 GCTaskThread "GC Thread#3" [stack: 0x0000000f0a800000,0x0000000f0a900000] [id=8224]
  0x000001ef75837000 GCTaskThread "GC Thread#4" [stack: 0x0000000f0a900000,0x0000000f0aa00000] [id=12484]
  0x000001ef75ca1800 GCTaskThread "GC Thread#5" [stack: 0x0000000f0aa00000,0x0000000f0ab00000] [id=16144]
  0x000001ef763dc800 GCTaskThread "GC Thread#6" [stack: 0x0000000f0ab00000,0x0000000f0ac00000] [id=13544]
  0x000001ef7781f000 GCTaskThread "GC Thread#7" [stack: 0x0000000f0ac00000,0x0000000f0ad00000] [id=14408]
  0x000001ef5963e800 ConcurrentGCThread "G1 Main Marker" [stack: 0x0000000f08f00000,0x0000000f09000000] [id=16088]
  0x000001ef59640000 ConcurrentGCThread "G1 Conc#0" [stack: 0x0000000f09000000,0x0000000f09100000] [id=14324]
  0x000001ef75325000 ConcurrentGCThread "G1 Conc#1" [stack: 0x0000000f0b300000,0x0000000f0b400000] [id=13208]
  0x000001ef596be000 ConcurrentGCThread "G1 Refine#0" [stack: 0x0000000f09100000,0x0000000f09200000] [id=15736]
  0x000001ef738b2800 ConcurrentGCThread "G1 Young RemSet Sampling" [stack: 0x0000000f09200000,0x0000000f09300000] [id=11560]

Threads with active compile tasks:
C2 CompilerThread0  19490 11560       4       com.android.tools.r8.internal.TV0::a (175 bytes)
C1 CompilerThread0  19490 11580       2       com.android.tools.r8.code.f2::<init> (7 bytes)
C2 CompilerThread1  19490 11425       4       com.android.tools.r8.code.x1::a (4130 bytes)

VM state:at safepoint (normal execution)

VM Mutex/Monitor currently owned by a thread:  ([mutex/lock_event])
[0x000001ef595eeed0] Threads_lock - owner thread: 0x000001ef73a63000
[0x000001ef595efc50] Heap_lock - owner thread: 0x000001ef00bc7000

Heap address: 0x0000000080000000, size: 2048 MB, Compressed Oops mode: 32-bit
Narrow klass base: 0x0000000000000000, Narrow klass shift: 3
Compressed class space size: 1073741824 Address: 0x0000000100000000

Heap:
 garbage-first heap   total 328704K, used 172459K [0x0000000080000000, 0x0000000100000000)
  region size 1024K, 3 young (3072K), 3 survivors (3072K)
 Metaspace       used 95590K, capacity 97858K, committed 98032K, reserved 1134592K
  class space    used 12568K, capacity 13444K, committed 13516K, reserved 1048576K
Heap Regions: E=young(eden), S=young(survivor), O=old, HS=humongous(starts), HC=humongous(continues), CS=collection set, F=free, A=archive, TAMS=top-at-mark-start (previous, next)
|   0|0x0000000080000000, 0x0000000080100000, 0x0000000080100000|100%| O|  |TAMS 0x0000000080100000, 0x0000000080100000| Untracked 
|   1|0x0000000080100000, 0x0000000080200000, 0x0000000080200000|100%| O|  |TAMS 0x0000000080200000, 0x0000000080200000| Untracked 
|   2|0x0000000080200000, 0x0000000080300000, 0x0000000080300000|100%| O|  |TAMS 0x0000000080300000, 0x0000000080300000| Untracked 
|   3|0x0000000080300000, 0x0000000080400000, 0x0000000080400000|100%|HS|  |TAMS 0x0000000080400000, 0x0000000080400000| Complete 
|   4|0x0000000080400000, 0x0000000080500000, 0x0000000080500000|100%|HC|  |TAMS 0x0000000080500000, 0x0000000080500000| Complete 
|   5|0x0000000080500000, 0x0000000080600000, 0x0000000080600000|100%|HC|  |TAMS 0x0000000080600000, 0x0000000080600000| Complete 
|   6|0x0000000080600000, 0x0000000080700000, 0x0000000080700000|100%| O|  |TAMS 0x0000000080700000, 0x0000000080700000| Untracked 
|   7|0x0000000080700000, 0x0000000080800000, 0x0000000080800000|100%| O|  |TAMS 0x0000000080800000, 0x0000000080800000| Untracked 
|   8|0x0000000080800000, 0x0000000080900000, 0x0000000080900000|100%| O|  |TAMS 0x0000000080900000, 0x0000000080900000| Untracked 
|   9|0x0000000080900000, 0x0000000080a00000, 0x0000000080a00000|100%| O|  |TAMS 0x0000000080a00000, 0x0000000080a00000| Untracked 
|  10|0x0000000080a00000, 0x0000000080b00000, 0x0000000080b00000|100%| O|  |TAMS 0x0000000080b00000, 0x0000000080b00000| Untracked 
|  11|0x0000000080b00000, 0x0000000080c00000, 0x0000000080c00000|100%| O|  |TAMS 0x0000000080c00000, 0x0000000080c00000| Untracked 
|  12|0x0000000080c00000, 0x0000000080d00000, 0x0000000080d00000|100%| O|  |TAMS 0x0000000080d00000, 0x0000000080d00000| Untracked 
|  13|0x0000000080d00000, 0x0000000080e00000, 0x0000000080e00000|100%| O|  |TAMS 0x0000000080e00000, 0x0000000080e00000| Untracked 
|  14|0x0000000080e00000, 0x0000000080f00000, 0x0000000080f00000|100%| O|  |TAMS 0x0000000080f00000, 0x0000000080f00000| Untracked 
|  15|0x0000000080f00000, 0x0000000081000000, 0x0000000081000000|100%| O|  |TAMS 0x0000000081000000, 0x0000000081000000| Untracked 
|  16|0x0000000081000000, 0x0000000081100000, 0x0000000081100000|100%| O|  |TAMS 0x0000000081100000, 0x0000000081100000| Untracked 
|  17|0x0000000081100000, 0x0000000081200000, 0x0000000081200000|100%|HS|  |TAMS 0x0000000081200000, 0x0000000081200000| Complete 
|  18|0x0000000081200000, 0x0000000081300000, 0x0000000081300000|100%| O|  |TAMS 0x0000000081300000, 0x0000000081300000| Untracked 
|  19|0x0000000081300000, 0x0000000081400000, 0x0000000081400000|100%| O|  |TAMS 0x0000000081400000, 0x0000000081400000| Untracked 
|  20|0x0000000081400000, 0x0000000081500000, 0x0000000081500000|100%| O|  |TAMS 0x0000000081500000, 0x0000000081500000| Untracked 
|  21|0x0000000081500000, 0x0000000081600000, 0x0000000081600000|100%| O|  |TAMS 0x0000000081600000, 0x0000000081600000| Untracked 
|  22|0x0000000081600000, 0x0000000081700000, 0x0000000081700000|100%| O|  |TAMS 0x0000000081700000, 0x0000000081700000| Untracked 
|  23|0x0000000081700000, 0x0000000081800000, 0x0000000081800000|100%| O|  |TAMS 0x0000000081800000, 0x0000000081800000| Untracked 
|  24|0x0000000081800000, 0x0000000081900000, 0x0000000081900000|100%| O|  |TAMS 0x0000000081900000, 0x0000000081900000| Untracked 
|  25|0x0000000081900000, 0x0000000081a00000, 0x0000000081a00000|100%| O|  |TAMS 0x0000000081a00000, 0x0000000081a00000| Untracked 
|  26|0x0000000081a00000, 0x0000000081b00000, 0x0000000081b00000|100%| O|  |TAMS 0x0000000081b00000, 0x0000000081b00000| Untracked 
|  27|0x0000000081b00000, 0x0000000081c00000, 0x0000000081c00000|100%|HS|  |TAMS 0x0000000081c00000, 0x0000000081c00000| Complete 
|  28|0x0000000081c00000, 0x0000000081d00000, 0x0000000081d00000|100%|HS|  |TAMS 0x0000000081d00000, 0x0000000081d00000| Complete 
|  29|0x0000000081d00000, 0x0000000081e00000, 0x0000000081e00000|100%|HS|  |TAMS 0x0000000081e00000, 0x0000000081e00000| Complete 
|  30|0x0000000081e00000, 0x0000000081f00000, 0x0000000081f00000|100%|HS|  |TAMS 0x0000000081f00000, 0x0000000081f00000| Complete 
|  31|0x0000000081f00000, 0x0000000082000000, 0x0000000082000000|100%|HC|  |TAMS 0x0000000082000000, 0x0000000082000000| Complete 
|  32|0x0000000082000000, 0x0000000082100000, 0x0000000082100000|100%|HC|  |TAMS 0x0000000082100000, 0x0000000082100000| Complete 
|  33|0x0000000082100000, 0x0000000082200000, 0x0000000082200000|100%|HS|  |TAMS 0x0000000082200000, 0x0000000082200000| Complete 
|  34|0x0000000082200000, 0x0000000082300000, 0x0000000082300000|100%|HC|  |TAMS 0x0000000082300000, 0x0000000082300000| Complete 
|  35|0x0000000082300000, 0x0000000082400000, 0x0000000082400000|100%| O|  |TAMS 0x0000000082400000, 0x0000000082400000| Untracked 
|  36|0x0000000082400000, 0x0000000082500000, 0x0000000082500000|100%| O|  |TAMS 0x0000000082500000, 0x0000000082500000| Untracked 
|  37|0x0000000082500000, 0x0000000082600000, 0x0000000082600000|100%| O|  |TAMS 0x0000000082600000, 0x0000000082600000| Untracked 
|  38|0x0000000082600000, 0x0000000082700000, 0x0000000082700000|100%| O|  |TAMS 0x0000000082700000, 0x0000000082700000| Untracked 
|  39|0x0000000082700000, 0x0000000082800000, 0x0000000082800000|100%| O|  |TAMS 0x0000000082800000, 0x0000000082800000| Untracked 
|  40|0x0000000082800000, 0x0000000082900000, 0x0000000082900000|100%| O|  |TAMS 0x0000000082900000, 0x0000000082900000| Untracked 
|  41|0x0000000082900000, 0x0000000082a00000, 0x0000000082a00000|100%| O|  |TAMS 0x0000000082a00000, 0x0000000082a00000| Untracked 
|  42|0x0000000082a00000, 0x0000000082b00000, 0x0000000082b00000|100%| O|  |TAMS 0x0000000082b00000, 0x0000000082b00000| Untracked 
|  43|0x0000000082b00000, 0x0000000082c00000, 0x0000000082c00000|100%| O|  |TAMS 0x0000000082c00000, 0x0000000082c00000| Untracked 
|  44|0x0000000082c00000, 0x0000000082d00000, 0x0000000082d00000|100%| O|  |TAMS 0x0000000082d00000, 0x0000000082d00000| Untracked 
|  45|0x0000000082d00000, 0x0000000082e00000, 0x0000000082e00000|100%| O|  |TAMS 0x0000000082e00000, 0x0000000082e00000| Untracked 
|  46|0x0000000082e00000, 0x0000000082f00000, 0x0000000082f00000|100%| O|  |TAMS 0x0000000082f00000, 0x0000000082f00000| Untracked 
|  47|0x0000000082f00000, 0x0000000083000000, 0x0000000083000000|100%| O|  |TAMS 0x0000000083000000, 0x0000000083000000| Untracked 
|  48|0x0000000083000000, 0x0000000083100000, 0x0000000083100000|100%| O|  |TAMS 0x0000000083100000, 0x0000000083100000| Untracked 
|  49|0x0000000083100000, 0x0000000083200000, 0x0000000083200000|100%| O|  |TAMS 0x0000000083200000, 0x0000000083200000| Untracked 
|  50|0x0000000083200000, 0x0000000083300000, 0x0000000083300000|100%| O|  |TAMS 0x0000000083300000, 0x0000000083300000| Untracked 
|  51|0x0000000083300000, 0x0000000083400000, 0x0000000083400000|100%| O|  |TAMS 0x0000000083400000, 0x0000000083400000| Untracked 
|  52|0x0000000083400000, 0x0000000083500000, 0x0000000083500000|100%| O|  |TAMS 0x0000000083500000, 0x0000000083500000| Untracked 
|  53|0x0000000083500000, 0x0000000083600000, 0x0000000083600000|100%| O|  |TAMS 0x0000000083600000, 0x0000000083600000| Untracked 
|  54|0x0000000083600000, 0x0000000083700000, 0x0000000083700000|100%| O|  |TAMS 0x0000000083700000, 0x0000000083700000| Untracked 
|  55|0x0000000083700000, 0x0000000083800000, 0x0000000083800000|100%| O|  |TAMS 0x0000000083800000, 0x0000000083800000| Untracked 
|  56|0x0000000083800000, 0x0000000083900000, 0x0000000083900000|100%| O|  |TAMS 0x0000000083900000, 0x0000000083900000| Untracked 
|  57|0x0000000083900000, 0x0000000083a00000, 0x0000000083a00000|100%| O|  |TAMS 0x0000000083a00000, 0x0000000083a00000| Untracked 
|  58|0x0000000083a00000, 0x0000000083b00000, 0x0000000083b00000|100%| O|  |TAMS 0x0000000083b00000, 0x0000000083b00000| Untracked 
|  59|0x0000000083b00000, 0x0000000083c00000, 0x0000000083c00000|100%| O|  |TAMS 0x0000000083c00000, 0x0000000083c00000| Untracked 
|  60|0x0000000083c00000, 0x0000000083d00000, 0x0000000083d00000|100%| O|  |TAMS 0x0000000083d00000, 0x0000000083d00000| Untracked 
|  61|0x0000000083d00000, 0x0000000083e00000, 0x0000000083e00000|100%| O|  |TAMS 0x0000000083e00000, 0x0000000083e00000| Untracked 
|  62|0x0000000083e00000, 0x0000000083f00000, 0x0000000083f00000|100%| O|  |TAMS 0x0000000083f00000, 0x0000000083f00000| Untracked 
|  63|0x0000000083f00000, 0x0000000084000000, 0x0000000084000000|100%| O|  |TAMS 0x0000000084000000, 0x0000000084000000| Untracked 
|  64|0x0000000084000000, 0x0000000084100000, 0x0000000084100000|100%| O|  |TAMS 0x0000000084100000, 0x0000000084100000| Untracked 
|  65|0x0000000084100000, 0x0000000084200000, 0x0000000084200000|100%| O|  |TAMS 0x0000000084200000, 0x0000000084200000| Untracked 
|  66|0x0000000084200000, 0x0000000084300000, 0x0000000084300000|100%| O|  |TAMS 0x0000000084300000, 0x0000000084300000| Untracked 
|  67|0x0000000084300000, 0x0000000084400000, 0x0000000084400000|100%| O|  |TAMS 0x0000000084400000, 0x0000000084400000| Untracked 
|  68|0x0000000084400000, 0x0000000084500000, 0x0000000084500000|100%| O|  |TAMS 0x0000000084500000, 0x0000000084500000| Untracked 
|  69|0x0000000084500000, 0x0000000084600000, 0x0000000084600000|100%| O|  |TAMS 0x0000000084600000, 0x0000000084600000| Untracked 
|  70|0x0000000084600000, 0x0000000084700000, 0x0000000084700000|100%| O|  |TAMS 0x0000000084700000, 0x0000000084700000| Untracked 
|  71|0x0000000084700000, 0x0000000084800000, 0x0000000084800000|100%| O|  |TAMS 0x0000000084800000, 0x0000000084800000| Untracked 
|  72|0x0000000084800000, 0x0000000084900000, 0x0000000084900000|100%| O|  |TAMS 0x0000000084900000, 0x0000000084900000| Untracked 
|  73|0x0000000084900000, 0x0000000084a00000, 0x0000000084a00000|100%| O|  |TAMS 0x0000000084a00000, 0x0000000084a00000| Untracked 
|  74|0x0000000084a00000, 0x0000000084b00000, 0x0000000084b00000|100%| O|  |TAMS 0x0000000084b00000, 0x0000000084b00000| Untracked 
|  75|0x0000000084b00000, 0x0000000084c00000, 0x0000000084c00000|100%| O|  |TAMS 0x0000000084c00000, 0x0000000084c00000| Untracked 
|  76|0x0000000084c00000, 0x0000000084d00000, 0x0000000084d00000|100%| O|  |TAMS 0x0000000084d00000, 0x0000000084d00000| Untracked 
|  77|0x0000000084d00000, 0x0000000084e00000, 0x0000000084e00000|100%| O|  |TAMS 0x0000000084e00000, 0x0000000084e00000| Untracked 
|  78|0x0000000084e00000, 0x0000000084f00000, 0x0000000084f00000|100%| O|  |TAMS 0x0000000084f00000, 0x0000000084f00000| Untracked 
|  79|0x0000000084f00000, 0x0000000085000000, 0x0000000085000000|100%| O|  |TAMS 0x0000000085000000, 0x0000000085000000| Untracked 
|  80|0x0000000085000000, 0x0000000085100000, 0x0000000085100000|100%| O|  |TAMS 0x0000000085100000, 0x0000000085100000| Untracked 
|  81|0x0000000085100000, 0x0000000085200000, 0x0000000085200000|100%| O|  |TAMS 0x0000000085200000, 0x0000000085200000| Untracked 
|  82|0x0000000085200000, 0x0000000085300000, 0x0000000085300000|100%| O|  |TAMS 0x0000000085300000, 0x0000000085300000| Untracked 
|  83|0x0000000085300000, 0x0000000085400000, 0x0000000085400000|100%| O|  |TAMS 0x0000000085400000, 0x0000000085400000| Untracked 
|  84|0x0000000085400000, 0x0000000085500000, 0x0000000085500000|100%| O|  |TAMS 0x0000000085500000, 0x0000000085500000| Untracked 
|  85|0x0000000085500000, 0x0000000085600000, 0x0000000085600000|100%| O|  |TAMS 0x0000000085600000, 0x0000000085600000| Untracked 
|  86|0x0000000085600000, 0x0000000085700000, 0x0000000085700000|100%| O|  |TAMS 0x0000000085700000, 0x0000000085700000| Untracked 
|  87|0x0000000085700000, 0x0000000085800000, 0x0000000085800000|100%| O|  |TAMS 0x0000000085800000, 0x0000000085800000| Untracked 
|  88|0x0000000085800000, 0x0000000085900000, 0x0000000085900000|100%|HS|  |TAMS 0x0000000085900000, 0x0000000085900000| Complete 
|  89|0x0000000085900000, 0x0000000085a00000, 0x0000000085a00000|100%|HC|  |TAMS 0x0000000085a00000, 0x0000000085a00000| Complete 
|  90|0x0000000085a00000, 0x0000000085b00000, 0x0000000085b00000|100%|HS|  |TAMS 0x0000000085b00000, 0x0000000085b00000| Complete 
|  91|0x0000000085b00000, 0x0000000085c00000, 0x0000000085c00000|100%|HC|  |TAMS 0x0000000085c00000, 0x0000000085c00000| Complete 
|  92|0x0000000085c00000, 0x0000000085d00000, 0x0000000085d00000|100%|HS|  |TAMS 0x0000000085d00000, 0x0000000085d00000| Complete 
|  93|0x0000000085d00000, 0x0000000085e00000, 0x0000000085e00000|100%|HS|  |TAMS 0x0000000085e00000, 0x0000000085e00000| Complete 
|  94|0x0000000085e00000, 0x0000000085f00000, 0x0000000085f00000|100%|HS|  |TAMS 0x0000000085f00000, 0x0000000085f00000| Complete 
|  95|0x0000000085f00000, 0x0000000086000000, 0x0000000086000000|100%|HS|  |TAMS 0x0000000086000000, 0x0000000086000000| Complete 
|  96|0x0000000086000000, 0x0000000086100000, 0x0000000086100000|100%|HS|  |TAMS 0x0000000086100000, 0x0000000086100000| Complete 
|  97|0x0000000086100000, 0x0000000086200000, 0x0000000086200000|100%|HS|  |TAMS 0x0000000086200000, 0x0000000086200000| Complete 
|  98|0x0000000086200000, 0x0000000086300000, 0x0000000086300000|100%|HC|  |TAMS 0x0000000086300000, 0x0000000086300000| Complete 
|  99|0x0000000086300000, 0x0000000086400000, 0x0000000086400000|100%|HC|  |TAMS 0x0000000086400000, 0x0000000086400000| Complete 
| 100|0x0000000086400000, 0x0000000086500000, 0x0000000086500000|100%| O|  |TAMS 0x0000000086500000, 0x0000000086500000| Untracked 
| 101|0x0000000086500000, 0x0000000086600000, 0x0000000086600000|100%| O|  |TAMS 0x0000000086600000, 0x0000000086600000| Untracked 
| 102|0x0000000086600000, 0x0000000086700000, 0x0000000086700000|100%| O|  |TAMS 0x0000000086700000, 0x0000000086700000| Untracked 
| 103|0x0000000086700000, 0x0000000086800000, 0x0000000086800000|100%| O|  |TAMS 0x0000000086800000, 0x0000000086800000| Untracked 
| 104|0x0000000086800000, 0x0000000086900000, 0x0000000086900000|100%| O|  |TAMS 0x0000000086900000, 0x0000000086900000| Untracked 
| 105|0x0000000086900000, 0x0000000086a00000, 0x0000000086a00000|100%| O|  |TAMS 0x0000000086a00000, 0x0000000086a00000| Untracked 
| 106|0x0000000086a00000, 0x0000000086b00000, 0x0000000086b00000|100%|HS|  |TAMS 0x0000000086b00000, 0x0000000086b00000| Complete 
| 107|0x0000000086b00000, 0x0000000086c00000, 0x0000000086c00000|100%|HC|  |TAMS 0x0000000086c00000, 0x0000000086c00000| Complete 
| 108|0x0000000086c00000, 0x0000000086d00000, 0x0000000086d00000|100%| O|  |TAMS 0x0000000086d00000, 0x0000000086d00000| Untracked 
| 109|0x0000000086d00000, 0x0000000086e00000, 0x0000000086e00000|100%| O|  |TAMS 0x0000000086e00000, 0x0000000086e00000| Untracked 
| 110|0x0000000086e00000, 0x0000000086f00000, 0x0000000086f00000|100%|HS|  |TAMS 0x0000000086f00000, 0x0000000086f00000| Complete 
| 111|0x0000000086f00000, 0x0000000087000000, 0x0000000087000000|100%|HC|  |TAMS 0x0000000087000000, 0x0000000087000000| Complete 
| 112|0x0000000087000000, 0x0000000087100000, 0x0000000087100000|100%| O|  |TAMS 0x00000000870f4c00, 0x0000000087100000| Untracked 
| 113|0x0000000087100000, 0x0000000087200000, 0x0000000087200000|100%|HS|  |TAMS 0x0000000087200000, 0x0000000087200000| Complete 
| 114|0x0000000087200000, 0x0000000087300000, 0x0000000087300000|100%|HS|  |TAMS 0x0000000087200000, 0x0000000087300000| Complete 
| 115|0x0000000087300000, 0x0000000087400000, 0x0000000087400000|100%|HS|  |TAMS 0x0000000087400000, 0x0000000087400000| Complete 
| 116|0x0000000087400000, 0x0000000087500000, 0x0000000087500000|100%|HS|  |TAMS 0x0000000087400000, 0x0000000087500000| Complete 
| 117|0x0000000087500000, 0x0000000087600000, 0x0000000087600000|100%|HS|  |TAMS 0x0000000087600000, 0x0000000087600000| Complete 
| 118|0x0000000087600000, 0x0000000087700000, 0x0000000087700000|100%| O|  |TAMS 0x0000000087600000, 0x0000000087700000| Untracked 
| 119|0x0000000087700000, 0x0000000087800000, 0x0000000087800000|100%| O|  |TAMS 0x0000000087700000, 0x0000000087800000| Untracked 
| 120|0x0000000087800000, 0x0000000087900000, 0x0000000087900000|100%| O|  |TAMS 0x0000000087800000, 0x0000000087900000| Untracked 
| 121|0x0000000087900000, 0x0000000087a00000, 0x0000000087a00000|100%| O|  |TAMS 0x0000000087900000, 0x0000000087a00000| Untracked 
| 122|0x0000000087a00000, 0x0000000087b00000, 0x0000000087b00000|100%| O|  |TAMS 0x0000000087a00000, 0x0000000087b00000| Untracked 
| 123|0x0000000087b00000, 0x0000000087c00000, 0x0000000087c00000|100%| O|  |TAMS 0x0000000087b00000, 0x0000000087c00000| Untracked 
| 124|0x0000000087c00000, 0x0000000087d00000, 0x0000000087d00000|100%| O|  |TAMS 0x0000000087c00000, 0x0000000087d00000| Untracked 
| 125|0x0000000087d00000, 0x0000000087e00000, 0x0000000087e00000|100%|HS|  |TAMS 0x0000000087e00000, 0x0000000087e00000| Complete 
| 126|0x0000000087e00000, 0x0000000087f00000, 0x0000000087f00000|100%| O|  |TAMS 0x0000000087e00000, 0x0000000087f00000| Untracked 
| 127|0x0000000087f00000, 0x0000000088000000, 0x0000000088000000|100%|HS|  |TAMS 0x0000000088000000, 0x0000000088000000| Complete 
| 128|0x0000000088000000, 0x0000000088100000, 0x0000000088100000|100%| O|  |TAMS 0x0000000088000000, 0x0000000088100000| Untracked 
| 129|0x0000000088100000, 0x0000000088200000, 0x0000000088200000|100%| O|  |TAMS 0x0000000088100000, 0x0000000088200000| Untracked 
| 130|0x0000000088200000, 0x0000000088300000, 0x0000000088300000|100%| O|  |TAMS 0x0000000088200000, 0x0000000088300000| Untracked 
| 131|0x0000000088300000, 0x0000000088400000, 0x0000000088400000|100%|HS|  |TAMS 0x0000000088400000, 0x0000000088400000| Complete 
| 132|0x0000000088400000, 0x0000000088500000, 0x0000000088500000|100%|HC|  |TAMS 0x0000000088500000, 0x0000000088500000| Complete 
| 133|0x0000000088500000, 0x0000000088600000, 0x0000000088600000|100%|HC|  |TAMS 0x0000000088600000, 0x0000000088600000| Complete 
| 134|0x0000000088600000, 0x0000000088700000, 0x0000000088700000|100%| O|  |TAMS 0x0000000088600000, 0x0000000088700000| Untracked 
| 135|0x0000000088700000, 0x0000000088800000, 0x0000000088800000|100%| O|  |TAMS 0x0000000088700000, 0x0000000088800000| Untracked 
| 136|0x0000000088800000, 0x0000000088900000, 0x0000000088900000|100%| O|  |TAMS 0x0000000088800000, 0x0000000088900000| Untracked 
| 137|0x0000000088900000, 0x0000000088a00000, 0x0000000088a00000|100%| O|  |TAMS 0x0000000088900000, 0x0000000088a00000| Untracked 
| 138|0x0000000088a00000, 0x0000000088b00000, 0x0000000088b00000|100%| O|  |TAMS 0x0000000088a00000, 0x0000000088b00000| Untracked 
| 139|0x0000000088b00000, 0x0000000088c00000, 0x0000000088c00000|100%| O|  |TAMS 0x0000000088b00000, 0x0000000088c00000| Untracked 
| 140|0x0000000088c00000, 0x0000000088d00000, 0x0000000088d00000|100%| O|  |TAMS 0x0000000088c00000, 0x0000000088d00000| Untracked 
| 141|0x0000000088d00000, 0x0000000088e00000, 0x0000000088e00000|100%| O|  |TAMS 0x0000000088d00000, 0x0000000088e00000| Untracked 
| 142|0x0000000088e00000, 0x0000000088f00000, 0x0000000088f00000|100%| O|  |TAMS 0x0000000088e00000, 0x0000000088ef6a00| Untracked 
| 143|0x0000000088f00000, 0x0000000089000000, 0x0000000089000000|100%| O|  |TAMS 0x0000000088f00000, 0x0000000088f00000| Untracked 
| 144|0x0000000089000000, 0x0000000089100000, 0x0000000089100000|100%| O|  |TAMS 0x0000000089000000, 0x0000000089000000| Untracked 
| 145|0x0000000089100000, 0x0000000089200000, 0x0000000089200000|100%| O|  |TAMS 0x0000000089100000, 0x0000000089100000| Untracked 
| 146|0x0000000089200000, 0x0000000089300000, 0x0000000089300000|100%| O|  |TAMS 0x0000000089200000, 0x0000000089200000| Untracked 
| 147|0x0000000089300000, 0x0000000089400000, 0x0000000089400000|100%| O|  |TAMS 0x0000000089300000, 0x0000000089300000| Untracked 
| 148|0x0000000089400000, 0x0000000089500000, 0x0000000089500000|100%| O|  |TAMS 0x0000000089400000, 0x0000000089400000| Untracked 
| 149|0x0000000089500000, 0x0000000089600000, 0x0000000089600000|100%| O|  |TAMS 0x0000000089500000, 0x0000000089500000| Untracked 
| 150|0x0000000089600000, 0x0000000089700000, 0x0000000089700000|100%| O|  |TAMS 0x0000000089600000, 0x0000000089600000| Untracked 
| 151|0x0000000089700000, 0x0000000089800000, 0x0000000089800000|100%| O|  |TAMS 0x0000000089700000, 0x0000000089700000| Untracked 
| 152|0x0000000089800000, 0x000000008986ae00, 0x0000000089900000| 41%| O|  |TAMS 0x0000000089800000, 0x0000000089800000| Untracked 
| 153|0x0000000089900000, 0x0000000089900000, 0x0000000089a00000|  0%| F|  |TAMS 0x0000000089900000, 0x0000000089900000| Untracked 
| 154|0x0000000089a00000, 0x0000000089a00000, 0x0000000089b00000|  0%| F|  |TAMS 0x0000000089a00000, 0x0000000089a00000| Untracked 
| 155|0x0000000089b00000, 0x0000000089b00000, 0x0000000089c00000|  0%| F|  |TAMS 0x0000000089b00000, 0x0000000089b00000| Untracked 
| 156|0x0000000089c00000, 0x0000000089c00000, 0x0000000089d00000|  0%| F|  |TAMS 0x0000000089c00000, 0x0000000089c00000| Untracked 
| 157|0x0000000089d00000, 0x0000000089d00000, 0x0000000089e00000|  0%| F|  |TAMS 0x0000000089d00000, 0x0000000089d00000| Untracked 
| 158|0x0000000089e00000, 0x0000000089e00000, 0x0000000089f00000|  0%| F|  |TAMS 0x0000000089e00000, 0x0000000089e00000| Untracked 
| 159|0x0000000089f00000, 0x0000000089f00000, 0x000000008a000000|  0%| F|  |TAMS 0x0000000089f00000, 0x0000000089f00000| Untracked 
| 160|0x000000008a000000, 0x000000008a000000, 0x000000008a100000|  0%| F|  |TAMS 0x000000008a000000, 0x000000008a000000| Untracked 
| 161|0x000000008a100000, 0x000000008a100000, 0x000000008a200000|  0%| F|  |TAMS 0x000000008a100000, 0x000000008a100000| Untracked 
| 162|0x000000008a200000, 0x000000008a300000, 0x000000008a300000|100%| O|  |TAMS 0x000000008a300000, 0x000000008a300000| Untracked 
| 163|0x000000008a300000, 0x000000008a400000, 0x000000008a400000|100%| O|  |TAMS 0x000000008a400000, 0x000000008a400000| Untracked 
| 164|0x000000008a400000, 0x000000008a400000, 0x000000008a500000|  0%| F|  |TAMS 0x000000008a400000, 0x000000008a400000| Untracked 
| 165|0x000000008a500000, 0x000000008a600000, 0x000000008a600000|100%| O|  |TAMS 0x000000008a600000, 0x000000008a600000| Untracked 
| 166|0x000000008a600000, 0x000000008a700000, 0x000000008a700000|100%| O|  |TAMS 0x000000008a700000, 0x000000008a700000| Untracked 
| 167|0x000000008a700000, 0x000000008a800000, 0x000000008a800000|100%| O|  |TAMS 0x000000008a800000, 0x000000008a800000| Untracked 
| 168|0x000000008a800000, 0x000000008a900000, 0x000000008a900000|100%| O|  |TAMS 0x000000008a900000, 0x000000008a900000| Untracked 
| 169|0x000000008a900000, 0x000000008a900000, 0x000000008aa00000|  0%| F|  |TAMS 0x000000008a900000, 0x000000008a900000| Untracked 
| 170|0x000000008aa00000, 0x000000008aa00000, 0x000000008ab00000|  0%| F|  |TAMS 0x000000008aa00000, 0x000000008aa00000| Untracked 
| 171|0x000000008ab00000, 0x000000008ab00000, 0x000000008ac00000|  0%| F|  |TAMS 0x000000008ab00000, 0x000000008ab00000| Untracked 
| 172|0x000000008ac00000, 0x000000008ad00000, 0x000000008ad00000|100%| O|  |TAMS 0x000000008ad00000, 0x000000008ad00000| Untracked 
| 173|0x000000008ad00000, 0x000000008ae00000, 0x000000008ae00000|100%| O|  |TAMS 0x000000008ae00000, 0x000000008ae00000| Untracked 
| 174|0x000000008ae00000, 0x000000008af00000, 0x000000008af00000|100%| O|  |TAMS 0x000000008af00000, 0x000000008af00000| Untracked 
| 175|0x000000008af00000, 0x000000008b000000, 0x000000008b000000|100%| O|  |TAMS 0x000000008b000000, 0x000000008b000000| Untracked 
| 176|0x000000008b000000, 0x000000008b100000, 0x000000008b100000|100%| O|  |TAMS 0x000000008b100000, 0x000000008b100000| Untracked 
| 177|0x000000008b100000, 0x000000008b200000, 0x000000008b200000|100%| O|  |TAMS 0x000000008b200000, 0x000000008b200000| Untracked 
| 178|0x000000008b200000, 0x000000008b300000, 0x000000008b300000|100%| O|  |TAMS 0x000000008b300000, 0x000000008b300000| Untracked 
| 179|0x000000008b300000, 0x000000008b300000, 0x000000008b400000|  0%| F|  |TAMS 0x000000008b300000, 0x000000008b300000| Untracked 
| 180|0x000000008b400000, 0x000000008b400000, 0x000000008b500000|  0%| F|  |TAMS 0x000000008b400000, 0x000000008b400000| Untracked 
| 181|0x000000008b500000, 0x000000008b500000, 0x000000008b600000|  0%| F|  |TAMS 0x000000008b500000, 0x000000008b500000| Untracked 
| 182|0x000000008b600000, 0x000000008b600000, 0x000000008b700000|  0%| F|  |TAMS 0x000000008b600000, 0x000000008b600000| Untracked 
| 183|0x000000008b700000, 0x000000008b700000, 0x000000008b800000|  0%| F|  |TAMS 0x000000008b700000, 0x000000008b700000| Untracked 
| 184|0x000000008b800000, 0x000000008b800000, 0x000000008b900000|  0%| F|  |TAMS 0x000000008b800000, 0x000000008b800000| Untracked 
| 185|0x000000008b900000, 0x000000008b900000, 0x000000008ba00000|  0%| F|  |TAMS 0x000000008b900000, 0x000000008b900000| Untracked 
| 186|0x000000008ba00000, 0x000000008ba00000, 0x000000008bb00000|  0%| F|  |TAMS 0x000000008ba00000, 0x000000008ba00000| Untracked 
| 187|0x000000008bb00000, 0x000000008bb00000, 0x000000008bc00000|  0%| F|  |TAMS 0x000000008bb00000, 0x000000008bb00000| Untracked 
| 188|0x000000008bc00000, 0x000000008bc00000, 0x000000008bd00000|  0%| F|  |TAMS 0x000000008bc00000, 0x000000008bc00000| Untracked 
| 189|0x000000008bd00000, 0x000000008bd00000, 0x000000008be00000|  0%| F|  |TAMS 0x000000008bd00000, 0x000000008bd00000| Untracked 
| 190|0x000000008be00000, 0x000000008be00000, 0x000000008bf00000|  0%| F|  |TAMS 0x000000008be00000, 0x000000008be00000| Untracked 
| 191|0x000000008bf00000, 0x000000008bf00000, 0x000000008c000000|  0%| F|  |TAMS 0x000000008bf00000, 0x000000008bf00000| Untracked 
| 192|0x000000008c000000, 0x000000008c000000, 0x000000008c100000|  0%| F|  |TAMS 0x000000008c000000, 0x000000008c000000| Untracked 
| 193|0x000000008c100000, 0x000000008c100000, 0x000000008c200000|  0%| F|  |TAMS 0x000000008c100000, 0x000000008c100000| Untracked 
| 194|0x000000008c200000, 0x000000008c200000, 0x000000008c300000|  0%| F|  |TAMS 0x000000008c200000, 0x000000008c200000| Untracked 
| 195|0x000000008c300000, 0x000000008c300000, 0x000000008c400000|  0%| F|  |TAMS 0x000000008c300000, 0x000000008c300000| Untracked 
| 196|0x000000008c400000, 0x000000008c500000, 0x000000008c500000|100%| S|CS|TAMS 0x000000008c400000, 0x000000008c400000| Complete 
| 197|0x000000008c500000, 0x000000008c600000, 0x000000008c600000|100%| S|CS|TAMS 0x000000008c500000, 0x000000008c500000| Complete 
| 198|0x000000008c600000, 0x000000008c700000, 0x000000008c700000|100%| S|CS|TAMS 0x000000008c600000, 0x000000008c600000| Complete 
| 199|0x000000008c700000, 0x000000008c700000, 0x000000008c800000|  0%| F|  |TAMS 0x000000008c700000, 0x000000008c700000| Untracked 
| 200|0x000000008c800000, 0x000000008c800000, 0x000000008c900000|  0%| F|  |TAMS 0x000000008c800000, 0x000000008c800000| Untracked 
| 201|0x000000008c900000, 0x000000008c900000, 0x000000008ca00000|  0%| F|  |TAMS 0x000000008c900000, 0x000000008c900000| Untracked 
| 202|0x000000008ca00000, 0x000000008ca00000, 0x000000008cb00000|  0%| F|  |TAMS 0x000000008ca00000, 0x000000008ca00000| Untracked 
| 203|0x000000008cb00000, 0x000000008cb00000, 0x000000008cc00000|  0%| F|  |TAMS 0x000000008cb00000, 0x000000008cb00000| Untracked 
| 204|0x000000008cc00000, 0x000000008cc00000, 0x000000008cd00000|  0%| F|  |TAMS 0x000000008cc00000, 0x000000008cc00000| Untracked 
| 205|0x000000008cd00000, 0x000000008cd00000, 0x000000008ce00000|  0%| F|  |TAMS 0x000000008cd00000, 0x000000008cd00000| Untracked 
| 206|0x000000008ce00000, 0x000000008ce00000, 0x000000008cf00000|  0%| F|  |TAMS 0x000000008ce00000, 0x000000008ce00000| Untracked 
| 207|0x000000008cf00000, 0x000000008cf00000, 0x000000008d000000|  0%| F|  |TAMS 0x000000008cf00000, 0x000000008cf00000| Untracked 
| 208|0x000000008d000000, 0x000000008d000000, 0x000000008d100000|  0%| F|  |TAMS 0x000000008d000000, 0x000000008d000000| Untracked 
| 209|0x000000008d100000, 0x000000008d100000, 0x000000008d200000|  0%| F|  |TAMS 0x000000008d100000, 0x000000008d100000| Untracked 
| 210|0x000000008d200000, 0x000000008d200000, 0x000000008d300000|  0%| F|  |TAMS 0x000000008d200000, 0x000000008d200000| Untracked 
| 211|0x000000008d300000, 0x000000008d300000, 0x000000008d400000|  0%| F|  |TAMS 0x000000008d300000, 0x000000008d300000| Untracked 
| 212|0x000000008d400000, 0x000000008d400000, 0x000000008d500000|  0%| F|  |TAMS 0x000000008d400000, 0x000000008d400000| Untracked 
| 213|0x000000008d500000, 0x000000008d500000, 0x000000008d600000|  0%| F|  |TAMS 0x000000008d500000, 0x000000008d500000| Untracked 
| 214|0x000000008d600000, 0x000000008d600000, 0x000000008d700000|  0%| F|  |TAMS 0x000000008d600000, 0x000000008d600000| Untracked 

Card table byte_map: [0x000001ef6c810000,0x000001ef6cc10000] _byte_map_base: 0x000001ef6c410000

Marking Bits (Prev, Next): (CMBitMap*) 0x000001ef596359a8, (CMBitMap*) 0x000001ef596359e0
 Prev Bits: [0x000001ef6d010000, 0x000001ef6f010000)
 Next Bits: [0x000001ef6f010000, 0x000001ef71010000)

Polling page: 0x000001ef57490000

Metaspace:

Usage:
  Non-class:     82.44 MB capacity,    81.08 MB ( 98%) used,     1.09 MB (  1%) free+waste,   272.44 KB ( <1%) overhead. 
      Class:     13.13 MB capacity,    12.27 MB ( 93%) used,   752.46 KB (  6%) free+waste,   123.50 KB ( <1%) overhead. 
       Both:     95.56 MB capacity,    93.35 MB ( 98%) used,     1.83 MB (  2%) free+waste,   395.94 KB ( <1%) overhead. 

Virtual space:
  Non-class space:       84.00 MB reserved,      82.54 MB ( 98%) committed 
      Class space:        1.00 GB reserved,      13.20 MB (  1%) committed 
             Both:        1.08 GB reserved,      95.73 MB (  9%) committed 

Chunk freelists:
   Non-Class:  102.00 KB
       Class:  60.00 KB
        Both:  162.00 KB

MaxMetaspaceSize: 17179869184.00 GB
CompressedClassSpaceSize: 1.00 GB

CodeHeap 'non-profiled nmethods': size=120000Kb used=6310Kb max_used=6310Kb free=113689Kb
 bounds [0x000001ef64bb0000, 0x000001ef651e0000, 0x000001ef6c0e0000]
CodeHeap 'profiled nmethods': size=120000Kb used=25096Kb max_used=25096Kb free=94903Kb
 bounds [0x000001ef5d680000, 0x000001ef5ef10000, 0x000001ef64bb0000]
CodeHeap 'non-nmethods': size=5760Kb used=2310Kb max_used=2356Kb free=3449Kb
 bounds [0x000001ef5d0e0000, 0x000001ef5d350000, 0x000001ef5d680000]
 total_blobs=12313 nmethods=11399 adapters=825
 compilation: enabled
              stopped_count=0, restarted_count=0
 full_count=0

Compilation events (20 events):
Event: 19.434 Thread 0x000001ef74411000 nmethod 11542 0x000001ef5eeff510 code [0x000001ef5eeff6c0, 0x000001ef5eeff858]
Event: 19.434 Thread 0x000001ef74411000 11540       2       java.util.AbstractList$SubList::rangeCheckForAdd (26 bytes)
Event: 19.434 Thread 0x000001ef74411000 nmethod 11540 0x000001ef5eeff910 code [0x000001ef5eeffb20, 0x000001ef5eeffe48]
Event: 19.434 Thread 0x000001ef74411000 11543       2       java.util.AbstractList$SubList$1::nextIndex (18 bytes)
Event: 19.434 Thread 0x000001ef74411000 nmethod 11543 0x000001ef5ef00090 code [0x000001ef5ef00240, 0x000001ef5ef00388]
Event: 19.434 Thread 0x000001ef74411000 11545       2       java.util.AbstractList$SubList$1::<init> (41 bytes)
Event: 19.435 Thread 0x000001ef74411000 nmethod 11545 0x000001ef5ef00490 code [0x000001ef5ef00660, 0x000001ef5ef00868]
Event: 19.435 Thread 0x000001ef74411000 11546       2       java.util.AbstractList$SubList$1::hasNext (20 bytes)
Event: 19.435 Thread 0x000001ef74411000 nmethod 11546 0x000001ef5ef00990 code [0x000001ef5ef00b40, 0x000001ef5ef00c88]
Event: 19.435 Thread 0x000001ef74411000 11578       2       com.android.tools.r8.graph.c1$g::X (2 bytes)
Event: 19.435 Thread 0x000001ef74411000 nmethod 11578 0x000001ef5ef00d90 code [0x000001ef5ef00f40, 0x000001ef5ef01038]
Event: 19.435 Thread 0x000001ef74411000 11544       2       java.util.AbstractList$SubList::listIterator (19 bytes)
Event: 19.435 Thread 0x000001ef74411000 nmethod 11544 0x000001ef5ef01110 code [0x000001ef5ef01300, 0x000001ef5ef01658]
Event: 19.435 Thread 0x000001ef74411000 11541       2       java.util.AbstractList$RandomAccessSubList::<init> (8 bytes)
Event: 19.436 Thread 0x000001ef74411000 nmethod 11541 0x000001ef5ef01890 code [0x000001ef5ef01a40, 0x000001ef5ef01bd8]
Event: 19.436 Thread 0x000001ef74411000 11530       2       com.android.tools.r8.dex.r$$Lambda$1262/0x0000000100ba8c40::get$Lambda (9 bytes)
Event: 19.436 Thread 0x000001ef74411000 nmethod 11530 0x000001ef5ef01c90 code [0x000001ef5ef01e40, 0x000001ef5ef01fb8]
Event: 19.436 Thread 0x000001ef74411000 11555       1       com.android.tools.r8.internal.dc1::size (5 bytes)
Event: 19.436 Thread 0x000001ef74411000 nmethod 11555 0x000001ef651d9690 code [0x000001ef651d9840, 0x000001ef651d98f8]
Event: 19.439 Thread 0x000001ef74411000 11580       2       com.android.tools.r8.code.f2::<init> (7 bytes)

GC Heap History (20 events):
Event: 15.969 GC heap after
{Heap after GC invocations=26 (full 0):
 garbage-first heap   total 165888K, used 84641K [0x0000000080000000, 0x0000000100000000)
  region size 1024K, 6 young (6144K), 6 survivors (6144K)
 Metaspace       used 85264K, capacity 87435K, committed 87664K, reserved 1124352K
  class space    used 11161K, capacity 12029K, committed 12108K, reserved 1048576K
}
Event: 16.456 GC heap before
{Heap before GC invocations=26 (full 0):
 garbage-first heap   total 165888K, used 132769K [0x0000000080000000, 0x0000000100000000)
  region size 1024K, 54 young (55296K), 6 survivors (6144K)
 Metaspace       used 86526K, capacity 88805K, committed 89072K, reserved 1126400K
  class space    used 11257K, capacity 12137K, committed 12236K, reserved 1048576K
}
Event: 16.465 GC heap after
{Heap after GC invocations=27 (full 0):
 garbage-first heap   total 165888K, used 87632K [0x0000000080000000, 0x0000000100000000)
  region size 1024K, 5 young (5120K), 5 survivors (5120K)
 Metaspace       used 86526K, capacity 88805K, committed 89072K, reserved 1126400K
  class space    used 11257K, capacity 12137K, committed 12236K, reserved 1048576K
}
Event: 16.890 GC heap before
{Heap before GC invocations=28 (full 0):
 garbage-first heap   total 165888K, used 133712K [0x0000000080000000, 0x0000000100000000)
  region size 1024K, 51 young (52224K), 5 survivors (5120K)
 Metaspace       used 87362K, capacity 89260K, committed 90224K, reserved 1128448K
  class space    used 11292K, capacity 12040K, committed 12364K, reserved 1048576K
}
Event: 16.898 GC heap after
{Heap after GC invocations=29 (full 0):
 garbage-first heap   total 165888K, used 90267K [0x0000000080000000, 0x0000000100000000)
  region size 1024K, 4 young (4096K), 4 survivors (4096K)
 Metaspace       used 87362K, capacity 89260K, committed 90224K, reserved 1128448K
  class space    used 11292K, capacity 12040K, committed 12364K, reserved 1048576K
}
Event: 17.215 GC heap before
{Heap before GC invocations=29 (full 0):
 garbage-first heap   total 165888K, used 134299K [0x0000000080000000, 0x0000000100000000)
  region size 1024K, 48 young (49152K), 4 survivors (4096K)
 Metaspace       used 88587K, capacity 90566K, committed 91376K, reserved 1128448K
  class space    used 11448K, capacity 12239K, committed 12492K, reserved 1048576K
}
Event: 17.242 GC heap after
{Heap after GC invocations=30 (full 0):
 garbage-first heap   total 165888K, used 92598K [0x0000000080000000, 0x0000000100000000)
  region size 1024K, 4 young (4096K), 4 survivors (4096K)
 Metaspace       used 88587K, capacity 90566K, committed 91376K, reserved 1128448K
  class space    used 11448K, capacity 12239K, committed 12492K, reserved 1048576K
}
Event: 17.771 GC heap before
{Heap before GC invocations=31 (full 0):
 garbage-first heap   total 165888K, used 105910K [0x0000000080000000, 0x0000000100000000)
  region size 1024K, 19 young (19456K), 4 survivors (4096K)
 Metaspace       used 88982K, capacity 90946K, committed 91760K, reserved 1128448K
  class space    used 11497K, capacity 12276K, committed 12620K, reserved 1048576K
}
Event: 17.778 GC heap after
{Heap after GC invocations=32 (full 0):
 garbage-first heap   total 165888K, used 93257K [0x0000000080000000, 0x0000000100000000)
  region size 1024K, 4 young (4096K), 4 survivors (4096K)
 Metaspace       used 88982K, capacity 90946K, committed 91760K, reserved 1128448K
  class space    used 11497K, capacity 12276K, committed 12620K, reserved 1048576K
}
Event: 18.263 GC heap before
{Heap before GC invocations=33 (full 0):
 garbage-first heap   total 165888K, used 138313K [0x0000000080000000, 0x0000000100000000)
  region size 1024K, 38 young (38912K), 4 survivors (4096K)
 Metaspace       used 92918K, capacity 94946K, committed 95600K, reserved 1132544K
  class space    used 12024K, capacity 12826K, committed 13132K, reserved 1048576K
}
Event: 18.273 GC heap after
{Heap after GC invocations=34 (full 0):
 garbage-first heap   total 165888K, used 112348K [0x0000000080000000, 0x0000000100000000)
  region size 1024K, 6 young (6144K), 6 survivors (6144K)
 Metaspace       used 92918K, capacity 94946K, committed 95600K, reserved 1132544K
  class space    used 12024K, capacity 12826K, committed 13132K, reserved 1048576K
}
Event: 18.487 GC heap before
{Heap before GC invocations=35 (full 0):
 garbage-first heap   total 165888K, used 163548K [0x0000000080000000, 0x0000000100000000)
  region size 1024K, 33 young (33792K), 6 survivors (6144K)
 Metaspace       used 93211K, capacity 95245K, committed 95856K, reserved 1132544K
  class space    used 12052K, capacity 12861K, committed 13132K, reserved 1048576K
}
Event: 18.503 GC heap after
{Heap after GC invocations=36 (full 0):
 garbage-first heap   total 220160K, used 136782K [0x0000000080000000, 0x0000000100000000)
  region size 1024K, 5 young (5120K), 5 survivors (5120K)
 Metaspace       used 93211K, capacity 95245K, committed 95856K, reserved 1132544K
  class space    used 12052K, capacity 12861K, committed 13132K, reserved 1048576K
}
Event: 18.640 GC heap before
{Heap before GC invocations=36 (full 0):
 garbage-first heap   total 220160K, used 150094K [0x0000000080000000, 0x0000000100000000)
  region size 1024K, 19 young (19456K), 5 survivors (5120K)
 Metaspace       used 93246K, capacity 95323K, committed 96112K, reserved 1132544K
  class space    used 12062K, capacity 12866K, committed 13132K, reserved 1048576K
}
Event: 18.664 GC heap after
{Heap after GC invocations=37 (full 0):
 garbage-first heap   total 220160K, used 142291K [0x0000000080000000, 0x0000000100000000)
  region size 1024K, 5 young (5120K), 5 survivors (5120K)
 Metaspace       used 93246K, capacity 95323K, committed 96112K, reserved 1132544K
  class space    used 12062K, capacity 12866K, committed 13132K, reserved 1048576K
}
Event: 19.100 GC heap before
{Heap before GC invocations=38 (full 0):
 garbage-first heap   total 220160K, used 169939K [0x0000000080000000, 0x0000000100000000)
  region size 1024K, 31 young (31744K), 5 survivors (5120K)
 Metaspace       used 94456K, capacity 96594K, committed 97136K, reserved 1132544K
  class space    used 12373K, capacity 13210K, committed 13388K, reserved 1048576K
}
Event: 19.132 GC heap after
{Heap after GC invocations=39 (full 0):
 garbage-first heap   total 220160K, used 153688K [0x0000000080000000, 0x0000000100000000)
  region size 1024K, 4 young (4096K), 4 survivors (4096K)
 Metaspace       used 94456K, capacity 96594K, committed 97136K, reserved 1132544K
  class space    used 12373K, capacity 13210K, committed 13388K, reserved 1048576K
}
Event: 19.323 GC heap before
{Heap before GC invocations=39 (full 0):
 garbage-first heap   total 220160K, used 174168K [0x0000000080000000, 0x0000000100000000)
  region size 1024K, 25 young (25600K), 4 survivors (4096K)
 Metaspace       used 95514K, capacity 97723K, committed 98032K, reserved 1134592K
  class space    used 12567K, capacity 13444K, committed 13516K, reserved 1048576K
}
Event: 19.353 GC heap after
{Heap after GC invocations=40 (full 0):
 garbage-first heap   total 220160K, used 163802K [0x0000000080000000, 0x0000000100000000)
  region size 1024K, 4 young (4096K), 4 survivors (4096K)
 Metaspace       used 95514K, capacity 97723K, committed 98032K, reserved 1134592K
  class space    used 12567K, capacity 13444K, committed 13516K, reserved 1048576K
}
Event: 19.439 GC heap before
{Heap before GC invocations=40 (full 0):
 garbage-first heap   total 220160K, used 179162K [0x0000000080000000, 0x0000000100000000)
  region size 1024K, 20 young (20480K), 4 survivors (4096K)
 Metaspace       used 95590K, capacity 97858K, committed 98032K, reserved 1134592K
  class space    used 12568K, capacity 13444K, committed 13516K, reserved 1048576K
}

Deoptimization events (20 events):
Event: 19.035 Thread 0x000001ef00bc7800 Uncommon trap: reason=class_check action=maybe_recompile pc=0x000001ef651bbbbc method=com.android.tools.r8.dex.r.a(ILjava/util/function/Supplier;)Ljava/lang/Object; @ 33 c2
Event: 19.035 Thread 0x000001ef00bc7800 DEOPT PACKING pc=0x000001ef651bbbbc sp=0x0000000f12efebf0
Event: 19.035 Thread 0x000001ef00bc7800 DEOPT UNPACKING pc=0x000001ef5d10662f sp=0x0000000f12efebf0 mode 2
Event: 19.035 Thread 0x000001ef00bc9000 DEOPT UNPACKING pc=0x000001ef5d10662f sp=0x0000000f12bfe9b0 mode 2
Event: 19.036 Thread 0x000001ef00bca000 DEOPT UNPACKING pc=0x000001ef5d10662f sp=0x0000000f12cfe7e0 mode 2
Event: 19.035 Thread 0x000001ef00bc4800 DEOPT PACKING pc=0x000001ef651bbbbc sp=0x0000000f127fe9e0
Event: 19.036 Thread 0x000001ef00bc4800 DEOPT UNPACKING pc=0x000001ef5d10662f sp=0x0000000f127fe9e0 mode 2
Event: 19.035 Thread 0x000001ef00bc6000 DEOPT UNPACKING pc=0x000001ef5d10662f sp=0x0000000f12dfeb30 mode 2
Event: 19.169 Thread 0x000001ef00bc6000 Uncommon trap: trap_request=0xffffff4d fr.pc=0x000001ef651ba5f8 relative=0x0000000000000138
Event: 19.169 Thread 0x000001ef00bc6000 Uncommon trap: reason=unstable_if action=reinterpret pc=0x000001ef651ba5f8 method=com.android.tools.r8.internal.TV0.get(I)Ljava/lang/Object; @ 1 c2
Event: 19.169 Thread 0x000001ef00bc6000 DEOPT PACKING pc=0x000001ef651ba5f8 sp=0x0000000f12dfeac0
Event: 19.169 Thread 0x000001ef00bc6000 DEOPT UNPACKING pc=0x000001ef5d10662f sp=0x0000000f12dfea58 mode 2
Event: 19.174 Thread 0x000001ef00bc9000 Uncommon trap: trap_request=0xffffff4d fr.pc=0x000001ef650c3b90 relative=0x0000000000000350
Event: 19.174 Thread 0x000001ef00bc9000 Uncommon trap: reason=unstable_if action=reinterpret pc=0x000001ef650c3b90 method=java.util.concurrent.ConcurrentLinkedQueue.offer(Ljava/lang/Object;)Z @ 42 c2
Event: 19.174 Thread 0x000001ef00bc9000 DEOPT PACKING pc=0x000001ef650c3b90 sp=0x0000000f12bfea10
Event: 19.174 Thread 0x000001ef00bc9000 DEOPT UNPACKING pc=0x000001ef5d10662f sp=0x0000000f12bfe958 mode 2
Event: 19.390 Thread 0x000001ef00bc9000 DEOPT PACKING pc=0x000001ef5eec067e sp=0x0000000f12bfe110
Event: 19.390 Thread 0x000001ef00bc9000 DEOPT UNPACKING pc=0x000001ef5d106dde sp=0x0000000f12bfd690 mode 0
Event: 19.414 Thread 0x000001ef00bc7800 DEOPT PACKING pc=0x000001ef5eec067e sp=0x0000000f12efe350
Event: 19.414 Thread 0x000001ef00bc7800 DEOPT UNPACKING pc=0x000001ef5d106dde sp=0x0000000f12efd8d0 mode 0

Classes redefined (0 events):
No events

Internal exceptions (20 events):
Event: 16.395 Thread 0x000001ef7c0e7000 Exception <a 'sun/nio/fs/WindowsException'{0x00000000875bcc28}> (0x00000000875bcc28) thrown at [./src/hotspot/share/prims/jni.cpp, line 615]
Event: 16.395 Thread 0x000001ef7c0e7000 Exception <a 'sun/nio/fs/WindowsException'{0x00000000875bdb08}> (0x00000000875bdb08) thrown at [./src/hotspot/share/prims/jni.cpp, line 615]
Event: 16.400 Thread 0x000001ef7c0e7000 Exception <a 'sun/nio/fs/WindowsException'{0x00000000875bec30}> (0x00000000875bec30) thrown at [./src/hotspot/share/prims/jni.cpp, line 615]
Event: 16.400 Thread 0x000001ef7c0e7000 Exception <a 'sun/nio/fs/WindowsException'{0x00000000875bfb08}> (0x00000000875bfb08) thrown at [./src/hotspot/share/prims/jni.cpp, line 615]
Event: 16.422 Thread 0x000001ef7c0e7000 Exception <a 'java/lang/NoSuchMethodError'{0x00000000873879d8}: <clinit>> (0x00000000873879d8) thrown at [./src/hotspot/share/prims/jni.cpp, line 1362]
Event: 16.426 Thread 0x000001ef7c0e7000 Exception <a 'java/lang/NoSuchMethodError'{0x00000000873becf0}: <clinit>> (0x00000000873becf0) thrown at [./src/hotspot/share/prims/jni.cpp, line 1362]
Event: 16.429 Thread 0x000001ef7c0e7000 Exception <a 'java/lang/NoSuchMethodError'{0x00000000873f0c80}: <clinit>> (0x00000000873f0c80) thrown at [./src/hotspot/share/prims/jni.cpp, line 1362]
Event: 16.430 Thread 0x000001ef7c0e7000 Exception <a 'java/lang/NoSuchMethodError'{0x0000000087203c98}: <clinit>> (0x0000000087203c98) thrown at [./src/hotspot/share/prims/jni.cpp, line 1362]
Event: 17.987 Thread 0x000001ef7c0ee800 Exception <a 'sun/nio/fs/WindowsException'{0x0000000088c7a780}> (0x0000000088c7a780) thrown at [./src/hotspot/share/prims/jni.cpp, line 615]
Event: 18.184 Thread 0x000001ef7c0f2800 Exception <a 'java/lang/NoSuchMethodError'{0x00000000880f5700}: 'void java.lang.invoke.DirectMethodHandle$Holder.invokeStatic(java.lang.Object, long)'> (0x00000000880f5700) thrown at [./src/hotspot/share/interpreter/linkResolver.cpp, line 773]
Event: 18.185 Thread 0x000001ef7c0f2800 Exception <a 'java/lang/NoSuchMethodError'{0x00000000880fa918}: 'java.lang.Object java.lang.invoke.DirectMethodHandle$Holder.invokeStatic(java.lang.Object, long)'> (0x00000000880fa918) thrown at [./src/hotspot/share/interpreter/linkResolver.cpp, line 773]
Event: 18.189 Thread 0x000001ef7c0f2800 Exception <a 'java/lang/NoSuchMethodError'{0x0000000087fd0a10}: 'java.lang.Object java.lang.invoke.DirectMethodHandle$Holder.invokeStaticInit(java.lang.Object, java.lang.Object, long, java.lang.Object)'> (0x0000000087fd0a10) thrown at [./src/hotspot/share/interpreter/linkResolver.cpp, line 773]
Event: 18.190 Thread 0x000001ef7c0f2800 Exception <a 'java/lang/NoSuchMethodError'{0x0000000087fd6ba8}: 'java.lang.Object java.lang.invoke.DirectMethodHandle$Holder.invokeStatic(java.lang.Object, java.lang.Object, long)'> (0x0000000087fd6ba8) thrown at [./src/hotspot/share/interpreter/linkResolver.cpp, line 773]
Event: 18.191 Thread 0x000001ef7c0f2800 Exception <a 'java/lang/NoSuchMethodError'{0x0000000087fdd120}: 'java.lang.Object java.lang.invoke.Invokers$Holder.linkToTargetMethod(java.lang.Object, long, java.lang.Object)'> (0x0000000087fdd120) thrown at [./src/hotspot/share/interpreter/linkResolver.cpp, line 773]
Event: 18.255 Thread 0x000001ef7c0ee800 Exception <a 'java/lang/NoSuchMethodError'{0x0000000087db2310}: 'java.lang.Object java.lang.invoke.DirectMethodHandle$Holder.invokeStaticInit(java.lang.Object, java.lang.Object, java.lang.Object, java.lang.Object, java.lang.Object, java.lang.Object, java.lang.Object, java.lang.Object, java.lang.Object, java.lang.Object, java.lang.Object, java.lang.Object, java.lang.Object, java.lang.Object, java.lang.Object, java.lang.Object, java.lang.Object, java.lang.Object, int, java.lang.Object, java.lang.Object)'> (0
Event: 18.527 Thread 0x000001ef7c0f2800 Exception <a 'java/lang/NoSuchMethodError'{0x000000008d36d930}: 'int java.lang.invoke.DirectMethodHandle$Holder.invokeSpecialIFC(java.lang.Object, java.lang.Object, java.lang.Object)'> (0x000000008d36d930) thrown at [./src/hotspot/share/interpreter/linkResolver.cpp, line 773]
Event: 19.041 Thread 0x000001ef00bc8800 Exception <a 'java/lang/IncompatibleClassChangeError'{0x000000008ba96128}: Found class java.lang.Object, but interface was expected> (0x000000008ba96128) thrown at [./src/hotspot/share/interpreter/linkResolver.cpp, line 839]
Event: 19.044 Thread 0x000001ef00bc7000 Exception <a 'java/lang/NoSuchMethodError'{0x000000008bad0c98}: 'java.lang.Object java.lang.invoke.DirectMethodHandle$Holder.newInvokeSpecial(java.lang.Object, int)'> (0x000000008bad0c98) thrown at [./src/hotspot/share/interpreter/linkResolver.cpp, line 773]
Event: 19.049 Thread 0x000001ef00bc8800 Exception <a 'java/lang/IncompatibleClassChangeError'{0x000000008b902728}: Found class java.lang.Object, but interface was expected> (0x000000008b902728) thrown at [./src/hotspot/share/interpreter/linkResolver.cpp, line 839]
Event: 19.050 Thread 0x000001ef00bc8800 Exception <a 'java/lang/IncompatibleClassChangeError'{0x000000008b912e20}: Found class java.lang.Object, but interface was expected> (0x000000008b912e20) thrown at [./src/hotspot/share/interpreter/linkResolver.cpp, line 839]

Events (20 events):
Event: 19.244 loading class com/android/tools/r8/internal/Kc1 done
Event: 19.245 loading class com/android/tools/r8/internal/Wb1
Event: 19.245 loading class com/android/tools/r8/internal/Wb1 done
Event: 19.245 loading class com/android/tools/r8/internal/Tc1
Event: 19.245 loading class com/android/tools/r8/internal/Tc1 done
Event: 19.247 loading class com/android/tools/r8/internal/bc1
Event: 19.247 loading class com/android/tools/r8/internal/bc1 done
Event: 19.248 loading class com/android/tools/r8/graph/P0
Event: 19.248 loading class com/android/tools/r8/graph/P0 done
Event: 19.249 loading class com/android/tools/r8/graph/D2
Event: 19.249 loading class com/android/tools/r8/graph/D2 done
Event: 19.249 loading class com/android/tools/r8/internal/Zb1
Event: 19.249 loading class com/android/tools/r8/internal/Zb1 done
Event: 19.250 loading class com/android/tools/r8/internal/ec1
Event: 19.250 loading class com/android/tools/r8/internal/ec1 done
Event: 19.322 Executing VM operation: G1CollectForAllocation
Event: 19.353 Executing VM operation: G1CollectForAllocation done
Event: 19.403 loading class com/android/tools/r8/internal/KI0
Event: 19.403 loading class com/android/tools/r8/internal/KI0 done
Event: 19.438 Executing VM operation: G1CollectForAllocation


Dynamic libraries:
0x00007ff7a4710000 - 0x00007ff7a471a000 	C:\Program Files\Android\Android Studio\jre\bin\java.exe
0x00007ffd6bb10000 - 0x00007ffd6bcfd000 	C:\Windows\SYSTEM32\ntdll.dll
0x00007ffd3c540000 - 0x00007ffd3c556000 	C:\Program Files\Avast Software\Avast\aswhook.dll
0x00007ffd69ac0000 - 0x00007ffd69b74000 	C:\Windows\System32\KERNEL32.DLL
0x00007ffd68610000 - 0x00007ffd688a4000 	C:\Windows\System32\KERNELBASE.dll
0x00007ffd68c40000 - 0x00007ffd68d3a000 	C:\Windows\System32\ucrtbase.dll
0x00007ffd5ef90000 - 0x00007ffd5efa9000 	C:\Program Files\Android\Android Studio\jre\bin\jli.dll
0x00007ffd5ef70000 - 0x00007ffd5ef87000 	C:\Program Files\Android\Android Studio\jre\bin\VCRUNTIME140.dll
0x00007ffd6b290000 - 0x00007ffd6b427000 	C:\Windows\System32\USER32.dll
0x00007ffd45700000 - 0x00007ffd45979000 	C:\Windows\WinSxS\amd64_microsoft.windows.common-controls_6595b64144ccf1df_6.0.17763.2803_none_de6d9ee8534e8a05\COMCTL32.dll
0x00007ffd68a20000 - 0x00007ffd68a40000 	C:\Windows\System32\win32u.dll
0x00007ffd6b430000 - 0x00007ffd6b4ce000 	C:\Windows\System32\msvcrt.dll
0x00007ffd6b4d0000 - 0x00007ffd6b4f9000 	C:\Windows\System32\GDI32.dll
0x00007ffd683e0000 - 0x00007ffd6857c000 	C:\Windows\System32\gdi32full.dll
0x00007ffd690d0000 - 0x00007ffd693fd000 	C:\Windows\System32\combase.dll
0x00007ffd68310000 - 0x00007ffd683b0000 	C:\Windows\System32\msvcp_win.dll
0x00007ffd6b6f0000 - 0x00007ffd6b80d000 	C:\Windows\System32\RPCRT4.dll
0x00007ffd68580000 - 0x00007ffd68602000 	C:\Windows\System32\bcryptPrimitives.dll
0x00007ffd69cc0000 - 0x00007ffd69cee000 	C:\Windows\System32\IMM32.DLL
0x00007ffd3fbd0000 - 0x00007ffd3fc6d000 	C:\Program Files\Android\Android Studio\jre\bin\msvcp140.dll
0x00007ffd1e990000 - 0x00007ffd1f465000 	C:\Program Files\Android\Android Studio\jre\bin\server\jvm.dll
0x00007ffd68ed0000 - 0x00007ffd68f77000 	C:\Windows\System32\ADVAPI32.dll
0x00007ffd6b1f0000 - 0x00007ffd6b28f000 	C:\Windows\System32\sechost.dll
0x00007ffd69480000 - 0x00007ffd69488000 	C:\Windows\System32\PSAPI.DLL
0x00007ffd5a380000 - 0x00007ffd5a389000 	C:\Windows\SYSTEM32\WSOCK32.dll
0x00007ffd65680000 - 0x00007ffd656a4000 	C:\Windows\SYSTEM32\WINMM.dll
0x00007ffd61e60000 - 0x00007ffd61e6a000 	C:\Windows\SYSTEM32\VERSION.dll
0x00007ffd69c50000 - 0x00007ffd69cbd000 	C:\Windows\System32\WS2_32.dll
0x00007ffd65480000 - 0x00007ffd654ad000 	C:\Windows\SYSTEM32\WINMMBASE.dll
0x00007ffd688b0000 - 0x00007ffd688fa000 	C:\Windows\System32\cfgmgr32.dll
0x00007ffd67af0000 - 0x00007ffd67b01000 	C:\Windows\System32\kernel.appcore.dll
0x00007ffd40d00000 - 0x00007ffd40d11000 	C:\Program Files\Android\Android Studio\jre\bin\verify.dll
0x00007ffd5e0c0000 - 0x00007ffd5e2ad000 	C:\Windows\SYSTEM32\DBGHELP.DLL
0x00007ffd5c000000 - 0x00007ffd5c02a000 	C:\Windows\SYSTEM32\dbgcore.DLL
0x00007ffd3eeb0000 - 0x00007ffd3eed9000 	C:\Program Files\Android\Android Studio\jre\bin\java.dll
0x00007ffd41f30000 - 0x00007ffd41f3b000 	C:\Program Files\Android\Android Studio\jre\bin\jimage.dll
0x00007ffd3fb80000 - 0x00007ffd3fb98000 	C:\Program Files\Android\Android Studio\jre\bin\zip.dll
0x00007ffd69cf0000 - 0x00007ffd6b1e8000 	C:\Windows\System32\SHELL32.dll
0x00007ffd69020000 - 0x00007ffd690c8000 	C:\Windows\System32\shcore.dll
0x00007ffd67ba0000 - 0x00007ffd682e8000 	C:\Windows\System32\windows.storage.dll
0x00007ffd67b70000 - 0x00007ffd67b94000 	C:\Windows\System32\profapi.dll
0x00007ffd67b10000 - 0x00007ffd67b6d000 	C:\Windows\System32\powrprof.dll
0x00007ffd6b500000 - 0x00007ffd6b552000 	C:\Windows\System32\shlwapi.dll
0x00007ffd682f0000 - 0x00007ffd68307000 	C:\Windows\System32\cryptsp.dll
0x00007ffd3f050000 - 0x00007ffd3f06a000 	C:\Program Files\Android\Android Studio\jre\bin\net.dll
0x00007ffd5b140000 - 0x00007ffd5b231000 	C:\Windows\SYSTEM32\WINHTTP.dll
0x00007ffd672c0000 - 0x00007ffd67327000 	C:\Windows\system32\mswsock.dll
0x00007ffd3ea90000 - 0x00007ffd3eaa4000 	C:\Program Files\Android\Android Studio\jre\bin\nio.dll
0x00007ffd5fa50000 - 0x00007ffd5fa77000 	C:\Users\Sebastopol\.gradle\native\e1d6ef7f7dcc3fd88c89a11ec53ec762bb8ba0a96d01ffa2cd45eb1d1d8dd5c5\windows-amd64\native-platform.dll
0x00007ffd38f70000 - 0x00007ffd390b4000 	C:\Users\Sebastopol\.gradle\native\5664cfc778a61ccfe75a443a1ab52a65af34e5dc3c78e0209fed803814484fcb\windows-amd64\native-platform-file-events.dll
0x00007ffd3eea0000 - 0x00007ffd3eeaa000 	C:\Program Files\Android\Android Studio\jre\bin\management.dll
0x00007ffd3ed10000 - 0x00007ffd3ed1d000 	C:\Program Files\Android\Android Studio\jre\bin\management_ext.dll
0x00007ffd66e40000 - 0x00007ffd66e73000 	C:\Windows\system32\rsaenh.dll
0x00007ffd683b0000 - 0x00007ffd683d6000 	C:\Windows\System32\bcrypt.dll
0x00007ffd679d0000 - 0x00007ffd679f9000 	C:\Windows\SYSTEM32\USERENV.dll
0x00007ffd67490000 - 0x00007ffd6749c000 	C:\Windows\SYSTEM32\CRYPTBASE.dll
0x00007ffd66fd0000 - 0x00007ffd6700e000 	C:\Windows\SYSTEM32\IPHLPAPI.DLL
0x00007ffd6b630000 - 0x00007ffd6b638000 	C:\Windows\System32\NSI.dll
0x00007ffd5bfc0000 - 0x00007ffd5bfd6000 	C:\Windows\SYSTEM32\dhcpcsvc6.DLL
0x00007ffd5c030000 - 0x00007ffd5c04c000 	C:\Windows\SYSTEM32\dhcpcsvc.DLL
0x00007ffd67010000 - 0x00007ffd670d6000 	C:\Windows\SYSTEM32\DNSAPI.dll

dbghelp: loaded successfully - version: 4.0.5 - missing functions: none
symbol engine: initialized successfully - sym options: 0x614 - pdb path: .;C:\Program Files\Android\Android Studio\jre\bin;C:\Windows\SYSTEM32;C:\Program Files\Avast Software\Avast;C:\Windows\WinSxS\amd64_microsoft.windows.common-controls_6595b64144ccf1df_6.0.17763.2803_none_de6d9ee8534e8a05;C:\Program Files\Android\Android Studio\jre\bin\server;C:\Users\Sebastopol\.gradle\native\e1d6ef7f7dcc3fd88c89a11ec53ec762bb8ba0a96d01ffa2cd45eb1d1d8dd5c5\windows-amd64;C:\Users\Sebastopol\.gradle\native\5664cfc778a61ccfe75a443a1ab52a65af34e5dc3c78e0209fed803814484fcb\windows-amd64

VM Arguments:
jvm_args: --add-opens=java.base/java.util=ALL-UNNAMED --add-opens=java.base/java.lang=ALL-UNNAMED --add-opens=java.base/java.lang.invoke=ALL-UNNAMED --add-opens=java.base/java.util=ALL-UNNAMED --add-opens=java.prefs/java.util.prefs=ALL-UNNAMED --add-opens=java.prefs/java.util.prefs=ALL-UNNAMED --add-opens=java.base/java.nio.charset=ALL-UNNAMED --add-opens=java.base/java.net=ALL-UNNAMED --add-opens=java.base/java.util.concurrent.atomic=ALL-UNNAMED -Xmx2048m -Dfile.encoding=UTF-8 -Duser.country=CL -Duser.language=es -Duser.variant 
java_command: org.gradle.launcher.daemon.bootstrap.GradleDaemon 7.2
java_class_path (initial): C:\Users\Sebastopol\.gradle\wrapper\dists\gradle-7.2-bin\2dnblmf4td7x66yl1d74lt32g\gradle-7.2\lib\gradle-launcher-7.2.jar
Launcher Type: SUN_STANDARD

[Global flags]
     intx CICompilerCount                          = 4                                         {product} {ergonomic}
     uint ConcGCThreads                            = 2                                         {product} {ergonomic}
     uint G1ConcRefinementThreads                  = 8                                         {product} {ergonomic}
   size_t G1HeapRegionSize                         = 1048576                                   {product} {ergonomic}
    uintx GCDrainStackTargetSize                   = 64                                        {product} {ergonomic}
   size_t InitialHeapSize                          = 117440512                                 {product} {ergonomic}
   size_t MarkStackSize                            = 4194304                                   {product} {ergonomic}
   size_t MaxHeapSize                              = 2147483648                                {product} {command line}
   size_t MaxNewSize                               = 1287651328                                {product} {ergonomic}
   size_t MinHeapDeltaBytes                        = 1048576                                   {product} {ergonomic}
    uintx NonNMethodCodeHeapSize                   = 5836300                                {pd product} {ergonomic}
    uintx NonProfiledCodeHeapSize                  = 122910970                              {pd product} {ergonomic}
    uintx ProfiledCodeHeapSize                     = 122910970                              {pd product} {ergonomic}
    uintx ReservedCodeCacheSize                    = 251658240                              {pd product} {ergonomic}
     bool SegmentedCodeCache                       = true                                      {product} {ergonomic}
     bool UseCompressedClassPointers               = true                                 {lp64_product} {ergonomic}
     bool UseCompressedOops                        = true                                 {lp64_product} {ergonomic}
     bool UseG1GC                                  = true                                      {product} {ergonomic}
     bool UseLargePagesIndividualAllocation        = false                                  {pd product} {ergonomic}

Logging:
Log output configuration:
 #0: stdout all=warning uptime,level,tags
 #1: stderr all=off uptime,level,tags

Environment Variables:
PATH=C:\Windows\system32;C:\Windows;C:\Windows\System32\Wbem;C:\Windows\System32\WindowsPowerShell\v1.0\;C:\Windows\System32\OpenSSH\;C:\Program Files\Git\cmd;C:\Users\Sebastopol\AppData\Local\Microsoft\WindowsApps;;C:\Program Files\JetBrains\IntelliJ IDEA Community Edition 2021.3.2\bin;
USERNAME=Sebastopol
OS=Windows_NT
PROCESSOR_IDENTIFIER=AMD64 Family 23 Model 24 Stepping 1, AuthenticAMD



---------------  S Y S T E M  ---------------

OS: Windows 10 , 64 bit Build 17763 (10.0.17763.2803)
OS uptime: 4 days 6:37 hours

CPU:total 8 (initial active 8) (8 cores per cpu, 2 threads per core) family 23 model 24 stepping 1 microcode 0x0, cmov, cx8, fxsr, mmx, sse, sse2, sse3, ssse3, sse4.1, sse4.2, popcnt, avx, avx2, aes, clmul, mmxext, 3dnowpref, lzcnt, sse4a, ht, tsc, tscinvbit, tscinv, bmi1, bmi2, adx, s

Memory: 4k page, system-wide physical 7103M (301M free)
TotalPageFile size 28607M (AvailPageFile size 71M)
current process WorkingSet (physical memory assigned to process): 348M, peak: 414M
current process commit charge ("private bytes"): 537M, peak: 643M

vm_info: OpenJDK 64-Bit Server VM (11.0.11+9-b60-7590822) for windows-amd64 JRE (11.0.11+9-b60-7590822), built on Jul 29 2021 21:43:44 by "builder" with MS VC++ 14.0 (VS2015)

END.
