#
# There is insufficient memory for the Java Runtime Environment to continue.
# Native memory allocation (malloc) failed to allocate 857376 bytes for Chunk::new
# Possible reasons:
#   The system is out of physical RAM or swap space
#   The process is running with CompressedOops enabled, and the Java Heap may be blocking the growth of the native heap
# Possible solutions:
#   Reduce memory load on the system
#   Increase physical memory or swap space
#   Check if swap backing store is full
#   Decrease Java heap size (-Xmx/-Xms)
#   Decrease number of Java threads
#   Decrease Java thread stack sizes (-Xss)
#   Set larger code cache with -XX:ReservedCodeCacheSize=
#   JVM is running with Unscaled Compressed Oops mode in which the Java heap is
#     placed in the first 4GB address space. The Java Heap base address is the
#     maximum limit for the native heap growth. Please use -XX:HeapBaseMinAddress
#     to set the Java Heap base and to place the Java Heap above 4GB virtual address.
# This output file may be truncated or incomplete.
#
#  Out of Memory Error (./src/hotspot/share/memory/arena.cpp:197), pid=10844, tid=14768
#
# JRE version: OpenJDK Runtime Environment (11.0.11+9) (build 11.0.11+9-b60-7590822)
# Java VM: OpenJDK 64-Bit Server VM (11.0.11+9-b60-7590822, mixed mode, tiered, compressed oops, g1 gc, windows-amd64)
# No core dump will be written. Minidumps are not enabled by default on client versions of Windows
#

---------------  S U M M A R Y ------------

Command Line: --add-opens=java.base/java.util=ALL-UNNAMED --add-opens=java.base/java.lang=ALL-UNNAMED --add-opens=java.base/java.lang.invoke=ALL-UNNAMED --add-opens=java.base/java.util=ALL-UNNAMED --add-opens=java.prefs/java.util.prefs=ALL-UNNAMED --add-opens=java.prefs/java.util.prefs=ALL-UNNAMED --add-opens=java.base/java.nio.charset=ALL-UNNAMED --add-opens=java.base/java.net=ALL-UNNAMED --add-opens=java.base/java.util.concurrent.atomic=ALL-UNNAMED -Xmx2048m -Dfile.encoding=UTF-8 -Duser.country=CL -Duser.language=es -Duser.variant org.gradle.launcher.daemon.bootstrap.GradleDaemon 7.2

Host: AMD Ryzen 5 3500U with Radeon Vega Mobile Gfx  , 8 cores, 6G,  Windows 10 , 64 bit Build 17763 (10.0.17763.2803)
Time: Sat Apr 30 23:32:06 2022 Hora est. Sudamérica Pacífico elapsed time: 13.527864 seconds (0d 0h 0m 13s)

---------------  T H R E A D  ---------------

Current thread (0x000001a15ae1e800):  JavaThread "C2 CompilerThread1" daemon [_thread_in_native, id=14768, stack(0x00000066cfb00000,0x00000066cfc00000)]


Current CompileTask:
C2:  13528 5975   !   4       com.google.common.reflect.TypeVisitor::visit (244 bytes)

Stack: [0x00000066cfb00000,0x00000066cfc00000]
Native frames: (J=compiled Java code, j=interpreted, Vv=VM code, C=native code)
V  [jvm.dll+0x5f214a]
V  [jvm.dll+0x726fb5]
V  [jvm.dll+0x7285cd]
V  [jvm.dll+0x728c83]
V  [jvm.dll+0x243278]
V  [jvm.dll+0xbc53c]
V  [jvm.dll+0xbca3c]
V  [jvm.dll+0x2b5c34]
V  [jvm.dll+0x508488]
V  [jvm.dll+0x1fd4b5]
V  [jvm.dll+0x1fb35f]
V  [jvm.dll+0x183d6c]
V  [jvm.dll+0x209a57]
V  [jvm.dll+0x2082a1]
V  [jvm.dll+0x6ef58f]
V  [jvm.dll+0x6e80b5]
V  [jvm.dll+0x5f1036]
C  [ucrtbase.dll+0x2268a]
C  [KERNEL32.DLL+0x17974]
C  [ntdll.dll+0x5a2f1]


---------------  P R O C E S S  ---------------

Threads class SMR info:
_java_thread_list=0x000001a15e40a8a0, length=122, elements={
0x000001a13d7d5000, 0x000001a157c38000, 0x000001a157c43800, 0x000001a1585d4800,
0x000001a1585d6000, 0x000001a1585d8000, 0x000001a157c5a800, 0x000001a157c5d000,
0x000001a157c66000, 0x000001a158744800, 0x000001a15a146800, 0x000001a159e27800,
0x000001a15a6ad800, 0x000001a1599cc000, 0x000001a15a142800, 0x000001a1596d3000,
0x000001a159e12000, 0x000001a159e16800, 0x000001a159bf5000, 0x000001a15a6a3000,
0x000001a15a69f000, 0x000001a15a69d800, 0x000001a15a6a1000, 0x000001a15a69e800,
0x000001a15a6a0000, 0x000001a15a6a1800, 0x000001a15a6a2800, 0x000001a15a6a4000,
0x000001a15ce39000, 0x000001a15ce36000, 0x000001a15ce37800, 0x000001a15ce38000,
0x000001a15ce34000, 0x000001a15ce3a800, 0x000001a15ce35000, 0x000001a15ce3f000,
0x000001a15ce3b800, 0x000001a15ce3c800, 0x000001a15ce40800, 0x000001a15ce3e000,
0x000001a15ce43000, 0x000001a15ce3d000, 0x000001a15ce3f800, 0x000001a15ce41000,
0x000001a15ce42000, 0x000001a15ce9e800, 0x000001a15ce9f000, 0x000001a15ce9b000,
0x000001a15ce9d800, 0x000001a15cea0000, 0x000001a15cea1000, 0x000001a15cea1800,
0x000001a15ce9c000, 0x000001a15cea2800, 0x000001a15ce9c800, 0x000001a15cea6800,
0x000001a15cea9000, 0x000001a15cea5800, 0x000001a15cea5000, 0x000001a15cea7800,
0x000001a15cea8000, 0x000001a15cea3000, 0x000001a15cea9800, 0x000001a15cea4000,
0x000001a15c6a4800, 0x000001a15c6a8000, 0x000001a15c6a9800, 0x000001a15c6a6800,
0x000001a15c6aa800, 0x000001a15c6ab000, 0x000001a15c6a7000, 0x000001a15c6a9000,
0x000001a15c6a5800, 0x000001a15c6ac000, 0x000001a15c6af800, 0x000001a15c6b1000,
0x000001a15c6ad800, 0x000001a15c6b0000, 0x000001a15c6ae800, 0x000001a15c6b1800,
0x000001a15c6b2800, 0x000001a15c6ad000, 0x000001a15c6b3800, 0x000001a15e3ed000,
0x000001a15e3ea000, 0x000001a15e3eb800, 0x000001a15e3ec000, 0x000001a15e3e9000,
0x000001a15e3ea800, 0x000001a15e3e7800, 0x000001a15e3ee000, 0x000001a15e3e8000,
0x000001a15e3ee800, 0x000001a15e3f2000, 0x000001a15e3f3800, 0x000001a15e3f3000,
0x000001a15e3f4800, 0x000001a15e3f5000, 0x000001a15e3ef800, 0x000001a15e3f6000,
0x000001a15e3f0800, 0x000001a15e3f1000, 0x000001a15cb9d000, 0x000001a15cb99000,
0x000001a15cb99800, 0x000001a15cb9b800, 0x000001a15cb9a800, 0x000001a15cb9c000,
0x000001a15cb97000, 0x000001a15cb9e000, 0x000001a15cb98000, 0x000001a15cb9e800,
0x000001a15cba3800, 0x000001a15cba4800, 0x000001a15cba5000, 0x000001a15cba1000,
0x000001a15cb9f800, 0x000001a15cba6000, 0x000001a15cba2000, 0x000001a15cba0000,
0x000001a15cba2800, 0x000001a15ae1e800
}

Java Threads: ( => current thread )
  0x000001a13d7d5000 JavaThread "main" [_thread_blocked, id=10408, stack(0x00000066c7200000,0x00000066c7300000)]
  0x000001a157c38000 JavaThread "Reference Handler" daemon [_thread_blocked, id=12216, stack(0x00000066c7900000,0x00000066c7a00000)]
  0x000001a157c43800 JavaThread "Finalizer" daemon [_thread_blocked, id=16336, stack(0x00000066c7a00000,0x00000066c7b00000)]
  0x000001a1585d4800 JavaThread "Signal Dispatcher" daemon [_thread_blocked, id=7668, stack(0x00000066c7b00000,0x00000066c7c00000)]
  0x000001a1585d6000 JavaThread "Attach Listener" daemon [_thread_blocked, id=9292, stack(0x00000066c7c00000,0x00000066c7d00000)]
  0x000001a1585d8000 JavaThread "Service Thread" daemon [_thread_blocked, id=2056, stack(0x00000066c7d00000,0x00000066c7e00000)]
  0x000001a157c5a800 JavaThread "C2 CompilerThread0" daemon [_thread_in_native, id=10224, stack(0x00000066c7e00000,0x00000066c7f00000)]
  0x000001a157c5d000 JavaThread "C1 CompilerThread0" daemon [_thread_in_native, id=8912, stack(0x00000066c7f00000,0x00000066c8000000)]
  0x000001a157c66000 JavaThread "Sweeper thread" daemon [_thread_blocked, id=12140, stack(0x00000066c8000000,0x00000066c8100000)]
  0x000001a158744800 JavaThread "Common-Cleaner" daemon [_thread_blocked, id=15328, stack(0x00000066c8100000,0x00000066c8200000)]
  0x000001a15a146800 JavaThread "Daemon health stats" [_thread_blocked, id=12296, stack(0x00000066c8400000,0x00000066c8500000)]
  0x000001a159e27800 JavaThread "Incoming local TCP Connector on port 54648" [_thread_in_native, id=8596, stack(0x00000066c8500000,0x00000066c8600000)]
  0x000001a15a6ad800 JavaThread "Daemon periodic checks" [_thread_blocked, id=6780, stack(0x00000066c8600000,0x00000066c8700000)]
  0x000001a1599cc000 JavaThread "Daemon" [_thread_blocked, id=10096, stack(0x00000066c8700000,0x00000066c8800000)]
  0x000001a15a142800 JavaThread "Handler for socket connection from /127.0.0.1:54648 to /127.0.0.1:54649" [_thread_in_native, id=2760, stack(0x00000066c8800000,0x00000066c8900000)]
  0x000001a1596d3000 JavaThread "Cancel handler" [_thread_blocked, id=17040, stack(0x00000066c8900000,0x00000066c8a00000)]
  0x000001a159e12000 JavaThread "Daemon worker" [_thread_in_Java, id=14296, stack(0x00000066c8a00000,0x00000066c8b00000)]
  0x000001a159e16800 JavaThread "Asynchronous log dispatcher for DefaultDaemonConnection: socket connection from /127.0.0.1:54648 to /127.0.0.1:54649" [_thread_blocked, id=6068, stack(0x00000066c8b00000,0x00000066c8c00000)]
  0x000001a159bf5000 JavaThread "Stdin handler" [_thread_blocked, id=16380, stack(0x00000066c8c00000,0x00000066c8d00000)]
  0x000001a15a6a3000 JavaThread "Daemon client event forwarder" [_thread_blocked, id=4180, stack(0x00000066c9400000,0x00000066c9500000)]
  0x000001a15a69f000 JavaThread "Cache worker for journal cache (C:\Users\Sebastopol\.gradle\caches\journal-1)" [_thread_blocked, id=14532, stack(0x00000066c9500000,0x00000066c9600000)]
  0x000001a15a69d800 JavaThread "File lock request listener" [_thread_in_native, id=9096, stack(0x00000066c9600000,0x00000066c9700000)]
  0x000001a15a6a1000 JavaThread "Cache worker for file hash cache (C:\Users\Sebastopol\.gradle\caches\7.2\fileHashes)" [_thread_blocked, id=17300, stack(0x00000066c9700000,0x00000066c9800000)]
  0x000001a15a69e800 JavaThread "Cache worker for file hash cache (C:\Users\Sebastopol\AndroidStudioProjects\EjercicioApiNewsProto\.gradle\7.2\fileHashes)" [_thread_blocked, id=9748, stack(0x00000066c9900000,0x00000066c9a00000)]
  0x000001a15a6a0000 JavaThread "File watcher server" daemon [_thread_in_native, id=11424, stack(0x00000066c9a00000,0x00000066c9b00000)]
  0x000001a15a6a1800 JavaThread "File watcher consumer" daemon [_thread_blocked, id=15388, stack(0x00000066c9b00000,0x00000066c9c00000)]
  0x000001a15a6a2800 JavaThread "Cache worker for checksums cache (C:\Users\Sebastopol\AndroidStudioProjects\EjercicioApiNewsProto\.gradle\checksums)" [_thread_blocked, id=15504, stack(0x00000066c9c00000,0x00000066c9d00000)]
  0x000001a15a6a4000 JavaThread "Cache worker for cache directory md-supplier (C:\Users\Sebastopol\.gradle\caches\7.2\md-supplier)" [_thread_blocked, id=7240, stack(0x00000066c9d00000,0x00000066c9e00000)]
  0x000001a15ce39000 JavaThread "Cache worker for cache directory md-rule (C:\Users\Sebastopol\.gradle\caches\7.2\md-rule)" [_thread_blocked, id=9412, stack(0x00000066c9e00000,0x00000066c9f00000)]
  0x000001a15ce36000 JavaThread "Cache worker for execution history cache (C:\Users\Sebastopol\.gradle\caches\7.2\executionHistory)" [_thread_blocked, id=16752, stack(0x00000066c9f00000,0x00000066ca000000)]
  0x000001a15ce37800 JavaThread "jar transforms" [_thread_blocked, id=488, stack(0x00000066ca000000,0x00000066ca100000)]
  0x000001a15ce38000 JavaThread "Cache worker for file content cache (C:\Users\Sebastopol\.gradle\caches\7.2\fileContent)" [_thread_blocked, id=14220, stack(0x00000066ca100000,0x00000066ca200000)]
  0x000001a15ce34000 JavaThread "jar transforms Thread 2" [_thread_blocked, id=12112, stack(0x00000066ca200000,0x00000066ca300000)]
  0x000001a15ce3a800 JavaThread "Cache worker for dependencies-accessors (C:\Users\Sebastopol\AndroidStudioProjects\EjercicioApiNewsProto\.gradle\7.2\dependencies-accessors)" [_thread_blocked, id=7568, stack(0x00000066ca300000,0x00000066ca400000)]
  0x000001a15ce35000 JavaThread "jar transforms Thread 3" [_thread_blocked, id=11224, stack(0x00000066ca400000,0x00000066ca500000)]
  0x000001a15ce3f000 JavaThread "Cache worker for Build Output Cleanup Cache (C:\Users\Sebastopol\AndroidStudioProjects\EjercicioApiNewsProto\.gradle\buildOutputCleanup)" [_thread_blocked, id=16424, stack(0x00000066ca500000,0x00000066ca600000)]
  0x000001a15ce3b800 JavaThread "Unconstrained build operations" [_thread_blocked, id=2460, stack(0x00000066ca600000,0x00000066ca700000)]
  0x000001a15ce3c800 JavaThread "Unconstrained build operations Thread 2" [_thread_blocked, id=3096, stack(0x00000066ca700000,0x00000066ca800000)]
  0x000001a15ce40800 JavaThread "Unconstrained build operations Thread 3" [_thread_blocked, id=14980, stack(0x00000066ca800000,0x00000066ca900000)]
  0x000001a15ce3e000 JavaThread "Unconstrained build operations Thread 4" [_thread_blocked, id=13644, stack(0x00000066ca900000,0x00000066caa00000)]
  0x000001a15ce43000 JavaThread "Unconstrained build operations Thread 5" [_thread_blocked, id=12608, stack(0x00000066caa00000,0x00000066cab00000)]
  0x000001a15ce3d000 JavaThread "Unconstrained build operations Thread 6" [_thread_blocked, id=12436, stack(0x00000066cab00000,0x00000066cac00000)]
  0x000001a15ce3f800 JavaThread "Unconstrained build operations Thread 7" [_thread_blocked, id=12200, stack(0x00000066cac00000,0x00000066cad00000)]
  0x000001a15ce41000 JavaThread "Unconstrained build operations Thread 8" [_thread_blocked, id=13144, stack(0x00000066cad00000,0x00000066cae00000)]
  0x000001a15ce42000 JavaThread "Unconstrained build operations Thread 9" [_thread_blocked, id=628, stack(0x00000066cae00000,0x00000066caf00000)]
  0x000001a15ce9e800 JavaThread "Unconstrained build operations Thread 10" [_thread_blocked, id=10564, stack(0x00000066caf00000,0x00000066cb000000)]
  0x000001a15ce9f000 JavaThread "Unconstrained build operations Thread 11" [_thread_blocked, id=8080, stack(0x00000066cb000000,0x00000066cb100000)]
  0x000001a15ce9b000 JavaThread "Unconstrained build operations Thread 12" [_thread_blocked, id=16188, stack(0x00000066cb100000,0x00000066cb200000)]
  0x000001a15ce9d800 JavaThread "Unconstrained build operations Thread 13" [_thread_blocked, id=3232, stack(0x00000066cb200000,0x00000066cb300000)]
  0x000001a15cea0000 JavaThread "Unconstrained build operations Thread 14" [_thread_blocked, id=11120, stack(0x00000066cb300000,0x00000066cb400000)]
  0x000001a15cea1000 JavaThread "Unconstrained build operations Thread 15" [_thread_blocked, id=928, stack(0x00000066cb400000,0x00000066cb500000)]
  0x000001a15cea1800 JavaThread "Unconstrained build operations Thread 16" [_thread_blocked, id=8204, stack(0x00000066cb500000,0x00000066cb600000)]
  0x000001a15ce9c000 JavaThread "Unconstrained build operations Thread 17" [_thread_blocked, id=10364, stack(0x00000066cb600000,0x00000066cb700000)]
  0x000001a15cea2800 JavaThread "Unconstrained build operations Thread 18" [_thread_blocked, id=6156, stack(0x00000066cb700000,0x00000066cb800000)]
  0x000001a15ce9c800 JavaThread "Unconstrained build operations Thread 19" [_thread_blocked, id=12148, stack(0x00000066cb800000,0x00000066cb900000)]
  0x000001a15cea6800 JavaThread "Unconstrained build operations Thread 20" [_thread_blocked, id=6844, stack(0x00000066cb900000,0x00000066cba00000)]
  0x000001a15cea9000 JavaThread "Unconstrained build operations Thread 21" [_thread_blocked, id=10664, stack(0x00000066cba00000,0x00000066cbb00000)]
  0x000001a15cea5800 JavaThread "Unconstrained build operations Thread 22" [_thread_blocked, id=13712, stack(0x00000066cbb00000,0x00000066cbc00000)]
  0x000001a15cea5000 JavaThread "Unconstrained build operations Thread 23" [_thread_blocked, id=16628, stack(0x00000066cbc00000,0x00000066cbd00000)]
  0x000001a15cea7800 JavaThread "Unconstrained build operations Thread 24" [_thread_blocked, id=2032, stack(0x00000066cbd00000,0x00000066cbe00000)]
  0x000001a15cea8000 JavaThread "Unconstrained build operations Thread 25" [_thread_blocked, id=7036, stack(0x00000066cbe00000,0x00000066cbf00000)]
  0x000001a15cea3000 JavaThread "Unconstrained build operations Thread 26" [_thread_blocked, id=10840, stack(0x00000066cbf00000,0x00000066cc000000)]
  0x000001a15cea9800 JavaThread "Unconstrained build operations Thread 27" [_thread_blocked, id=2952, stack(0x00000066cc000000,0x00000066cc100000)]
  0x000001a15cea4000 JavaThread "Unconstrained build operations Thread 28" [_thread_blocked, id=4904, stack(0x00000066cc100000,0x00000066cc200000)]
  0x000001a15c6a4800 JavaThread "Unconstrained build operations Thread 29" [_thread_blocked, id=6532, stack(0x00000066cc200000,0x00000066cc300000)]
  0x000001a15c6a8000 JavaThread "Unconstrained build operations Thread 30" [_thread_blocked, id=2884, stack(0x00000066cc300000,0x00000066cc400000)]
  0x000001a15c6a9800 JavaThread "Unconstrained build operations Thread 31" [_thread_blocked, id=14156, stack(0x00000066cc400000,0x00000066cc500000)]
  0x000001a15c6a6800 JavaThread "Unconstrained build operations Thread 32" [_thread_blocked, id=10444, stack(0x00000066cc500000,0x00000066cc600000)]
  0x000001a15c6aa800 JavaThread "Unconstrained build operations Thread 33" [_thread_blocked, id=11744, stack(0x00000066cc600000,0x00000066cc700000)]
  0x000001a15c6ab000 JavaThread "Unconstrained build operations Thread 34" [_thread_blocked, id=5548, stack(0x00000066cc700000,0x00000066cc800000)]
  0x000001a15c6a7000 JavaThread "Unconstrained build operations Thread 35" [_thread_blocked, id=13288, stack(0x00000066cc800000,0x00000066cc900000)]
  0x000001a15c6a9000 JavaThread "Unconstrained build operations Thread 36" [_thread_blocked, id=9616, stack(0x00000066cc900000,0x00000066cca00000)]
  0x000001a15c6a5800 JavaThread "Unconstrained build operations Thread 37" [_thread_blocked, id=13992, stack(0x00000066cca00000,0x00000066ccb00000)]
  0x000001a15c6ac000 JavaThread "Unconstrained build operations Thread 38" [_thread_blocked, id=13020, stack(0x00000066ccb00000,0x00000066ccc00000)]
  0x000001a15c6af800 JavaThread "Unconstrained build operations Thread 39" [_thread_blocked, id=10492, stack(0x00000066ccc00000,0x00000066ccd00000)]
  0x000001a15c6b1000 JavaThread "Unconstrained build operations Thread 40" [_thread_blocked, id=11096, stack(0x00000066ccd00000,0x00000066cce00000)]
  0x000001a15c6ad800 JavaThread "Unconstrained build operations Thread 41" [_thread_blocked, id=4840, stack(0x00000066cce00000,0x00000066ccf00000)]
  0x000001a15c6b0000 JavaThread "Unconstrained build operations Thread 42" [_thread_blocked, id=17100, stack(0x00000066ccf00000,0x00000066cd000000)]
  0x000001a15c6ae800 JavaThread "Unconstrained build operations Thread 43" [_thread_blocked, id=16924, stack(0x00000066cd000000,0x00000066cd100000)]
  0x000001a15c6b1800 JavaThread "Unconstrained build operations Thread 44" [_thread_blocked, id=10688, stack(0x00000066cd100000,0x00000066cd200000)]
  0x000001a15c6b2800 JavaThread "Unconstrained build operations Thread 45" [_thread_blocked, id=12040, stack(0x00000066cd200000,0x00000066cd300000)]
  0x000001a15c6ad000 JavaThread "Unconstrained build operations Thread 46" [_thread_blocked, id=12428, stack(0x00000066cd300000,0x00000066cd400000)]
  0x000001a15c6b3800 JavaThread "Unconstrained build operations Thread 47" [_thread_blocked, id=3320, stack(0x00000066cd400000,0x00000066cd500000)]
  0x000001a15e3ed000 JavaThread "Unconstrained build operations Thread 48" [_thread_blocked, id=11992, stack(0x00000066cd500000,0x00000066cd600000)]
  0x000001a15e3ea000 JavaThread "Unconstrained build operations Thread 49" [_thread_blocked, id=13268, stack(0x00000066cd600000,0x00000066cd700000)]
  0x000001a15e3eb800 JavaThread "Unconstrained build operations Thread 50" [_thread_blocked, id=15392, stack(0x00000066cd700000,0x00000066cd800000)]
  0x000001a15e3ec000 JavaThread "Unconstrained build operations Thread 51" [_thread_blocked, id=7812, stack(0x00000066cd800000,0x00000066cd900000)]
  0x000001a15e3e9000 JavaThread "Unconstrained build operations Thread 52" [_thread_blocked, id=9364, stack(0x00000066cd900000,0x00000066cda00000)]
  0x000001a15e3ea800 JavaThread "Unconstrained build operations Thread 53" [_thread_blocked, id=15176, stack(0x00000066cda00000,0x00000066cdb00000)]
  0x000001a15e3e7800 JavaThread "Unconstrained build operations Thread 54" [_thread_blocked, id=16700, stack(0x00000066cdb00000,0x00000066cdc00000)]
  0x000001a15e3ee000 JavaThread "Unconstrained build operations Thread 55" [_thread_blocked, id=16324, stack(0x00000066cdc00000,0x00000066cdd00000)]
  0x000001a15e3e8000 JavaThread "Unconstrained build operations Thread 56" [_thread_blocked, id=14620, stack(0x00000066cdd00000,0x00000066cde00000)]
  0x000001a15e3ee800 JavaThread "Unconstrained build operations Thread 57" [_thread_blocked, id=7328, stack(0x00000066cde00000,0x00000066cdf00000)]
  0x000001a15e3f2000 JavaThread "Unconstrained build operations Thread 58" [_thread_blocked, id=7600, stack(0x00000066cdf00000,0x00000066ce000000)]
  0x000001a15e3f3800 JavaThread "Unconstrained build operations Thread 59" [_thread_blocked, id=14328, stack(0x00000066ce000000,0x00000066ce100000)]
  0x000001a15e3f3000 JavaThread "Unconstrained build operations Thread 60" [_thread_blocked, id=8108, stack(0x00000066ce100000,0x00000066ce200000)]
  0x000001a15e3f4800 JavaThread "Unconstrained build operations Thread 61" [_thread_blocked, id=5216, stack(0x00000066ce200000,0x00000066ce300000)]
  0x000001a15e3f5000 JavaThread "Unconstrained build operations Thread 62" [_thread_blocked, id=1160, stack(0x00000066ce300000,0x00000066ce400000)]
  0x000001a15e3ef800 JavaThread "Unconstrained build operations Thread 63" [_thread_blocked, id=14500, stack(0x00000066ce400000,0x00000066ce500000)]
  0x000001a15e3f6000 JavaThread "Unconstrained build operations Thread 64" [_thread_blocked, id=11956, stack(0x00000066ce500000,0x00000066ce600000)]
  0x000001a15e3f0800 JavaThread "Unconstrained build operations Thread 65" [_thread_blocked, id=9588, stack(0x00000066ce600000,0x00000066ce700000)]
  0x000001a15e3f1000 JavaThread "Unconstrained build operations Thread 66" [_thread_blocked, id=16416, stack(0x00000066ce700000,0x00000066ce800000)]
  0x000001a15cb9d000 JavaThread "Unconstrained build operations Thread 67" [_thread_blocked, id=16688, stack(0x00000066ce800000,0x00000066ce900000)]
  0x000001a15cb99000 JavaThread "Unconstrained build operations Thread 68" [_thread_blocked, id=10372, stack(0x00000066ce900000,0x00000066cea00000)]
  0x000001a15cb99800 JavaThread "Unconstrained build operations Thread 69" [_thread_blocked, id=6592, stack(0x00000066cea00000,0x00000066ceb00000)]
  0x000001a15cb9b800 JavaThread "Unconstrained build operations Thread 70" [_thread_blocked, id=16048, stack(0x00000066ceb00000,0x00000066cec00000)]
  0x000001a15cb9a800 JavaThread "Unconstrained build operations Thread 71" [_thread_blocked, id=11208, stack(0x00000066cec00000,0x00000066ced00000)]
  0x000001a15cb9c000 JavaThread "Unconstrained build operations Thread 72" [_thread_blocked, id=9128, stack(0x00000066ced00000,0x00000066cee00000)]
  0x000001a15cb97000 JavaThread "Unconstrained build operations Thread 73" [_thread_blocked, id=2692, stack(0x00000066cee00000,0x00000066cef00000)]
  0x000001a15cb9e000 JavaThread "Unconstrained build operations Thread 74" [_thread_blocked, id=12708, stack(0x00000066cef00000,0x00000066cf000000)]
  0x000001a15cb98000 JavaThread "Unconstrained build operations Thread 75" [_thread_blocked, id=13872, stack(0x00000066cf000000,0x00000066cf100000)]
  0x000001a15cb9e800 JavaThread "Unconstrained build operations Thread 76" [_thread_blocked, id=17104, stack(0x00000066cf100000,0x00000066cf200000)]
  0x000001a15cba3800 JavaThread "Unconstrained build operations Thread 77" [_thread_blocked, id=3776, stack(0x00000066cf200000,0x00000066cf300000)]
  0x000001a15cba4800 JavaThread "Unconstrained build operations Thread 78" [_thread_blocked, id=2756, stack(0x00000066cf300000,0x00000066cf400000)]
  0x000001a15cba5000 JavaThread "Unconstrained build operations Thread 79" [_thread_blocked, id=1468, stack(0x00000066cf400000,0x00000066cf500000)]
  0x000001a15cba1000 JavaThread "Unconstrained build operations Thread 80" [_thread_blocked, id=16640, stack(0x00000066cf500000,0x00000066cf600000)]
  0x000001a15cb9f800 JavaThread "jar transforms Thread 4" [_thread_blocked, id=9736, stack(0x00000066cf600000,0x00000066cf700000)]
  0x000001a15cba6000 JavaThread "jar transforms Thread 5" [_thread_blocked, id=2468, stack(0x00000066cf700000,0x00000066cf800000)]
  0x000001a15cba2000 JavaThread "jar transforms Thread 6" [_thread_blocked, id=17352, stack(0x00000066cf800000,0x00000066cf900000)]
  0x000001a15cba0000 JavaThread "jar transforms Thread 7" [_thread_blocked, id=15980, stack(0x00000066cf900000,0x00000066cfa00000)]
  0x000001a15cba2800 JavaThread "jar transforms Thread 8" [_thread_blocked, id=7944, stack(0x00000066cfa00000,0x00000066cfb00000)]
=>0x000001a15ae1e800 JavaThread "C2 CompilerThread1" daemon [_thread_in_native, id=14768, stack(0x00000066cfb00000,0x00000066cfc00000)]

Other Threads:
  0x000001a157c30000 VMThread "VM Thread" [stack: 0x00000066c7800000,0x00000066c7900000] [id=11560]
  0x000001a158757000 WatcherThread [stack: 0x00000066c8200000,0x00000066c8300000] [id=9780]
  0x000001a13d7eb000 GCTaskThread "GC Thread#0" [stack: 0x00000066c7300000,0x00000066c7400000] [id=11480]
  0x000001a15914d000 GCTaskThread "GC Thread#1" [stack: 0x00000066c8300000,0x00000066c8400000] [id=11576]
  0x000001a159bf8000 GCTaskThread "GC Thread#2" [stack: 0x00000066c8d00000,0x00000066c8e00000] [id=12116]
  0x000001a159bf9000 GCTaskThread "GC Thread#3" [stack: 0x00000066c8e00000,0x00000066c8f00000] [id=9612]
  0x000001a159bf9800 GCTaskThread "GC Thread#4" [stack: 0x00000066c8f00000,0x00000066c9000000] [id=15432]
  0x000001a15a6ac800 GCTaskThread "GC Thread#5" [stack: 0x00000066c9000000,0x00000066c9100000] [id=5732]
  0x000001a159bfa800 GCTaskThread "GC Thread#6" [stack: 0x00000066c9100000,0x00000066c9200000] [id=2472]
  0x000001a159bfb000 GCTaskThread "GC Thread#7" [stack: 0x00000066c9200000,0x00000066c9300000] [id=5608]
  0x000001a13d820000 ConcurrentGCThread "G1 Main Marker" [stack: 0x00000066c7400000,0x00000066c7500000] [id=13208]
  0x000001a13d821800 ConcurrentGCThread "G1 Conc#0" [stack: 0x00000066c7500000,0x00000066c7600000] [id=11260]
  0x000001a15a752800 ConcurrentGCThread "G1 Conc#1" [stack: 0x00000066c9800000,0x00000066c9900000] [id=1384]
  0x000001a157a84800 ConcurrentGCThread "G1 Refine#0" [stack: 0x00000066c7600000,0x00000066c7700000] [id=3820]
  0x000001a159f83000 ConcurrentGCThread "G1 Refine#1" [stack: 0x00000066c9300000,0x00000066c9400000] [id=9468]
  0x000001a13d89d800 ConcurrentGCThread "G1 Young RemSet Sampling" [stack: 0x00000066c7700000,0x00000066c7800000] [id=9496]

Threads with active compile tasks:
C2 CompilerThread0  13576 6002       4       org.gradle.internal.reflect.MethodSet::add (50 bytes)
C2 CompilerThread1  13577 5975   !   4       com.google.common.reflect.TypeVisitor::visit (244 bytes)

VM state:not at safepoint (normal execution)

VM Mutex/Monitor currently owned by a thread: None

Heap address: 0x0000000080000000, size: 2048 MB, Compressed Oops mode: 32-bit
Narrow klass base: 0x0000000000000000, Narrow klass shift: 3
Compressed class space size: 1073741824 Address: 0x0000000100000000

Heap:
 garbage-first heap   total 138240K, used 56824K [0x0000000080000000, 0x0000000100000000)
  region size 1024K, 7 young (7168K), 3 survivors (3072K)
 Metaspace       used 57270K, capacity 58670K, committed 58876K, reserved 1099776K
  class space    used 7276K, capacity 7807K, committed 7808K, reserved 1048576K
Heap Regions: E=young(eden), S=young(survivor), O=old, HS=humongous(starts), HC=humongous(continues), CS=collection set, F=free, A=archive, TAMS=top-at-mark-start (previous, next)
|   0|0x0000000080000000, 0x0000000080100000, 0x0000000080100000|100%| O|  |TAMS 0x0000000080100000, 0x0000000080000000| Untracked 
|   1|0x0000000080100000, 0x0000000080200000, 0x0000000080200000|100%| O|  |TAMS 0x0000000080200000, 0x0000000080100000| Untracked 
|   2|0x0000000080200000, 0x0000000080300000, 0x0000000080300000|100%| O|  |TAMS 0x0000000080300000, 0x0000000080200000| Untracked 
|   3|0x0000000080300000, 0x0000000080400000, 0x0000000080400000|100%|HS|  |TAMS 0x0000000080400000, 0x0000000080300000| Complete 
|   4|0x0000000080400000, 0x0000000080500000, 0x0000000080500000|100%|HC|  |TAMS 0x0000000080500000, 0x0000000080400000| Complete 
|   5|0x0000000080500000, 0x0000000080600000, 0x0000000080600000|100%|HC|  |TAMS 0x0000000080600000, 0x0000000080500000| Complete 
|   6|0x0000000080600000, 0x0000000080700000, 0x0000000080700000|100%| O|  |TAMS 0x0000000080700000, 0x0000000080600000| Untracked 
|   7|0x0000000080700000, 0x0000000080800000, 0x0000000080800000|100%| O|  |TAMS 0x0000000080800000, 0x0000000080700000| Untracked 
|   8|0x0000000080800000, 0x0000000080900000, 0x0000000080900000|100%| O|  |TAMS 0x0000000080900000, 0x0000000080800000| Untracked 
|   9|0x0000000080900000, 0x0000000080a00000, 0x0000000080a00000|100%| O|  |TAMS 0x0000000080a00000, 0x0000000080900000| Untracked 
|  10|0x0000000080a00000, 0x0000000080b00000, 0x0000000080b00000|100%| O|  |TAMS 0x0000000080b00000, 0x0000000080a00000| Untracked 
|  11|0x0000000080b00000, 0x0000000080c00000, 0x0000000080c00000|100%| O|  |TAMS 0x0000000080c00000, 0x0000000080b00000| Untracked 
|  12|0x0000000080c00000, 0x0000000080d00000, 0x0000000080d00000|100%| O|  |TAMS 0x0000000080d00000, 0x0000000080c00000| Untracked 
|  13|0x0000000080d00000, 0x0000000080e00000, 0x0000000080e00000|100%| O|  |TAMS 0x0000000080e00000, 0x0000000080d00000| Untracked 
|  14|0x0000000080e00000, 0x0000000080f00000, 0x0000000080f00000|100%| O|  |TAMS 0x0000000080f00000, 0x0000000080e00000| Untracked 
|  15|0x0000000080f00000, 0x0000000081000000, 0x0000000081000000|100%| O|  |TAMS 0x0000000081000000, 0x0000000080f00000| Untracked 
|  16|0x0000000081000000, 0x0000000081100000, 0x0000000081100000|100%| O|  |TAMS 0x000000008101c400, 0x0000000081000000| Untracked 
|  17|0x0000000081100000, 0x0000000081200000, 0x0000000081200000|100%|HS|  |TAMS 0x0000000081100000, 0x0000000081100000| Complete 
|  18|0x0000000081200000, 0x0000000081300000, 0x0000000081300000|100%| O|  |TAMS 0x0000000081200000, 0x0000000081200000| Untracked 
|  19|0x0000000081300000, 0x0000000081400000, 0x0000000081400000|100%| O|  |TAMS 0x0000000081300000, 0x0000000081300000| Untracked 
|  20|0x0000000081400000, 0x0000000081500000, 0x0000000081500000|100%| O|  |TAMS 0x0000000081400000, 0x0000000081400000| Untracked 
|  21|0x0000000081500000, 0x0000000081600000, 0x0000000081600000|100%| O|  |TAMS 0x0000000081500000, 0x0000000081500000| Untracked 
|  22|0x0000000081600000, 0x0000000081700000, 0x0000000081700000|100%| O|  |TAMS 0x0000000081600000, 0x0000000081600000| Untracked 
|  23|0x0000000081700000, 0x0000000081800000, 0x0000000081800000|100%| O|  |TAMS 0x0000000081700000, 0x0000000081700000| Untracked 
|  24|0x0000000081800000, 0x0000000081900000, 0x0000000081900000|100%| O|  |TAMS 0x0000000081800000, 0x0000000081800000| Untracked 
|  25|0x0000000081900000, 0x0000000081a00000, 0x0000000081a00000|100%| O|  |TAMS 0x0000000081900000, 0x0000000081900000| Untracked 
|  26|0x0000000081a00000, 0x0000000081b00000, 0x0000000081b00000|100%| O|  |TAMS 0x0000000081a00000, 0x0000000081a00000| Untracked 
|  27|0x0000000081b00000, 0x0000000081c00000, 0x0000000081c00000|100%|HS|  |TAMS 0x0000000081b00000, 0x0000000081b00000| Complete 
|  28|0x0000000081c00000, 0x0000000081d00000, 0x0000000081d00000|100%|HS|  |TAMS 0x0000000081c00000, 0x0000000081c00000| Complete 
|  29|0x0000000081d00000, 0x0000000081e00000, 0x0000000081e00000|100%|HS|  |TAMS 0x0000000081d00000, 0x0000000081d00000| Complete 
|  30|0x0000000081e00000, 0x0000000081f00000, 0x0000000081f00000|100%|HS|  |TAMS 0x0000000081e00000, 0x0000000081e00000| Complete 
|  31|0x0000000081f00000, 0x0000000082000000, 0x0000000082000000|100%|HC|  |TAMS 0x0000000081f00000, 0x0000000081f00000| Complete 
|  32|0x0000000082000000, 0x0000000082100000, 0x0000000082100000|100%|HC|  |TAMS 0x0000000082000000, 0x0000000082000000| Complete 
|  33|0x0000000082100000, 0x0000000082200000, 0x0000000082200000|100%|HS|  |TAMS 0x0000000082100000, 0x0000000082100000| Complete 
|  34|0x0000000082200000, 0x0000000082300000, 0x0000000082300000|100%|HC|  |TAMS 0x0000000082200000, 0x0000000082200000| Complete 
|  35|0x0000000082300000, 0x0000000082400000, 0x0000000082400000|100%| O|  |TAMS 0x0000000082300000, 0x0000000082300000| Untracked 
|  36|0x0000000082400000, 0x0000000082500000, 0x0000000082500000|100%| O|  |TAMS 0x0000000082400000, 0x0000000082400000| Untracked 
|  37|0x0000000082500000, 0x0000000082600000, 0x0000000082600000|100%| O|  |TAMS 0x0000000082500000, 0x0000000082500000| Untracked 
|  38|0x0000000082600000, 0x0000000082700000, 0x0000000082700000|100%| O|  |TAMS 0x0000000082600000, 0x0000000082600000| Untracked 
|  39|0x0000000082700000, 0x0000000082800000, 0x0000000082800000|100%| O|  |TAMS 0x0000000082700000, 0x0000000082700000| Untracked 
|  40|0x0000000082800000, 0x0000000082900000, 0x0000000082900000|100%| O|  |TAMS 0x0000000082800000, 0x0000000082800000| Untracked 
|  41|0x0000000082900000, 0x0000000082a00000, 0x0000000082a00000|100%| O|  |TAMS 0x0000000082900000, 0x0000000082900000| Untracked 
|  42|0x0000000082a00000, 0x0000000082b00000, 0x0000000082b00000|100%| O|  |TAMS 0x0000000082a00000, 0x0000000082a00000| Untracked 
|  43|0x0000000082b00000, 0x0000000082c00000, 0x0000000082c00000|100%| O|  |TAMS 0x0000000082b00000, 0x0000000082b00000| Untracked 
|  44|0x0000000082c00000, 0x0000000082d00000, 0x0000000082d00000|100%| O|  |TAMS 0x0000000082c00000, 0x0000000082c00000| Untracked 
|  45|0x0000000082d00000, 0x0000000082e00000, 0x0000000082e00000|100%| O|  |TAMS 0x0000000082d00000, 0x0000000082d00000| Untracked 
|  46|0x0000000082e00000, 0x0000000082f00000, 0x0000000082f00000|100%| O|  |TAMS 0x0000000082e00000, 0x0000000082e00000| Untracked 
|  47|0x0000000082f00000, 0x0000000083000000, 0x0000000083000000|100%| O|  |TAMS 0x0000000082f00000, 0x0000000082f00000| Untracked 
|  48|0x0000000083000000, 0x0000000083100000, 0x0000000083100000|100%| O|  |TAMS 0x0000000083000000, 0x0000000083000000| Untracked 
|  49|0x0000000083100000, 0x0000000083200000, 0x0000000083200000|100%| O|  |TAMS 0x0000000083100000, 0x0000000083100000| Untracked 
|  50|0x0000000083200000, 0x0000000083241600, 0x0000000083300000| 25%| O|  |TAMS 0x0000000083200000, 0x0000000083200000| Untracked 
|  51|0x0000000083300000, 0x0000000083300000, 0x0000000083400000|  0%| F|  |TAMS 0x0000000083300000, 0x0000000083300000| Untracked 
|  52|0x0000000083400000, 0x0000000083400000, 0x0000000083500000|  0%| F|  |TAMS 0x0000000083400000, 0x0000000083400000| Untracked 
|  53|0x0000000083500000, 0x0000000083500000, 0x0000000083600000|  0%| F|  |TAMS 0x0000000083500000, 0x0000000083500000| Untracked 
|  54|0x0000000083600000, 0x0000000083600000, 0x0000000083700000|  0%| F|  |TAMS 0x0000000083600000, 0x0000000083600000| Untracked 
|  55|0x0000000083700000, 0x0000000083700000, 0x0000000083800000|  0%| F|  |TAMS 0x0000000083700000, 0x0000000083700000| Untracked 
|  56|0x0000000083800000, 0x0000000083800000, 0x0000000083900000|  0%| F|  |TAMS 0x0000000083800000, 0x0000000083800000| Untracked 
|  57|0x0000000083900000, 0x0000000083900000, 0x0000000083a00000|  0%| F|  |TAMS 0x0000000083900000, 0x0000000083900000| Untracked 
|  58|0x0000000083a00000, 0x0000000083a00000, 0x0000000083b00000|  0%| F|  |TAMS 0x0000000083a00000, 0x0000000083a00000| Untracked 
|  59|0x0000000083b00000, 0x0000000083b00000, 0x0000000083c00000|  0%| F|  |TAMS 0x0000000083b00000, 0x0000000083b00000| Untracked 
|  60|0x0000000083c00000, 0x0000000083c00000, 0x0000000083d00000|  0%| F|  |TAMS 0x0000000083c00000, 0x0000000083c00000| Untracked 
|  61|0x0000000083d00000, 0x0000000083d00000, 0x0000000083e00000|  0%| F|  |TAMS 0x0000000083d00000, 0x0000000083d00000| Untracked 
|  62|0x0000000083e00000, 0x0000000083e00000, 0x0000000083f00000|  0%| F|  |TAMS 0x0000000083e00000, 0x0000000083e00000| Untracked 
|  63|0x0000000083f00000, 0x0000000083f00000, 0x0000000084000000|  0%| F|  |TAMS 0x0000000083f00000, 0x0000000083f00000| Untracked 
|  64|0x0000000084000000, 0x0000000084000000, 0x0000000084100000|  0%| F|  |TAMS 0x0000000084000000, 0x0000000084000000| Untracked 
|  65|0x0000000084100000, 0x0000000084100000, 0x0000000084200000|  0%| F|  |TAMS 0x0000000084100000, 0x0000000084100000| Untracked 
|  66|0x0000000084200000, 0x0000000084200000, 0x0000000084300000|  0%| F|  |TAMS 0x0000000084200000, 0x0000000084200000| Untracked 
|  67|0x0000000084300000, 0x0000000084300000, 0x0000000084400000|  0%| F|  |TAMS 0x0000000084300000, 0x0000000084300000| Untracked 
|  68|0x0000000084400000, 0x0000000084400000, 0x0000000084500000|  0%| F|  |TAMS 0x0000000084400000, 0x0000000084400000| Untracked 
|  69|0x0000000084500000, 0x0000000084500000, 0x0000000084600000|  0%| F|  |TAMS 0x0000000084500000, 0x0000000084500000| Untracked 
|  70|0x0000000084600000, 0x0000000084600000, 0x0000000084700000|  0%| F|  |TAMS 0x0000000084600000, 0x0000000084600000| Untracked 
|  71|0x0000000084700000, 0x0000000084700000, 0x0000000084800000|  0%| F|  |TAMS 0x0000000084700000, 0x0000000084700000| Untracked 
|  72|0x0000000084800000, 0x0000000084800000, 0x0000000084900000|  0%| F|  |TAMS 0x0000000084800000, 0x0000000084800000| Untracked 
|  73|0x0000000084900000, 0x0000000084900000, 0x0000000084a00000|  0%| F|  |TAMS 0x0000000084900000, 0x0000000084900000| Untracked 
|  74|0x0000000084a00000, 0x0000000084a00000, 0x0000000084b00000|  0%| F|  |TAMS 0x0000000084a00000, 0x0000000084a00000| Untracked 
|  75|0x0000000084b00000, 0x0000000084b00000, 0x0000000084c00000|  0%| F|  |TAMS 0x0000000084b00000, 0x0000000084b00000| Untracked 
|  76|0x0000000084c00000, 0x0000000084c00000, 0x0000000084d00000|  0%| F|  |TAMS 0x0000000084c00000, 0x0000000084c00000| Untracked 
|  77|0x0000000084d00000, 0x0000000084d00000, 0x0000000084e00000|  0%| F|  |TAMS 0x0000000084d00000, 0x0000000084d00000| Untracked 
|  78|0x0000000084e00000, 0x0000000084e00000, 0x0000000084f00000|  0%| F|  |TAMS 0x0000000084e00000, 0x0000000084e00000| Untracked 
|  79|0x0000000084f00000, 0x0000000084f00000, 0x0000000085000000|  0%| F|  |TAMS 0x0000000084f00000, 0x0000000084f00000| Untracked 
|  80|0x0000000085000000, 0x0000000085000000, 0x0000000085100000|  0%| F|  |TAMS 0x0000000085000000, 0x0000000085000000| Untracked 
|  81|0x0000000085100000, 0x0000000085100000, 0x0000000085200000|  0%| F|  |TAMS 0x0000000085100000, 0x0000000085100000| Untracked 
|  82|0x0000000085200000, 0x0000000085200000, 0x0000000085300000|  0%| F|  |TAMS 0x0000000085200000, 0x0000000085200000| Untracked 
|  83|0x0000000085300000, 0x000000008533cc80, 0x0000000085400000| 23%| S|CS|TAMS 0x0000000085300000, 0x0000000085300000| Complete 
|  84|0x0000000085400000, 0x0000000085500000, 0x0000000085500000|100%| S|CS|TAMS 0x0000000085400000, 0x0000000085400000| Complete 
|  85|0x0000000085500000, 0x0000000085600000, 0x0000000085600000|100%| S|CS|TAMS 0x0000000085500000, 0x0000000085500000| Complete 
|  86|0x0000000085600000, 0x0000000085600000, 0x0000000085700000|  0%| F|  |TAMS 0x0000000085600000, 0x0000000085600000| Untracked 
|  87|0x0000000085700000, 0x0000000085700000, 0x0000000085800000|  0%| F|  |TAMS 0x0000000085700000, 0x0000000085700000| Untracked 
|  88|0x0000000085800000, 0x0000000085800000, 0x0000000085900000|  0%| F|  |TAMS 0x0000000085800000, 0x0000000085800000| Untracked 
|  89|0x0000000085900000, 0x0000000085900000, 0x0000000085a00000|  0%| F|  |TAMS 0x0000000085900000, 0x0000000085900000| Untracked 
|  90|0x0000000085a00000, 0x0000000085a00000, 0x0000000085b00000|  0%| F|  |TAMS 0x0000000085a00000, 0x0000000085a00000| Untracked 
|  91|0x0000000085b00000, 0x0000000085b00000, 0x0000000085c00000|  0%| F|  |TAMS 0x0000000085b00000, 0x0000000085b00000| Untracked 
|  92|0x0000000085c00000, 0x0000000085c00000, 0x0000000085d00000|  0%| F|  |TAMS 0x0000000085c00000, 0x0000000085c00000| Untracked 
|  93|0x0000000085d00000, 0x0000000085d00000, 0x0000000085e00000|  0%| F|  |TAMS 0x0000000085d00000, 0x0000000085d00000| Untracked 
|  94|0x0000000085e00000, 0x0000000085e00000, 0x0000000085f00000|  0%| F|  |TAMS 0x0000000085e00000, 0x0000000085e00000| Untracked 
|  95|0x0000000085f00000, 0x0000000085f00000, 0x0000000086000000|  0%| F|  |TAMS 0x0000000085f00000, 0x0000000085f00000| Untracked 
|  96|0x0000000086000000, 0x0000000086000000, 0x0000000086100000|  0%| F|  |TAMS 0x0000000086000000, 0x0000000086000000| Untracked 
|  97|0x0000000086100000, 0x0000000086100000, 0x0000000086200000|  0%| F|  |TAMS 0x0000000086100000, 0x0000000086100000| Untracked 
|  98|0x0000000086200000, 0x0000000086200000, 0x0000000086300000|  0%| F|  |TAMS 0x0000000086200000, 0x0000000086200000| Untracked 
|  99|0x0000000086300000, 0x0000000086300000, 0x0000000086400000|  0%| F|  |TAMS 0x0000000086300000, 0x0000000086300000| Untracked 
| 100|0x0000000086400000, 0x0000000086400000, 0x0000000086500000|  0%| F|  |TAMS 0x0000000086400000, 0x0000000086400000| Untracked 
| 101|0x0000000086500000, 0x0000000086500000, 0x0000000086600000|  0%| F|  |TAMS 0x0000000086500000, 0x0000000086500000| Untracked 
| 102|0x0000000086600000, 0x0000000086600000, 0x0000000086700000|  0%| F|  |TAMS 0x0000000086600000, 0x0000000086600000| Untracked 
| 103|0x0000000086700000, 0x0000000086700000, 0x0000000086800000|  0%| F|  |TAMS 0x0000000086700000, 0x0000000086700000| Untracked 
| 104|0x0000000086800000, 0x0000000086800000, 0x0000000086900000|  0%| F|  |TAMS 0x0000000086800000, 0x0000000086800000| Untracked 
| 105|0x0000000086900000, 0x0000000086900000, 0x0000000086a00000|  0%| F|  |TAMS 0x0000000086900000, 0x0000000086900000| Untracked 
| 106|0x0000000086a00000, 0x0000000086a00000, 0x0000000086b00000|  0%| F|  |TAMS 0x0000000086a00000, 0x0000000086a00000| Untracked 
| 107|0x0000000086b00000, 0x0000000086b00000, 0x0000000086c00000|  0%| F|  |TAMS 0x0000000086b00000, 0x0000000086b00000| Untracked 
| 108|0x0000000086c00000, 0x0000000086c00000, 0x0000000086d00000|  0%| F|  |TAMS 0x0000000086c00000, 0x0000000086c00000| Untracked 
| 109|0x0000000086d00000, 0x0000000086d00000, 0x0000000086e00000|  0%| F|  |TAMS 0x0000000086d00000, 0x0000000086d00000| Untracked 
| 110|0x0000000086e00000, 0x0000000086e00000, 0x0000000086f00000|  0%| F|  |TAMS 0x0000000086e00000, 0x0000000086e00000| Untracked 
| 111|0x0000000086f00000, 0x0000000086f00000, 0x0000000087000000|  0%| F|  |TAMS 0x0000000086f00000, 0x0000000086f00000| Untracked 
| 112|0x0000000087000000, 0x0000000087000000, 0x0000000087100000|  0%| F|  |TAMS 0x0000000087000000, 0x0000000087000000| Untracked 
| 113|0x0000000087100000, 0x0000000087100000, 0x0000000087200000|  0%| F|  |TAMS 0x0000000087100000, 0x0000000087100000| Untracked 
| 114|0x0000000087200000, 0x0000000087200000, 0x0000000087300000|  0%| F|  |TAMS 0x0000000087200000, 0x0000000087200000| Untracked 
| 115|0x0000000087300000, 0x0000000087300000, 0x0000000087400000|  0%| F|  |TAMS 0x0000000087300000, 0x0000000087300000| Untracked 
| 116|0x0000000087400000, 0x0000000087400000, 0x0000000087500000|  0%| F|  |TAMS 0x0000000087400000, 0x0000000087400000| Untracked 
| 117|0x0000000087500000, 0x0000000087500000, 0x0000000087600000|  0%| F|  |TAMS 0x0000000087500000, 0x0000000087500000| Untracked 
| 118|0x0000000087600000, 0x0000000087600000, 0x0000000087700000|  0%| F|  |TAMS 0x0000000087600000, 0x0000000087600000| Untracked 
| 119|0x0000000087700000, 0x0000000087700000, 0x0000000087800000|  0%| F|  |TAMS 0x0000000087700000, 0x0000000087700000| Untracked 
| 120|0x0000000087800000, 0x0000000087800000, 0x0000000087900000|  0%| F|  |TAMS 0x0000000087800000, 0x0000000087800000| Untracked 
| 121|0x0000000087900000, 0x0000000087900000, 0x0000000087a00000|  0%| F|  |TAMS 0x0000000087900000, 0x0000000087900000| Untracked 
| 122|0x0000000087a00000, 0x0000000087a00000, 0x0000000087b00000|  0%| F|  |TAMS 0x0000000087a00000, 0x0000000087a00000| Untracked 
| 123|0x0000000087b00000, 0x0000000087b00000, 0x0000000087c00000|  0%| F|  |TAMS 0x0000000087b00000, 0x0000000087b00000| Untracked 
| 124|0x0000000087c00000, 0x0000000087c00000, 0x0000000087d00000|  0%| F|  |TAMS 0x0000000087c00000, 0x0000000087c00000| Untracked 
| 125|0x0000000087d00000, 0x0000000087d00000, 0x0000000087e00000|  0%| F|  |TAMS 0x0000000087d00000, 0x0000000087d00000| Untracked 
| 126|0x0000000087e00000, 0x0000000087e00000, 0x0000000087f00000|  0%| F|  |TAMS 0x0000000087e00000, 0x0000000087e00000| Untracked 
| 127|0x0000000087f00000, 0x0000000087f00000, 0x0000000088000000|  0%| F|  |TAMS 0x0000000087f00000, 0x0000000087f00000| Untracked 
| 128|0x0000000088000000, 0x0000000088000000, 0x0000000088100000|  0%| F|  |TAMS 0x0000000088000000, 0x0000000088000000| Untracked 
| 129|0x0000000088100000, 0x0000000088100000, 0x0000000088200000|  0%| F|  |TAMS 0x0000000088100000, 0x0000000088100000| Untracked 
| 130|0x0000000088200000, 0x0000000088200000, 0x0000000088300000|  0%| F|  |TAMS 0x0000000088200000, 0x0000000088200000| Untracked 
| 131|0x0000000088300000, 0x0000000088400000, 0x0000000088400000|100%| E|  |TAMS 0x0000000088300000, 0x0000000088300000| Complete 
| 132|0x0000000088400000, 0x0000000088500000, 0x0000000088500000|100%| E|CS|TAMS 0x0000000088400000, 0x0000000088400000| Complete 
| 133|0x0000000088500000, 0x0000000088600000, 0x0000000088600000|100%| E|CS|TAMS 0x0000000088500000, 0x0000000088500000| Complete 
| 134|0x0000000088600000, 0x0000000088700000, 0x0000000088700000|100%| E|CS|TAMS 0x0000000088600000, 0x0000000088600000| Complete 

Card table byte_map: [0x000001a1509f0000,0x000001a150df0000] _byte_map_base: 0x000001a1505f0000

Marking Bits (Prev, Next): (CMBitMap*) 0x000001a13d8174a8, (CMBitMap*) 0x000001a13d8174e0
 Prev Bits: [0x000001a1511f0000, 0x000001a1531f0000)
 Next Bits: [0x000001a1531f0000, 0x000001a1551f0000)

Polling page: 0x000001a13b710000

Metaspace:

Usage:
  Non-class:     49.67 MB capacity,    48.82 MB ( 98%) used,   719.19 KB (  1%) free+waste,   147.63 KB ( <1%) overhead. 
      Class:      7.62 MB capacity,     7.11 MB ( 93%) used,   455.93 KB (  6%) free+waste,    69.88 KB ( <1%) overhead. 
       Both:     57.29 MB capacity,    55.93 MB ( 98%) used,     1.15 MB (  2%) free+waste,   217.50 KB ( <1%) overhead. 

Virtual space:
  Non-class space:       50.00 MB reserved,      49.87 MB (>99%) committed 
      Class space:        1.00 GB reserved,       7.63 MB ( <1%) committed 
             Both:        1.05 GB reserved,      57.50 MB (  5%) committed 

Chunk freelists:
   Non-Class:  13.00 KB
       Class:  1.00 KB
        Both:  14.00 KB

MaxMetaspaceSize: 17179869184.00 GB
CompressedClassSpaceSize: 1.00 GB

CodeHeap 'non-profiled nmethods': size=120000Kb used=2838Kb max_used=2838Kb free=117161Kb
 bounds [0x000001a148d90000, 0x000001a149060000, 0x000001a1502c0000]
CodeHeap 'profiled nmethods': size=120000Kb used=12353Kb max_used=12353Kb free=107646Kb
 bounds [0x000001a141860000, 0x000001a142480000, 0x000001a148d90000]
CodeHeap 'non-nmethods': size=5760Kb used=2240Kb max_used=2288Kb free=3520Kb
 bounds [0x000001a1412c0000, 0x000001a141530000, 0x000001a141860000]
 total_blobs=6772 nmethods=5952 adapters=731
 compilation: enabled
              stopped_count=0, restarted_count=0
 full_count=0

Compilation events (20 events):
Event: 13.370 Thread 0x000001a157c5d000 nmethod 5982 0x000001a142452990 code [0x000001a142452ca0, 0x000001a142453f58]
Event: 13.426 Thread 0x000001a157c5d000 5987       3       sun.reflect.generics.tree.Wildcard::accept (8 bytes)
Event: 13.427 Thread 0x000001a157c5d000 nmethod 5987 0x000001a142454590 code [0x000001a1424547c0, 0x000001a142454f38]
Event: 13.427 Thread 0x000001a157c5d000 5988       3       sun.reflect.generics.visitor.Reifier::visitWildcard (22 bytes)
Event: 13.428 Thread 0x000001a157c5d000 nmethod 5988 0x000001a142455210 code [0x000001a142455420, 0x000001a142455ab8]
Event: 13.428 Thread 0x000001a157c5d000 5991       3       com.google.common.collect.LinkedHashMultimap$ValueSet::<init> (55 bytes)
Event: 13.429 Thread 0x000001a157c5d000 nmethod 5991 0x000001a142455d90 code [0x000001a142455fa0, 0x000001a1424564c8]
Event: 13.429 Thread 0x000001a157c5d000 5989       3       sun.reflect.generics.factory.CoreReflectionFactory::makeWildcard (7 bytes)
Event: 13.429 Thread 0x000001a157c5d000 nmethod 5989 0x000001a142456690 code [0x000001a142456860, 0x000001a142456c58]
Event: 13.456 Thread 0x000001a157c5d000 5994       3       org.gradle.internal.instantiation.generator.AbstractClassGenerator$GeneratedClassImpl::getGeneratedClass (11 bytes)
Event: 13.456 Thread 0x000001a157c5d000 nmethod 5994 0x000001a142456d90 code [0x000001a142456f40, 0x000001a142457098]
Event: 13.457 Thread 0x000001a157c5a800 nmethod 5903 0x000001a149049110 code [0x000001a149049540, 0x000001a14904c8c8]
Event: 13.457 Thread 0x000001a157c5a800 5990       4       org.gradle.internal.reflect.PropertyAccessorType::of (95 bytes)
Event: 13.457 Thread 0x000001a15ae1e800 nmethod 5961 0x000001a14904e390 code [0x000001a14904e7c0, 0x000001a149051848]
Event: 13.457 Thread 0x000001a15ae1e800 5975   !   4       com.google.common.reflect.TypeVisitor::visit (244 bytes)
Event: 13.466 Thread 0x000001a157c5a800 nmethod 5990 0x000001a149053210 code [0x000001a1490533e0, 0x000001a1490537d8]
Event: 13.466 Thread 0x000001a157c5a800 5993       4       org.objectweb.asm.Label::<init> (5 bytes)
Event: 13.466 Thread 0x000001a157c5a800 nmethod 5993 0x000001a149053d10 code [0x000001a149053ea0, 0x000001a149053ef8]
Event: 13.466 Thread 0x000001a157c5a800 5992       4       org.objectweb.asm.Frame::getAbstractTypeFromDescriptor (415 bytes)
Event: 13.475 Thread 0x000001a157c5a800 nmethod 5992 0x000001a149053f90 code [0x000001a1490541a0, 0x000001a149054b70]

GC Heap History (20 events):
Event: 3.378 GC heap before
{Heap before GC invocations=2 (full 0):
 garbage-first heap   total 114688K, used 46368K [0x0000000080000000, 0x0000000100000000)
  region size 1024K, 39 young (39936K), 9 survivors (9216K)
 Metaspace       used 20363K, capacity 20809K, committed 21120K, reserved 1067008K
  class space    used 2497K, capacity 2627K, committed 2688K, reserved 1048576K
}
Event: 3.385 GC heap after
{Heap after GC invocations=3 (full 0):
 garbage-first heap   total 114688K, used 16922K [0x0000000080000000, 0x0000000100000000)
  region size 1024K, 2 young (2048K), 2 survivors (2048K)
 Metaspace       used 20363K, capacity 20809K, committed 21120K, reserved 1067008K
  class space    used 2497K, capacity 2627K, committed 2688K, reserved 1048576K
}
Event: 3.431 GC heap before
{Heap before GC invocations=3 (full 0):
 garbage-first heap   total 114688K, used 17946K [0x0000000080000000, 0x0000000100000000)
  region size 1024K, 4 young (4096K), 2 survivors (2048K)
 Metaspace       used 20664K, capacity 21100K, committed 21296K, reserved 1069056K
  class space    used 2535K, capacity 2660K, committed 2688K, reserved 1048576K
}
Event: 3.435 GC heap after
{Heap after GC invocations=4 (full 0):
 garbage-first heap   total 114688K, used 16826K [0x0000000080000000, 0x0000000100000000)
  region size 1024K, 2 young (2048K), 2 survivors (2048K)
 Metaspace       used 20664K, capacity 21100K, committed 21296K, reserved 1069056K
  class space    used 2535K, capacity 2660K, committed 2688K, reserved 1048576K
}
Event: 4.120 GC heap before
{Heap before GC invocations=5 (full 0):
 garbage-first heap   total 114688K, used 62906K [0x0000000080000000, 0x0000000100000000)
  region size 1024K, 47 young (48128K), 2 survivors (2048K)
 Metaspace       used 25341K, capacity 25962K, committed 26288K, reserved 1073152K
  class space    used 3293K, capacity 3499K, committed 3584K, reserved 1048576K
}
Event: 4.123 GC heap after
{Heap after GC invocations=6 (full 0):
 garbage-first heap   total 114688K, used 18512K [0x0000000080000000, 0x0000000100000000)
  region size 1024K, 4 young (4096K), 4 survivors (4096K)
 Metaspace       used 25341K, capacity 25962K, committed 26288K, reserved 1073152K
  class space    used 3293K, capacity 3499K, committed 3584K, reserved 1048576K
}
Event: 4.898 GC heap before
{Heap before GC invocations=6 (full 0):
 garbage-first heap   total 114688K, used 68688K [0x0000000080000000, 0x0000000100000000)
  region size 1024K, 53 young (54272K), 4 survivors (4096K)
 Metaspace       used 30254K, capacity 30921K, committed 31152K, reserved 1077248K
  class space    used 4051K, capacity 4306K, committed 4352K, reserved 1048576K
}
Event: 4.903 GC heap after
{Heap after GC invocations=7 (full 0):
 garbage-first heap   total 114688K, used 19939K [0x0000000080000000, 0x0000000100000000)
  region size 1024K, 5 young (5120K), 5 survivors (5120K)
 Metaspace       used 30254K, capacity 30921K, committed 31152K, reserved 1077248K
  class space    used 4051K, capacity 4306K, committed 4352K, reserved 1048576K
}
Event: 5.390 GC heap before
{Heap before GC invocations=7 (full 0):
 garbage-first heap   total 114688K, used 35299K [0x0000000080000000, 0x0000000100000000)
  region size 1024K, 21 young (21504K), 5 survivors (5120K)
 Metaspace       used 34922K, capacity 35650K, committed 35708K, reserved 1081344K
  class space    used 4541K, capacity 4863K, committed 4864K, reserved 1048576K
}
Event: 5.398 GC heap after
{Heap after GC invocations=8 (full 0):
 garbage-first heap   total 114688K, used 22519K [0x0000000080000000, 0x0000000100000000)
  region size 1024K, 6 young (6144K), 6 survivors (6144K)
 Metaspace       used 34922K, capacity 35650K, committed 35708K, reserved 1081344K
  class space    used 4541K, capacity 4863K, committed 4864K, reserved 1048576K
}
Event: 6.027 GC heap before
{Heap before GC invocations=9 (full 0):
 garbage-first heap   total 114688K, used 74743K [0x0000000080000000, 0x0000000100000000)
  region size 1024K, 55 young (56320K), 6 survivors (6144K)
 Metaspace       used 38793K, capacity 39634K, committed 39804K, reserved 1083392K
  class space    used 4954K, capacity 5313K, committed 5376K, reserved 1048576K
}
Event: 6.037 GC heap after
{Heap after GC invocations=10 (full 0):
 garbage-first heap   total 114688K, used 26700K [0x0000000080000000, 0x0000000100000000)
  region size 1024K, 7 young (7168K), 7 survivors (7168K)
 Metaspace       used 38793K, capacity 39634K, committed 39804K, reserved 1083392K
  class space    used 4954K, capacity 5313K, committed 5376K, reserved 1048576K
}
Event: 6.743 GC heap before
{Heap before GC invocations=10 (full 0):
 garbage-first heap   total 114688K, used 76876K [0x0000000080000000, 0x0000000100000000)
  region size 1024K, 56 young (57344K), 7 survivors (7168K)
 Metaspace       used 43581K, capacity 44598K, committed 44796K, reserved 1087488K
  class space    used 5559K, capacity 5910K, committed 6016K, reserved 1048576K
}
Event: 6.750 GC heap after
{Heap after GC invocations=11 (full 0):
 garbage-first heap   total 114688K, used 28873K [0x0000000080000000, 0x0000000100000000)
  region size 1024K, 3 young (3072K), 3 survivors (3072K)
 Metaspace       used 43581K, capacity 44598K, committed 44796K, reserved 1087488K
  class space    used 5559K, capacity 5910K, committed 6016K, reserved 1048576K
}
Event: 7.802 GC heap before
{Heap before GC invocations=11 (full 0):
 garbage-first heap   total 114688K, used 80073K [0x0000000080000000, 0x0000000100000000)
  region size 1024K, 53 young (54272K), 3 survivors (3072K)
 Metaspace       used 47212K, capacity 48363K, committed 48636K, reserved 1091584K
  class space    used 6045K, capacity 6485K, committed 6528K, reserved 1048576K
}
Event: 7.813 GC heap after
{Heap after GC invocations=12 (full 0):
 garbage-first heap   total 138240K, used 31612K [0x0000000080000000, 0x0000000100000000)
  region size 1024K, 6 young (6144K), 6 survivors (6144K)
 Metaspace       used 47212K, capacity 48363K, committed 48636K, reserved 1091584K
  class space    used 6045K, capacity 6485K, committed 6528K, reserved 1048576K
}
Event: 9.906 GC heap before
{Heap before GC invocations=12 (full 0):
 garbage-first heap   total 138240K, used 104316K [0x0000000080000000, 0x0000000100000000)
  region size 1024K, 68 young (69632K), 6 survivors (6144K)
 Metaspace       used 49910K, capacity 51140K, committed 51324K, reserved 1093632K
  class space    used 6362K, capacity 6837K, committed 6912K, reserved 1048576K
}
Event: 9.917 GC heap after
{Heap after GC invocations=13 (full 0):
 garbage-first heap   total 138240K, used 51034K [0x0000000080000000, 0x0000000100000000)
  region size 1024K, 9 young (9216K), 9 survivors (9216K)
 Metaspace       used 49910K, capacity 51140K, committed 51324K, reserved 1093632K
  class space    used 6362K, capacity 6837K, committed 6912K, reserved 1048576K
}
Event: 13.439 GC heap before
{Heap before GC invocations=13 (full 0):
 garbage-first heap   total 138240K, used 101210K [0x0000000080000000, 0x0000000100000000)
  region size 1024K, 58 young (59392K), 9 survivors (9216K)
 Metaspace       used 57002K, capacity 58328K, committed 58620K, reserved 1099776K
  class space    used 7231K, capacity 7734K, committed 7808K, reserved 1048576K
}
Event: 13.446 GC heap after
{Heap after GC invocations=14 (full 0):
 garbage-first heap   total 138240K, used 53752K [0x0000000080000000, 0x0000000100000000)
  region size 1024K, 3 young (3072K), 3 survivors (3072K)
 Metaspace       used 57002K, capacity 58328K, committed 58620K, reserved 1099776K
  class space    used 7231K, capacity 7734K, committed 7808K, reserved 1048576K
}

Deoptimization events (20 events):
Event: 9.995 Thread 0x000001a159e12000 Uncommon trap: trap_request=0xffffff4d fr.pc=0x000001a148eeead4 relative=0x00000000000008d4
Event: 9.998 Thread 0x000001a159e12000 Uncommon trap: reason=unstable_if action=reinterpret pc=0x000001a148eeead4 method=java.io.BufferedInputStream.read([BII)I @ 56 c2
Event: 9.998 Thread 0x000001a159e12000 DEOPT PACKING pc=0x000001a148eeead4 sp=0x00000066c8af6e00
Event: 9.999 Thread 0x000001a159e12000 DEOPT UNPACKING pc=0x000001a1412e662f sp=0x00000066c8af6db8 mode 2
Event: 10.009 Thread 0x000001a159e12000 Uncommon trap: trap_request=0xffffff4d fr.pc=0x000001a148dfa374 relative=0x0000000000000054
Event: 10.009 Thread 0x000001a159e12000 Uncommon trap: reason=unstable_if action=reinterpret pc=0x000001a148dfa374 method=java.util.regex.Pattern.has(I)Z @ 6 c2
Event: 10.009 Thread 0x000001a159e12000 DEOPT PACKING pc=0x000001a148dfa374 sp=0x00000066c8af5df0
Event: 10.009 Thread 0x000001a159e12000 DEOPT UNPACKING pc=0x000001a1412e662f sp=0x00000066c8af5d80 mode 2
Event: 10.273 Thread 0x000001a159e12000 Uncommon trap: trap_request=0xffffff45 fr.pc=0x000001a148fa70cc relative=0x0000000000000dac
Event: 10.273 Thread 0x000001a159e12000 Uncommon trap: reason=unstable_fused_if action=reinterpret pc=0x000001a148fa70cc method=org.objectweb.asm.ByteVector.putUTF8(Ljava/lang/String;)Lorg/objectweb/asm/ByteVector; @ 93 c2
Event: 10.273 Thread 0x000001a159e12000 DEOPT PACKING pc=0x000001a148fa70cc sp=0x00000066c8af78a0
Event: 10.273 Thread 0x000001a159e12000 DEOPT UNPACKING pc=0x000001a1412e662f sp=0x00000066c8af77f8 mode 2
Event: 10.329 Thread 0x000001a159e12000 Uncommon trap: trap_request=0xffffff45 fr.pc=0x000001a148e9db84 relative=0x0000000000000224
Event: 10.329 Thread 0x000001a159e12000 Uncommon trap: reason=unstable_fused_if action=reinterpret pc=0x000001a148e9db84 method=org.objectweb.asm.ByteVector.putUTF8(Ljava/lang/String;)Lorg/objectweb/asm/ByteVector; @ 93 c2
Event: 10.329 Thread 0x000001a159e12000 DEOPT PACKING pc=0x000001a148e9db84 sp=0x00000066c8af7bd0
Event: 10.329 Thread 0x000001a159e12000 DEOPT UNPACKING pc=0x000001a1412e662f sp=0x00000066c8af7b50 mode 2
Event: 13.447 Thread 0x000001a158744800 Uncommon trap: trap_request=0xffffffde fr.pc=0x000001a148ea24ec relative=0x000000000000052c
Event: 13.447 Thread 0x000001a158744800 Uncommon trap: reason=class_check action=maybe_recompile pc=0x000001a148ea24ec method=jdk.internal.ref.PhantomCleanable.clean()V @ 12 c2
Event: 13.447 Thread 0x000001a158744800 DEOPT PACKING pc=0x000001a148ea24ec sp=0x00000066c81fee60
Event: 13.447 Thread 0x000001a158744800 DEOPT UNPACKING pc=0x000001a1412e662f sp=0x00000066c81fee40 mode 2

Classes redefined (0 events):
No events

Internal exceptions (20 events):
Event: 9.235 Thread 0x000001a159e12000 Exception <a 'java/lang/NoSuchMethodError'{0x000000008545c990}: 'long java.lang.invoke.DirectMethodHandle$Holder.invokeVirtual(java.lang.Object, java.lang.Object)'> (0x000000008545c990) thrown at [./src/hotspot/share/interpreter/linkResolver.cpp, line 773]
Event: 9.241 Thread 0x000001a15a6a3000 Exception <a 'java/lang/NoSuchMethodError'{0x0000000085305440}: <clinit>> (0x0000000085305440) thrown at [./src/hotspot/share/prims/jni.cpp, line 1362]
Event: 9.250 Thread 0x000001a15a6a3000 Exception <a 'java/lang/NoSuchMethodError'{0x0000000085323930}: <clinit>> (0x0000000085323930) thrown at [./src/hotspot/share/prims/jni.cpp, line 1362]
Event: 9.250 Thread 0x000001a15a6a3000 Exception <a 'java/lang/NoSuchMethodError'{0x0000000085324a40}: <clinit>> (0x0000000085324a40) thrown at [./src/hotspot/share/prims/jni.cpp, line 1362]
Event: 9.250 Thread 0x000001a15a6a3000 Exception <a 'java/lang/NoSuchMethodError'{0x0000000085325d48}: <clinit>> (0x0000000085325d48) thrown at [./src/hotspot/share/prims/jni.cpp, line 1362]
Event: 9.250 Thread 0x000001a15a6a3000 Exception <a 'java/lang/NoSuchMethodError'{0x0000000085326fb0}: <clinit>> (0x0000000085326fb0) thrown at [./src/hotspot/share/prims/jni.cpp, line 1362]
Event: 9.254 Thread 0x000001a15a6a3000 Exception <a 'java/lang/NoSuchMethodError'{0x0000000085339a10}: <clinit>> (0x0000000085339a10) thrown at [./src/hotspot/share/prims/jni.cpp, line 1362]
Event: 9.256 Thread 0x000001a15a6a3000 Exception <a 'java/lang/NoSuchMethodError'{0x0000000085344460}: <clinit>> (0x0000000085344460) thrown at [./src/hotspot/share/prims/jni.cpp, line 1362]
Event: 9.262 Thread 0x000001a15a6a3000 Exception <a 'java/lang/NoSuchMethodError'{0x00000000853587b0}: <clinit>> (0x00000000853587b0) thrown at [./src/hotspot/share/prims/jni.cpp, line 1362]
Event: 9.279 Thread 0x000001a159e12000 Exception <a 'java/lang/ClassNotFoundException'{0x000000008539ef00}: build_7khb0spfls5ljc27qi0wasv6iBeanInfo> (0x000000008539ef00) thrown at [./src/hotspot/share/classfile/systemDictionary.cpp, line 231]
Event: 9.280 Thread 0x000001a159e12000 Exception <a 'java/lang/ClassNotFoundException'{0x00000000853a9eb8}: build_7khb0spfls5ljc27qi0wasv6iCustomizer> (0x00000000853a9eb8) thrown at [./src/hotspot/share/classfile/systemDictionary.cpp, line 231]
Event: 9.421 Thread 0x000001a159e12000 Exception <a 'java/lang/ClassNotFoundException'{0x00000000851503c0}: org/gradle/api/internal/plugins/DefaultObjectConfigurationActionBeanInfo> (0x00000000851503c0) thrown at [./src/hotspot/share/classfile/systemDictionary.cpp, line 231]
Event: 9.423 Thread 0x000001a159e12000 Exception <a 'java/lang/ClassNotFoundException'{0x0000000085186c70}: org/gradle/api/internal/plugins/DefaultObjectConfigurationActionCustomizer> (0x0000000085186c70) thrown at [./src/hotspot/share/classfile/systemDictionary.cpp, line 231]
Event: 10.231 Thread 0x000001a159e12000 Exception <a 'java/lang/NoSuchMethodError'{0x00000000885f2930}: 'java.lang.Object java.lang.invoke.DirectMethodHandle$Holder.invokeStatic(java.lang.Object, java.lang.Object, java.lang.Object, java.lang.Object, int)'> (0x00000000885f2930) thrown at [./src/hotspot/share/interpreter/linkResolver.cpp, line 773]
Event: 10.236 Thread 0x000001a159e12000 Exception <a 'java/lang/NoSuchMethodError'{0x00000000885f7328}: 'java.lang.Object java.lang.invoke.DirectMethodHandle$Holder.invokeSpecial(java.lang.Object, java.lang.Object, java.lang.Object, java.lang.Object, java.lang.Object, int)'> (0x00000000885f7328) thrown at [./src/hotspot/share/interpreter/linkResolver.cpp, line 773]
Event: 10.237 Thread 0x000001a159e12000 Exception <a 'java/lang/NoSuchMethodError'{0x00000000885fb968}: 'java.lang.Object java.lang.invoke.Invokers$Holder.linkToTargetMethod(java.lang.Object, java.lang.Object, java.lang.Object, int, java.lang.Object)'> (0x00000000885fb968) thrown at [./src/hotspot/share/interpreter/linkResolver.cpp, line 773]
Event: 11.776 Thread 0x000001a159e12000 Exception <a 'java/lang/NoSuchMethodError'{0x00000000875b15e0}: 'java.lang.Object java.lang.invoke.DirectMethodHandle$Holder.invokeSpecial(java.lang.Object, java.lang.Object, int, int, java.lang.Object, java.lang.Object, java.lang.Object)'> (0x00000000875b15e0) thrown at [./src/hotspot/share/interpreter/linkResolver.cpp, line 773]
Event: 11.777 Thread 0x000001a159e12000 Exception <a 'java/lang/NoSuchMethodError'{0x00000000875b5b60}: 'java.lang.Object java.lang.invoke.DelegatingMethodHandle$Holder.reinvoke_L(java.lang.Object, int, int, java.lang.Object, java.lang.Object, java.lang.Object)'> (0x00000000875b5b60) thrown at [./src/hotspot/share/interpreter/linkResolver.cpp, line 773]
Event: 12.487 Thread 0x000001a159e12000 Exception <a 'java/lang/NoSuchMethodError'{0x00000000868a5780}: 'int java.lang.invoke.DirectMethodHandle$Holder.invokeInterface(java.lang.Object, java.lang.Object, java.lang.Object, java.lang.Object)'> (0x00000000868a5780) thrown at [./src/hotspot/share/interpreter/linkResolver.cpp, line 773]
Event: 13.368 Thread 0x000001a159e12000 Exception <a 'java/lang/NoSuchMethodError'{0x00000000858dbe78}: 'void java.lang.invoke.DirectMethodHandle$Holder.invokeInterface(java.lang.Object, java.lang.Object, java.lang.Object, java.lang.Object)'> (0x00000000858dbe78) thrown at [./src/hotspot/share/interpreter/linkResolver.cpp, line 773]

Events (20 events):
Event: 13.438 loading class org/gradle/api/plugins/jvm/internal/DefaultJvmPluginServices
Event: 13.438 loading class org/gradle/api/plugins/jvm/internal/DefaultJvmPluginServices done
Event: 13.439 Executing VM operation: G1CollectForAllocation
Event: 13.446 Executing VM operation: G1CollectForAllocation done
Event: 13.449 loading class org/gradle/api/tasks/SourceSetContainer
Event: 13.449 loading class org/gradle/api/tasks/SourceSetContainer done
Event: 13.450 loading class org/gradle/api/plugins/jvm/internal/JvmEcosystemAttributesDetails
Event: 13.450 loading class org/gradle/api/plugins/jvm/internal/JvmEcosystemAttributesDetails done
Event: 13.453 loading class org/gradle/api/plugins/BasePlugin
Event: 13.453 loading class org/gradle/api/plugins/BasePlugin done
Event: 13.454 loading class org/gradle/api/plugins/BasePluginExtension
Event: 13.454 loading class org/gradle/api/plugins/BasePluginExtension done
Event: 13.455 loading class org/gradle/api/internal/plugins/DefaultArtifactPublicationSet
Event: 13.455 loading class org/gradle/api/internal/plugins/DefaultArtifactPublicationSet done
Event: 13.456 loading class org/gradle/language/base/plugins/LifecycleBasePlugin
Event: 13.456 loading class org/gradle/language/base/plugins/LifecycleBasePlugin done
Event: 13.478 loading class org/gradle/internal/cleanup/DefaultBuildOutputCleanupRegistry
Event: 13.478 loading class org/gradle/internal/cleanup/DefaultBuildOutputCleanupRegistry done
Event: 13.492 loading class org/gradle/api/internal/file/DefaultFileCollectionFactory$ResolvingFileCollection
Event: 13.492 loading class org/gradle/api/internal/file/DefaultFileCollectionFactory$ResolvingFileCollection done


Dynamic libraries:
0x00007ff63a8e0000 - 0x00007ff63a8ea000 	C:\Program Files\Android\Android Studio\jre\bin\java.exe
0x00007ffd6bb10000 - 0x00007ffd6bcfd000 	C:\Windows\SYSTEM32\ntdll.dll
0x00007ffd3c540000 - 0x00007ffd3c556000 	C:\Program Files\Avast Software\Avast\aswhook.dll
0x00007ffd69ac0000 - 0x00007ffd69b74000 	C:\Windows\System32\KERNEL32.DLL
0x00007ffd68610000 - 0x00007ffd688a4000 	C:\Windows\System32\KERNELBASE.dll
0x00007ffd68c40000 - 0x00007ffd68d3a000 	C:\Windows\System32\ucrtbase.dll
0x00007ffd4e000000 - 0x00007ffd4e019000 	C:\Program Files\Android\Android Studio\jre\bin\jli.dll
0x00007ffd4dfe0000 - 0x00007ffd4dff7000 	C:\Program Files\Android\Android Studio\jre\bin\VCRUNTIME140.dll
0x00007ffd6b290000 - 0x00007ffd6b427000 	C:\Windows\System32\USER32.dll
0x00007ffd68a20000 - 0x00007ffd68a40000 	C:\Windows\System32\win32u.dll
0x00007ffd45700000 - 0x00007ffd45979000 	C:\Windows\WinSxS\amd64_microsoft.windows.common-controls_6595b64144ccf1df_6.0.17763.2803_none_de6d9ee8534e8a05\COMCTL32.dll
0x00007ffd6b4d0000 - 0x00007ffd6b4f9000 	C:\Windows\System32\GDI32.dll
0x00007ffd6b430000 - 0x00007ffd6b4ce000 	C:\Windows\System32\msvcrt.dll
0x00007ffd683e0000 - 0x00007ffd6857c000 	C:\Windows\System32\gdi32full.dll
0x00007ffd68310000 - 0x00007ffd683b0000 	C:\Windows\System32\msvcp_win.dll
0x00007ffd690d0000 - 0x00007ffd693fd000 	C:\Windows\System32\combase.dll
0x00007ffd6b6f0000 - 0x00007ffd6b80d000 	C:\Windows\System32\RPCRT4.dll
0x00007ffd68580000 - 0x00007ffd68602000 	C:\Windows\System32\bcryptPrimitives.dll
0x00007ffd69cc0000 - 0x00007ffd69cee000 	C:\Windows\System32\IMM32.DLL
0x00007ffd3fbd0000 - 0x00007ffd3fc6d000 	C:\Program Files\Android\Android Studio\jre\bin\msvcp140.dll
0x00007ffd1e990000 - 0x00007ffd1f465000 	C:\Program Files\Android\Android Studio\jre\bin\server\jvm.dll
0x00007ffd68ed0000 - 0x00007ffd68f77000 	C:\Windows\System32\ADVAPI32.dll
0x00007ffd6b1f0000 - 0x00007ffd6b28f000 	C:\Windows\System32\sechost.dll
0x00007ffd69480000 - 0x00007ffd69488000 	C:\Windows\System32\PSAPI.DLL
0x00007ffd5a380000 - 0x00007ffd5a389000 	C:\Windows\SYSTEM32\WSOCK32.dll
0x00007ffd65680000 - 0x00007ffd656a4000 	C:\Windows\SYSTEM32\WINMM.dll
0x00007ffd69c50000 - 0x00007ffd69cbd000 	C:\Windows\System32\WS2_32.dll
0x00007ffd61e60000 - 0x00007ffd61e6a000 	C:\Windows\SYSTEM32\VERSION.dll
0x00007ffd65480000 - 0x00007ffd654ad000 	C:\Windows\SYSTEM32\WINMMBASE.dll
0x00007ffd688b0000 - 0x00007ffd688fa000 	C:\Windows\System32\cfgmgr32.dll
0x00007ffd67af0000 - 0x00007ffd67b01000 	C:\Windows\System32\kernel.appcore.dll
0x00007ffd40d00000 - 0x00007ffd40d11000 	C:\Program Files\Android\Android Studio\jre\bin\verify.dll
0x00007ffd5e0c0000 - 0x00007ffd5e2ad000 	C:\Windows\SYSTEM32\DBGHELP.DLL
0x00007ffd5c000000 - 0x00007ffd5c02a000 	C:\Windows\SYSTEM32\dbgcore.DLL
0x00007ffd3eeb0000 - 0x00007ffd3eed9000 	C:\Program Files\Android\Android Studio\jre\bin\java.dll
0x00007ffd41f30000 - 0x00007ffd41f3b000 	C:\Program Files\Android\Android Studio\jre\bin\jimage.dll
0x00007ffd3fb80000 - 0x00007ffd3fb98000 	C:\Program Files\Android\Android Studio\jre\bin\zip.dll
0x00007ffd69cf0000 - 0x00007ffd6b1e8000 	C:\Windows\System32\SHELL32.dll
0x00007ffd69020000 - 0x00007ffd690c8000 	C:\Windows\System32\shcore.dll
0x00007ffd67ba0000 - 0x00007ffd682e8000 	C:\Windows\System32\windows.storage.dll
0x00007ffd67b70000 - 0x00007ffd67b94000 	C:\Windows\System32\profapi.dll
0x00007ffd67b10000 - 0x00007ffd67b6d000 	C:\Windows\System32\powrprof.dll
0x00007ffd6b500000 - 0x00007ffd6b552000 	C:\Windows\System32\shlwapi.dll
0x00007ffd682f0000 - 0x00007ffd68307000 	C:\Windows\System32\cryptsp.dll
0x00007ffd3f050000 - 0x00007ffd3f06a000 	C:\Program Files\Android\Android Studio\jre\bin\net.dll
0x00007ffd5b140000 - 0x00007ffd5b231000 	C:\Windows\SYSTEM32\WINHTTP.dll
0x00007ffd672c0000 - 0x00007ffd67327000 	C:\Windows\system32\mswsock.dll
0x00007ffd3ea90000 - 0x00007ffd3eaa4000 	C:\Program Files\Android\Android Studio\jre\bin\nio.dll
0x00007ffd5fa50000 - 0x00007ffd5fa77000 	C:\Users\Sebastopol\.gradle\native\e1d6ef7f7dcc3fd88c89a11ec53ec762bb8ba0a96d01ffa2cd45eb1d1d8dd5c5\windows-amd64\native-platform.dll
0x00007ffd38f70000 - 0x00007ffd390b4000 	C:\Users\Sebastopol\.gradle\native\5664cfc778a61ccfe75a443a1ab52a65af34e5dc3c78e0209fed803814484fcb\windows-amd64\native-platform-file-events.dll
0x00007ffd3eea0000 - 0x00007ffd3eeaa000 	C:\Program Files\Android\Android Studio\jre\bin\management.dll
0x00007ffd3ed10000 - 0x00007ffd3ed1d000 	C:\Program Files\Android\Android Studio\jre\bin\management_ext.dll
0x00007ffd66e40000 - 0x00007ffd66e73000 	C:\Windows\system32\rsaenh.dll
0x00007ffd683b0000 - 0x00007ffd683d6000 	C:\Windows\System32\bcrypt.dll
0x00007ffd679d0000 - 0x00007ffd679f9000 	C:\Windows\SYSTEM32\USERENV.dll
0x00007ffd67490000 - 0x00007ffd6749c000 	C:\Windows\SYSTEM32\CRYPTBASE.dll
0x00007ffd66fd0000 - 0x00007ffd6700e000 	C:\Windows\SYSTEM32\IPHLPAPI.DLL
0x00007ffd6b630000 - 0x00007ffd6b638000 	C:\Windows\System32\NSI.dll
0x00007ffd5bfc0000 - 0x00007ffd5bfd6000 	C:\Windows\SYSTEM32\dhcpcsvc6.DLL
0x00007ffd5c030000 - 0x00007ffd5c04c000 	C:\Windows\SYSTEM32\dhcpcsvc.DLL
0x00007ffd67010000 - 0x00007ffd670d6000 	C:\Windows\SYSTEM32\DNSAPI.dll

dbghelp: loaded successfully - version: 4.0.5 - missing functions: none
symbol engine: initialized successfully - sym options: 0x614 - pdb path: .;C:\Program Files\Android\Android Studio\jre\bin;C:\Windows\SYSTEM32;C:\Program Files\Avast Software\Avast;C:\Windows\WinSxS\amd64_microsoft.windows.common-controls_6595b64144ccf1df_6.0.17763.2803_none_de6d9ee8534e8a05;C:\Program Files\Android\Android Studio\jre\bin\server;C:\Users\Sebastopol\.gradle\native\e1d6ef7f7dcc3fd88c89a11ec53ec762bb8ba0a96d01ffa2cd45eb1d1d8dd5c5\windows-amd64;C:\Users\Sebastopol\.gradle\native\5664cfc778a61ccfe75a443a1ab52a65af34e5dc3c78e0209fed803814484fcb\windows-amd64

VM Arguments:
jvm_args: --add-opens=java.base/java.util=ALL-UNNAMED --add-opens=java.base/java.lang=ALL-UNNAMED --add-opens=java.base/java.lang.invoke=ALL-UNNAMED --add-opens=java.base/java.util=ALL-UNNAMED --add-opens=java.prefs/java.util.prefs=ALL-UNNAMED --add-opens=java.prefs/java.util.prefs=ALL-UNNAMED --add-opens=java.base/java.nio.charset=ALL-UNNAMED --add-opens=java.base/java.net=ALL-UNNAMED --add-opens=java.base/java.util.concurrent.atomic=ALL-UNNAMED -Xmx2048m -Dfile.encoding=UTF-8 -Duser.country=CL -Duser.language=es -Duser.variant 
java_command: org.gradle.launcher.daemon.bootstrap.GradleDaemon 7.2
java_class_path (initial): C:\Users\Sebastopol\.gradle\wrapper\dists\gradle-7.2-bin\2dnblmf4td7x66yl1d74lt32g\gradle-7.2\lib\gradle-launcher-7.2.jar
Launcher Type: SUN_STANDARD

[Global flags]
     intx CICompilerCount                          = 4                                         {product} {ergonomic}
     uint ConcGCThreads                            = 2                                         {product} {ergonomic}
     uint G1ConcRefinementThreads                  = 8                                         {product} {ergonomic}
   size_t G1HeapRegionSize                         = 1048576                                   {product} {ergonomic}
    uintx GCDrainStackTargetSize                   = 64                                        {product} {ergonomic}
   size_t InitialHeapSize                          = 117440512                                 {product} {ergonomic}
   size_t MarkStackSize                            = 4194304                                   {product} {ergonomic}
   size_t MaxHeapSize                              = 2147483648                                {product} {command line}
   size_t MaxNewSize                               = 1287651328                                {product} {ergonomic}
   size_t MinHeapDeltaBytes                        = 1048576                                   {product} {ergonomic}
    uintx NonNMethodCodeHeapSize                   = 5836300                                {pd product} {ergonomic}
    uintx NonProfiledCodeHeapSize                  = 122910970                              {pd product} {ergonomic}
    uintx ProfiledCodeHeapSize                     = 122910970                              {pd product} {ergonomic}
    uintx ReservedCodeCacheSize                    = 251658240                              {pd product} {ergonomic}
     bool SegmentedCodeCache                       = true                                      {product} {ergonomic}
     bool UseCompressedClassPointers               = true                                 {lp64_product} {ergonomic}
     bool UseCompressedOops                        = true                                 {lp64_product} {ergonomic}
     bool UseG1GC                                  = true                                      {product} {ergonomic}
     bool UseLargePagesIndividualAllocation        = false                                  {pd product} {ergonomic}

Logging:
Log output configuration:
 #0: stdout all=warning uptime,level,tags
 #1: stderr all=off uptime,level,tags

Environment Variables:
PATH=C:\Windows\system32;C:\Windows;C:\Windows\System32\Wbem;C:\Windows\System32\WindowsPowerShell\v1.0\;C:\Windows\System32\OpenSSH\;C:\Program Files\Git\cmd;C:\Users\Sebastopol\AppData\Local\Microsoft\WindowsApps;;C:\Program Files\JetBrains\IntelliJ IDEA Community Edition 2021.3.2\bin;
USERNAME=Sebastopol
OS=Windows_NT
PROCESSOR_IDENTIFIER=AMD64 Family 23 Model 24 Stepping 1, AuthenticAMD



---------------  S Y S T E M  ---------------

OS: Windows 10 , 64 bit Build 17763 (10.0.17763.2803)
OS uptime: 4 days 6:34 hours

CPU:total 8 (initial active 8) (8 cores per cpu, 2 threads per core) family 23 model 24 stepping 1 microcode 0x0, cmov, cx8, fxsr, mmx, sse, sse2, sse3, ssse3, sse4.1, sse4.2, popcnt, avx, avx2, aes, clmul, mmxext, 3dnowpref, lzcnt, sse4a, ht, tsc, tscinvbit, tscinv, bmi1, bmi2, adx, s

Memory: 4k page, system-wide physical 7103M (447M free)
TotalPageFile size 28607M (AvailPageFile size 0M)
current process WorkingSet (physical memory assigned to process): 318M, peak: 318M
current process commit charge ("private bytes"): 357M, peak: 357M

vm_info: OpenJDK 64-Bit Server VM (11.0.11+9-b60-7590822) for windows-amd64 JRE (11.0.11+9-b60-7590822), built on Jul 29 2021 21:43:44 by "builder" with MS VC++ 14.0 (VS2015)

END.
